2025-04-18 19:15:42.693 [info] [main] Log level: Info
2025-04-18 19:15:42.693 [info] [main] Validating found git in: "git"
2025-04-18 19:15:42.693 [info] [main] Using git "2.49.0" from "git"
2025-04-18 19:15:42.693 [info] [Model][doInitialScan] Initial repository scan started
2025-04-18 19:15:42.693 [info] > git rev-parse --show-toplevel [4ms]
2025-04-18 19:15:42.693 [info] > git rev-parse --git-dir --git-common-dir [2ms]
2025-04-18 19:15:42.693 [info] [Model][openRepository] Opened repository: /home/kh/hyprcrow
2025-04-18 19:15:42.694 [info] > git config --get commit.template [2ms]
2025-04-18 19:15:42.703 [info] > git rev-parse --show-toplevel [5ms]
2025-04-18 19:15:42.708 [info] > git for-each-ref --format=%(refname)%00%(upstream:short)%00%(objectname)%00%(upstream:track)%00%(upstream:remotename)%00%(upstream:remoteref) refs/heads/main refs/remotes/main [6ms]
2025-04-18 19:15:42.712 [warning] [Git][revParse] Unable to read file: ENOENT: no such file or directory, open '/home/kh/hyprcrow/.git/refs/remotes/origin/main'
2025-04-18 19:15:42.712 [info] > git rev-parse --show-toplevel [5ms]
2025-04-18 19:15:42.716 [info] > git rev-parse refs/remotes/origin/main [4ms]
2025-04-18 19:15:42.726 [info] > git rev-parse --show-toplevel [10ms]
2025-04-18 19:15:42.730 [info] > git for-each-ref --sort -committerdate --format %(refname)%00%(objectname)%00%(*objectname) [4ms]
2025-04-18 19:15:42.731 [info] > git rev-parse --show-toplevel [1ms]
2025-04-18 19:15:42.736 [info] > git rev-parse --show-toplevel [1ms]
2025-04-18 19:15:42.741 [info] > git rev-parse --show-toplevel [1ms]
2025-04-18 19:15:42.741 [info] [Model][doInitialScan] Initial repository scan completed - repositories (1), closed repositories (0), parent repositories (0), unsafe repositories (0)
2025-04-18 19:15:42.979 [info] > git status -z -uall [258ms]
2025-04-18 19:15:43.003 [info] > git for-each-ref --format=%(refname)%00%(upstream:short)%00%(objectname)%00%(upstream:track)%00%(upstream:remotename)%00%(upstream:remoteref) refs/heads/main refs/remotes/main [7ms]
2025-04-18 19:15:43.008 [info] > git config --get commit.template [6ms]
2025-04-18 19:15:43.010 [info] > git config --get --local branch.main.vscode-merge-base [2ms]
2025-04-18 19:15:43.010 [warning] [Git][config] git config failed: Failed to execute git
2025-04-18 19:15:43.018 [info] > git reflog main --grep-reflog=branch: Created from *. [5ms]
2025-04-18 19:15:43.023 [info] > git for-each-ref --format=%(refname)%00%(upstream:short)%00%(objectname)%00%(upstream:track)%00%(upstream:remotename)%00%(upstream:remoteref) refs/heads/main refs/remotes/main [4ms]
2025-04-18 19:15:43.027 [warning] [Git][revParse] Unable to read file: ENOENT: no such file or directory, open '/home/kh/hyprcrow/.git/refs/remotes/origin/main'
2025-04-18 19:15:43.027 [info] > git symbolic-ref --short refs/remotes/origin/HEAD [5ms]
2025-04-18 19:15:43.032 [info] > git rev-parse refs/remotes/origin/main [5ms]
2025-04-18 19:15:43.041 [info] > git for-each-ref --format=%(refname)%00%(upstream:short)%00%(objectname)%00%(upstream:track)%00%(upstream:remotename)%00%(upstream:remoteref) refs/heads/origin/main refs/remotes/origin/main [9ms]
2025-04-18 19:15:43.047 [info] > git for-each-ref --sort -committerdate --format %(refname)%00%(objectname)%00%(*objectname) [7ms]
2025-04-18 19:15:43.049 [info] > git config --add --local branch.main.vscode-merge-base origin/main [2ms]
2025-04-18 19:15:43.058 [info] > git status -z -uall [21ms] (cancelled)
2025-04-18 19:15:43.058 [info] > git config --get commit.template [1ms]
2025-04-18 19:15:43.058 [info] > git for-each-ref --format=%(refname)%00%(upstream:short)%00%(objectname)%00%(upstream:track)%00%(upstream:remotename)%00%(upstream:remoteref) refs/heads/main refs/remotes/main [5ms]
2025-04-18 19:15:43.067 [info] > git config --get --local branch.main.vscode-merge-base [4ms]
2025-04-18 19:15:43.072 [info] > git for-each-ref --format=%(refname)%00%(upstream:short)%00%(objectname)%00%(upstream:track)%00%(upstream:remotename)%00%(upstream:remoteref) refs/heads/main refs/remotes/main [5ms]
2025-04-18 19:15:43.076 [warning] [Git][revParse] Unable to read file: ENOENT: no such file or directory, open '/home/kh/hyprcrow/.git/refs/remotes/origin/main'
2025-04-18 19:15:43.076 [info] > git for-each-ref --format=%(refname)%00%(upstream:short)%00%(objectname)%00%(upstream:track)%00%(upstream:remotename)%00%(upstream:remoteref) refs/heads/origin/main refs/remotes/origin/main [4ms]
2025-04-18 19:15:43.096 [info] > git merge-base refs/heads/main refs/remotes/origin/main [15ms]
2025-04-18 19:15:43.101 [info] > git rev-parse refs/remotes/origin/main [25ms]
2025-04-18 19:15:43.111 [info] > git diff --name-status -z --diff-filter=ADMR 3337d2b34eb8dbb739902bcf4d3f0f14e9bb856f...refs/remotes/origin/main [10ms]
2025-04-18 19:15:43.112 [info] > git for-each-ref --sort -committerdate --format %(refname)%00%(objectname)%00%(*objectname) [2ms]
2025-04-18 19:15:43.220 [info] > git status -z -uall [114ms]
2025-04-18 19:15:43.227 [info] > git check-ignore -v -z --stdin [23ms]
2025-04-18 19:15:49.174 [info] > git config --get commit.template [4ms]
2025-04-18 19:15:49.174 [info] > git for-each-ref --format=%(refname)%00%(upstream:short)%00%(objectname)%00%(upstream:track)%00%(upstream:remotename)%00%(upstream:remoteref) refs/heads/main refs/remotes/main [1ms]
2025-04-18 19:15:49.178 [warning] [Git][revParse] Unable to read file: ENOENT: no such file or directory, open '/home/kh/hyprcrow/.git/refs/remotes/origin/main'
2025-04-18 19:15:49.179 [info] > git rev-parse refs/remotes/origin/main [1ms]
2025-04-18 19:15:49.189 [info] > git for-each-ref --sort -committerdate --format %(refname)%00%(objectname)%00%(*objectname) [1ms]
2025-04-18 19:15:49.290 [info] > git status -z -uall [107ms]
2025-04-18 19:15:54.306 [info] > git config --get commit.template [4ms]
2025-04-18 19:15:54.306 [info] > git for-each-ref --format=%(refname)%00%(upstream:short)%00%(objectname)%00%(upstream:track)%00%(upstream:remotename)%00%(upstream:remoteref) refs/heads/main refs/remotes/main [1ms]
2025-04-18 19:15:54.310 [warning] [Git][revParse] Unable to read file: ENOENT: no such file or directory, open '/home/kh/hyprcrow/.git/refs/remotes/origin/main'
2025-04-18 19:15:54.311 [info] > git rev-parse refs/remotes/origin/main [1ms]
2025-04-18 19:15:54.320 [info] > git for-each-ref --sort -committerdate --format %(refname)%00%(objectname)%00%(*objectname) [1ms]
2025-04-18 19:15:54.423 [info] > git status -z -uall [108ms]
2025-04-18 19:15:59.437 [info] > git config --get commit.template [5ms]
2025-04-18 19:15:59.438 [info] > git for-each-ref --format=%(refname)%00%(upstream:short)%00%(objectname)%00%(upstream:track)%00%(upstream:remotename)%00%(upstream:remoteref) refs/heads/main refs/remotes/main [1ms]
2025-04-18 19:15:59.442 [warning] [Git][revParse] Unable to read file: ENOENT: no such file or directory, open '/home/kh/hyprcrow/.git/refs/remotes/origin/main'
2025-04-18 19:15:59.443 [info] > git rev-parse refs/remotes/origin/main [1ms]
2025-04-18 19:15:59.453 [info] > git for-each-ref --sort -committerdate --format %(refname)%00%(objectname)%00%(*objectname) [1ms]
2025-04-18 19:15:59.553 [info] > git status -z -uall [106ms]
2025-04-18 19:16:04.567 [info] > git config --get commit.template [4ms]
2025-04-18 19:16:04.567 [info] > git for-each-ref --format=%(refname)%00%(upstream:short)%00%(objectname)%00%(upstream:track)%00%(upstream:remotename)%00%(upstream:remoteref) refs/heads/main refs/remotes/main [1ms]
2025-04-18 19:16:04.571 [warning] [Git][revParse] Unable to read file: ENOENT: no such file or directory, open '/home/kh/hyprcrow/.git/refs/remotes/origin/main'
2025-04-18 19:16:04.572 [info] > git rev-parse refs/remotes/origin/main [1ms]
2025-04-18 19:16:04.582 [info] > git for-each-ref --sort -committerdate --format %(refname)%00%(objectname)%00%(*objectname) [1ms]
2025-04-18 19:16:04.682 [info] > git status -z -uall [106ms]
2025-04-18 19:16:47.662 [info] > git config --get commit.template [5ms]
2025-04-18 19:16:47.663 [info] > git for-each-ref --format=%(refname)%00%(upstream:short)%00%(objectname)%00%(upstream:track)%00%(upstream:remotename)%00%(upstream:remoteref) refs/heads/main refs/remotes/main [1ms]
2025-04-18 19:16:47.667 [warning] [Git][revParse] Unable to read file: ENOENT: no such file or directory, open '/home/kh/hyprcrow/.git/refs/remotes/origin/main'
2025-04-18 19:16:47.668 [info] > git rev-parse refs/remotes/origin/main [1ms]
2025-04-18 19:16:47.678 [info] > git for-each-ref --sort -committerdate --format %(refname)%00%(objectname)%00%(*objectname) [1ms]
2025-04-18 19:16:47.782 [info] > git status -z -uall [110ms]
2025-04-18 19:16:52.795 [info] > git config --get commit.template [4ms]
2025-04-18 19:16:52.796 [info] > git for-each-ref --format=%(refname)%00%(upstream:short)%00%(objectname)%00%(upstream:track)%00%(upstream:remotename)%00%(upstream:remoteref) refs/heads/main refs/remotes/main [1ms]
2025-04-18 19:16:52.800 [warning] [Git][revParse] Unable to read file: ENOENT: no such file or directory, open '/home/kh/hyprcrow/.git/refs/remotes/origin/main'
2025-04-18 19:16:52.801 [info] > git rev-parse refs/remotes/origin/main [1ms]
2025-04-18 19:16:52.810 [info] > git for-each-ref --sort -committerdate --format %(refname)%00%(objectname)%00%(*objectname) [1ms]
2025-04-18 19:16:52.914 [info] > git status -z -uall [109ms]
2025-04-18 19:16:57.927 [info] > git config --get commit.template [4ms]
2025-04-18 19:16:57.928 [info] > git for-each-ref --format=%(refname)%00%(upstream:short)%00%(objectname)%00%(upstream:track)%00%(upstream:remotename)%00%(upstream:remoteref) refs/heads/main refs/remotes/main [1ms]
2025-04-18 19:16:57.932 [warning] [Git][revParse] Unable to read file: ENOENT: no such file or directory, open '/home/kh/hyprcrow/.git/refs/remotes/origin/main'
2025-04-18 19:16:57.933 [info] > git rev-parse refs/remotes/origin/main [1ms]
2025-04-18 19:16:57.945 [info] > git for-each-ref --sort -committerdate --format %(refname)%00%(objectname)%00%(*objectname) [4ms]
2025-04-18 19:16:58.044 [info] > git status -z -uall [106ms]
2025-04-18 19:17:03.059 [info] > git config --get commit.template [5ms]
2025-04-18 19:17:03.060 [info] > git for-each-ref --format=%(refname)%00%(upstream:short)%00%(objectname)%00%(upstream:track)%00%(upstream:remotename)%00%(upstream:remoteref) refs/heads/main refs/remotes/main [2ms]
2025-04-18 19:17:03.064 [warning] [Git][revParse] Unable to read file: ENOENT: no such file or directory, open '/home/kh/hyprcrow/.git/refs/remotes/origin/main'
2025-04-18 19:17:03.064 [info] > git rev-parse refs/remotes/origin/main [0ms]
2025-04-18 19:17:03.073 [info] > git for-each-ref --sort -committerdate --format %(refname)%00%(objectname)%00%(*objectname) [1ms]
2025-04-18 19:17:03.175 [info] > git status -z -uall [107ms]
2025-04-18 19:26:37.008 [info] > git config --get commit.template [5ms]
2025-04-18 19:26:37.009 [info] > git for-each-ref --format=%(refname)%00%(upstream:short)%00%(objectname)%00%(upstream:track)%00%(upstream:remotename)%00%(upstream:remoteref) refs/heads/main refs/remotes/main [1ms]
2025-04-18 19:26:37.013 [warning] [Git][revParse] Unable to read file: ENOENT: no such file or directory, open '/home/kh/hyprcrow/.git/refs/remotes/origin/main'
2025-04-18 19:26:37.014 [info] > git rev-parse refs/remotes/origin/main [0ms]
2025-04-18 19:26:37.024 [info] > git for-each-ref --sort -committerdate --format %(refname)%00%(objectname)%00%(*objectname) [1ms]
2025-04-18 19:26:37.128 [info] > git status -z -uall [110ms]
2025-04-18 19:27:08.653 [info] > git config --get commit.template [6ms]
2025-04-18 19:27:08.653 [info] > git for-each-ref --format=%(refname)%00%(upstream:short)%00%(objectname)%00%(upstream:track)%00%(upstream:remotename)%00%(upstream:remoteref) refs/heads/main refs/remotes/main [1ms]
2025-04-18 19:27:08.657 [warning] [Git][revParse] Unable to read file: ENOENT: no such file or directory, open '/home/kh/hyprcrow/.git/refs/remotes/origin/main'
2025-04-18 19:27:08.658 [info] > git rev-parse refs/remotes/origin/main [1ms]
2025-04-18 19:27:08.668 [info] > git for-each-ref --sort -committerdate --format %(refname)%00%(objectname)%00%(*objectname) [1ms]
2025-04-18 19:27:08.772 [info] > git status -z -uall [109ms]
2025-04-18 19:30:10.116 [info] > git config --get commit.template [5ms]
2025-04-18 19:30:10.117 [info] > git for-each-ref --format=%(refname)%00%(upstream:short)%00%(objectname)%00%(upstream:track)%00%(upstream:remotename)%00%(upstream:remoteref) refs/heads/main refs/remotes/main [1ms]
2025-04-18 19:30:10.121 [warning] [Git][revParse] Unable to read file: ENOENT: no such file or directory, open '/home/kh/hyprcrow/.git/refs/remotes/origin/main'
2025-04-18 19:30:10.122 [info] > git rev-parse refs/remotes/origin/main [1ms]
2025-04-18 19:30:10.132 [info] > git for-each-ref --sort -committerdate --format %(refname)%00%(objectname)%00%(*objectname) [1ms]
2025-04-18 19:30:10.235 [info] > git status -z -uall [109ms]
2025-04-18 19:31:15.750 [info] > git config --get commit.template [6ms]
2025-04-18 19:31:15.751 [info] > git for-each-ref --format=%(refname)%00%(upstream:short)%00%(objectname)%00%(upstream:track)%00%(upstream:remotename)%00%(upstream:remoteref) refs/heads/main refs/remotes/main [1ms]
2025-04-18 19:31:15.755 [warning] [Git][revParse] Unable to read file: ENOENT: no such file or directory, open '/home/kh/hyprcrow/.git/refs/remotes/origin/main'
2025-04-18 19:31:15.756 [info] > git rev-parse refs/remotes/origin/main [1ms]
2025-04-18 19:31:15.766 [info] > git for-each-ref --sort -committerdate --format %(refname)%00%(objectname)%00%(*objectname) [1ms]
2025-04-18 19:31:15.874 [info] > git status -z -uall [113ms]
2025-04-18 19:31:55.340 [info] > git config --get commit.template [4ms]
2025-04-18 19:31:55.340 [info] > git for-each-ref --format=%(refname)%00%(upstream:short)%00%(objectname)%00%(upstream:track)%00%(upstream:remotename)%00%(upstream:remoteref) refs/heads/main refs/remotes/main [1ms]
2025-04-18 19:31:55.345 [warning] [Git][revParse] Unable to read file: ENOENT: no such file or directory, open '/home/kh/hyprcrow/.git/refs/remotes/origin/main'
2025-04-18 19:31:55.346 [info] > git rev-parse refs/remotes/origin/main [1ms]
2025-04-18 19:31:55.356 [info] > git for-each-ref --sort -committerdate --format %(refname)%00%(objectname)%00%(*objectname) [1ms]
2025-04-18 19:31:55.460 [info] > git status -z -uall [110ms]
2025-04-18 19:32:06.620 [info] > git config --get commit.template [5ms]
2025-04-18 19:32:06.620 [info] > git for-each-ref --format=%(refname)%00%(upstream:short)%00%(objectname)%00%(upstream:track)%00%(upstream:remotename)%00%(upstream:remoteref) refs/heads/main refs/remotes/main [1ms]
2025-04-18 19:32:06.624 [warning] [Git][revParse] Unable to read file: ENOENT: no such file or directory, open '/home/kh/hyprcrow/.git/refs/remotes/origin/main'
2025-04-18 19:32:06.625 [info] > git rev-parse refs/remotes/origin/main [1ms]
2025-04-18 19:32:06.634 [info] > git for-each-ref --sort -committerdate --format %(refname)%00%(objectname)%00%(*objectname) [1ms]
2025-04-18 19:32:06.736 [info] > git status -z -uall [107ms]
2025-04-18 19:32:49.672 [info] > git config --get commit.template [6ms]
2025-04-18 19:32:49.673 [info] > git for-each-ref --format=%(refname)%00%(upstream:short)%00%(objectname)%00%(upstream:track)%00%(upstream:remotename)%00%(upstream:remoteref) refs/heads/main refs/remotes/main [1ms]
2025-04-18 19:32:49.677 [warning] [Git][revParse] Unable to read file: ENOENT: no such file or directory, open '/home/kh/hyprcrow/.git/refs/remotes/origin/main'
2025-04-18 19:32:49.678 [info] > git rev-parse refs/remotes/origin/main [1ms]
2025-04-18 19:32:49.688 [info] > git for-each-ref --sort -committerdate --format %(refname)%00%(objectname)%00%(*objectname) [1ms]
2025-04-18 19:32:49.791 [info] > git status -z -uall [109ms]
2025-04-18 19:38:38.092 [info] > git config --get commit.template [5ms]
2025-04-18 19:38:38.093 [info] > git for-each-ref --format=%(refname)%00%(upstream:short)%00%(objectname)%00%(upstream:track)%00%(upstream:remotename)%00%(upstream:remoteref) refs/heads/main refs/remotes/main [1ms]
2025-04-18 19:38:38.098 [warning] [Git][revParse] Unable to read file: ENOENT: no such file or directory, open '/home/kh/hyprcrow/.git/refs/remotes/origin/main'
2025-04-18 19:38:38.099 [info] > git rev-parse refs/remotes/origin/main [1ms]
2025-04-18 19:38:38.109 [info] > git for-each-ref --sort -committerdate --format %(refname)%00%(objectname)%00%(*objectname) [2ms]
2025-04-18 19:38:38.210 [info] > git status -z -uall [107ms]
2025-04-18 20:13:08.455 [info] > git config --get commit.template [5ms]
2025-04-18 20:13:08.456 [info] > git for-each-ref --format=%(refname)%00%(upstream:short)%00%(objectname)%00%(upstream:track)%00%(upstream:remotename)%00%(upstream:remoteref) refs/heads/main refs/remotes/main [1ms]
2025-04-18 20:13:08.460 [warning] [Git][revParse] Unable to read file: ENOENT: no such file or directory, open '/home/kh/hyprcrow/.git/refs/remotes/origin/main'
2025-04-18 20:13:08.461 [info] > git rev-parse refs/remotes/origin/main [1ms]
2025-04-18 20:13:08.470 [info] > git for-each-ref --sort -committerdate --format %(refname)%00%(objectname)%00%(*objectname) [1ms]
2025-04-18 20:13:08.574 [info] > git status -z -uall [110ms]
2025-04-18 20:24:49.167 [info] > git config --get commit.template [5ms]
2025-04-18 20:24:49.168 [info] > git for-each-ref --format=%(refname)%00%(upstream:short)%00%(objectname)%00%(upstream:track)%00%(upstream:remotename)%00%(upstream:remoteref) refs/heads/main refs/remotes/main [2ms]
2025-04-18 20:24:49.172 [warning] [Git][revParse] Unable to read file: ENOENT: no such file or directory, open '/home/kh/hyprcrow/.git/refs/remotes/origin/main'
2025-04-18 20:24:49.172 [info] > git rev-parse refs/remotes/origin/main [0ms]
2025-04-18 20:24:49.182 [info] > git for-each-ref --sort -committerdate --format %(refname)%00%(objectname)%00%(*objectname) [1ms]
2025-04-18 20:24:49.288 [info] > git status -z -uall [112ms]
2025-04-18 21:08:59.106 [info] > git config --get commit.template [6ms]
2025-04-18 21:08:59.107 [info] > git for-each-ref --format=%(refname)%00%(upstream:short)%00%(objectname)%00%(upstream:track)%00%(upstream:remotename)%00%(upstream:remoteref) refs/heads/main refs/remotes/main [1ms]
2025-04-18 21:08:59.112 [warning] [Git][revParse] Unable to read file: ENOENT: no such file or directory, open '/home/kh/hyprcrow/.git/refs/remotes/origin/main'
2025-04-18 21:08:59.113 [info] > git rev-parse refs/remotes/origin/main [1ms]
2025-04-18 21:08:59.124 [info] > git for-each-ref --sort -committerdate --format %(refname)%00%(objectname)%00%(*objectname) [1ms]
2025-04-18 21:08:59.233 [info] > git status -z -uall [115ms]
2025-04-18 21:56:03.187 [info] > git config --get commit.template [5ms]
2025-04-18 21:56:03.188 [info] > git for-each-ref --format=%(refname)%00%(upstream:short)%00%(objectname)%00%(upstream:track)%00%(upstream:remotename)%00%(upstream:remoteref) refs/heads/main refs/remotes/main [2ms]
2025-04-18 21:56:03.192 [warning] [Git][revParse] Unable to read file: ENOENT: no such file or directory, open '/home/kh/hyprcrow/.git/refs/remotes/origin/main'
2025-04-18 21:56:03.193 [info] > git rev-parse refs/remotes/origin/main [1ms]
2025-04-18 21:56:03.203 [info] > git for-each-ref --sort -committerdate --format %(refname)%00%(objectname)%00%(*objectname) [1ms]
2025-04-18 21:56:03.310 [info] > git status -z -uall [113ms]
2025-04-18 22:09:07.263 [info] > git config --get commit.template [4ms]
2025-04-18 22:09:07.265 [info] > git for-each-ref --format=%(refname)%00%(upstream:short)%00%(objectname)%00%(upstream:track)%00%(upstream:remotename)%00%(upstream:remoteref) refs/heads/main refs/remotes/main [2ms]
2025-04-18 22:09:07.269 [warning] [Git][revParse] Unable to read file: ENOENT: no such file or directory, open '/home/kh/hyprcrow/.git/refs/remotes/origin/main'
2025-04-18 22:09:07.270 [info] > git rev-parse refs/remotes/origin/main [1ms]
2025-04-18 22:09:07.278 [info] > git for-each-ref --sort -committerdate --format %(refname)%00%(objectname)%00%(*objectname) [1ms]
2025-04-18 22:09:07.386 [info] > git status -z -uall [113ms]
