2025-02-25 10:00:11.694 [info] Started local extension host with pid 5684.
2025-02-25 10:00:11.971 [error] Extension 'ms-python.debugpy CANNOT USE these API proposals 'portsAttributes, debugVisualization, contribViewsWelcome'. You MUST start in extension development mode or use the --enable-proposed-api command line flag
2025-02-25 10:00:11.971 [error] Extension 'ms-python.python CANNOT USE these API proposals 'contribEditorContentMenu, quickPickSortByLabel, testObserver, quickPickItemTooltip, terminalDataWriteEvent, terminalExecuteCommandEvent, codeActionAI, notebookReplDocument, notebookVariableProvider'. You MUST start in extension development mode or use the --enable-proposed-api command line flag
2025-02-25 10:00:11.987 [error] [ms-python.python]: editor/content is a proposed menu identifier. It requires 'package.json#enabledApiProposals: ["contribEditorContentMenu"]' and is only available when running out of dev or with the following command line switch: --enable-proposed-api ms-python.python
2025-02-25 10:00:13.431 [error] An unknown error occurred. Please consult the log for more details.
2025-02-25 10:00:14.149 [error] Error while getting the latest version for the extension kevinrose.vsc-python-indent. Cannot read properties of undefined (reading 'replace')
2025-02-25 10:00:14.149 [error] Error while getting the latest version for the extension ms-python.debugpy. Cannot read properties of undefined (reading 'replace')
2025-02-25 10:00:14.150 [error] Error while getting the latest version for the extension ms-python.python. Cannot read properties of undefined (reading 'replace')
2025-02-25 10:00:14.344 [info] [perf] Render performance baseline is 19ms
2025-02-25 10:14:16.549 [error] UnboundLocalError: cannot access local variable 'start_index' where it is not associated with a value: Error: UnboundLocalError: cannot access local variable 'start_index' where it is not associated with a value
	at ae (/home/kh/.vscode-oss/extensions/ms-python.python-2025.0.0-universal/out/client/extension.js:2:1973990)
	at oe (/home/kh/.vscode-oss/extensions/ms-python.python-2025.0.0-universal/out/client/extension.js:2:1971950)
	at Immediate.<anonymous> (/home/kh/.vscode-oss/extensions/ms-python.python-2025.0.0-universal/out/client/extension.js:2:1968244)
	at process.processImmediate (node:internal/timers:483:21)
2025-02-25 10:34:29.793 [error] UnboundLocalError: cannot access local variable 'end_index' where it is not associated with a value: Error: UnboundLocalError: cannot access local variable 'end_index' where it is not associated with a value
	at ae (/home/kh/.vscode-oss/extensions/ms-python.python-2025.0.0-universal/out/client/extension.js:2:1973990)
	at oe (/home/kh/.vscode-oss/extensions/ms-python.python-2025.0.0-universal/out/client/extension.js:2:1971950)
	at Immediate.<anonymous> (/home/kh/.vscode-oss/extensions/ms-python.python-2025.0.0-universal/out/client/extension.js:2:1968244)
	at process.processImmediate (node:internal/timers:483:21)
2025-02-25 10:37:30.371 [info] Extension host (LocalProcess pid: 5684) is unresponsive.
2025-02-25 10:38:02.352 [error] Error: Aborted onWillSaveTextDocument-event after 1750ms
    at vscode-file://vscode-app/usr/lib/code/out/vs/workbench/workbench.desktop.main.js:737:10013
2025-02-25 10:39:33.934 [error] Error: Aborted onWillSaveTextDocument-event after 1750ms
    at vscode-file://vscode-app/usr/lib/code/out/vs/workbench/workbench.desktop.main.js:737:10013
2025-02-25 10:39:44.297 [error] Extension host (LocalProcess pid: 5684) terminated unexpectedly. The following extensions were running: ms-python.python, vscode.emmet, KevinRose.vsc-python-indent, ms-python.debugpy, vscode.git-base, vscode.git, vscode.github, vscode.debug-auto-launch, vscode.merge-conflict, vscode.github-authentication, vscode.npm
2025-02-25 10:39:44.297 [info] Automatically restarting the extension host.
2025-02-25 10:39:44.342 [info] Started local extension host with pid 8729.
2025-02-25 10:39:45.579 [error] No registered selector for ID: ms-vscode.npm-command
2025-02-25 10:39:46.789 [error] An unknown error occurred. Please consult the log for more details.
2025-02-25 11:07:44.539 [info] Extension host (LocalProcess pid: 8729) is unresponsive.
2025-02-25 11:09:34.329 [error] Extension host (LocalProcess pid: 8729) terminated unexpectedly. The following extensions were running: ms-python.python, vscode.emmet, KevinRose.vsc-python-indent, ms-python.debugpy, vscode.git-base, vscode.git, vscode.github, vscode.debug-auto-launch, vscode.merge-conflict, vscode.github-authentication, vscode.npm
2025-02-25 11:09:34.330 [info] Automatically restarting the extension host.
2025-02-25 11:09:34.374 [info] Started local extension host with pid 10727.
2025-02-25 11:09:35.374 [error] No registered selector for ID: ms-vscode.npm-command
2025-02-25 11:09:36.583 [error] An unknown error occurred. Please consult the log for more details.
2025-02-25 11:38:05.892 [info] Extension host (LocalProcess pid: 10727) is unresponsive.
2025-02-25 11:39:29.163 [error] Extension host (LocalProcess pid: 10727) terminated unexpectedly. The following extensions were running: ms-python.python, vscode.emmet, KevinRose.vsc-python-indent, ms-python.debugpy, vscode.git-base, vscode.git, vscode.github, vscode.debug-auto-launch, vscode.merge-conflict, vscode.github-authentication, vscode.npm
2025-02-25 11:39:29.165 [info] Automatically restarting the extension host.
2025-02-25 11:39:29.217 [info] Started local extension host with pid 12884.
2025-02-25 11:39:30.195 [error] No registered selector for ID: ms-vscode.npm-command
2025-02-25 11:39:31.458 [error] An unknown error occurred. Please consult the log for more details.
2025-02-25 12:11:03.353 [info] Extension host (LocalProcess pid: 12884) is unresponsive.
2025-02-25 12:13:20.740 [error] Extension host (LocalProcess pid: 12884) terminated unexpectedly. The following extensions were running: ms-python.python, vscode.emmet, KevinRose.vsc-python-indent, ms-python.debugpy, vscode.git-base, vscode.git, vscode.github, vscode.debug-auto-launch, vscode.merge-conflict, vscode.github-authentication, vscode.npm
2025-02-25 12:13:20.742 [info] Automatically restarting the extension host.
2025-02-25 12:13:20.910 [info] Started local extension host with pid 18562.
2025-02-25 12:13:22.309 [error] No registered selector for ID: ms-vscode.npm-command
2025-02-25 12:13:22.819 [error] An unknown error occurred. Please consult the log for more details.
2025-02-25 12:17:43.573 [error] spawn linux ENOENT: Error: spawn linux ENOENT
    at ChildProcess._handle.onexit (node:internal/child_process:285:19)
    at onErrorNT (node:internal/child_process:483:16)
    at process.processTicksAndRejections (node:internal/process/task_queues:82:21)
2025-02-25 12:52:43.054 [info] Extension host (LocalProcess pid: 18562) is unresponsive.
2025-02-25 12:53:50.499 [error] Error: Aborted onWillSaveTextDocument-event after 1750ms
    at vscode-file://vscode-app/usr/lib/code/out/vs/workbench/workbench.desktop.main.js:737:10013
2025-02-25 12:54:31.281 [error] Extension host (LocalProcess pid: 18562) terminated unexpectedly. The following extensions were running: ms-python.python, vscode.emmet, KevinRose.vsc-python-indent, ms-python.debugpy, vscode.git-base, vscode.git, vscode.github, vscode.debug-auto-launch, vscode.merge-conflict, vscode.github-authentication, vscode.npm, vscode.configuration-editing, vscode.json-language-features, vscode.typescript-language-features
2025-02-25 12:54:31.281 [info] Automatically restarting the extension host.
2025-02-25 12:54:31.364 [info] Started local extension host with pid 22095.
2025-02-25 12:54:32.608 [error] No registered selector for ID: ms-vscode.npm-command
2025-02-25 12:54:33.883 [error] An unknown error occurred. Please consult the log for more details.
2025-02-25 13:24:27.530 [info] Extension host (LocalProcess pid: 22095) is unresponsive.
2025-02-25 13:26:15.838 [error] Extension host (LocalProcess pid: 22095) terminated unexpectedly. The following extensions were running: ms-python.python, vscode.emmet, KevinRose.vsc-python-indent, ms-python.debugpy, vscode.git-base, vscode.git, vscode.github, vscode.debug-auto-launch, vscode.merge-conflict, vscode.github-authentication, vscode.npm, vscode.configuration-editing, vscode.json-language-features, vscode.typescript-language-features
2025-02-25 13:26:15.839 [info] Automatically restarting the extension host.
2025-02-25 13:26:15.898 [info] Started local extension host with pid 23878.
2025-02-25 13:26:17.342 [error] No registered selector for ID: ms-vscode.npm-command
2025-02-25 13:26:17.930 [error] An unknown error occurred. Please consult the log for more details.
2025-02-25 13:48:59.929 [info] Extension host (LocalProcess pid: 23878) is unresponsive.
2025-02-25 13:50:18.345 [error] Extension host (LocalProcess pid: 23878) terminated unexpectedly. The following extensions were running: ms-python.python, vscode.emmet, KevinRose.vsc-python-indent, ms-python.debugpy, vscode.git-base, vscode.git, vscode.github, vscode.debug-auto-launch, vscode.merge-conflict, vscode.github-authentication, vscode.npm, vscode.configuration-editing, vscode.json-language-features, vscode.typescript-language-features
2025-02-25 13:50:18.345 [info] Automatically restarting the extension host.
2025-02-25 13:50:18.390 [info] Started local extension host with pid 24206.
2025-02-25 13:50:19.461 [error] No registered selector for ID: ms-vscode.npm-command
2025-02-25 13:50:20.899 [error] An unknown error occurred. Please consult the log for more details.
2025-02-25 14:19:42.003 [info] Extension host (LocalProcess pid: 24206) is unresponsive.
2025-02-25 14:21:25.103 [error] Extension host (LocalProcess pid: 24206) terminated unexpectedly. The following extensions were running: ms-python.python, vscode.emmet, KevinRose.vsc-python-indent, ms-python.debugpy, vscode.git-base, vscode.git, vscode.github, vscode.debug-auto-launch, vscode.merge-conflict, vscode.github-authentication, vscode.npm, vscode.configuration-editing, vscode.json-language-features, vscode.typescript-language-features
2025-02-25 14:21:25.103 [info] Automatically restarting the extension host.
2025-02-25 14:21:25.158 [info] Started local extension host with pid 24508.
2025-02-25 14:21:26.289 [error] No registered selector for ID: ms-vscode.npm-command
2025-02-25 14:21:27.416 [error] An unknown error occurred. Please consult the log for more details.
