2025-04-20 03:10:40.020 [info] Extension host with pid 312321 started
2025-04-20 03:10:40.020 [info] Skipping acquiring lock for /home/kh/.config/Code - OSS/User/workspaceStorage/80212a1b6d8fdee79deb9d967042306c.
2025-04-20 03:10:40.184 [info] ExtensionService#_doActivateExtension vscode.emmet, startup: false, activationEvent: 'onLanguage'
2025-04-20 03:10:40.200 [info] ExtensionService#_doActivateExtension ms-python.python, startup: false, activationEvent: 'onLanguage:python', root cause: ms-python.debugpy
2025-04-20 03:10:40.353 [info] ExtensionService#_doActivateExtension vscode.configuration-editing, startup: false, activationEvent: 'onLanguage:jsonc'
2025-04-20 03:10:40.363 [info] ExtensionService#_doActivateExtension vscode.json-language-features, startup: false, activationEvent: 'onLanguage:jsonc'
2025-04-20 03:10:40.412 [info] ExtensionService#_doActivateExtension vscode.typescript-language-features, startup: false, activationEvent: 'onLanguage:jsonc'
2025-04-20 03:10:40.594 [info] ExtensionService#_doActivateExtension ms-python.debugpy, startup: false, activationEvent: 'onLanguage:python'
2025-04-20 03:10:40.653 [error] Activating extension ms-python.debugpy failed due to an error:
2025-04-20 03:10:40.653 [error] Error: Extension 'ms-python.debugpy' CANNOT use API proposal: portsAttributes.
Its package.json#enabledApiProposals-property declares:  but NOT portsAttributes.
 The missing proposal MUST be added and you must start in extension development mode or use the following command line switch: --enable-proposed-api ms-python.debugpy
	at R (file:///usr/lib/code/out/vs/workbench/api/node/extensionHostProcess.js:105:19265)
	at Object.registerPortAttributesProvider (file:///usr/lib/code/out/vs/workbench/api/node/extensionHostProcess.js:173:48788)
	at t.registerDebugger (/home/kh/.vscode-oss/extensions/ms-python.debugpy-2025.6.0-linux-x64/dist/extension.js:2:846640)
	at e.activate (/home/kh/.vscode-oss/extensions/ms-python.debugpy-2025.6.0-linux-x64/dist/extension.js:2:1098056)
	at Uw.kb (file:///usr/lib/code/out/vs/workbench/api/node/extensionHostProcess.js:115:15216)
	at Uw.jb (file:///usr/lib/code/out/vs/workbench/api/node/extensionHostProcess.js:115:14923)
	at file:///usr/lib/code/out/vs/workbench/api/node/extensionHostProcess.js:115:13081
	at async cw.n (file:///usr/lib/code/out/vs/workbench/api/node/extensionHostProcess.js:111:13359)
	at async cw.m (file:///usr/lib/code/out/vs/workbench/api/node/extensionHostProcess.js:111:13322)
	at async cw.l (file:///usr/lib/code/out/vs/workbench/api/node/extensionHostProcess.js:111:12778)
2025-04-20 03:10:40.704 [info] ExtensionService#_doActivateExtension vscode.git-base, startup: true, activationEvent: '*', root cause: vscode.git
2025-04-20 03:10:40.706 [info] ExtensionService#_doActivateExtension dlasagno.wal-theme, startup: true, activationEvent: '*'
2025-04-20 03:10:40.735 [info] ExtensionService#_doActivateExtension vscode.git, startup: true, activationEvent: '*'
2025-04-20 03:10:40.789 [info] ExtensionService#_doActivateExtension vscode.github, startup: true, activationEvent: '*'
2025-04-20 03:10:40.834 [info] Eager extensions activated
2025-04-20 03:10:40.850 [info] ExtensionService#_doActivateExtension vscode.debug-auto-launch, startup: false, activationEvent: 'onStartupFinished'
2025-04-20 03:10:40.852 [info] ExtensionService#_doActivateExtension vscode.merge-conflict, startup: false, activationEvent: 'onStartupFinished'
2025-04-20 03:10:41.080 [warning] [Decorations] CAPPING events from decorations provider vscode.git 521
2025-04-20 03:10:41.289 [warning] [Decorations] CAPPING events from decorations provider vscode.git 521
2025-04-20 03:10:41.658 [error] Error: Extension 'ms-python.python' CANNOT use API proposal: testObserver.
Its package.json#enabledApiProposals-property declares:  but NOT testObserver.
 The missing proposal MUST be added and you must start in extension development mode or use the following command line switch: --enable-proposed-api ms-python.python
	at R (file:///usr/lib/code/out/vs/workbench/api/node/extensionHostProcess.js:105:19265)
	at get testResults (file:///usr/lib/code/out/vs/workbench/api/node/extensionHostProcess.js:173:32518)
	at C.activate (/home/kh/.vscode-oss/extensions/ms-python.python-2025.4.0-universal/out/client/extension.js:2:908659)
	at /home/kh/.vscode-oss/extensions/ms-python.python-2025.4.0-universal/out/client/extension.js:2:2457
	at Array.map (<anonymous>)
	at v.activateWorkspace (/home/kh/.vscode-oss/extensions/ms-python.python-2025.4.0-universal/out/client/extension.js:2:2447)
2025-04-20 03:10:46.905 [warning] [Decorations] CAPPING events from decorations provider vscode.git 521
2025-04-20 03:10:52.066 [warning] [Decorations] CAPPING events from decorations provider vscode.git 565
2025-04-20 03:10:57.228 [warning] [Decorations] CAPPING events from decorations provider vscode.git 565
2025-04-20 03:11:02.382 [warning] [Decorations] CAPPING events from decorations provider vscode.git 565
2025-04-20 03:11:07.536 [warning] [Decorations] CAPPING events from decorations provider vscode.git 565
2025-04-20 03:11:12.688 [warning] [Decorations] CAPPING events from decorations provider vscode.git 565
2025-04-20 03:11:17.843 [warning] [Decorations] CAPPING events from decorations provider vscode.git 565
2025-04-20 03:11:23.002 [warning] [Decorations] CAPPING events from decorations provider vscode.git 565
2025-04-20 03:11:28.160 [warning] [Decorations] CAPPING events from decorations provider vscode.git 565
2025-04-20 03:11:33.323 [warning] [Decorations] CAPPING events from decorations provider vscode.git 565
2025-04-20 03:11:38.479 [warning] [Decorations] CAPPING events from decorations provider vscode.git 565
2025-04-20 03:11:43.616 [warning] vscode.json-language-features - Code actions of kind 'quickfix' requested but returned code action is of kind 'source.sort.json'. Code action will be dropped. Please check 'CodeActionContext.only' to only return requested code actions.
2025-04-20 03:11:43.630 [warning] [Decorations] CAPPING events from decorations provider vscode.git 565
2025-04-20 03:11:48.786 [warning] [Decorations] CAPPING events from decorations provider vscode.git 565
2025-04-20 03:11:53.940 [warning] [Decorations] CAPPING events from decorations provider vscode.git 566
2025-04-20 03:11:59.090 [warning] [Decorations] CAPPING events from decorations provider vscode.git 565
2025-04-20 03:12:04.254 [warning] [Decorations] CAPPING events from decorations provider vscode.git 565
2025-04-20 03:12:09.415 [warning] [Decorations] CAPPING events from decorations provider vscode.git 565
2025-04-20 03:12:14.570 [warning] [Decorations] CAPPING events from decorations provider vscode.git 565
2025-04-20 03:12:19.721 [warning] [Decorations] CAPPING events from decorations provider vscode.git 566
2025-04-20 03:12:24.878 [warning] [Decorations] CAPPING events from decorations provider vscode.git 566
2025-04-20 03:12:30.032 [warning] [Decorations] CAPPING events from decorations provider vscode.git 566
2025-04-20 03:12:35.185 [warning] [Decorations] CAPPING events from decorations provider vscode.git 566
2025-04-20 03:12:40.337 [warning] [Decorations] CAPPING events from decorations provider vscode.git 567
2025-04-20 03:12:45.491 [warning] [Decorations] CAPPING events from decorations provider vscode.git 567
2025-04-20 03:12:50.650 [warning] [Decorations] CAPPING events from decorations provider vscode.git 568
2025-04-20 03:12:55.800 [warning] [Decorations] CAPPING events from decorations provider vscode.git 568
2025-04-20 03:13:00.951 [warning] [Decorations] CAPPING events from decorations provider vscode.git 568
2025-04-20 03:13:06.105 [warning] [Decorations] CAPPING events from decorations provider vscode.git 568
2025-04-20 03:13:11.260 [warning] [Decorations] CAPPING events from decorations provider vscode.git 568
2025-04-20 03:13:16.415 [warning] [Decorations] CAPPING events from decorations provider vscode.git 568
2025-04-20 03:13:29.431 [warning] [Decorations] CAPPING events from decorations provider vscode.git 568
2025-04-20 03:13:34.593 [warning] [Decorations] CAPPING events from decorations provider vscode.git 569
2025-04-20 03:13:39.747 [warning] [Decorations] CAPPING events from decorations provider vscode.git 569
2025-04-20 03:13:44.897 [warning] [Decorations] CAPPING events from decorations provider vscode.git 569
2025-04-20 03:13:50.050 [warning] [Decorations] CAPPING events from decorations provider vscode.git 569
2025-04-20 03:14:17.613 [warning] [Decorations] CAPPING events from decorations provider vscode.git 571
2025-04-20 03:14:22.764 [warning] [Decorations] CAPPING events from decorations provider vscode.git 572
2025-04-20 03:14:27.918 [warning] [Decorations] CAPPING events from decorations provider vscode.git 572
2025-04-20 03:14:33.074 [warning] [Decorations] CAPPING events from decorations provider vscode.git 572
2025-04-20 03:14:38.228 [warning] [Decorations] CAPPING events from decorations provider vscode.git 572
2025-04-20 03:14:46.190 [warning] [Decorations] CAPPING events from decorations provider vscode.git 572
2025-04-20 03:14:51.348 [warning] [Decorations] CAPPING events from decorations provider vscode.git 572
2025-04-20 03:14:56.505 [warning] [Decorations] CAPPING events from decorations provider vscode.git 572
2025-04-20 03:15:01.666 [warning] [Decorations] CAPPING events from decorations provider vscode.git 572
2025-04-20 03:15:26.080 [warning] [Decorations] CAPPING events from decorations provider vscode.git 572
2025-04-20 03:16:23.132 [warning] [Decorations] CAPPING events from decorations provider vscode.git 572
2025-04-20 03:17:11.784 [warning] [Decorations] CAPPING events from decorations provider vscode.git 572
2025-04-20 03:17:16.937 [warning] [Decorations] CAPPING events from decorations provider vscode.git 572
2025-04-20 03:17:22.085 [warning] [Decorations] CAPPING events from decorations provider vscode.git 572
2025-04-20 03:17:27.236 [warning] [Decorations] CAPPING events from decorations provider vscode.git 572
2025-04-20 03:17:32.385 [warning] [Decorations] CAPPING events from decorations provider vscode.git 572
2025-04-20 03:17:37.541 [warning] [Decorations] CAPPING events from decorations provider vscode.git 572
2025-04-20 03:17:42.696 [warning] [Decorations] CAPPING events from decorations provider vscode.git 572
2025-04-20 03:17:47.848 [warning] [Decorations] CAPPING events from decorations provider vscode.git 572
2025-04-20 03:17:53.004 [warning] [Decorations] CAPPING events from decorations provider vscode.git 572
2025-04-20 03:17:58.163 [warning] [Decorations] CAPPING events from decorations provider vscode.git 572
2025-04-20 03:18:03.325 [warning] [Decorations] CAPPING events from decorations provider vscode.git 572
2025-04-20 03:18:08.479 [warning] [Decorations] CAPPING events from decorations provider vscode.git 572
2025-04-20 03:18:21.435 [warning] [Decorations] CAPPING events from decorations provider vscode.git 574
2025-04-20 03:18:26.591 [warning] [Decorations] CAPPING events from decorations provider vscode.git 574
2025-04-20 03:18:31.748 [warning] [Decorations] CAPPING events from decorations provider vscode.git 574
2025-04-20 03:18:41.651 [warning] [Decorations] CAPPING events from decorations provider vscode.git 574
2025-04-20 03:18:46.805 [warning] [Decorations] CAPPING events from decorations provider vscode.git 574
2025-04-20 03:18:51.958 [warning] [Decorations] CAPPING events from decorations provider vscode.git 574
2025-04-20 03:18:57.105 [warning] [Decorations] CAPPING events from decorations provider vscode.git 574
2025-04-20 03:19:02.260 [warning] [Decorations] CAPPING events from decorations provider vscode.git 574
2025-04-20 03:19:07.411 [warning] [Decorations] CAPPING events from decorations provider vscode.git 574
2025-04-20 03:19:12.571 [warning] [Decorations] CAPPING events from decorations provider vscode.git 574
2025-04-20 03:19:17.726 [warning] [Decorations] CAPPING events from decorations provider vscode.git 574
2025-04-20 03:19:22.890 [warning] [Decorations] CAPPING events from decorations provider vscode.git 574
2025-04-20 03:19:28.075 [warning] [Decorations] CAPPING events from decorations provider vscode.git 574
2025-04-20 03:19:33.241 [warning] [Decorations] CAPPING events from decorations provider vscode.git 574
2025-04-20 03:19:38.394 [warning] [Decorations] CAPPING events from decorations provider vscode.git 574
2025-04-20 03:19:43.548 [warning] [Decorations] CAPPING events from decorations provider vscode.git 574
2025-04-20 03:19:48.707 [warning] [Decorations] CAPPING events from decorations provider vscode.git 574
2025-04-20 03:19:53.856 [warning] [Decorations] CAPPING events from decorations provider vscode.git 574
2025-04-20 03:19:59.007 [warning] [Decorations] CAPPING events from decorations provider vscode.git 575
2025-04-20 03:20:04.161 [warning] [Decorations] CAPPING events from decorations provider vscode.git 575
2025-04-20 03:20:09.313 [warning] [Decorations] CAPPING events from decorations provider vscode.git 575
2025-04-20 03:20:14.474 [warning] [Decorations] CAPPING events from decorations provider vscode.git 575
2025-04-20 03:20:19.637 [warning] [Decorations] CAPPING events from decorations provider vscode.git 575
2025-04-20 03:20:24.789 [warning] [Decorations] CAPPING events from decorations provider vscode.git 575
2025-04-20 03:20:29.948 [warning] [Decorations] CAPPING events from decorations provider vscode.git 575
2025-04-20 03:20:35.103 [warning] [Decorations] CAPPING events from decorations provider vscode.git 575
2025-04-20 03:20:40.263 [warning] [Decorations] CAPPING events from decorations provider vscode.git 575
2025-04-20 03:20:45.419 [warning] [Decorations] CAPPING events from decorations provider vscode.git 575
2025-04-20 03:20:50.578 [warning] [Decorations] CAPPING events from decorations provider vscode.git 575
2025-04-20 03:20:55.735 [warning] [Decorations] CAPPING events from decorations provider vscode.git 575
2025-04-20 03:21:00.892 [warning] [Decorations] CAPPING events from decorations provider vscode.git 575
2025-04-20 03:21:06.046 [warning] [Decorations] CAPPING events from decorations provider vscode.git 575
2025-04-20 03:21:11.204 [warning] [Decorations] CAPPING events from decorations provider vscode.git 575
2025-04-20 03:21:16.359 [warning] [Decorations] CAPPING events from decorations provider vscode.git 575
2025-04-20 03:21:21.520 [warning] [Decorations] CAPPING events from decorations provider vscode.git 575
2025-04-20 03:21:26.672 [warning] [Decorations] CAPPING events from decorations provider vscode.git 575
2025-04-20 03:21:31.827 [warning] [Decorations] CAPPING events from decorations provider vscode.git 576
2025-04-20 03:21:36.979 [warning] [Decorations] CAPPING events from decorations provider vscode.git 576
2025-04-20 03:21:42.133 [warning] [Decorations] CAPPING events from decorations provider vscode.git 576
2025-04-20 03:21:47.285 [warning] [Decorations] CAPPING events from decorations provider vscode.git 576
2025-04-20 03:21:52.435 [warning] [Decorations] CAPPING events from decorations provider vscode.git 576
2025-04-20 03:21:57.587 [warning] [Decorations] CAPPING events from decorations provider vscode.git 576
2025-04-20 03:22:02.749 [warning] [Decorations] CAPPING events from decorations provider vscode.git 576
2025-04-20 03:22:07.907 [warning] [Decorations] CAPPING events from decorations provider vscode.git 576
2025-04-20 03:22:13.058 [warning] [Decorations] CAPPING events from decorations provider vscode.git 576
2025-04-20 03:22:18.216 [warning] [Decorations] CAPPING events from decorations provider vscode.git 576
2025-04-20 03:22:23.378 [warning] [Decorations] CAPPING events from decorations provider vscode.git 576
2025-04-20 03:22:28.530 [warning] [Decorations] CAPPING events from decorations provider vscode.git 576
2025-04-20 03:22:33.685 [warning] [Decorations] CAPPING events from decorations provider vscode.git 576
2025-04-20 03:22:38.844 [warning] [Decorations] CAPPING events from decorations provider vscode.git 577
2025-04-20 03:22:43.999 [warning] [Decorations] CAPPING events from decorations provider vscode.git 576
2025-04-20 03:22:49.151 [warning] [Decorations] CAPPING events from decorations provider vscode.git 576
2025-04-20 03:22:54.306 [warning] [Decorations] CAPPING events from decorations provider vscode.git 576
2025-04-20 03:22:59.471 [warning] [Decorations] CAPPING events from decorations provider vscode.git 576
2025-04-20 03:23:04.627 [warning] [Decorations] CAPPING events from decorations provider vscode.git 576
2025-04-20 03:23:09.792 [warning] [Decorations] CAPPING events from decorations provider vscode.git 576
2025-04-20 03:23:14.946 [warning] [Decorations] CAPPING events from decorations provider vscode.git 576
2025-04-20 03:23:20.103 [warning] [Decorations] CAPPING events from decorations provider vscode.git 576
2025-04-20 03:23:25.255 [warning] [Decorations] CAPPING events from decorations provider vscode.git 577
2025-04-20 03:23:30.415 [warning] [Decorations] CAPPING events from decorations provider vscode.git 577
2025-04-20 03:23:35.569 [warning] [Decorations] CAPPING events from decorations provider vscode.git 577
2025-04-20 03:23:40.723 [warning] [Decorations] CAPPING events from decorations provider vscode.git 577
2025-04-20 03:23:45.893 [warning] [Decorations] CAPPING events from decorations provider vscode.git 577
2025-04-20 03:23:51.054 [warning] [Decorations] CAPPING events from decorations provider vscode.git 578
2025-04-20 03:23:56.208 [warning] [Decorations] CAPPING events from decorations provider vscode.git 578
2025-04-20 03:24:01.361 [warning] [Decorations] CAPPING events from decorations provider vscode.git 578
2025-04-20 03:24:06.512 [warning] [Decorations] CAPPING events from decorations provider vscode.git 578
2025-04-20 03:24:11.664 [warning] [Decorations] CAPPING events from decorations provider vscode.git 578
2025-04-20 03:24:16.817 [warning] [Decorations] CAPPING events from decorations provider vscode.git 578
2025-04-20 03:24:21.974 [warning] [Decorations] CAPPING events from decorations provider vscode.git 578
2025-04-20 03:24:27.133 [warning] [Decorations] CAPPING events from decorations provider vscode.git 578
2025-04-20 03:24:32.292 [warning] [Decorations] CAPPING events from decorations provider vscode.git 578
2025-04-20 03:24:37.448 [warning] [Decorations] CAPPING events from decorations provider vscode.git 578
2025-04-20 03:24:42.604 [warning] [Decorations] CAPPING events from decorations provider vscode.git 578
2025-04-20 03:24:47.770 [warning] [Decorations] CAPPING events from decorations provider vscode.git 578
2025-04-20 03:24:52.925 [warning] [Decorations] CAPPING events from decorations provider vscode.git 578
2025-04-20 03:24:58.082 [warning] [Decorations] CAPPING events from decorations provider vscode.git 578
2025-04-20 03:25:03.231 [warning] [Decorations] CAPPING events from decorations provider vscode.git 578
2025-04-20 03:25:08.383 [warning] [Decorations] CAPPING events from decorations provider vscode.git 578
2025-04-20 03:25:13.537 [warning] [Decorations] CAPPING events from decorations provider vscode.git 578
2025-04-20 03:25:18.700 [warning] [Decorations] CAPPING events from decorations provider vscode.git 578
2025-04-20 03:25:23.864 [warning] [Decorations] CAPPING events from decorations provider vscode.git 578
2025-04-20 03:25:29.031 [warning] [Decorations] CAPPING events from decorations provider vscode.git 578
2025-04-20 03:25:34.188 [warning] [Decorations] CAPPING events from decorations provider vscode.git 578
2025-04-20 03:25:39.346 [warning] [Decorations] CAPPING events from decorations provider vscode.git 578
2025-04-20 03:25:44.505 [warning] [Decorations] CAPPING events from decorations provider vscode.git 578
2025-04-20 03:25:49.651 [warning] [Decorations] CAPPING events from decorations provider vscode.git 578
2025-04-20 03:25:54.811 [warning] [Decorations] CAPPING events from decorations provider vscode.git 578
2025-04-20 03:25:59.969 [warning] [Decorations] CAPPING events from decorations provider vscode.git 578
2025-04-20 03:26:05.124 [warning] [Decorations] CAPPING events from decorations provider vscode.git 578
2025-04-20 03:26:10.277 [warning] [Decorations] CAPPING events from decorations provider vscode.git 578
2025-04-20 03:26:15.427 [warning] [Decorations] CAPPING events from decorations provider vscode.git 578
2025-04-20 03:26:20.601 [warning] [Decorations] CAPPING events from decorations provider vscode.git 578
2025-04-20 03:26:25.761 [warning] [Decorations] CAPPING events from decorations provider vscode.git 578
2025-04-20 03:26:30.917 [warning] [Decorations] CAPPING events from decorations provider vscode.git 578
2025-04-20 03:26:36.072 [warning] [Decorations] CAPPING events from decorations provider vscode.git 578
2025-04-20 03:26:41.228 [warning] [Decorations] CAPPING events from decorations provider vscode.git 578
2025-04-20 03:26:46.379 [warning] [Decorations] CAPPING events from decorations provider vscode.git 578
2025-04-20 03:26:51.536 [warning] [Decorations] CAPPING events from decorations provider vscode.git 578
2025-04-20 03:26:56.687 [warning] [Decorations] CAPPING events from decorations provider vscode.git 578
2025-04-20 03:27:01.848 [warning] [Decorations] CAPPING events from decorations provider vscode.git 579
2025-04-20 03:27:07.010 [warning] [Decorations] CAPPING events from decorations provider vscode.git 578
2025-04-20 03:27:12.173 [warning] [Decorations] CAPPING events from decorations provider vscode.git 578
2025-04-20 03:27:17.329 [warning] [Decorations] CAPPING events from decorations provider vscode.git 578
2025-04-20 03:27:22.483 [warning] [Decorations] CAPPING events from decorations provider vscode.git 578
2025-04-20 03:27:27.642 [warning] [Decorations] CAPPING events from decorations provider vscode.git 578
2025-04-20 03:27:32.801 [warning] [Decorations] CAPPING events from decorations provider vscode.git 578
2025-04-20 03:27:37.956 [warning] [Decorations] CAPPING events from decorations provider vscode.git 578
2025-04-20 03:27:43.110 [warning] [Decorations] CAPPING events from decorations provider vscode.git 578
2025-04-20 03:27:48.266 [warning] [Decorations] CAPPING events from decorations provider vscode.git 578
2025-04-20 03:27:53.421 [warning] [Decorations] CAPPING events from decorations provider vscode.git 578
2025-04-20 03:27:58.576 [warning] [Decorations] CAPPING events from decorations provider vscode.git 578
2025-04-20 03:28:03.742 [warning] [Decorations] CAPPING events from decorations provider vscode.git 579
2025-04-20 03:28:08.898 [warning] [Decorations] CAPPING events from decorations provider vscode.git 579
2025-04-20 03:28:14.057 [warning] [Decorations] CAPPING events from decorations provider vscode.git 579
2025-04-20 03:28:19.210 [warning] [Decorations] CAPPING events from decorations provider vscode.git 579
2025-04-20 03:28:24.367 [warning] [Decorations] CAPPING events from decorations provider vscode.git 580
2025-04-20 03:28:29.522 [warning] [Decorations] CAPPING events from decorations provider vscode.git 579
2025-04-20 03:28:34.677 [warning] [Decorations] CAPPING events from decorations provider vscode.git 579
2025-04-20 03:28:39.832 [warning] [Decorations] CAPPING events from decorations provider vscode.git 579
2025-04-20 03:28:44.982 [warning] [Decorations] CAPPING events from decorations provider vscode.git 579
2025-04-20 03:28:50.138 [warning] [Decorations] CAPPING events from decorations provider vscode.git 579
2025-04-20 03:28:55.298 [warning] [Decorations] CAPPING events from decorations provider vscode.git 579
2025-04-20 03:29:00.453 [warning] [Decorations] CAPPING events from decorations provider vscode.git 579
2025-04-20 03:29:05.607 [warning] [Decorations] CAPPING events from decorations provider vscode.git 579
2025-04-20 03:29:10.766 [warning] [Decorations] CAPPING events from decorations provider vscode.git 579
2025-04-20 03:29:15.921 [warning] [Decorations] CAPPING events from decorations provider vscode.git 579
2025-04-20 03:29:21.075 [warning] [Decorations] CAPPING events from decorations provider vscode.git 579
2025-04-20 03:29:26.228 [warning] [Decorations] CAPPING events from decorations provider vscode.git 579
2025-04-20 03:29:31.380 [warning] [Decorations] CAPPING events from decorations provider vscode.git 579
2025-04-20 03:29:36.540 [warning] [Decorations] CAPPING events from decorations provider vscode.git 579
2025-04-20 03:29:41.700 [warning] [Decorations] CAPPING events from decorations provider vscode.git 579
2025-04-20 03:29:46.861 [warning] [Decorations] CAPPING events from decorations provider vscode.git 580
2025-04-20 03:29:52.019 [warning] [Decorations] CAPPING events from decorations provider vscode.git 580
2025-04-20 03:29:57.172 [warning] [Decorations] CAPPING events from decorations provider vscode.git 580
2025-04-20 03:30:02.326 [warning] [Decorations] CAPPING events from decorations provider vscode.git 580
2025-04-20 03:30:07.489 [warning] [Decorations] CAPPING events from decorations provider vscode.git 580
2025-04-20 03:30:12.639 [warning] [Decorations] CAPPING events from decorations provider vscode.git 580
2025-04-20 03:30:17.791 [warning] [Decorations] CAPPING events from decorations provider vscode.git 580
2025-04-20 03:30:22.945 [warning] [Decorations] CAPPING events from decorations provider vscode.git 580
2025-04-20 03:30:28.100 [warning] [Decorations] CAPPING events from decorations provider vscode.git 580
2025-04-20 03:30:33.255 [warning] [Decorations] CAPPING events from decorations provider vscode.git 580
2025-04-20 03:30:38.419 [warning] [Decorations] CAPPING events from decorations provider vscode.git 580
2025-04-20 03:30:43.573 [warning] [Decorations] CAPPING events from decorations provider vscode.git 580
2025-04-20 03:30:48.726 [warning] [Decorations] CAPPING events from decorations provider vscode.git 580
2025-04-20 03:30:53.881 [warning] [Decorations] CAPPING events from decorations provider vscode.git 580
2025-04-20 03:30:59.043 [warning] [Decorations] CAPPING events from decorations provider vscode.git 580
2025-04-20 03:31:04.198 [warning] [Decorations] CAPPING events from decorations provider vscode.git 580
2025-04-20 03:31:09.346 [warning] [Decorations] CAPPING events from decorations provider vscode.git 580
2025-04-20 03:31:14.498 [warning] [Decorations] CAPPING events from decorations provider vscode.git 580
2025-04-20 03:31:19.664 [warning] [Decorations] CAPPING events from decorations provider vscode.git 580
2025-04-20 03:31:24.823 [warning] [Decorations] CAPPING events from decorations provider vscode.git 580
2025-04-20 03:31:29.984 [warning] [Decorations] CAPPING events from decorations provider vscode.git 580
2025-04-20 03:31:35.139 [warning] [Decorations] CAPPING events from decorations provider vscode.git 580
2025-04-20 03:31:40.294 [warning] [Decorations] CAPPING events from decorations provider vscode.git 580
2025-04-20 03:31:45.444 [warning] [Decorations] CAPPING events from decorations provider vscode.git 580
2025-04-20 03:31:50.606 [warning] [Decorations] CAPPING events from decorations provider vscode.git 580
2025-04-20 03:31:55.758 [warning] [Decorations] CAPPING events from decorations provider vscode.git 580
2025-04-20 03:32:00.910 [warning] [Decorations] CAPPING events from decorations provider vscode.git 580
2025-04-20 03:32:06.060 [warning] [Decorations] CAPPING events from decorations provider vscode.git 580
2025-04-20 03:32:11.213 [warning] [Decorations] CAPPING events from decorations provider vscode.git 580
2025-04-20 03:32:16.370 [warning] [Decorations] CAPPING events from decorations provider vscode.git 580
2025-04-20 03:32:21.527 [warning] [Decorations] CAPPING events from decorations provider vscode.git 580
2025-04-20 03:32:26.692 [warning] [Decorations] CAPPING events from decorations provider vscode.git 580
2025-04-20 03:32:31.851 [warning] [Decorations] CAPPING events from decorations provider vscode.git 580
2025-04-20 03:32:37.003 [warning] [Decorations] CAPPING events from decorations provider vscode.git 580
2025-04-20 03:32:42.154 [warning] [Decorations] CAPPING events from decorations provider vscode.git 580
2025-04-20 03:32:47.309 [warning] [Decorations] CAPPING events from decorations provider vscode.git 580
2025-04-20 03:32:52.460 [warning] [Decorations] CAPPING events from decorations provider vscode.git 580
2025-04-20 03:32:57.617 [warning] [Decorations] CAPPING events from decorations provider vscode.git 580
2025-04-20 03:33:02.778 [warning] [Decorations] CAPPING events from decorations provider vscode.git 580
2025-04-20 03:33:07.932 [warning] [Decorations] CAPPING events from decorations provider vscode.git 580
2025-04-20 03:33:13.087 [warning] [Decorations] CAPPING events from decorations provider vscode.git 580
2025-04-20 03:33:18.238 [warning] [Decorations] CAPPING events from decorations provider vscode.git 580
2025-04-20 03:33:23.390 [warning] [Decorations] CAPPING events from decorations provider vscode.git 580
2025-04-20 03:33:28.547 [warning] [Decorations] CAPPING events from decorations provider vscode.git 580
2025-04-20 03:33:33.699 [warning] [Decorations] CAPPING events from decorations provider vscode.git 580
2025-04-20 03:33:38.853 [warning] [Decorations] CAPPING events from decorations provider vscode.git 580
2025-04-20 03:33:44.010 [warning] [Decorations] CAPPING events from decorations provider vscode.git 580
2025-04-20 03:33:49.163 [warning] [Decorations] CAPPING events from decorations provider vscode.git 580
2025-04-20 03:33:54.318 [warning] [Decorations] CAPPING events from decorations provider vscode.git 580
2025-04-20 03:33:59.469 [warning] [Decorations] CAPPING events from decorations provider vscode.git 580
2025-04-20 03:34:04.622 [warning] [Decorations] CAPPING events from decorations provider vscode.git 580
2025-04-20 03:34:09.780 [warning] [Decorations] CAPPING events from decorations provider vscode.git 580
2025-04-20 03:34:14.927 [warning] [Decorations] CAPPING events from decorations provider vscode.git 580
2025-04-20 03:34:20.082 [warning] [Decorations] CAPPING events from decorations provider vscode.git 580
2025-04-20 03:34:25.231 [warning] [Decorations] CAPPING events from decorations provider vscode.git 580
2025-04-20 03:34:30.394 [warning] [Decorations] CAPPING events from decorations provider vscode.git 580
2025-04-20 03:34:35.549 [warning] [Decorations] CAPPING events from decorations provider vscode.git 580
2025-04-20 03:34:40.703 [warning] [Decorations] CAPPING events from decorations provider vscode.git 580
2025-04-20 03:34:45.863 [warning] [Decorations] CAPPING events from decorations provider vscode.git 580
2025-04-20 03:34:51.021 [warning] [Decorations] CAPPING events from decorations provider vscode.git 580
2025-04-20 03:34:56.179 [warning] [Decorations] CAPPING events from decorations provider vscode.git 580
2025-04-20 03:35:01.344 [warning] [Decorations] CAPPING events from decorations provider vscode.git 580
2025-04-20 03:35:06.502 [warning] [Decorations] CAPPING events from decorations provider vscode.git 580
2025-04-20 03:35:11.655 [warning] [Decorations] CAPPING events from decorations provider vscode.git 580
2025-04-20 03:35:16.808 [warning] [Decorations] CAPPING events from decorations provider vscode.git 580
2025-04-20 03:35:21.960 [warning] [Decorations] CAPPING events from decorations provider vscode.git 580
2025-04-20 03:35:27.113 [warning] [Decorations] CAPPING events from decorations provider vscode.git 580
2025-04-20 03:35:32.266 [warning] [Decorations] CAPPING events from decorations provider vscode.git 580
2025-04-20 03:35:37.420 [warning] [Decorations] CAPPING events from decorations provider vscode.git 580
2025-04-20 03:35:42.574 [warning] [Decorations] CAPPING events from decorations provider vscode.git 580
2025-04-20 03:35:47.747 [warning] [Decorations] CAPPING events from decorations provider vscode.git 580
2025-04-20 03:35:52.908 [warning] [Decorations] CAPPING events from decorations provider vscode.git 580
2025-04-20 03:35:58.067 [warning] [Decorations] CAPPING events from decorations provider vscode.git 580
2025-04-20 03:36:03.219 [warning] [Decorations] CAPPING events from decorations provider vscode.git 580
2025-04-20 03:36:08.378 [warning] [Decorations] CAPPING events from decorations provider vscode.git 580
2025-04-20 03:36:13.534 [warning] [Decorations] CAPPING events from decorations provider vscode.git 580
2025-04-20 03:36:18.685 [warning] [Decorations] CAPPING events from decorations provider vscode.git 580
2025-04-20 03:36:23.838 [warning] [Decorations] CAPPING events from decorations provider vscode.git 580
2025-04-20 03:36:28.992 [warning] [Decorations] CAPPING events from decorations provider vscode.git 580
2025-04-20 03:36:34.150 [warning] [Decorations] CAPPING events from decorations provider vscode.git 580
2025-04-20 03:36:39.306 [warning] [Decorations] CAPPING events from decorations provider vscode.git 580
2025-04-20 03:36:44.460 [warning] [Decorations] CAPPING events from decorations provider vscode.git 580
2025-04-20 03:36:49.616 [warning] [Decorations] CAPPING events from decorations provider vscode.git 580
2025-04-20 03:36:54.767 [warning] [Decorations] CAPPING events from decorations provider vscode.git 580
2025-04-20 03:36:59.925 [warning] [Decorations] CAPPING events from decorations provider vscode.git 580
2025-04-20 03:37:05.080 [warning] [Decorations] CAPPING events from decorations provider vscode.git 580
2025-04-20 03:37:10.233 [warning] [Decorations] CAPPING events from decorations provider vscode.git 580
2025-04-20 03:37:15.391 [warning] [Decorations] CAPPING events from decorations provider vscode.git 580
2025-04-20 03:37:20.553 [warning] [Decorations] CAPPING events from decorations provider vscode.git 580
2025-04-20 03:37:25.713 [warning] [Decorations] CAPPING events from decorations provider vscode.git 580
2025-04-20 03:37:30.869 [warning] [Decorations] CAPPING events from decorations provider vscode.git 580
2025-04-20 03:37:36.023 [warning] [Decorations] CAPPING events from decorations provider vscode.git 580
2025-04-20 03:37:41.179 [warning] [Decorations] CAPPING events from decorations provider vscode.git 580
2025-04-20 03:37:46.333 [warning] [Decorations] CAPPING events from decorations provider vscode.git 580
2025-04-20 03:37:51.486 [warning] [Decorations] CAPPING events from decorations provider vscode.git 580
2025-04-20 03:37:56.642 [warning] [Decorations] CAPPING events from decorations provider vscode.git 580
2025-04-20 03:38:01.799 [warning] [Decorations] CAPPING events from decorations provider vscode.git 580
2025-04-20 03:38:06.953 [warning] [Decorations] CAPPING events from decorations provider vscode.git 580
2025-04-20 03:38:12.120 [warning] [Decorations] CAPPING events from decorations provider vscode.git 580
2025-04-20 03:38:17.273 [warning] [Decorations] CAPPING events from decorations provider vscode.git 580
2025-04-20 03:38:22.431 [warning] [Decorations] CAPPING events from decorations provider vscode.git 580
2025-04-20 03:38:27.595 [warning] [Decorations] CAPPING events from decorations provider vscode.git 580
2025-04-20 03:38:32.744 [warning] [Decorations] CAPPING events from decorations provider vscode.git 580
2025-04-20 03:38:37.900 [warning] [Decorations] CAPPING events from decorations provider vscode.git 580
2025-04-20 03:38:43.051 [warning] [Decorations] CAPPING events from decorations provider vscode.git 580
2025-04-20 03:38:48.201 [warning] [Decorations] CAPPING events from decorations provider vscode.git 580
2025-04-20 03:38:53.354 [warning] [Decorations] CAPPING events from decorations provider vscode.git 580
2025-04-20 03:38:58.504 [warning] [Decorations] CAPPING events from decorations provider vscode.git 580
2025-04-20 03:39:03.664 [warning] [Decorations] CAPPING events from decorations provider vscode.git 580
2025-04-20 03:39:08.821 [warning] [Decorations] CAPPING events from decorations provider vscode.git 580
2025-04-20 03:39:13.974 [warning] [Decorations] CAPPING events from decorations provider vscode.git 580
2025-04-20 03:39:19.131 [warning] [Decorations] CAPPING events from decorations provider vscode.git 580
2025-04-20 03:39:24.287 [warning] [Decorations] CAPPING events from decorations provider vscode.git 580
2025-04-20 03:39:29.441 [warning] [Decorations] CAPPING events from decorations provider vscode.git 580
2025-04-20 03:39:34.591 [warning] [Decorations] CAPPING events from decorations provider vscode.git 580
2025-04-20 03:39:39.745 [warning] [Decorations] CAPPING events from decorations provider vscode.git 580
2025-04-20 03:39:44.896 [warning] [Decorations] CAPPING events from decorations provider vscode.git 580
2025-04-20 03:39:50.052 [warning] [Decorations] CAPPING events from decorations provider vscode.git 580
2025-04-20 03:39:55.203 [warning] [Decorations] CAPPING events from decorations provider vscode.git 580
2025-04-20 03:40:00.359 [warning] [Decorations] CAPPING events from decorations provider vscode.git 580
2025-04-20 03:40:05.519 [warning] [Decorations] CAPPING events from decorations provider vscode.git 580
2025-04-20 03:40:10.675 [warning] [Decorations] CAPPING events from decorations provider vscode.git 580
2025-04-20 03:40:15.834 [warning] [Decorations] CAPPING events from decorations provider vscode.git 580
2025-04-20 03:40:20.988 [warning] [Decorations] CAPPING events from decorations provider vscode.git 580
2025-04-20 03:40:26.145 [warning] [Decorations] CAPPING events from decorations provider vscode.git 580
2025-04-20 03:40:31.297 [warning] [Decorations] CAPPING events from decorations provider vscode.git 580
2025-04-20 03:40:36.452 [warning] [Decorations] CAPPING events from decorations provider vscode.git 580
2025-04-20 03:40:41.604 [warning] [Decorations] CAPPING events from decorations provider vscode.git 580
2025-04-20 03:40:46.764 [warning] [Decorations] CAPPING events from decorations provider vscode.git 580
2025-04-20 03:40:51.915 [warning] [Decorations] CAPPING events from decorations provider vscode.git 580
2025-04-20 03:40:57.071 [warning] [Decorations] CAPPING events from decorations provider vscode.git 580
2025-04-20 03:41:02.223 [warning] [Decorations] CAPPING events from decorations provider vscode.git 580
2025-04-20 03:41:07.374 [warning] [Decorations] CAPPING events from decorations provider vscode.git 580
2025-04-20 03:41:12.532 [warning] [Decorations] CAPPING events from decorations provider vscode.git 580
2025-04-20 03:41:17.685 [warning] [Decorations] CAPPING events from decorations provider vscode.git 580
2025-04-20 03:41:22.835 [warning] [Decorations] CAPPING events from decorations provider vscode.git 580
2025-04-20 03:41:27.991 [warning] [Decorations] CAPPING events from decorations provider vscode.git 580
2025-04-20 03:41:33.135 [warning] [Decorations] CAPPING events from decorations provider vscode.git 580
2025-04-20 03:41:38.284 [warning] [Decorations] CAPPING events from decorations provider vscode.git 580
2025-04-20 03:41:43.444 [warning] [Decorations] CAPPING events from decorations provider vscode.git 580
2025-04-20 03:41:48.606 [warning] [Decorations] CAPPING events from decorations provider vscode.git 580
2025-04-20 03:41:53.770 [warning] [Decorations] CAPPING events from decorations provider vscode.git 580
2025-04-20 03:41:58.924 [warning] [Decorations] CAPPING events from decorations provider vscode.git 580
2025-04-20 03:42:04.079 [warning] [Decorations] CAPPING events from decorations provider vscode.git 580
2025-04-20 03:42:09.234 [warning] [Decorations] CAPPING events from decorations provider vscode.git 580
2025-04-20 03:42:14.386 [warning] [Decorations] CAPPING events from decorations provider vscode.git 580
2025-04-20 03:42:19.549 [warning] [Decorations] CAPPING events from decorations provider vscode.git 580
2025-04-20 03:42:24.700 [warning] [Decorations] CAPPING events from decorations provider vscode.git 580
2025-04-20 03:42:29.859 [warning] [Decorations] CAPPING events from decorations provider vscode.git 580
2025-04-20 03:42:35.006 [warning] [Decorations] CAPPING events from decorations provider vscode.git 580
2025-04-20 03:42:40.165 [warning] [Decorations] CAPPING events from decorations provider vscode.git 580
2025-04-20 03:42:45.327 [warning] [Decorations] CAPPING events from decorations provider vscode.git 580
2025-04-20 03:42:50.478 [warning] [Decorations] CAPPING events from decorations provider vscode.git 580
2025-04-20 03:42:55.630 [warning] [Decorations] CAPPING events from decorations provider vscode.git 580
2025-04-20 03:43:00.784 [warning] [Decorations] CAPPING events from decorations provider vscode.git 580
2025-04-20 03:43:05.937 [warning] [Decorations] CAPPING events from decorations provider vscode.git 580
2025-04-20 03:43:11.093 [warning] [Decorations] CAPPING events from decorations provider vscode.git 580
2025-04-20 03:43:16.245 [warning] [Decorations] CAPPING events from decorations provider vscode.git 580
2025-04-20 03:43:21.395 [warning] [Decorations] CAPPING events from decorations provider vscode.git 580
2025-04-20 03:43:26.557 [warning] [Decorations] CAPPING events from decorations provider vscode.git 580
2025-04-20 03:43:31.724 [warning] [Decorations] CAPPING events from decorations provider vscode.git 580
2025-04-20 03:43:36.880 [warning] [Decorations] CAPPING events from decorations provider vscode.git 580
2025-04-20 03:43:42.033 [warning] [Decorations] CAPPING events from decorations provider vscode.git 580
2025-04-20 03:43:47.189 [warning] [Decorations] CAPPING events from decorations provider vscode.git 580
2025-04-20 03:43:52.341 [warning] [Decorations] CAPPING events from decorations provider vscode.git 580
2025-04-20 03:43:57.494 [warning] [Decorations] CAPPING events from decorations provider vscode.git 580
2025-04-20 03:44:02.644 [warning] [Decorations] CAPPING events from decorations provider vscode.git 580
2025-04-20 03:44:07.800 [warning] [Decorations] CAPPING events from decorations provider vscode.git 580
2025-04-20 03:44:12.953 [warning] [Decorations] CAPPING events from decorations provider vscode.git 580
2025-04-20 03:44:18.108 [warning] [Decorations] CAPPING events from decorations provider vscode.git 580
2025-04-20 03:44:23.269 [warning] [Decorations] CAPPING events from decorations provider vscode.git 580
2025-04-20 03:44:28.419 [warning] [Decorations] CAPPING events from decorations provider vscode.git 580
2025-04-20 03:44:33.575 [warning] [Decorations] CAPPING events from decorations provider vscode.git 580
2025-04-20 03:44:38.729 [warning] [Decorations] CAPPING events from decorations provider vscode.git 580
2025-04-20 03:44:43.889 [warning] [Decorations] CAPPING events from decorations provider vscode.git 580
2025-04-20 03:44:49.046 [warning] [Decorations] CAPPING events from decorations provider vscode.git 580
2025-04-20 03:44:54.202 [warning] [Decorations] CAPPING events from decorations provider vscode.git 580
2025-04-20 03:44:59.353 [warning] [Decorations] CAPPING events from decorations provider vscode.git 580
2025-04-20 03:45:04.506 [warning] [Decorations] CAPPING events from decorations provider vscode.git 580
2025-04-20 03:45:09.660 [warning] [Decorations] CAPPING events from decorations provider vscode.git 580
2025-04-20 03:45:14.815 [warning] [Decorations] CAPPING events from decorations provider vscode.git 580
2025-04-20 03:45:19.971 [warning] [Decorations] CAPPING events from decorations provider vscode.git 580
2025-04-20 03:45:25.122 [warning] [Decorations] CAPPING events from decorations provider vscode.git 580
2025-04-20 03:45:30.274 [warning] [Decorations] CAPPING events from decorations provider vscode.git 580
2025-04-20 03:45:35.435 [warning] [Decorations] CAPPING events from decorations provider vscode.git 580
2025-04-20 03:45:40.592 [warning] [Decorations] CAPPING events from decorations provider vscode.git 580
2025-04-20 03:45:45.745 [warning] [Decorations] CAPPING events from decorations provider vscode.git 580
2025-04-20 03:45:50.894 [warning] [Decorations] CAPPING events from decorations provider vscode.git 580
2025-04-20 03:45:56.054 [warning] [Decorations] CAPPING events from decorations provider vscode.git 580
2025-04-20 03:46:01.209 [warning] [Decorations] CAPPING events from decorations provider vscode.git 580
2025-04-20 03:46:06.367 [warning] [Decorations] CAPPING events from decorations provider vscode.git 580
2025-04-20 03:46:11.517 [warning] [Decorations] CAPPING events from decorations provider vscode.git 580
2025-04-20 03:46:16.667 [warning] [Decorations] CAPPING events from decorations provider vscode.git 580
2025-04-20 03:46:21.818 [warning] [Decorations] CAPPING events from decorations provider vscode.git 580
2025-04-20 03:46:26.973 [warning] [Decorations] CAPPING events from decorations provider vscode.git 581
2025-04-20 03:46:32.128 [warning] [Decorations] CAPPING events from decorations provider vscode.git 580
2025-04-20 03:46:37.288 [warning] [Decorations] CAPPING events from decorations provider vscode.git 580
2025-04-20 03:46:42.437 [warning] [Decorations] CAPPING events from decorations provider vscode.git 581
2025-04-20 03:46:47.593 [warning] [Decorations] CAPPING events from decorations provider vscode.git 581
2025-04-20 03:46:52.746 [warning] [Decorations] CAPPING events from decorations provider vscode.git 581
2025-04-20 03:46:57.900 [warning] [Decorations] CAPPING events from decorations provider vscode.git 581
2025-04-20 03:47:03.058 [warning] [Decorations] CAPPING events from decorations provider vscode.git 581
2025-04-20 03:47:08.214 [warning] [Decorations] CAPPING events from decorations provider vscode.git 581
2025-04-20 03:47:13.363 [warning] [Decorations] CAPPING events from decorations provider vscode.git 582
2025-04-20 03:50:02.333 [warning] [Decorations] CAPPING events from decorations provider vscode.git 581
2025-04-20 03:50:07.893 [warning] [Decorations] CAPPING events from decorations provider vscode.git 580
2025-04-20 03:50:13.048 [warning] [Decorations] CAPPING events from decorations provider vscode.git 580
2025-04-20 03:50:18.208 [warning] [Decorations] CAPPING events from decorations provider vscode.git 580
2025-04-20 03:50:23.360 [warning] [Decorations] CAPPING events from decorations provider vscode.git 580
2025-04-20 03:50:28.517 [warning] [Decorations] CAPPING events from decorations provider vscode.git 580
2025-04-20 03:50:33.667 [warning] [Decorations] CAPPING events from decorations provider vscode.git 580
2025-04-20 03:50:38.824 [warning] [Decorations] CAPPING events from decorations provider vscode.git 581
2025-04-20 03:50:43.989 [warning] [Decorations] CAPPING events from decorations provider vscode.git 581
2025-04-20 03:50:49.143 [warning] [Decorations] CAPPING events from decorations provider vscode.git 581
2025-04-20 03:50:54.294 [warning] [Decorations] CAPPING events from decorations provider vscode.git 581
2025-04-20 03:50:59.450 [warning] [Decorations] CAPPING events from decorations provider vscode.git 581
2025-04-20 03:51:04.599 [warning] [Decorations] CAPPING events from decorations provider vscode.git 581
2025-04-20 03:51:09.755 [warning] [Decorations] CAPPING events from decorations provider vscode.git 581
2025-04-20 03:51:14.905 [warning] [Decorations] CAPPING events from decorations provider vscode.git 581
2025-04-20 03:51:20.055 [warning] [Decorations] CAPPING events from decorations provider vscode.git 581
2025-04-20 03:51:25.225 [warning] [Decorations] CAPPING events from decorations provider vscode.git 581
2025-04-20 03:51:30.407 [warning] [Decorations] CAPPING events from decorations provider vscode.git 581
2025-04-20 03:51:35.560 [warning] [Decorations] CAPPING events from decorations provider vscode.git 581
2025-04-20 03:51:40.717 [warning] [Decorations] CAPPING events from decorations provider vscode.git 581
2025-04-20 03:51:45.869 [warning] [Decorations] CAPPING events from decorations provider vscode.git 581
2025-04-20 03:51:51.021 [warning] [Decorations] CAPPING events from decorations provider vscode.git 581
2025-04-20 03:54:43.585 [warning] [Decorations] CAPPING events from decorations provider vscode.git 583
2025-04-20 03:55:34.675 [warning] [Decorations] CAPPING events from decorations provider vscode.git 582
2025-04-20 03:55:39.829 [warning] [Decorations] CAPPING events from decorations provider vscode.git 582
2025-04-20 03:55:44.983 [warning] [Decorations] CAPPING events from decorations provider vscode.git 582
2025-04-20 03:56:04.849 [warning] [Decorations] CAPPING events from decorations provider vscode.git 582
2025-04-20 03:57:18.265 [warning] [Decorations] CAPPING events from decorations provider vscode.git 583
2025-04-20 04:04:59.411 [warning] [Decorations] CAPPING events from decorations provider vscode.git 583
2025-04-20 04:06:35.543 [warning] [Decorations] CAPPING events from decorations provider vscode.git 583
2025-04-20 04:06:37.301 [info] Extension host terminating: renderer closed the MessagePort
2025-04-20 04:06:37.311 [error] Canceled: Canceled
	at new HR (file:///usr/lib/code/out/vs/workbench/api/node/extensionHostProcess.js:29:111362)
	at i4.U (file:///usr/lib/code/out/vs/workbench/api/node/extensionHostProcess.js:29:115973)
	at s.<computed>.n.charCodeAt.s.<computed> (file:///usr/lib/code/out/vs/workbench/api/node/extensionHostProcess.js:29:113467)
	at vw.g (file:///usr/lib/code/out/vs/workbench/api/node/extensionHostProcess.js:111:40983)
	at vw.executeCommand (file:///usr/lib/code/out/vs/workbench/api/node/extensionHostProcess.js:111:40487)
	at r.registerCommand.description (file:///usr/lib/code/out/vs/workbench/api/node/extensionHostProcess.js:111:39817)
	at vw.h (file:///usr/lib/code/out/vs/workbench/api/node/extensionHostProcess.js:111:41503)
	at vw.g (file:///usr/lib/code/out/vs/workbench/api/node/extensionHostProcess.js:111:40580)
	at vw.executeCommand (file:///usr/lib/code/out/vs/workbench/api/node/extensionHostProcess.js:111:40487)
	at Object.executeCommand (file:///usr/lib/code/out/vs/workbench/api/node/extensionHostProcess.js:173:30346)
	at Ah.L [as value] (/usr/lib/code/extensions/git/dist/main.js:2:511809)
	at D.B (file:///usr/lib/code/out/vs/workbench/api/node/extensionHostProcess.js:27:2375)
	at D.C (file:///usr/lib/code/out/vs/workbench/api/node/extensionHostProcess.js:27:2445)
	at D.fire (file:///usr/lib/code/out/vs/workbench/api/node/extensionHostProcess.js:27:2662)
	at Object.g [as dispose] (/usr/lib/code/extensions/git/dist/main.js:2:534449)
	at /usr/lib/code/extensions/git/dist/main.js:2:540767
	at Array.forEach (<anonymous>)
	at b.dispose (/usr/lib/code/extensions/git/dist/main.js:2:540753)
	at iv.<anonymous> (file:///usr/lib/code/out/vs/workbench/api/node/extensionHostProcess.js:107:8922)
	at iv.dispose (file:///usr/lib/code/out/vs/workbench/api/node/extensionHostProcess.js:107:9018)
	at iv.<anonymous> (/usr/lib/code/extensions/git/dist/main.js:2:514293)
	at iv.dispose (file:///usr/lib/code/out/vs/workbench/api/node/extensionHostProcess.js:107:9018)
	at pi (file:///usr/lib/code/out/vs/workbench/api/node/extensionHostProcess.js:25:701)
	at file:///usr/lib/code/out/vs/workbench/api/node/extensionHostProcess.js:115:14994
	at file:///usr/lib/code/out/vs/workbench/api/node/extensionHostProcess.js:25:1011
	at Object.dispose (file:///usr/lib/code/out/vs/workbench/api/node/extensionHostProcess.js:8:705)
	at vV.eb (file:///usr/lib/code/out/vs/workbench/api/node/extensionHostProcess.js:115:11921)
	at file:///usr/lib/code/out/vs/workbench/api/node/extensionHostProcess.js:115:9876
	at Array.map (<anonymous>)
	at vV.$ (file:///usr/lib/code/out/vs/workbench/api/node/extensionHostProcess.js:115:9864)
	at vV.terminate (file:///usr/lib/code/out/vs/workbench/api/node/extensionHostProcess.js:115:10107)
	at oD.terminate (file:///usr/lib/code/out/vs/workbench/api/node/extensionHostProcess.js:116:1434)
	at es (file:///usr/lib/code/out/vs/workbench/api/node/extensionHostProcess.js:197:5701)
	at MessagePortMain.<anonymous> (file:///usr/lib/code/out/vs/workbench/api/node/extensionHostProcess.js:197:2249)
	at MessagePortMain.emit (node:events:524:28)
	at MessagePortMain._internalPort.emit (node:electron/js2c/utility_init:2:2949) setContext undefined
2025-04-20 04:06:37.312 [error] Canceled: Canceled
	at new HR (file:///usr/lib/code/out/vs/workbench/api/node/extensionHostProcess.js:29:111362)
	at i4.U (file:///usr/lib/code/out/vs/workbench/api/node/extensionHostProcess.js:29:115973)
	at s.<computed>.n.charCodeAt.s.<computed> (file:///usr/lib/code/out/vs/workbench/api/node/extensionHostProcess.js:29:113467)
	at vw.g (file:///usr/lib/code/out/vs/workbench/api/node/extensionHostProcess.js:111:40983)
	at vw.executeCommand (file:///usr/lib/code/out/vs/workbench/api/node/extensionHostProcess.js:111:40487)
	at r.registerCommand.description (file:///usr/lib/code/out/vs/workbench/api/node/extensionHostProcess.js:111:39817)
	at vw.h (file:///usr/lib/code/out/vs/workbench/api/node/extensionHostProcess.js:111:41503)
	at vw.g (file:///usr/lib/code/out/vs/workbench/api/node/extensionHostProcess.js:111:40580)
	at vw.executeCommand (file:///usr/lib/code/out/vs/workbench/api/node/extensionHostProcess.js:111:40487)
	at Object.executeCommand (file:///usr/lib/code/out/vs/workbench/api/node/extensionHostProcess.js:173:30346)
	at set hasGitHubRepositories (/usr/lib/code/extensions/github/dist/extension.js:2:217805)
	at /usr/lib/code/extensions/github/dist/extension.js:2:218764
	at Ah.value (/usr/lib/code/extensions/git/dist/main.js:2:631688)
	at D.B (file:///usr/lib/code/out/vs/workbench/api/node/extensionHostProcess.js:27:2375)
	at D.C (file:///usr/lib/code/out/vs/workbench/api/node/extensionHostProcess.js:27:2445)
	at D.fire (file:///usr/lib/code/out/vs/workbench/api/node/extensionHostProcess.js:27:2662)
	at Object.g [as dispose] (/usr/lib/code/extensions/git/dist/main.js:2:534449)
	at /usr/lib/code/extensions/git/dist/main.js:2:540767
	at Array.forEach (<anonymous>)
	at b.dispose (/usr/lib/code/extensions/git/dist/main.js:2:540753)
	at iv.<anonymous> (file:///usr/lib/code/out/vs/workbench/api/node/extensionHostProcess.js:107:8922)
	at iv.dispose (file:///usr/lib/code/out/vs/workbench/api/node/extensionHostProcess.js:107:9018)
	at iv.<anonymous> (/usr/lib/code/extensions/git/dist/main.js:2:514293)
	at iv.dispose (file:///usr/lib/code/out/vs/workbench/api/node/extensionHostProcess.js:107:9018)
	at pi (file:///usr/lib/code/out/vs/workbench/api/node/extensionHostProcess.js:25:701)
	at file:///usr/lib/code/out/vs/workbench/api/node/extensionHostProcess.js:115:14994
	at file:///usr/lib/code/out/vs/workbench/api/node/extensionHostProcess.js:25:1011
	at Object.dispose (file:///usr/lib/code/out/vs/workbench/api/node/extensionHostProcess.js:8:705)
	at vV.eb (file:///usr/lib/code/out/vs/workbench/api/node/extensionHostProcess.js:115:11921)
	at file:///usr/lib/code/out/vs/workbench/api/node/extensionHostProcess.js:115:9876
	at Array.map (<anonymous>)
	at vV.$ (file:///usr/lib/code/out/vs/workbench/api/node/extensionHostProcess.js:115:9864)
	at vV.terminate (file:///usr/lib/code/out/vs/workbench/api/node/extensionHostProcess.js:115:10107)
	at oD.terminate (file:///usr/lib/code/out/vs/workbench/api/node/extensionHostProcess.js:116:1434)
	at es (file:///usr/lib/code/out/vs/workbench/api/node/extensionHostProcess.js:197:5701)
	at MessagePortMain.<anonymous> (file:///usr/lib/code/out/vs/workbench/api/node/extensionHostProcess.js:197:2249)
	at MessagePortMain.emit (node:events:524:28)
	at MessagePortMain._internalPort.emit (node:electron/js2c/utility_init:2:2949) setContext undefined
2025-04-20 04:06:37.315 [info] Extension host with pid 312321 exiting with code 0
