2025-02-25 10:00:12.516 [error] sendDebugpySuccessActivationTelemetry() failed. [Error: Extension 'ms-python.debugpy' CANNOT use API proposal: portsAttributes.
Its package.json#enabledApiProposals-property declares:  but NOT portsAttributes.
 The missing proposal MUST be added and you must start in extension development mode or use the following command line switch: --enable-proposed-api ms-python.debugpy
	at N (file:///usr/lib/code/out/vs/workbench/api/node/extensionHostProcess.js:110:16858)
	at Object.registerPortAttributesProvider (file:///usr/lib/code/out/vs/workbench/api/node/extensionHostProcess.js:172:55654)
	at t.registerDebugger (/home/kh/.vscode-oss/extensions/ms-python.debugpy-2025.0.1-linux-x64/dist/extension.js:2:846258)
	at e.activate (/home/kh/.vscode-oss/extensions/ms-python.debugpy-2025.0.1-linux-x64/dist/extension.js:2:1097551)
	at Ow.kb (file:///usr/lib/code/out/vs/workbench/api/node/extensionHostProcess.js:116:15214)
	at Ow.jb (file:///usr/lib/code/out/vs/workbench/api/node/extensionHostProcess.js:116:14921)
	at file:///usr/lib/code/out/vs/workbench/api/node/extensionHostProcess.js:116:13079
	at async aw.n (file:///usr/lib/code/out/vs/workbench/api/node/extensionHostProcess.js:112:4447)
	at async aw.m (file:///usr/lib/code/out/vs/workbench/api/node/extensionHostProcess.js:112:4410)
	at async aw.l (file:///usr/lib/code/out/vs/workbench/api/node/extensionHostProcess.js:112:3866)]
2025-02-25 10:39:45.185 [error] sendDebugpySuccessActivationTelemetry() failed. [Error: Extension 'ms-python.debugpy' CANNOT use API proposal: portsAttributes.
Its package.json#enabledApiProposals-property declares:  but NOT portsAttributes.
 The missing proposal MUST be added and you must start in extension development mode or use the following command line switch: --enable-proposed-api ms-python.debugpy
	at N (file:///usr/lib/code/out/vs/workbench/api/node/extensionHostProcess.js:110:16858)
	at Object.registerPortAttributesProvider (file:///usr/lib/code/out/vs/workbench/api/node/extensionHostProcess.js:172:55654)
	at t.registerDebugger (/home/kh/.vscode-oss/extensions/ms-python.debugpy-2025.0.1-linux-x64/dist/extension.js:2:846258)
	at e.activate (/home/kh/.vscode-oss/extensions/ms-python.debugpy-2025.0.1-linux-x64/dist/extension.js:2:1097551)
	at Ow.kb (file:///usr/lib/code/out/vs/workbench/api/node/extensionHostProcess.js:116:15214)
	at Ow.jb (file:///usr/lib/code/out/vs/workbench/api/node/extensionHostProcess.js:116:14921)
	at file:///usr/lib/code/out/vs/workbench/api/node/extensionHostProcess.js:116:13079
	at async aw.n (file:///usr/lib/code/out/vs/workbench/api/node/extensionHostProcess.js:112:4447)
	at async aw.m (file:///usr/lib/code/out/vs/workbench/api/node/extensionHostProcess.js:112:4410)
	at async aw.l (file:///usr/lib/code/out/vs/workbench/api/node/extensionHostProcess.js:112:3866)]
2025-02-25 11:09:35.119 [error] sendDebugpySuccessActivationTelemetry() failed. [Error: Extension 'ms-python.debugpy' CANNOT use API proposal: portsAttributes.
Its package.json#enabledApiProposals-property declares:  but NOT portsAttributes.
 The missing proposal MUST be added and you must start in extension development mode or use the following command line switch: --enable-proposed-api ms-python.debugpy
	at N (file:///usr/lib/code/out/vs/workbench/api/node/extensionHostProcess.js:110:16858)
	at Object.registerPortAttributesProvider (file:///usr/lib/code/out/vs/workbench/api/node/extensionHostProcess.js:172:55654)
	at t.registerDebugger (/home/kh/.vscode-oss/extensions/ms-python.debugpy-2025.0.1-linux-x64/dist/extension.js:2:846258)
	at e.activate (/home/kh/.vscode-oss/extensions/ms-python.debugpy-2025.0.1-linux-x64/dist/extension.js:2:1097551)
	at Ow.kb (file:///usr/lib/code/out/vs/workbench/api/node/extensionHostProcess.js:116:15214)
	at Ow.jb (file:///usr/lib/code/out/vs/workbench/api/node/extensionHostProcess.js:116:14921)
	at file:///usr/lib/code/out/vs/workbench/api/node/extensionHostProcess.js:116:13079
	at async aw.n (file:///usr/lib/code/out/vs/workbench/api/node/extensionHostProcess.js:112:4447)
	at async aw.m (file:///usr/lib/code/out/vs/workbench/api/node/extensionHostProcess.js:112:4410)
	at async aw.l (file:///usr/lib/code/out/vs/workbench/api/node/extensionHostProcess.js:112:3866)]
2025-02-25 11:39:29.993 [error] sendDebugpySuccessActivationTelemetry() failed. [Error: Extension 'ms-python.debugpy' CANNOT use API proposal: portsAttributes.
Its package.json#enabledApiProposals-property declares:  but NOT portsAttributes.
 The missing proposal MUST be added and you must start in extension development mode or use the following command line switch: --enable-proposed-api ms-python.debugpy
	at N (file:///usr/lib/code/out/vs/workbench/api/node/extensionHostProcess.js:110:16858)
	at Object.registerPortAttributesProvider (file:///usr/lib/code/out/vs/workbench/api/node/extensionHostProcess.js:172:55654)
	at t.registerDebugger (/home/kh/.vscode-oss/extensions/ms-python.debugpy-2025.0.1-linux-x64/dist/extension.js:2:846258)
	at e.activate (/home/kh/.vscode-oss/extensions/ms-python.debugpy-2025.0.1-linux-x64/dist/extension.js:2:1097551)
	at Ow.kb (file:///usr/lib/code/out/vs/workbench/api/node/extensionHostProcess.js:116:15214)
	at Ow.jb (file:///usr/lib/code/out/vs/workbench/api/node/extensionHostProcess.js:116:14921)
	at file:///usr/lib/code/out/vs/workbench/api/node/extensionHostProcess.js:116:13079
	at async aw.n (file:///usr/lib/code/out/vs/workbench/api/node/extensionHostProcess.js:112:4447)
	at async aw.m (file:///usr/lib/code/out/vs/workbench/api/node/extensionHostProcess.js:112:4410)
	at async aw.l (file:///usr/lib/code/out/vs/workbench/api/node/extensionHostProcess.js:112:3866)]
2025-02-25 12:13:21.806 [error] sendDebugpySuccessActivationTelemetry() failed. [Error: Extension 'ms-python.debugpy' CANNOT use API proposal: portsAttributes.
Its package.json#enabledApiProposals-property declares:  but NOT portsAttributes.
 The missing proposal MUST be added and you must start in extension development mode or use the following command line switch: --enable-proposed-api ms-python.debugpy
	at N (file:///usr/lib/code/out/vs/workbench/api/node/extensionHostProcess.js:110:16858)
	at Object.registerPortAttributesProvider (file:///usr/lib/code/out/vs/workbench/api/node/extensionHostProcess.js:172:55654)
	at t.registerDebugger (/home/kh/.vscode-oss/extensions/ms-python.debugpy-2025.0.1-linux-x64/dist/extension.js:2:846258)
	at e.activate (/home/kh/.vscode-oss/extensions/ms-python.debugpy-2025.0.1-linux-x64/dist/extension.js:2:1097551)
	at Ow.kb (file:///usr/lib/code/out/vs/workbench/api/node/extensionHostProcess.js:116:15214)
	at Ow.jb (file:///usr/lib/code/out/vs/workbench/api/node/extensionHostProcess.js:116:14921)
	at file:///usr/lib/code/out/vs/workbench/api/node/extensionHostProcess.js:116:13079
	at async aw.n (file:///usr/lib/code/out/vs/workbench/api/node/extensionHostProcess.js:112:4447)
	at async aw.m (file:///usr/lib/code/out/vs/workbench/api/node/extensionHostProcess.js:112:4410)
	at async aw.l (file:///usr/lib/code/out/vs/workbench/api/node/extensionHostProcess.js:112:3866)]
2025-02-25 12:54:32.291 [error] sendDebugpySuccessActivationTelemetry() failed. [Error: Extension 'ms-python.debugpy' CANNOT use API proposal: portsAttributes.
Its package.json#enabledApiProposals-property declares:  but NOT portsAttributes.
 The missing proposal MUST be added and you must start in extension development mode or use the following command line switch: --enable-proposed-api ms-python.debugpy
	at N (file:///usr/lib/code/out/vs/workbench/api/node/extensionHostProcess.js:110:16858)
	at Object.registerPortAttributesProvider (file:///usr/lib/code/out/vs/workbench/api/node/extensionHostProcess.js:172:55654)
	at t.registerDebugger (/home/kh/.vscode-oss/extensions/ms-python.debugpy-2025.0.1-linux-x64/dist/extension.js:2:846258)
	at e.activate (/home/kh/.vscode-oss/extensions/ms-python.debugpy-2025.0.1-linux-x64/dist/extension.js:2:1097551)
	at Ow.kb (file:///usr/lib/code/out/vs/workbench/api/node/extensionHostProcess.js:116:15214)
	at Ow.jb (file:///usr/lib/code/out/vs/workbench/api/node/extensionHostProcess.js:116:14921)
	at file:///usr/lib/code/out/vs/workbench/api/node/extensionHostProcess.js:116:13079
	at async aw.n (file:///usr/lib/code/out/vs/workbench/api/node/extensionHostProcess.js:112:4447)
	at async aw.m (file:///usr/lib/code/out/vs/workbench/api/node/extensionHostProcess.js:112:4410)
	at async aw.l (file:///usr/lib/code/out/vs/workbench/api/node/extensionHostProcess.js:112:3866)]
2025-02-25 13:26:16.910 [error] sendDebugpySuccessActivationTelemetry() failed. [Error: Extension 'ms-python.debugpy' CANNOT use API proposal: portsAttributes.
Its package.json#enabledApiProposals-property declares:  but NOT portsAttributes.
 The missing proposal MUST be added and you must start in extension development mode or use the following command line switch: --enable-proposed-api ms-python.debugpy
	at N (file:///usr/lib/code/out/vs/workbench/api/node/extensionHostProcess.js:110:16858)
	at Object.registerPortAttributesProvider (file:///usr/lib/code/out/vs/workbench/api/node/extensionHostProcess.js:172:55654)
	at t.registerDebugger (/home/kh/.vscode-oss/extensions/ms-python.debugpy-2025.0.1-linux-x64/dist/extension.js:2:846258)
	at e.activate (/home/kh/.vscode-oss/extensions/ms-python.debugpy-2025.0.1-linux-x64/dist/extension.js:2:1097551)
	at Ow.kb (file:///usr/lib/code/out/vs/workbench/api/node/extensionHostProcess.js:116:15214)
	at Ow.jb (file:///usr/lib/code/out/vs/workbench/api/node/extensionHostProcess.js:116:14921)
	at file:///usr/lib/code/out/vs/workbench/api/node/extensionHostProcess.js:116:13079
	at async aw.n (file:///usr/lib/code/out/vs/workbench/api/node/extensionHostProcess.js:112:4447)
	at async aw.m (file:///usr/lib/code/out/vs/workbench/api/node/extensionHostProcess.js:112:4410)
	at async aw.l (file:///usr/lib/code/out/vs/workbench/api/node/extensionHostProcess.js:112:3866)]
2025-02-25 13:50:19.342 [error] sendDebugpySuccessActivationTelemetry() failed. [Error: Extension 'ms-python.debugpy' CANNOT use API proposal: portsAttributes.
Its package.json#enabledApiProposals-property declares:  but NOT portsAttributes.
 The missing proposal MUST be added and you must start in extension development mode or use the following command line switch: --enable-proposed-api ms-python.debugpy
	at N (file:///usr/lib/code/out/vs/workbench/api/node/extensionHostProcess.js:110:16858)
	at Object.registerPortAttributesProvider (file:///usr/lib/code/out/vs/workbench/api/node/extensionHostProcess.js:172:55654)
	at t.registerDebugger (/home/kh/.vscode-oss/extensions/ms-python.debugpy-2025.0.1-linux-x64/dist/extension.js:2:846258)
	at e.activate (/home/kh/.vscode-oss/extensions/ms-python.debugpy-2025.0.1-linux-x64/dist/extension.js:2:1097551)
	at Ow.kb (file:///usr/lib/code/out/vs/workbench/api/node/extensionHostProcess.js:116:15214)
	at Ow.jb (file:///usr/lib/code/out/vs/workbench/api/node/extensionHostProcess.js:116:14921)
	at file:///usr/lib/code/out/vs/workbench/api/node/extensionHostProcess.js:116:13079
	at async aw.n (file:///usr/lib/code/out/vs/workbench/api/node/extensionHostProcess.js:112:4447)
	at async aw.m (file:///usr/lib/code/out/vs/workbench/api/node/extensionHostProcess.js:112:4410)
	at async aw.l (file:///usr/lib/code/out/vs/workbench/api/node/extensionHostProcess.js:112:3866)]
2025-02-25 14:21:25.996 [error] sendDebugpySuccessActivationTelemetry() failed. [Error: Extension 'ms-python.debugpy' CANNOT use API proposal: portsAttributes.
Its package.json#enabledApiProposals-property declares:  but NOT portsAttributes.
 The missing proposal MUST be added and you must start in extension development mode or use the following command line switch: --enable-proposed-api ms-python.debugpy
	at N (file:///usr/lib/code/out/vs/workbench/api/node/extensionHostProcess.js:110:16858)
	at Object.registerPortAttributesProvider (file:///usr/lib/code/out/vs/workbench/api/node/extensionHostProcess.js:172:55654)
	at t.registerDebugger (/home/kh/.vscode-oss/extensions/ms-python.debugpy-2025.0.1-linux-x64/dist/extension.js:2:846258)
	at e.activate (/home/kh/.vscode-oss/extensions/ms-python.debugpy-2025.0.1-linux-x64/dist/extension.js:2:1097551)
	at Ow.kb (file:///usr/lib/code/out/vs/workbench/api/node/extensionHostProcess.js:116:15214)
	at Ow.jb (file:///usr/lib/code/out/vs/workbench/api/node/extensionHostProcess.js:116:14921)
	at file:///usr/lib/code/out/vs/workbench/api/node/extensionHostProcess.js:116:13079
	at async aw.n (file:///usr/lib/code/out/vs/workbench/api/node/extensionHostProcess.js:112:4447)
	at async aw.m (file:///usr/lib/code/out/vs/workbench/api/node/extensionHostProcess.js:112:4410)
	at async aw.l (file:///usr/lib/code/out/vs/workbench/api/node/extensionHostProcess.js:112:3866)]
