2025-04-24 01:19:15.515 [info] [main] Log level: Info
2025-04-24 01:19:15.515 [info] [main] Validating found git in: "git"
2025-04-24 01:19:15.515 [info] [main] Using git "2.49.0" from "git"
2025-04-24 01:19:15.515 [info] [Model][doInitialScan] Initial repository scan started
2025-04-24 01:19:15.515 [info] > git rev-parse --show-toplevel [6ms]
2025-04-24 01:19:15.515 [info] fatal: not a git repository (or any parent up to mount point /)
Stopping at filesystem boundary (GIT_DISCOVERY_ACROSS_FILESYSTEM not set).
2025-04-24 01:19:15.515 [info] > git rev-parse --show-toplevel [5ms]
2025-04-24 01:19:15.515 [info] fatal: not a git repository (or any parent up to mount point /)
Stopping at filesystem boundary (GIT_DISCOVERY_ACROSS_FILESYSTEM not set).
2025-04-24 01:19:15.516 [info] > git rev-parse --show-toplevel [2ms]
2025-04-24 01:19:15.516 [info] fatal: not a git repository (or any parent up to mount point /)
Stopping at filesystem boundary (GIT_DISCOVERY_ACROSS_FILESYSTEM not set).
2025-04-24 01:19:15.516 [info] [Model][doInitialScan] Initial repository scan completed - repositories (0), closed repositories (0), parent repositories (0), unsafe repositories (0)
2025-04-24 01:19:17.104 [info] > git rev-parse --show-toplevel [1ms]
2025-04-24 01:19:17.104 [info] fatal: not a git repository (or any parent up to mount point /)
Stopping at filesystem boundary (GIT_DISCOVERY_ACROSS_FILESYSTEM not set).
2025-04-24 01:19:17.775 [info] > git rev-parse --show-toplevel [2ms]
2025-04-24 01:19:17.775 [info] fatal: not a git repository (or any parent up to mount point /)
Stopping at filesystem boundary (GIT_DISCOVERY_ACROSS_FILESYSTEM not set).
2025-04-24 01:47:20.600 [info] > git rev-parse --show-toplevel [1ms]
2025-04-24 01:47:20.600 [info] fatal: not a git repository (or any parent up to mount point /)
Stopping at filesystem boundary (GIT_DISCOVERY_ACROSS_FILESYSTEM not set).
2025-04-24 01:48:27.886 [info] > git rev-parse --show-toplevel [1ms]
2025-04-24 01:48:27.886 [info] fatal: not a git repository (or any parent up to mount point /)
Stopping at filesystem boundary (GIT_DISCOVERY_ACROSS_FILESYSTEM not set).
2025-04-24 01:48:34.298 [info] > git rev-parse --show-toplevel [2ms]
2025-04-24 01:48:34.298 [info] fatal: not a git repository (or any parent up to mount point /)
Stopping at filesystem boundary (GIT_DISCOVERY_ACROSS_FILESYSTEM not set).
2025-04-24 01:49:18.870 [info] > git rev-parse --show-toplevel [1ms]
2025-04-24 01:49:18.870 [info] fatal: not a git repository (or any parent up to mount point /)
Stopping at filesystem boundary (GIT_DISCOVERY_ACROSS_FILESYSTEM not set).
2025-04-24 01:49:20.194 [info] > git rev-parse --show-toplevel [2ms]
2025-04-24 01:49:20.194 [info] fatal: not a git repository (or any parent up to mount point /)
Stopping at filesystem boundary (GIT_DISCOVERY_ACROSS_FILESYSTEM not set).
2025-04-24 01:49:20.201 [info] > git rev-parse --show-toplevel [1ms]
2025-04-24 01:49:20.201 [info] fatal: not a git repository (or any parent up to mount point /)
Stopping at filesystem boundary (GIT_DISCOVERY_ACROSS_FILESYSTEM not set).
2025-04-24 01:49:20.206 [info] > git rev-parse --show-toplevel [1ms]
2025-04-24 01:49:20.206 [info] fatal: not a git repository (or any parent up to mount point /)
Stopping at filesystem boundary (GIT_DISCOVERY_ACROSS_FILESYSTEM not set).
2025-04-24 03:04:59.202 [info] > git rev-parse --show-toplevel [1ms]
2025-04-24 03:04:59.202 [info] fatal: not a git repository (or any parent up to mount point /)
Stopping at filesystem boundary (GIT_DISCOVERY_ACROSS_FILESYSTEM not set).
2025-04-24 03:14:27.848 [info] > git rev-parse --show-toplevel [1ms]
2025-04-24 03:14:27.848 [info] fatal: not a git repository (or any parent up to mount point /)
Stopping at filesystem boundary (GIT_DISCOVERY_ACROSS_FILESYSTEM not set).
2025-04-24 03:25:51.121 [info] [main] Log level: Info
2025-04-24 03:25:51.121 [info] [main] Validating found git in: "git"
2025-04-24 03:25:51.121 [info] [main] Using git "2.49.0" from "git"
2025-04-24 03:25:51.121 [info] [Model][doInitialScan] Initial repository scan started
2025-04-24 03:25:51.121 [info] > git rev-parse --show-toplevel [3ms]
2025-04-24 03:25:51.132 [info] > git rev-parse --show-toplevel [4ms]
2025-04-24 03:25:51.133 [info] [Model][doInitialScan] Initial repository scan completed - repositories (0), closed repositories (0), parent repositories (1), unsafe repositories (0)
2025-04-24 03:25:51.339 [info] > git rev-parse --show-toplevel [1ms]
2025-04-24 03:25:57.724 [info] > git rev-parse --show-toplevel [2ms]
2025-04-24 03:25:59.688 [info] > git rev-parse --show-toplevel [5ms]
2025-04-24 03:26:01.363 [info] > git rev-parse --show-toplevel [2ms]
2025-04-24 03:26:14.609 [info] > git rev-parse --show-toplevel [1ms]
2025-04-24 03:26:16.357 [info] > git rev-parse --show-toplevel [2ms]
2025-04-24 03:26:47.005 [info] > git rev-parse --show-toplevel [2ms]
2025-04-24 03:26:47.005 [info] fatal: not a git repository (or any parent up to mount point /)
Stopping at filesystem boundary (GIT_DISCOVERY_ACROSS_FILESYSTEM not set).
2025-04-24 03:26:48.246 [info] > git rev-parse --show-toplevel [1ms]
