2025-04-19 17:24:04.458 [info] [main] Log level: Info
2025-04-19 17:24:04.458 [info] [main] Validating found git in: "git"
2025-04-19 17:24:04.458 [info] [main] Using git "2.49.0" from "git"
2025-04-19 17:24:04.458 [info] [Model][doInitialScan] Initial repository scan started
2025-04-19 17:24:04.458 [info] > git rev-parse --show-toplevel [4ms]
2025-04-19 17:24:04.458 [info] > git rev-parse --git-dir --git-common-dir [2ms]
2025-04-19 17:24:04.458 [info] [Model][openRepository] Opened repository: /home/kh/hyprcrow
2025-04-19 17:24:04.458 [info] > git rev-parse --show-toplevel [4ms]
2025-04-19 17:24:04.458 [info] fatal: not a git repository (or any parent up to mount point /)
Stopping at filesystem boundary (GIT_DISCOVERY_ACROSS_FILESYSTEM not set).
2025-04-19 17:24:04.458 [info] > git config --get commit.template [8ms]
2025-04-19 17:24:04.458 [info] > git rev-parse --show-toplevel [12ms]
2025-04-19 17:24:04.458 [info] > git for-each-ref --format=%(refname)%00%(upstream:short)%00%(objectname)%00%(upstream:track)%00%(upstream:remotename)%00%(upstream:remoteref) refs/heads/main refs/remotes/main [5ms]
2025-04-19 17:24:04.462 [warning] [Git][revParse] Unable to read file: ENOENT: no such file or directory, open '/home/kh/hyprcrow/.git/refs/remotes/origin/main'
2025-04-19 17:24:04.463 [info] > git rev-parse --show-toplevel [6ms]
2025-04-19 17:24:04.470 [info] > git rev-parse refs/remotes/origin/main [8ms]
2025-04-19 17:24:04.480 [info] > git rev-parse --show-toplevel [13ms]
2025-04-19 17:24:04.487 [info] > git for-each-ref --sort -committerdate --format %(refname)%00%(objectname)%00%(*objectname) [7ms]
2025-04-19 17:24:04.490 [info] > git rev-parse --show-toplevel [4ms]
2025-04-19 17:24:04.499 [info] > git rev-parse --show-toplevel [1ms]
2025-04-19 17:24:04.504 [info] > git rev-parse --show-toplevel [1ms]
2025-04-19 17:24:04.504 [info] [Model][doInitialScan] Initial repository scan completed - repositories (1), closed repositories (0), parent repositories (0), unsafe repositories (0)
2025-04-19 17:24:04.626 [info] > git status -z -uall [151ms]
2025-04-19 17:24:04.653 [info] > git for-each-ref --format=%(refname)%00%(upstream:short)%00%(objectname)%00%(upstream:track)%00%(upstream:remotename)%00%(upstream:remoteref) refs/heads/main refs/remotes/main [6ms]
2025-04-19 17:24:04.660 [info] > git config --get --local branch.main.vscode-merge-base [2ms]
2025-04-19 17:24:04.664 [info] > git config --get commit.template [11ms]
2025-04-19 17:24:04.669 [info] > git for-each-ref --format=%(refname)%00%(upstream:short)%00%(objectname)%00%(upstream:track)%00%(upstream:remotename)%00%(upstream:remoteref) refs/heads/origin/main refs/remotes/origin/main [5ms]
2025-04-19 17:24:04.674 [info] > git for-each-ref --format=%(refname)%00%(upstream:short)%00%(objectname)%00%(upstream:track)%00%(upstream:remotename)%00%(upstream:remoteref) refs/heads/main refs/remotes/main [5ms]
2025-04-19 17:24:04.679 [warning] [Git][revParse] Unable to read file: ENOENT: no such file or directory, open '/home/kh/hyprcrow/.git/refs/remotes/origin/main'
2025-04-19 17:24:04.679 [info] > git merge-base refs/heads/main refs/remotes/origin/main [5ms]
2025-04-19 17:24:04.684 [info] > git rev-parse refs/remotes/origin/main [5ms]
2025-04-19 17:24:04.694 [info] > git diff --name-status -z --diff-filter=ADMR 3337d2b34eb8dbb739902bcf4d3f0f14e9bb856f...refs/remotes/origin/main [10ms]
2025-04-19 17:24:04.694 [info] > git for-each-ref --sort -committerdate --format %(refname)%00%(objectname)%00%(*objectname) [1ms]
2025-04-19 17:24:04.838 [info] > git status -z -uall [149ms]
2025-04-19 17:24:05.043 [info] > git check-ignore -v -z --stdin [68ms]
2025-04-19 17:24:11.087 [info] > git config --get commit.template [5ms]
2025-04-19 17:24:11.088 [info] > git for-each-ref --format=%(refname)%00%(upstream:short)%00%(objectname)%00%(upstream:track)%00%(upstream:remotename)%00%(upstream:remoteref) refs/heads/main refs/remotes/main [1ms]
2025-04-19 17:24:11.092 [warning] [Git][revParse] Unable to read file: ENOENT: no such file or directory, open '/home/kh/hyprcrow/.git/refs/remotes/origin/main'
2025-04-19 17:24:11.094 [info] > git rev-parse refs/remotes/origin/main [2ms]
2025-04-19 17:24:11.104 [info] > git for-each-ref --sort -committerdate --format %(refname)%00%(objectname)%00%(*objectname) [2ms]
2025-04-19 17:24:11.227 [info] > git status -z -uall [129ms]
2025-04-19 17:24:17.351 [info] > git config --get commit.template [6ms]
2025-04-19 17:24:17.352 [info] > git for-each-ref --format=%(refname)%00%(upstream:short)%00%(objectname)%00%(upstream:track)%00%(upstream:remotename)%00%(upstream:remoteref) refs/heads/main refs/remotes/main [2ms]
2025-04-19 17:24:17.357 [warning] [Git][revParse] Unable to read file: ENOENT: no such file or directory, open '/home/kh/hyprcrow/.git/refs/remotes/origin/main'
2025-04-19 17:24:17.358 [info] > git rev-parse refs/remotes/origin/main [1ms]
2025-04-19 17:24:17.370 [info] > git for-each-ref --sort -committerdate --format %(refname)%00%(objectname)%00%(*objectname) [1ms]
2025-04-19 17:24:17.503 [info] > git status -z -uall [140ms]
2025-04-19 17:25:20.773 [info] > git config --get commit.template [6ms]
2025-04-19 17:25:20.773 [info] > git for-each-ref --format=%(refname)%00%(upstream:short)%00%(objectname)%00%(upstream:track)%00%(upstream:remotename)%00%(upstream:remoteref) refs/heads/main refs/remotes/main [1ms]
2025-04-19 17:25:20.778 [warning] [Git][revParse] Unable to read file: ENOENT: no such file or directory, open '/home/kh/hyprcrow/.git/refs/remotes/origin/main'
2025-04-19 17:25:20.779 [info] > git rev-parse refs/remotes/origin/main [1ms]
2025-04-19 17:25:20.789 [info] > git for-each-ref --sort -committerdate --format %(refname)%00%(objectname)%00%(*objectname) [1ms]
2025-04-19 17:25:20.908 [info] > git status -z -uall [125ms]
2025-04-19 17:25:54.713 [info] > git config --get commit.template [5ms]
2025-04-19 17:25:54.714 [info] > git for-each-ref --format=%(refname)%00%(upstream:short)%00%(objectname)%00%(upstream:track)%00%(upstream:remotename)%00%(upstream:remoteref) refs/heads/main refs/remotes/main [1ms]
2025-04-19 17:25:54.719 [warning] [Git][revParse] Unable to read file: ENOENT: no such file or directory, open '/home/kh/hyprcrow/.git/refs/remotes/origin/main'
2025-04-19 17:25:54.720 [info] > git rev-parse refs/remotes/origin/main [1ms]
2025-04-19 17:25:54.732 [info] > git for-each-ref --sort -committerdate --format %(refname)%00%(objectname)%00%(*objectname) [2ms]
2025-04-19 17:25:54.859 [info] > git status -z -uall [134ms]
2025-04-19 17:25:59.877 [info] > git config --get commit.template [5ms]
2025-04-19 17:25:59.878 [info] > git for-each-ref --format=%(refname)%00%(upstream:short)%00%(objectname)%00%(upstream:track)%00%(upstream:remotename)%00%(upstream:remoteref) refs/heads/main refs/remotes/main [1ms]
2025-04-19 17:25:59.883 [warning] [Git][revParse] Unable to read file: ENOENT: no such file or directory, open '/home/kh/hyprcrow/.git/refs/remotes/origin/main'
2025-04-19 17:25:59.884 [info] > git rev-parse refs/remotes/origin/main [1ms]
2025-04-19 17:25:59.894 [info] > git for-each-ref --sort -committerdate --format %(refname)%00%(objectname)%00%(*objectname) [1ms]
2025-04-19 17:26:00.012 [info] > git status -z -uall [124ms]
