2025-02-25 10:00:11.131 [info] update#setState disabled
2025-02-25 10:00:11.131 [info] update#ctor - updates are disabled as there is no update URL
2025-02-25 10:39:44.291 [info] Extension host with pid 5684 exited with code: 134, signal: unknown.
2025-02-25 10:39:44.296 [error] [UtilityProcess id: 1, type: extensionHost, pid: 5684]: crashed with code 134 and reason 'crashed'
2025-02-25 11:09:34.299 [info] Extension host with pid 8729 exited with code: 134, signal: unknown.
2025-02-25 11:09:34.299 [error] [UtilityProcess id: 2, type: extensionHost, pid: 8729]: crashed with code 134 and reason 'crashed'
2025-02-25 11:39:29.160 [info] Extension host with pid 10727 exited with code: 134, signal: unknown.
2025-02-25 11:39:29.161 [error] [UtilityProcess id: 3, type: extensionHost, pid: 10727]: crashed with code 134 and reason 'crashed'
2025-02-25 11:39:29.162 [warning] No ptyHost heartbeat after 6 seconds
2025-02-25 12:13:20.722 [info] Extension host with pid 12884 exited with code: 134, signal: unknown.
2025-02-25 12:13:20.733 [error] [UtilityProcess id: 4, type: extensionHost, pid: 12884]: crashed with code 134 and reason 'crashed'
2025-02-25 12:54:31.248 [info] Extension host with pid 18562 exited with code: 134, signal: unknown.
2025-02-25 12:54:31.249 [error] [UtilityProcess id: 5, type: extensionHost, pid: 18562]: crashed with code 134 and reason 'crashed'
2025-02-25 13:26:15.801 [info] Extension host with pid 22095 exited with code: 134, signal: unknown.
2025-02-25 13:26:15.806 [error] [UtilityProcess id: 6, type: extensionHost, pid: 22095]: crashed with code 134 and reason 'crashed'
2025-02-25 13:50:18.314 [info] Extension host with pid 23878 exited with code: 134, signal: unknown.
2025-02-25 13:50:18.314 [error] [UtilityProcess id: 7, type: extensionHost, pid: 23878]: crashed with code 134 and reason 'crashed'
2025-02-25 14:21:25.071 [info] Extension host with pid 24206 exited with code: 134, signal: unknown.
2025-02-25 14:21:25.071 [error] [UtilityProcess id: 8, type: extensionHost, pid: 24206]: crashed with code 134 and reason 'crashed'
2025-02-25 14:43:42.460 [error] ptyHost terminated unexpectedly with code 15
