2025-02-25 02:35:28.875 [info] Started local extension host with pid 31530.
2025-02-25 02:35:29.023 [error] Extension 'ms-python.debugpy CANNOT USE these API proposals 'portsAttributes, debugVisualization, contribViewsWelcome'. You MUST start in extension development mode or use the --enable-proposed-api command line flag
2025-02-25 02:35:29.023 [error] Extension 'ms-python.python CANNOT USE these API proposals 'contribEditorContentMenu, quickPickSortByLabel, testObserver, quickPickItemTooltip, terminalDataWriteEvent, terminalExecuteCommandEvent, codeActionAI, notebookReplDocument, notebookVariableProvider'. You MUST start in extension development mode or use the --enable-proposed-api command line flag
2025-02-25 02:35:29.039 [error] [ms-python.python]: editor/content is a proposed menu identifier. It requires 'package.json#enabledApiProposals: ["contribEditorContentMenu"]' and is only available when running out of dev or with the following command line switch: --enable-proposed-api ms-python.python
2025-02-25 02:35:30.427 [error] UnboundLocalError: cannot access local variable 'end_index' where it is not associated with a value: Error: UnboundLocalError: cannot access local variable 'end_index' where it is not associated with a value
	at ae (/home/kh/.vscode-oss/extensions/ms-python.python-2025.0.0-universal/out/client/extension.js:2:1973990)
	at oe (/home/kh/.vscode-oss/extensions/ms-python.python-2025.0.0-universal/out/client/extension.js:2:1971950)
	at Immediate.<anonymous> (/home/kh/.vscode-oss/extensions/ms-python.python-2025.0.0-universal/out/client/extension.js:2:1968244)
	at process.processImmediate (node:internal/timers:483:21)
2025-02-25 02:35:31.073 [error] An unknown error occurred. Please consult the log for more details.
2025-02-25 02:35:31.310 [error] Error while getting the latest version for the extension kevinrose.vsc-python-indent. Cannot read properties of undefined (reading 'replace')
2025-02-25 02:35:31.310 [error] Error while getting the latest version for the extension ms-python.debugpy. Cannot read properties of undefined (reading 'replace')
2025-02-25 02:35:31.310 [error] Error while getting the latest version for the extension ms-python.python. Cannot read properties of undefined (reading 'replace')
2025-02-25 02:35:31.509 [info] [perf] Render performance baseline is 19ms
2025-02-25 03:02:52.144 [info] Extension host (LocalProcess pid: 31530) is unresponsive.
2025-02-25 03:04:09.104 [error] Extension host (LocalProcess pid: 31530) terminated unexpectedly. The following extensions were running: ms-python.python, vscode.emmet, KevinRose.vsc-python-indent, ms-python.debugpy, vscode.git-base, vscode.git, vscode.github, vscode.debug-auto-launch, vscode.merge-conflict, vscode.github-authentication, vscode.npm
2025-02-25 03:04:09.104 [info] Automatically restarting the extension host.
2025-02-25 03:04:09.223 [info] Started local extension host with pid 37884.
2025-02-25 03:04:11.027 [error] No registered selector for ID: ms-vscode.npm-command
2025-02-25 03:04:11.043 [error] An unknown error occurred. Please consult the log for more details.
