2025-04-25 22:52:07.888 [warning] Dir "/home/kh/Proyectos/PE2/ProyectoTareas/.pixi/envs" is not watchable (directory does not exist)
2025-04-25 22:52:07.911 [error] Unable to check if shell integration is active [Error: Extension 'ms-python.python' CANNOT use API proposal: terminalDataWriteEvent.
Its package.json#enabledApiProposals-property declares:  but NOT terminalDataWriteEvent.
 The missing proposal MUST be added and you must start in extension development mode or use the following command line switch: --enable-proposed-api ms-python.python
	at R (file:///usr/lib/code/out/vs/workbench/api/node/extensionHostProcess.js:105:19265)
	at a.onDidWriteTerminalData (file:///usr/lib/code/out/vs/workbench/api/node/extensionHostProcess.js:173:39305)
	at new v (/home/kh/.vscode-oss/extensions/ms-python.python-2025.4.0-universal/out/client/extension.js:2:878107)
	at ge (/home/kh/.vscode-oss/extensions/ms-python.python-2025.4.0-universal/out/client/extension.js:2:1684812)
	at /home/kh/.vscode-oss/extensions/ms-python.python-2025.4.0-universal/out/client/extension.js:2:1688176
	at /home/kh/.vscode-oss/extensions/ms-python.python-2025.4.0-universal/out/client/extension.js:2:1688204
	at Se (/home/kh/.vscode-oss/extensions/ms-python.python-2025.4.0-universal/out/client/extension.js:2:1688271)
	at /home/kh/.vscode-oss/extensions/ms-python.python-2025.4.0-universal/out/client/extension.js:2:1688751
	at we (/home/kh/.vscode-oss/extensions/ms-python.python-2025.4.0-universal/out/client/extension.js:2:1688692)
	at Pe (/home/kh/.vscode-oss/extensions/ms-python.python-2025.4.0-universal/out/client/extension.js:2:1688726)
	at /home/kh/.vscode-oss/extensions/ms-python.python-2025.4.0-universal/out/client/extension.js:2:1685965
	at /home/kh/.vscode-oss/extensions/ms-python.python-2025.4.0-universal/out/client/extension.js:2:1687570
	at Array.reduce (<anonymous>)
	at /home/kh/.vscode-oss/extensions/ms-python.python-2025.4.0-universal/out/client/extension.js:2:1687542
	at /home/kh/.vscode-oss/extensions/ms-python.python-2025.4.0-universal/out/client/extension.js:2:1687824
	at /home/kh/.vscode-oss/extensions/ms-python.python-2025.4.0-universal/out/client/extension.js:2:1688204
	at Se (/home/kh/.vscode-oss/extensions/ms-python.python-2025.4.0-universal/out/client/extension.js:2:1688271)
	at /home/kh/.vscode-oss/extensions/ms-python.python-2025.4.0-universal/out/client/extension.js:2:1688751
	at we (/home/kh/.vscode-oss/extensions/ms-python.python-2025.4.0-universal/out/client/extension.js:2:1688692)
	at Pe (/home/kh/.vscode-oss/extensions/ms-python.python-2025.4.0-universal/out/client/extension.js:2:1688726)
	at /home/kh/.vscode-oss/extensions/ms-python.python-2025.4.0-universal/out/client/extension.js:2:1685965
	at /home/kh/.vscode-oss/extensions/ms-python.python-2025.4.0-universal/out/client/extension.js:2:1715635
	at /home/kh/.vscode-oss/extensions/ms-python.python-2025.4.0-universal/out/client/extension.js:2:1715656
	at e._get (/home/kh/.vscode-oss/extensions/ms-python.python-2025.4.0-universal/out/client/extension.js:2:1714669)
	at e._getButThrowIfAsync (/home/kh/.vscode-oss/extensions/ms-python.python-2025.4.0-universal/out/client/extension.js:2:1714729)
	at e.get (/home/kh/.vscode-oss/extensions/ms-python.python-2025.4.0-universal/out/client/extension.js:2:1710438)
	at e.dynamicValue (/home/kh/.vscode-oss/extensions/ms-python.python-2025.4.0-universal/out/client/extension.js:2:1700171)
	at /home/kh/.vscode-oss/extensions/ms-python.python-2025.4.0-universal/out/client/extension.js:2:1686348
	at Ee (/home/kh/.vscode-oss/extensions/ms-python.python-2025.4.0-universal/out/client/extension.js:2:1686604)
	at Se (/home/kh/.vscode-oss/extensions/ms-python.python-2025.4.0-universal/out/client/extension.js:2:1688320)
	at /home/kh/.vscode-oss/extensions/ms-python.python-2025.4.0-universal/out/client/extension.js:2:1688751
	at we (/home/kh/.vscode-oss/extensions/ms-python.python-2025.4.0-universal/out/client/extension.js:2:1688692)
	at Pe (/home/kh/.vscode-oss/extensions/ms-python.python-2025.4.0-universal/out/client/extension.js:2:1688726)
	at /home/kh/.vscode-oss/extensions/ms-python.python-2025.4.0-universal/out/client/extension.js:2:1685965
	at /home/kh/.vscode-oss/extensions/ms-python.python-2025.4.0-universal/out/client/extension.js:2:1685899
	at Array.map (<anonymous>)
	at /home/kh/.vscode-oss/extensions/ms-python.python-2025.4.0-universal/out/client/extension.js:2:1685870
	at /home/kh/.vscode-oss/extensions/ms-python.python-2025.4.0-universal/out/client/extension.js:2:1687570
	at Array.reduce (<anonymous>)
	at /home/kh/.vscode-oss/extensions/ms-python.python-2025.4.0-universal/out/client/extension.js:2:1687542
	at /home/kh/.vscode-oss/extensions/ms-python.python-2025.4.0-universal/out/client/extension.js:2:1687824
	at /home/kh/.vscode-oss/extensions/ms-python.python-2025.4.0-universal/out/client/extension.js:2:1688204
	at Se (/home/kh/.vscode-oss/extensions/ms-python.python-2025.4.0-universal/out/client/extension.js:2:1688271)
	at /home/kh/.vscode-oss/extensions/ms-python.python-2025.4.0-universal/out/client/extension.js:2:1688751
	at we (/home/kh/.vscode-oss/extensions/ms-python.python-2025.4.0-universal/out/client/extension.js:2:1688692)
	at Pe (/home/kh/.vscode-oss/extensions/ms-python.python-2025.4.0-universal/out/client/extension.js:2:1688726)
	at /home/kh/.vscode-oss/extensions/ms-python.python-2025.4.0-universal/out/client/extension.js:2:1685965
	at /home/kh/.vscode-oss/extensions/ms-python.python-2025.4.0-universal/out/client/extension.js:2:1715635
	at /home/kh/.vscode-oss/extensions/ms-python.python-2025.4.0-universal/out/client/extension.js:2:1715656
	at e._get (/home/kh/.vscode-oss/extensions/ms-python.python-2025.4.0-universal/out/client/extension.js:2:1714669)
	at e._getButThrowIfAsync (/home/kh/.vscode-oss/extensions/ms-python.python-2025.4.0-universal/out/client/extension.js:2:1714729)
	at e.get (/home/kh/.vscode-oss/extensions/ms-python.python-2025.4.0-universal/out/client/extension.js:2:1710438)
	at a.get (/home/kh/.vscode-oss/extensions/ms-python.python-2025.4.0-universal/out/client/extension.js:2:536740)
	at /home/kh/.vscode-oss/extensions/ms-python.python-2025.4.0-universal/out/client/extension.js:2:451577
	at async t.activateComponents (/home/kh/.vscode-oss/extensions/ms-python.python-2025.4.0-universal/out/client/extension.js:2:449857)
	at async /home/kh/.vscode-oss/extensions/ms-python.python-2025.4.0-universal/out/client/extension.js:2:2642626
	at async e (/home/kh/.vscode-oss/extensions/ms-python.python-2025.4.0-universal/out/client/extension.js:2:2642158)
	at async cw.n (file:///usr/lib/code/out/vs/workbench/api/node/extensionHostProcess.js:111:13359)
	at async cw.m (file:///usr/lib/code/out/vs/workbench/api/node/extensionHostProcess.js:111:13322)
	at async cw.l (file:///usr/lib/code/out/vs/workbench/api/node/extensionHostProcess.js:111:12778)]
2025-04-25 22:52:07.919 [info] Python interpreter path: /bin/python
2025-04-25 22:52:08.068 [info] > pyenv which python
2025-04-25 22:52:08.068 [info] cwd: .
2025-04-25 22:52:08.106 [error] [
  'Failed to activate a workspace, Class name = v, completed in 191ms, has a falsy return value, Arg 1: <Uri:/home/kh/Proyectos/PE2/ProyectoTareas/gestor.py>, Arg 2: {"started":1745643127868}, Return Value: undefined',
  [Error: Extension 'ms-python.python' CANNOT use API proposal: testObserver.
  Its package.json#enabledApiProposals-property declares:  but NOT testObserver.
   The missing proposal MUST be added and you must start in extension development mode or use the following command line switch: --enable-proposed-api ms-python.python
  	at R (file:///usr/lib/code/out/vs/workbench/api/node/extensionHostProcess.js:105:19265)
  	at get testResults (file:///usr/lib/code/out/vs/workbench/api/node/extensionHostProcess.js:173:32518)
  	at C.activate (/home/kh/.vscode-oss/extensions/ms-python.python-2025.4.0-universal/out/client/extension.js:2:908659)
  	at /home/kh/.vscode-oss/extensions/ms-python.python-2025.4.0-universal/out/client/extension.js:2:2457
  	at Array.map (<anonymous>)
  	at v.activateWorkspace (/home/kh/.vscode-oss/extensions/ms-python.python-2025.4.0-universal/out/client/extension.js:2:2447)]
]
2025-04-25 22:52:08.106 [error] Failure during activation. [Error: Extension 'ms-python.python' CANNOT use API proposal: testObserver.
Its package.json#enabledApiProposals-property declares:  but NOT testObserver.
 The missing proposal MUST be added and you must start in extension development mode or use the following command line switch: --enable-proposed-api ms-python.python
	at R (file:///usr/lib/code/out/vs/workbench/api/node/extensionHostProcess.js:105:19265)
	at get testResults (file:///usr/lib/code/out/vs/workbench/api/node/extensionHostProcess.js:173:32518)
	at C.activate (/home/kh/.vscode-oss/extensions/ms-python.python-2025.4.0-universal/out/client/extension.js:2:908659)
	at /home/kh/.vscode-oss/extensions/ms-python.python-2025.4.0-universal/out/client/extension.js:2:2457
	at Array.map (<anonymous>)
	at v.activateWorkspace (/home/kh/.vscode-oss/extensions/ms-python.python-2025.4.0-universal/out/client/extension.js:2:2447)]
2025-04-25 22:52:08.106 [error] sendStartupTelemetry() failed. [Error: Extension 'ms-python.python' CANNOT use API proposal: testObserver.
Its package.json#enabledApiProposals-property declares:  but NOT testObserver.
 The missing proposal MUST be added and you must start in extension development mode or use the following command line switch: --enable-proposed-api ms-python.python
	at R (file:///usr/lib/code/out/vs/workbench/api/node/extensionHostProcess.js:105:19265)
	at get testResults (file:///usr/lib/code/out/vs/workbench/api/node/extensionHostProcess.js:173:32518)
	at C.activate (/home/kh/.vscode-oss/extensions/ms-python.python-2025.4.0-universal/out/client/extension.js:2:908659)
	at /home/kh/.vscode-oss/extensions/ms-python.python-2025.4.0-universal/out/client/extension.js:2:2457
	at Array.map (<anonymous>)
	at v.activateWorkspace (/home/kh/.vscode-oss/extensions/ms-python.python-2025.4.0-universal/out/client/extension.js:2:2447)]
2025-04-25 22:52:08.664 [info] Starting Jedi language server for ProyectoTareas.
2025-04-25 23:49:24.449 [info] Discover tests for workspace name: ProyectoTareas - uri: /home/kh/Proyectos/PE2/ProyectoTareas/gestor.py
2025-04-25 23:57:33.255 [info] Discover tests for workspace name: ProyectoTareas - uri: /home/kh/Proyectos/PE2/ProyectoTareas/gestor.py
2025-04-25 23:57:45.218 [info] CreateEnv Trigger - Skipping for /home/kh/Proyectos/PE2/ProyectoTareas/gestor.py
2025-04-25 23:57:45.724 [info] Send text to terminal: /bin/python /home/kh/Proyectos/PE2/ProyectoTareas/gestor.py
2025-04-25 23:58:32.681 [info] Discover tests for workspace name: ProyectoTareas - uri: /home/kh/Proyectos/PE2/ProyectoTareas/gestor.py
2025-04-25 23:58:35.425 [info] Send text to terminal: /bin/python /home/kh/Proyectos/PE2/ProyectoTareas/gestor.py
2025-04-26 00:03:01.653 [info] Discover tests for workspace name: ProyectoTareas - uri: /home/kh/Proyectos/PE2/ProyectoTareas/gestor.py
2025-04-26 00:06:50.676 [info] Send text to terminal: /bin/python /home/kh/Proyectos/PE2/ProyectoTareas/gestor.py
2025-04-26 00:06:50.926 [info] Discover tests for workspace name: ProyectoTareas - uri: /home/kh/Proyectos/PE2/ProyectoTareas/gestor.py
2025-04-26 00:08:23.598 [info] Discover tests for workspace name: ProyectoTareas - uri: /home/kh/Proyectos/PE2/ProyectoTareas/gestor.py
2025-04-26 00:08:25.422 [info] Send text to terminal: /bin/python /home/kh/Proyectos/PE2/ProyectoTareas/gestor.py
2025-04-26 00:09:19.620 [info] Discover tests for workspace name: ProyectoTareas - uri: /home/kh/Proyectos/PE2/ProyectoTareas/gestor.py
2025-04-26 00:09:24.043 [info] Send text to terminal: /bin/python /home/kh/Proyectos/PE2/ProyectoTareas/gestor.py
2025-04-26 00:10:44.897 [info] Send text to terminal: /bin/python /home/kh/Proyectos/PE2/ProyectoTareas/gestor.py
2025-04-26 00:10:45.146 [info] Discover tests for workspace name: ProyectoTareas - uri: /home/kh/Proyectos/PE2/ProyectoTareas/gestor.py
2025-04-26 00:11:48.228 [info] Discover tests for workspace name: ProyectoTareas - uri: /home/kh/Proyectos/PE2/ProyectoTareas/gestor.py
2025-04-26 00:15:36.663 [info] Discover tests for workspace name: ProyectoTareas - uri: /home/kh/Proyectos/PE2/ProyectoTareas/gestor.py
2025-04-26 00:16:22.407 [info] Send text to terminal: /bin/python /home/kh/Proyectos/PE2/ProyectoTareas/gestor.py
2025-04-26 00:17:51.298 [info] Send text to terminal: /bin/python /home/kh/Proyectos/PE2/ProyectoTareas/gestor.py
2025-04-26 00:17:51.547 [info] Discover tests for workspace name: ProyectoTareas - uri: /home/kh/Proyectos/PE2/ProyectoTareas/gestor.py
2025-04-26 00:17:54.551 [info] Send text to terminal: /bin/python /home/kh/Proyectos/PE2/ProyectoTareas/gestor.py
2025-04-26 00:31:35.351 [info] Discover tests for workspace name: ProyectoTareas - uri: /home/kh/Proyectos/PE2/ProyectoTareas/gestor.py
2025-04-26 00:36:17.965 [info] Discover tests for workspace name: ProyectoTareas - uri: /home/kh/Proyectos/PE2/ProyectoTareas/gestor.py
2025-04-26 00:36:19.337 [info] Send text to terminal: /bin/python /home/kh/Proyectos/PE2/ProyectoTareas/gestor.py
2025-04-26 00:36:22.139 [info] Send text to terminal: /bin/python /home/kh/Proyectos/PE2/ProyectoTareas/gestor.py
2025-04-26 00:37:13.838 [info] Discover tests for workspace name: ProyectoTareas - uri: /home/kh/Proyectos/PE2/ProyectoTareas/gestor.py
2025-04-26 00:37:15.350 [info] Send text to terminal: /bin/python /home/kh/Proyectos/PE2/ProyectoTareas/gestor.py
2025-04-26 00:41:21.288 [info] Discover tests for workspace name: ProyectoTareas - uri: /home/kh/Proyectos/PE2/ProyectoTareas/gestor.py
2025-04-26 00:42:42.325 [info] Discover tests for workspace name: ProyectoTareas - uri: /home/kh/Proyectos/PE2/ProyectoTareas/gestor.py
2025-04-26 00:42:45.109 [info] Send text to terminal: /bin/python /home/kh/Proyectos/PE2/ProyectoTareas/gestor.py
2025-04-26 00:43:06.761 [info] Send text to terminal: /bin/python /home/kh/Proyectos/PE2/ProyectoTareas/gestor.py
2025-04-26 00:43:07.012 [info] Discover tests for workspace name: ProyectoTareas - uri: /home/kh/Proyectos/PE2/ProyectoTareas/gestor.py
2025-04-26 00:45:40.794 [info] Discover tests for workspace name: ProyectoTareas - uri: /home/kh/Proyectos/PE2/ProyectoTareas/gestor.py
2025-04-26 00:45:42.341 [info] Send text to terminal: /bin/python /home/kh/Proyectos/PE2/ProyectoTareas/gestor.py
2025-04-26 00:45:47.183 [info] Send text to terminal: /bin/python /home/kh/Proyectos/PE2/ProyectoTareas/gestor.py
2025-04-26 00:45:49.764 [info] Send text to terminal: /bin/python /home/kh/Proyectos/PE2/ProyectoTareas/gestor.py
2025-04-26 00:46:47.498 [info] Discover tests for workspace name: ProyectoTareas - uri: /home/kh/Proyectos/PE2/ProyectoTareas/gestor.py
2025-04-26 00:46:50.579 [info] Send text to terminal: /bin/python /home/kh/Proyectos/PE2/ProyectoTareas/gestor.py
2025-04-26 00:52:10.577 [info] Discover tests for workspace name: ProyectoTareas - uri: /home/kh/Proyectos/PE2/ProyectoTareas/gestor.py
2025-04-26 00:52:12.460 [info] Send text to terminal: /bin/python /home/kh/Proyectos/PE2/ProyectoTareas/gestor.py
2025-04-26 00:53:04.675 [info] Send text to terminal: /bin/python /home/kh/Proyectos/PE2/ProyectoTareas/gestor.py
2025-04-26 00:53:04.924 [info] Discover tests for workspace name: ProyectoTareas - uri: /home/kh/Proyectos/PE2/ProyectoTareas/gestor.py
2025-04-26 00:53:55.777 [info] Send text to terminal: /bin/python /home/kh/Proyectos/PE2/ProyectoTareas/gestor.py
2025-04-26 00:53:56.027 [info] Discover tests for workspace name: ProyectoTareas - uri: /home/kh/Proyectos/PE2/ProyectoTareas/gestor.py
2025-04-26 00:55:30.212 [info] Discover tests for workspace name: ProyectoTareas - uri: /home/kh/Proyectos/PE2/ProyectoTareas/gestor.py
2025-04-26 00:55:31.684 [info] Send text to terminal: /bin/python /home/kh/Proyectos/PE2/ProyectoTareas/gestor.py
2025-04-26 00:57:01.307 [info] Discover tests for workspace name: ProyectoTareas - uri: /home/kh/Proyectos/PE2/ProyectoTareas/gestor.py
2025-04-26 00:57:02.815 [info] Send text to terminal: /bin/python /home/kh/Proyectos/PE2/ProyectoTareas/gestor.py
2025-04-26 01:04:19.761 [info] Discover tests for workspace name: ProyectoTareas - uri: /home/kh/Proyectos/PE2/ProyectoTareas/gestor.py
2025-04-26 01:04:20.948 [info] Send text to terminal: /bin/python /home/kh/Proyectos/PE2/ProyectoTareas/gestor.py
2025-04-26 01:07:08.715 [info] Discover tests for workspace name: ProyectoTareas - uri: /home/kh/Proyectos/PE2/ProyectoTareas/gestor.py
