2025-05-12 12:49:08.673 [info] [main] Log level: Info
2025-05-12 12:49:08.673 [info] [main] Validating found git in: "git"
2025-05-12 12:49:08.673 [info] [main] Using git "2.49.0" from "git"
2025-05-12 12:49:08.673 [info] [Model][doInitialScan] Initial repository scan started
2025-05-12 12:49:08.673 [info] > git rev-parse --show-toplevel [103ms]
2025-05-12 12:49:08.673 [info] fatal: not a git repository (or any parent up to mount point /)
Stopping at filesystem boundary (GIT_DISCOVERY_ACROSS_FILESYSTEM not set).
2025-05-12 12:49:08.673 [info] > git rev-parse --show-toplevel [4ms]
2025-05-12 12:49:08.673 [info] fatal: not a git repository (or any parent up to mount point /)
Stopping at filesystem boundary (GIT_DISCOVERY_ACROSS_FILESYSTEM not set).
2025-05-12 12:49:08.694 [info] > git rev-parse --show-toplevel [16ms]
2025-05-12 12:49:08.694 [info] fatal: not a git repository (or any parent up to mount point /)
Stopping at filesystem boundary (GIT_DISCOVERY_ACROSS_FILESYSTEM not set).
2025-05-12 12:49:08.700 [info] > git rev-parse --show-toplevel [2ms]
2025-05-12 12:49:08.706 [info] > git rev-parse --git-dir --git-common-dir [1ms]
2025-05-12 12:49:08.713 [info] [Model][openRepository] Opened repository (path): /home/kh/.config/ignis/.clone
2025-05-12 12:49:08.713 [info] [Model][openRepository] Opened repository (real path): /home/kh/.config/ignis/.clone
2025-05-12 12:49:08.727 [info] > git rev-parse --show-toplevel [4ms]
2025-05-12 12:49:08.727 [info] fatal: not a git repository (or any parent up to mount point /)
Stopping at filesystem boundary (GIT_DISCOVERY_ACROSS_FILESYSTEM not set).
2025-05-12 12:49:08.728 [info] [Model][doInitialScan] Initial repository scan completed - repositories (1), closed repositories (0), parent repositories (0), unsafe repositories (0)
2025-05-12 12:49:08.728 [info] > git config --get commit.template [9ms]
