2025-02-23 04:00:13.492 [info] Getting Manifest... ms-python.python
2025-02-23 04:00:15.681 [info] Installing extension: ms-python.python {"isMachineScoped":false,"installPreReleaseVersion":false,"pinned":false,"profileLocation":{"$mid":1,"external":"vscode-userdata:/home/kh/.vscode-oss/extensions/extensions.json","path":"/home/kh/.vscode-oss/extensions/extensions.json","scheme":"vscode-userdata"},"installOnlyNewlyAddedFromExtensionPack":true,"isApplicationScoped":false,"productVersion":{"version":"1.97.2","date":"2025-02-13T18:45:48.570Z"}}
2025-02-23 04:00:15.946 [info] Getting Manifest... ms-python.debugpy
2025-02-23 04:00:16.229 [info] Installing extension: ms-python.debugpy {"isMachineScoped":false,"installPreReleaseVersion":false,"pinned":false,"profileLocation":{"$mid":1,"external":"vscode-userdata:/home/kh/.vscode-oss/extensions/extensions.json","path":"/home/kh/.vscode-oss/extensions/extensions.json","scheme":"vscode-userdata"},"installOnlyNewlyAddedFromExtensionPack":true,"isApplicationScoped":false,"productVersion":{"version":"1.97.2","date":"2025-02-13T18:45:48.570Z"},"context":{"dependecyOrPackExtensionInstall":true}}
2025-02-23 04:00:18.655 [error] Could not load vsce-sign module Cannot find package '@vscode/vsce-sign' imported from /usr/lib/code/out/vs/code/electron-utility/sharedProcess/sharedProcessMain.js
2025-02-23 04:00:18.655 [info] Extension signature verification is not done: ms-python.python
2025-02-23 04:00:19.498 [info] Extracted extension to file:///home/kh/.vscode-oss/extensions/ms-python.python-2025.0.0-universal: ms-python.python
2025-02-23 04:00:19.547 [info] Renamed to /home/kh/.vscode-oss/extensions/ms-python.python-2025.0.0-universal
2025-02-23 04:00:20.390 [error] Could not load vsce-sign module Cannot find package '@vscode/vsce-sign' imported from /usr/lib/code/out/vs/code/electron-utility/sharedProcess/sharedProcessMain.js
2025-02-23 04:00:20.390 [info] Extension signature verification is not done: ms-python.debugpy
2025-02-23 04:00:20.655 [info] Extracted extension to file:///home/kh/.vscode-oss/extensions/ms-python.debugpy-2025.0.1-linux-x64: ms-python.debugpy
2025-02-23 04:00:20.663 [info] Renamed to /home/kh/.vscode-oss/extensions/ms-python.debugpy-2025.0.1-linux-x64
2025-02-23 04:00:20.673 [info] Extension installed successfully: ms-python.python vscode-userdata:/home/kh/.vscode-oss/extensions/extensions.json
2025-02-23 04:00:20.673 [info] Extension installed successfully: ms-python.debugpy vscode-userdata:/home/kh/.vscode-oss/extensions/extensions.json
2025-02-23 04:00:44.092 [info] Getting Manifest... kevinrose.vsc-python-indent
2025-02-23 04:00:44.388 [info] Installing extension: kevinrose.vsc-python-indent {"isMachineScoped":false,"installPreReleaseVersion":false,"pinned":false,"profileLocation":{"$mid":1,"external":"vscode-userdata:/home/kh/.vscode-oss/extensions/extensions.json","path":"/home/kh/.vscode-oss/extensions/extensions.json","scheme":"vscode-userdata"},"installOnlyNewlyAddedFromExtensionPack":true,"isApplicationScoped":false,"productVersion":{"version":"1.97.2","date":"2025-02-13T18:45:48.570Z"}}
2025-02-23 04:00:45.101 [error] Could not load vsce-sign module Cannot find package '@vscode/vsce-sign' imported from /usr/lib/code/out/vs/code/electron-utility/sharedProcess/sharedProcessMain.js
2025-02-23 04:00:45.102 [info] Extension signature verification is not done: kevinrose.vsc-python-indent
2025-02-23 04:00:45.117 [info] Extracted extension to file:///home/kh/.vscode-oss/extensions/kevinrose.vsc-python-indent-1.18.0-universal: kevinrose.vsc-python-indent
2025-02-23 04:00:45.119 [info] Renamed to /home/kh/.vscode-oss/extensions/kevinrose.vsc-python-indent-1.18.0-universal
2025-02-23 04:00:45.126 [info] Extension installed successfully: kevinrose.vsc-python-indent vscode-userdata:/home/kh/.vscode-oss/extensions/extensions.json
