2025-04-24 01:00:57.081 [info] Started local extension host with pid 58693.
2025-04-24 01:00:57.385 [error] Extension 'ms-python.debugpy CANNOT USE these API proposals 'portsAttributes, debugVisualization, contribViewsWelcome'. You MUST start in extension development mode or use the --enable-proposed-api command line flag
2025-04-24 01:00:57.385 [error] Extension 'ms-python.python CANNOT USE these API proposals 'contribEditorContentMenu, quickPickSortByLabel, testObserver, quickPickItemTooltip, terminalDataWriteEvent, terminalExecuteCommandEvent, codeActionAI, notebookReplDocument, notebookVariableProvider'. You MUST start in extension development mode or use the --enable-proposed-api command line flag
2025-04-24 01:00:57.405 [error] [ms-python.python]: editor/content is a proposed menu identifier. It requires 'package.json#enabledApiProposals: ["contribEditorContentMenu"]' and is only available when running out of dev or with the following command line switch: --enable-proposed-api ms-python.python
2025-04-24 01:00:59.197 [error] An unknown error occurred. Please consult the log for more details.
2025-04-24 01:00:59.742 [info] [perf] Render performance baseline is 18ms
2025-04-24 01:18:52.325 [error] Failed: Server returned 503
    at pGe.K (vscode-file://vscode-app/usr/lib/code/out/vs/workbench/workbench.desktop.main.js:1838:33992)
    at async pGe.H (vscode-file://vscode-app/usr/lib/code/out/vs/workbench/workbench.desktop.main.js:1838:28528)
    at async a (vscode-file://vscode-app/usr/lib/code/out/vs/workbench/workbench.desktop.main.js:1838:27250)
    at async pGe.query (vscode-file://vscode-app/usr/lib/code/out/vs/workbench/workbench.desktop.main.js:1838:27538)
    at async rat.queryGallery (vscode-file://vscode-app/usr/lib/code/out/vs/workbench/workbench.desktop.main.js:2514:14491)
    at async Promise.all (index 0)
    at async XWs.Pc (vscode-file://vscode-app/usr/lib/code/out/vs/workbench/workbench.desktop.main.js:2306:22383)
    at async XWs.zc (vscode-file://vscode-app/usr/lib/code/out/vs/workbench/workbench.desktop.main.js:2306:14306)
    at async vscode-file://vscode-app/usr/lib/code/out/vs/workbench/workbench.desktop.main.js:2306:12602
2025-04-24 01:18:53.484 [error] Failed: Server returned 503
    at pGe.K (vscode-file://vscode-app/usr/lib/code/out/vs/workbench/workbench.desktop.main.js:1838:33992)
    at async pGe.H (vscode-file://vscode-app/usr/lib/code/out/vs/workbench/workbench.desktop.main.js:1838:28528)
    at async a (vscode-file://vscode-app/usr/lib/code/out/vs/workbench/workbench.desktop.main.js:1838:27250)
    at async pGe.query (vscode-file://vscode-app/usr/lib/code/out/vs/workbench/workbench.desktop.main.js:1838:27538)
    at async rat.queryGallery (vscode-file://vscode-app/usr/lib/code/out/vs/workbench/workbench.desktop.main.js:2514:14491)
    at async Promise.all (index 0)
    at async XWs.Pc (vscode-file://vscode-app/usr/lib/code/out/vs/workbench/workbench.desktop.main.js:2306:22383)
    at async XWs.zc (vscode-file://vscode-app/usr/lib/code/out/vs/workbench/workbench.desktop.main.js:2306:14306)
    at async vscode-file://vscode-app/usr/lib/code/out/vs/workbench/workbench.desktop.main.js:2306:12602
2025-04-24 01:18:58.674 [error] Failed: Server returned 503
    at pGe.K (vscode-file://vscode-app/usr/lib/code/out/vs/workbench/workbench.desktop.main.js:1838:33992)
    at async pGe.H (vscode-file://vscode-app/usr/lib/code/out/vs/workbench/workbench.desktop.main.js:1838:28528)
    at async a (vscode-file://vscode-app/usr/lib/code/out/vs/workbench/workbench.desktop.main.js:1838:27250)
    at async pGe.query (vscode-file://vscode-app/usr/lib/code/out/vs/workbench/workbench.desktop.main.js:1838:27538)
    at async rat.queryGallery (vscode-file://vscode-app/usr/lib/code/out/vs/workbench/workbench.desktop.main.js:2514:14491)
    at async Promise.all (index 0)
    at async XWs.Pc (vscode-file://vscode-app/usr/lib/code/out/vs/workbench/workbench.desktop.main.js:2306:22383)
    at async XWs.zc (vscode-file://vscode-app/usr/lib/code/out/vs/workbench/workbench.desktop.main.js:2306:14306)
    at async vscode-file://vscode-app/usr/lib/code/out/vs/workbench/workbench.desktop.main.js:2306:12602
