2025-02-23 22:45:46.817 [info] Started local extension host with pid 25519.
2025-02-23 22:45:46.977 [error] Extension 'ms-python.debugpy CANNOT USE these API proposals 'portsAttributes, debugVisualization, contribViewsWelcome'. You MUST start in extension development mode or use the --enable-proposed-api command line flag
2025-02-23 22:45:46.977 [error] Extension 'ms-python.python CANNOT USE these API proposals 'contribEditorContentMenu, quickPickSortByLabel, testObserver, quickPickItemTooltip, terminalDataWriteEvent, terminalExecuteCommandEvent, codeActionAI, notebookReplDocument, notebookVariableProvider'. You MUST start in extension development mode or use the --enable-proposed-api command line flag
2025-02-23 22:45:46.996 [error] [ms-python.python]: editor/content is a proposed menu identifier. It requires 'package.json#enabledApiProposals: ["contribEditorContentMenu"]' and is only available when running out of dev or with the following command line switch: --enable-proposed-api ms-python.python
2025-02-23 22:45:48.588 [error] An unknown error occurred. Please consult the log for more details.
2025-02-23 22:45:49.282 [error] Error while getting the latest version for the extension kevinrose.vsc-python-indent. Cannot read properties of undefined (reading 'replace')
2025-02-23 22:45:49.283 [error] Error while getting the latest version for the extension ms-python.debugpy. Cannot read properties of undefined (reading 'replace')
2025-02-23 22:45:49.283 [error] Error while getting the latest version for the extension ms-python.python. Cannot read properties of undefined (reading 'replace')
2025-02-23 22:45:49.498 [info] [perf] Render performance baseline is 20ms
2025-02-23 22:45:58.635 [info] Started local extension host with pid 25666.
2025-02-23 22:45:58.767 [error] Extension 'ms-python.debugpy CANNOT USE these API proposals 'portsAttributes, debugVisualization, contribViewsWelcome'. You MUST start in extension development mode or use the --enable-proposed-api command line flag
2025-02-23 22:45:58.768 [error] Extension 'ms-python.python CANNOT USE these API proposals 'contribEditorContentMenu, quickPickSortByLabel, testObserver, quickPickItemTooltip, terminalDataWriteEvent, terminalExecuteCommandEvent, codeActionAI, notebookReplDocument, notebookVariableProvider'. You MUST start in extension development mode or use the --enable-proposed-api command line flag
2025-02-23 22:45:58.775 [error] [ms-python.python]: editor/content is a proposed menu identifier. It requires 'package.json#enabledApiProposals: ["contribEditorContentMenu"]' and is only available when running out of dev or with the following command line switch: --enable-proposed-api ms-python.python
2025-02-23 22:46:01.095 [error] Error while getting the latest version for the extension kevinrose.vsc-python-indent. Cannot read properties of undefined (reading 'replace')
2025-02-23 22:46:01.095 [error] Error while getting the latest version for the extension ms-python.debugpy. Cannot read properties of undefined (reading 'replace')
2025-02-23 22:46:01.095 [error] Error while getting the latest version for the extension ms-python.python. Cannot read properties of undefined (reading 'replace')
2025-02-23 22:46:01.233 [info] [perf] Render performance baseline is 20ms
2025-02-23 22:46:01.913 [error] Extension 'ms-python.debugpy CANNOT USE these API proposals 'portsAttributes, debugVisualization, contribViewsWelcome'. You MUST start in extension development mode or use the --enable-proposed-api command line flag
2025-02-23 22:46:01.917 [error] [ms-python.python]: editor/content is a proposed menu identifier. It requires 'package.json#enabledApiProposals: ["contribEditorContentMenu"]' and is only available when running out of dev or with the following command line switch: --enable-proposed-api ms-python.python
2025-02-23 22:46:07.802 [error] An unknown error occurred. Please consult the log for more details.
2025-02-23 22:46:31.279 [error] [File Watcher] Unexpected error: inotify_add_watch on '/home/kh/hyprcrow/.config/Code - OSS/User/workspaceStorage/1740304776318' failed: No existe el fichero o el directorio (EUNKNOWN) (path: /home/kh/hyprcrow)
2025-02-23 22:46:31.279 [error] [File Watcher (universal)] inotify_add_watch on '/home/kh/hyprcrow/.config/Code - OSS/User/workspaceStorage/1740304776318' failed: No existe el fichero o el directorio
2025-02-23 22:51:11.694 [error] UnboundLocalError: cannot access local variable 'end_index' where it is not associated with a value: Error: UnboundLocalError: cannot access local variable 'end_index' where it is not associated with a value
	at ae (/home/kh/.vscode-oss/extensions/ms-python.python-2025.0.0-universal/out/client/extension.js:2:1973990)
	at oe (/home/kh/.vscode-oss/extensions/ms-python.python-2025.0.0-universal/out/client/extension.js:2:1971950)
	at Immediate.<anonymous> (/home/kh/.vscode-oss/extensions/ms-python.python-2025.0.0-universal/out/client/extension.js:2:1968244)
	at process.processImmediate (node:internal/timers:483:21)
2025-02-23 23:04:20.660 [error] UnboundLocalError: cannot access local variable 'end_index' where it is not associated with a value: Error: UnboundLocalError: cannot access local variable 'end_index' where it is not associated with a value
	at ae (/home/kh/.vscode-oss/extensions/ms-python.python-2025.0.0-universal/out/client/extension.js:2:1973990)
	at oe (/home/kh/.vscode-oss/extensions/ms-python.python-2025.0.0-universal/out/client/extension.js:2:1971950)
	at Immediate.<anonymous> (/home/kh/.vscode-oss/extensions/ms-python.python-2025.0.0-universal/out/client/extension.js:2:1968244)
	at process.processImmediate (node:internal/timers:483:21)
