2025-04-23 10:58:44.646 [info] [main] Log level: Info
2025-04-23 10:58:44.646 [info] [main] Validating found git in: "git"
2025-04-23 10:58:44.646 [info] [main] Using git "2.49.0" from "git"
2025-04-23 10:58:44.646 [info] [Model][doInitialScan] Initial repository scan started
2025-04-23 10:58:44.646 [info] > git rev-parse --show-toplevel [7ms]
2025-04-23 10:58:44.646 [info] fatal: not a git repository (or any parent up to mount point /)
Stopping at filesystem boundary (GIT_DISCOVERY_ACROSS_FILESYSTEM not set).
2025-04-23 10:58:44.646 [info] > git rev-parse --show-toplevel [1ms]
2025-04-23 10:58:44.646 [info] fatal: not a git repository (or any parent up to mount point /)
Stopping at filesystem boundary (GIT_DISCOVERY_ACROSS_FILESYSTEM not set).
2025-04-23 10:58:44.669 [info] > git rev-parse --show-toplevel [19ms]
2025-04-23 10:58:44.669 [info] fatal: not a git repository (or any parent up to mount point /)
Stopping at filesystem boundary (GIT_DISCOVERY_ACROSS_FILESYSTEM not set).
2025-04-23 10:58:44.675 [info] > git rev-parse --show-toplevel [2ms]
2025-04-23 10:58:44.675 [info] fatal: not a git repository (or any parent up to mount point /)
Stopping at filesystem boundary (GIT_DISCOVERY_ACROSS_FILESYSTEM not set).
2025-04-23 10:58:44.675 [info] [Model][doInitialScan] Initial repository scan completed - repositories (0), closed repositories (0), parent repositories (0), unsafe repositories (0)
2025-04-23 10:58:45.318 [info] > git rev-parse --show-toplevel [1ms]
2025-04-23 10:58:45.318 [info] fatal: not a git repository (or any parent up to mount point /)
Stopping at filesystem boundary (GIT_DISCOVERY_ACROSS_FILESYSTEM not set).
2025-04-23 10:58:45.939 [info] > git rev-parse --show-toplevel [1ms]
2025-04-23 10:58:45.939 [info] fatal: not a git repository (or any parent up to mount point /)
Stopping at filesystem boundary (GIT_DISCOVERY_ACROSS_FILESYSTEM not set).
2025-04-23 10:59:33.556 [info] > git rev-parse --show-toplevel [1ms]
2025-04-23 10:59:33.556 [info] fatal: not a git repository (or any parent up to mount point /)
Stopping at filesystem boundary (GIT_DISCOVERY_ACROSS_FILESYSTEM not set).
2025-04-23 11:38:23.643 [info] > git rev-parse --show-toplevel [2ms]
2025-04-23 11:38:23.643 [info] fatal: not a git repository (or any parent up to mount point /)
Stopping at filesystem boundary (GIT_DISCOVERY_ACROSS_FILESYSTEM not set).
2025-04-23 11:38:44.893 [info] > git rev-parse --show-toplevel [1ms]
2025-04-23 11:38:44.893 [info] fatal: not a git repository (or any parent up to mount point /)
Stopping at filesystem boundary (GIT_DISCOVERY_ACROSS_FILESYSTEM not set).
