2025-05-06 12:11:09.099 [warning] Dir "/home/kh/.config/ignis/.pixi/envs" is not watchable (directory does not exist)
2025-05-06 12:11:09.099 [error] Unable to check if shell integration is active [Error: Extension 'ms-python.python' CANNOT use API proposal: terminalDataWriteEvent.
Its package.json#enabledApiProposals-property declares:  but NOT terminalDataWriteEvent.
 The missing proposal MUST be added and you must start in extension development mode or use the following command line switch: --enable-proposed-api ms-python.python
	at R (file:///usr/lib/code/out/vs/workbench/api/node/extensionHostProcess.js:105:19265)
	at a.onDidWriteTerminalData (file:///usr/lib/code/out/vs/workbench/api/node/extensionHostProcess.js:173:39305)
	at new v (/home/kh/.vscode-oss/extensions/ms-python.python-2025.4.0-universal/out/client/extension.js:2:878107)
	at ge (/home/kh/.vscode-oss/extensions/ms-python.python-2025.4.0-universal/out/client/extension.js:2:1684812)
	at /home/kh/.vscode-oss/extensions/ms-python.python-2025.4.0-universal/out/client/extension.js:2:1688176
	at /home/kh/.vscode-oss/extensions/ms-python.python-2025.4.0-universal/out/client/extension.js:2:1688204
	at Se (/home/kh/.vscode-oss/extensions/ms-python.python-2025.4.0-universal/out/client/extension.js:2:1688271)
	at /home/kh/.vscode-oss/extensions/ms-python.python-2025.4.0-universal/out/client/extension.js:2:1688751
	at we (/home/kh/.vscode-oss/extensions/ms-python.python-2025.4.0-universal/out/client/extension.js:2:1688692)
	at Pe (/home/kh/.vscode-oss/extensions/ms-python.python-2025.4.0-universal/out/client/extension.js:2:1688726)
	at /home/kh/.vscode-oss/extensions/ms-python.python-2025.4.0-universal/out/client/extension.js:2:1685965
	at /home/kh/.vscode-oss/extensions/ms-python.python-2025.4.0-universal/out/client/extension.js:2:1687570
	at Array.reduce (<anonymous>)
	at /home/kh/.vscode-oss/extensions/ms-python.python-2025.4.0-universal/out/client/extension.js:2:1687542
	at /home/kh/.vscode-oss/extensions/ms-python.python-2025.4.0-universal/out/client/extension.js:2:1687824
	at /home/kh/.vscode-oss/extensions/ms-python.python-2025.4.0-universal/out/client/extension.js:2:1688204
	at Se (/home/kh/.vscode-oss/extensions/ms-python.python-2025.4.0-universal/out/client/extension.js:2:1688271)
	at /home/kh/.vscode-oss/extensions/ms-python.python-2025.4.0-universal/out/client/extension.js:2:1688751
	at we (/home/kh/.vscode-oss/extensions/ms-python.python-2025.4.0-universal/out/client/extension.js:2:1688692)
	at Pe (/home/kh/.vscode-oss/extensions/ms-python.python-2025.4.0-universal/out/client/extension.js:2:1688726)
	at /home/kh/.vscode-oss/extensions/ms-python.python-2025.4.0-universal/out/client/extension.js:2:1685965
	at /home/kh/.vscode-oss/extensions/ms-python.python-2025.4.0-universal/out/client/extension.js:2:1715635
	at /home/kh/.vscode-oss/extensions/ms-python.python-2025.4.0-universal/out/client/extension.js:2:1715656
	at e._get (/home/kh/.vscode-oss/extensions/ms-python.python-2025.4.0-universal/out/client/extension.js:2:1714669)
	at e._getButThrowIfAsync (/home/kh/.vscode-oss/extensions/ms-python.python-2025.4.0-universal/out/client/extension.js:2:1714729)
	at e.get (/home/kh/.vscode-oss/extensions/ms-python.python-2025.4.0-universal/out/client/extension.js:2:1710438)
	at e.dynamicValue (/home/kh/.vscode-oss/extensions/ms-python.python-2025.4.0-universal/out/client/extension.js:2:1700171)
	at /home/kh/.vscode-oss/extensions/ms-python.python-2025.4.0-universal/out/client/extension.js:2:1686348
	at Ee (/home/kh/.vscode-oss/extensions/ms-python.python-2025.4.0-universal/out/client/extension.js:2:1686604)
	at Se (/home/kh/.vscode-oss/extensions/ms-python.python-2025.4.0-universal/out/client/extension.js:2:1688320)
	at /home/kh/.vscode-oss/extensions/ms-python.python-2025.4.0-universal/out/client/extension.js:2:1688751
	at we (/home/kh/.vscode-oss/extensions/ms-python.python-2025.4.0-universal/out/client/extension.js:2:1688692)
	at Pe (/home/kh/.vscode-oss/extensions/ms-python.python-2025.4.0-universal/out/client/extension.js:2:1688726)
	at /home/kh/.vscode-oss/extensions/ms-python.python-2025.4.0-universal/out/client/extension.js:2:1685965
	at /home/kh/.vscode-oss/extensions/ms-python.python-2025.4.0-universal/out/client/extension.js:2:1685899
	at Array.map (<anonymous>)
	at /home/kh/.vscode-oss/extensions/ms-python.python-2025.4.0-universal/out/client/extension.js:2:1685870
	at /home/kh/.vscode-oss/extensions/ms-python.python-2025.4.0-universal/out/client/extension.js:2:1687570
	at Array.reduce (<anonymous>)
	at /home/kh/.vscode-oss/extensions/ms-python.python-2025.4.0-universal/out/client/extension.js:2:1687542
	at /home/kh/.vscode-oss/extensions/ms-python.python-2025.4.0-universal/out/client/extension.js:2:1687824
	at /home/kh/.vscode-oss/extensions/ms-python.python-2025.4.0-universal/out/client/extension.js:2:1688204
	at Se (/home/kh/.vscode-oss/extensions/ms-python.python-2025.4.0-universal/out/client/extension.js:2:1688271)
	at /home/kh/.vscode-oss/extensions/ms-python.python-2025.4.0-universal/out/client/extension.js:2:1688751
	at we (/home/kh/.vscode-oss/extensions/ms-python.python-2025.4.0-universal/out/client/extension.js:2:1688692)
	at Pe (/home/kh/.vscode-oss/extensions/ms-python.python-2025.4.0-universal/out/client/extension.js:2:1688726)
	at /home/kh/.vscode-oss/extensions/ms-python.python-2025.4.0-universal/out/client/extension.js:2:1685965
	at /home/kh/.vscode-oss/extensions/ms-python.python-2025.4.0-universal/out/client/extension.js:2:1715635
	at /home/kh/.vscode-oss/extensions/ms-python.python-2025.4.0-universal/out/client/extension.js:2:1715656
	at e._get (/home/kh/.vscode-oss/extensions/ms-python.python-2025.4.0-universal/out/client/extension.js:2:1714669)
	at e._getButThrowIfAsync (/home/kh/.vscode-oss/extensions/ms-python.python-2025.4.0-universal/out/client/extension.js:2:1714729)
	at e.get (/home/kh/.vscode-oss/extensions/ms-python.python-2025.4.0-universal/out/client/extension.js:2:1710438)
	at a.get (/home/kh/.vscode-oss/extensions/ms-python.python-2025.4.0-universal/out/client/extension.js:2:536740)
	at /home/kh/.vscode-oss/extensions/ms-python.python-2025.4.0-universal/out/client/extension.js:2:451577
	at async t.activateComponents (/home/kh/.vscode-oss/extensions/ms-python.python-2025.4.0-universal/out/client/extension.js:2:449857)
	at async /home/kh/.vscode-oss/extensions/ms-python.python-2025.4.0-universal/out/client/extension.js:2:2642626
	at async e (/home/kh/.vscode-oss/extensions/ms-python.python-2025.4.0-universal/out/client/extension.js:2:2642158)
	at async cw.n (file:///usr/lib/code/out/vs/workbench/api/node/extensionHostProcess.js:111:13359)
	at async cw.m (file:///usr/lib/code/out/vs/workbench/api/node/extensionHostProcess.js:111:13322)
	at async cw.l (file:///usr/lib/code/out/vs/workbench/api/node/extensionHostProcess.js:111:12778)]
2025-05-06 12:11:09.099 [info] Starting Environment refresh
2025-05-06 12:11:09.099 [info] > hatch env show --json
2025-05-06 12:11:09.099 [info] cwd: .
2025-05-06 12:11:09.099 [info] Starting Environment refresh
2025-05-06 12:11:09.114 [info] > /bin/python -I ~/.vscode-oss/extensions/ms-python.python-2025.4.0-universal/python_files/get_output_via_markers.py ~/.vscode-oss/extensions/ms-python.python-2025.4.0-universal/python_files/interpreterInfo.py
2025-05-06 12:11:09.114 [info] Environments refresh paths discovered: 78 milliseconds
2025-05-06 12:11:09.114 [info] Environments refresh paths discovered: 17 milliseconds
2025-05-06 12:11:09.143 [info] Environments refresh finished (event): 107 milliseconds
2025-05-06 12:11:09.143 [info] Environments refresh finished (event): 46 milliseconds
2025-05-06 12:11:09.144 [info] Python interpreter path: /bin/python
2025-05-06 12:11:09.146 [info] Environment refresh took 111 milliseconds
2025-05-06 12:11:09.146 [info] Environment refresh took 49 milliseconds
2025-05-06 12:11:09.151 [info] > pyenv which python
2025-05-06 12:11:09.151 [info] cwd: .
2025-05-06 12:11:09.160 [error] [
  'Failed to activate a workspace, Class name = v, completed in 125ms, has a falsy return value, Arg 1: <Uri:/home/kh/.config/ignis>, Arg 2: {"started":1746555069006}, Return Value: undefined',
  [Error: Extension 'ms-python.python' CANNOT use API proposal: testObserver.
  Its package.json#enabledApiProposals-property declares:  but NOT testObserver.
   The missing proposal MUST be added and you must start in extension development mode or use the following command line switch: --enable-proposed-api ms-python.python
  	at R (file:///usr/lib/code/out/vs/workbench/api/node/extensionHostProcess.js:105:19265)
  	at get testResults (file:///usr/lib/code/out/vs/workbench/api/node/extensionHostProcess.js:173:32518)
  	at C.activate (/home/kh/.vscode-oss/extensions/ms-python.python-2025.4.0-universal/out/client/extension.js:2:908659)
  	at /home/kh/.vscode-oss/extensions/ms-python.python-2025.4.0-universal/out/client/extension.js:2:2457
  	at Array.map (<anonymous>)
  	at v.activateWorkspace (/home/kh/.vscode-oss/extensions/ms-python.python-2025.4.0-universal/out/client/extension.js:2:2447)]
]
2025-05-06 12:11:09.160 [error] Failure during activation. [Error: Extension 'ms-python.python' CANNOT use API proposal: testObserver.
Its package.json#enabledApiProposals-property declares:  but NOT testObserver.
 The missing proposal MUST be added and you must start in extension development mode or use the following command line switch: --enable-proposed-api ms-python.python
	at R (file:///usr/lib/code/out/vs/workbench/api/node/extensionHostProcess.js:105:19265)
	at get testResults (file:///usr/lib/code/out/vs/workbench/api/node/extensionHostProcess.js:173:32518)
	at C.activate (/home/kh/.vscode-oss/extensions/ms-python.python-2025.4.0-universal/out/client/extension.js:2:908659)
	at /home/kh/.vscode-oss/extensions/ms-python.python-2025.4.0-universal/out/client/extension.js:2:2457
	at Array.map (<anonymous>)
	at v.activateWorkspace (/home/kh/.vscode-oss/extensions/ms-python.python-2025.4.0-universal/out/client/extension.js:2:2447)]
2025-05-06 12:11:09.160 [error] sendStartupTelemetry() failed. [Error: Extension 'ms-python.python' CANNOT use API proposal: testObserver.
Its package.json#enabledApiProposals-property declares:  but NOT testObserver.
 The missing proposal MUST be added and you must start in extension development mode or use the following command line switch: --enable-proposed-api ms-python.python
	at R (file:///usr/lib/code/out/vs/workbench/api/node/extensionHostProcess.js:105:19265)
	at get testResults (file:///usr/lib/code/out/vs/workbench/api/node/extensionHostProcess.js:173:32518)
	at C.activate (/home/kh/.vscode-oss/extensions/ms-python.python-2025.4.0-universal/out/client/extension.js:2:908659)
	at /home/kh/.vscode-oss/extensions/ms-python.python-2025.4.0-universal/out/client/extension.js:2:2457
	at Array.map (<anonymous>)
	at v.activateWorkspace (/home/kh/.vscode-oss/extensions/ms-python.python-2025.4.0-universal/out/client/extension.js:2:2447)]
2025-05-06 12:11:09.948 [info] Starting Jedi language server for ignis.
2025-05-06 12:11:12.962 [info] Send text to terminal: /bin/python /home/kh/.config/ignis/config.py
