2025-04-19 04:03:42.661 [info] [main] Log level: Info
2025-04-19 04:03:42.661 [info] [main] Validating found git in: "git"
2025-04-19 04:03:42.661 [info] [main] Using git "2.49.0" from "git"
2025-04-19 04:03:42.661 [info] [Model][doInitialScan] Initial repository scan started
2025-04-19 04:03:42.661 [info] > git rev-parse --show-toplevel [5ms]
2025-04-19 04:03:42.661 [info] > git rev-parse --git-dir --git-common-dir [3ms]
2025-04-19 04:03:42.661 [info] [Model][openRepository] Opened repository: /home/kh/hyprcrow
2025-04-19 04:03:42.662 [info] > git config --get commit.template [6ms]
2025-04-19 04:03:42.663 [info] > git rev-parse --show-toplevel [3ms]
2025-04-19 04:03:42.672 [info] > git for-each-ref --format=%(refname)%00%(upstream:short)%00%(objectname)%00%(upstream:track)%00%(upstream:remotename)%00%(upstream:remoteref) refs/heads/main refs/remotes/main [5ms]
2025-04-19 04:03:42.677 [warning] [Git][revParse] Unable to read file: ENOENT: no such file or directory, open '/home/kh/hyprcrow/.git/refs/remotes/origin/main'
2025-04-19 04:03:42.678 [info] > git rev-parse --show-toplevel [6ms]
2025-04-19 04:03:42.682 [info] > git rev-parse refs/remotes/origin/main [5ms]
2025-04-19 04:03:42.692 [info] > git rev-parse --show-toplevel [10ms]
2025-04-19 04:03:42.697 [info] > git for-each-ref --sort -committerdate --format %(refname)%00%(objectname)%00%(*objectname) [6ms]
2025-04-19 04:03:42.698 [info] > git rev-parse --show-toplevel [2ms]
2025-04-19 04:03:42.705 [info] > git rev-parse --show-toplevel [1ms]
2025-04-19 04:03:42.709 [info] > git rev-parse --show-toplevel [0ms]
2025-04-19 04:03:42.714 [info] > git rev-parse --show-toplevel [1ms]
2025-04-19 04:03:42.715 [info] [Model][doInitialScan] Initial repository scan completed - repositories (1), closed repositories (0), parent repositories (0), unsafe repositories (0)
2025-04-19 04:03:42.801 [info] > git status -z -uall [115ms]
2025-04-19 04:03:42.828 [info] > git for-each-ref --format=%(refname)%00%(upstream:short)%00%(objectname)%00%(upstream:track)%00%(upstream:remotename)%00%(upstream:remoteref) refs/heads/main refs/remotes/main [7ms]
2025-04-19 04:03:42.835 [info] > git config --get --local branch.main.vscode-merge-base [3ms]
2025-04-19 04:03:42.839 [info] > git config --get commit.template [11ms]
2025-04-19 04:03:42.844 [info] > git for-each-ref --format=%(refname)%00%(upstream:short)%00%(objectname)%00%(upstream:track)%00%(upstream:remotename)%00%(upstream:remoteref) refs/heads/origin/main refs/remotes/origin/main [5ms]
2025-04-19 04:03:42.850 [info] > git for-each-ref --format=%(refname)%00%(upstream:short)%00%(objectname)%00%(upstream:track)%00%(upstream:remotename)%00%(upstream:remoteref) refs/heads/main refs/remotes/main [6ms]
2025-04-19 04:03:42.854 [warning] [Git][revParse] Unable to read file: ENOENT: no such file or directory, open '/home/kh/hyprcrow/.git/refs/remotes/origin/main'
2025-04-19 04:03:42.854 [info] > git merge-base refs/heads/main refs/remotes/origin/main [5ms]
2025-04-19 04:03:42.859 [info] > git rev-parse refs/remotes/origin/main [5ms]
2025-04-19 04:03:42.868 [info] > git diff --name-status -z --diff-filter=ADMR 3337d2b34eb8dbb739902bcf4d3f0f14e9bb856f...refs/remotes/origin/main [9ms]
2025-04-19 04:03:42.868 [info] > git for-each-ref --sort -committerdate --format %(refname)%00%(objectname)%00%(*objectname) [1ms]
2025-04-19 04:03:42.981 [info] > git status -z -uall [118ms]
2025-04-19 04:03:43.243 [info] > git check-ignore -v -z --stdin [64ms]
2025-04-19 04:03:43.317 [info] > git show --textconv :.config/swaync/config.json [7ms]
2025-04-19 04:03:43.322 [info] > git ls-files --stage -- .config/swaync/config.json [6ms]
2025-04-19 04:03:43.328 [info] > git cat-file -s beca4ef53eb6fa29cb7b900818218ce95cbc2c09 [1ms]
2025-04-19 04:03:55.500 [info] > git config --get commit.template [5ms]
2025-04-19 04:03:55.501 [info] > git for-each-ref --format=%(refname)%00%(upstream:short)%00%(objectname)%00%(upstream:track)%00%(upstream:remotename)%00%(upstream:remoteref) refs/heads/main refs/remotes/main [1ms]
2025-04-19 04:03:55.505 [warning] [Git][revParse] Unable to read file: ENOENT: no such file or directory, open '/home/kh/hyprcrow/.git/refs/remotes/origin/main'
2025-04-19 04:03:55.506 [info] > git rev-parse refs/remotes/origin/main [1ms]
2025-04-19 04:03:55.515 [info] > git for-each-ref --sort -committerdate --format %(refname)%00%(objectname)%00%(*objectname) [1ms]
2025-04-19 04:03:55.621 [info] > git status -z -uall [111ms]
2025-04-19 04:04:00.638 [info] > git config --get commit.template [5ms]
2025-04-19 04:04:00.639 [info] > git for-each-ref --format=%(refname)%00%(upstream:short)%00%(objectname)%00%(upstream:track)%00%(upstream:remotename)%00%(upstream:remoteref) refs/heads/main refs/remotes/main [1ms]
2025-04-19 04:04:00.643 [warning] [Git][revParse] Unable to read file: ENOENT: no such file or directory, open '/home/kh/hyprcrow/.git/refs/remotes/origin/main'
2025-04-19 04:04:00.644 [info] > git rev-parse refs/remotes/origin/main [1ms]
2025-04-19 04:04:00.654 [info] > git for-each-ref --sort -committerdate --format %(refname)%00%(objectname)%00%(*objectname) [1ms]
2025-04-19 04:04:00.758 [info] > git status -z -uall [110ms]
2025-04-19 04:04:05.775 [info] > git config --get commit.template [5ms]
2025-04-19 04:04:05.776 [info] > git for-each-ref --format=%(refname)%00%(upstream:short)%00%(objectname)%00%(upstream:track)%00%(upstream:remotename)%00%(upstream:remoteref) refs/heads/main refs/remotes/main [1ms]
2025-04-19 04:04:05.780 [warning] [Git][revParse] Unable to read file: ENOENT: no such file or directory, open '/home/kh/hyprcrow/.git/refs/remotes/origin/main'
2025-04-19 04:04:05.781 [info] > git rev-parse refs/remotes/origin/main [1ms]
2025-04-19 04:04:05.791 [info] > git for-each-ref --sort -committerdate --format %(refname)%00%(objectname)%00%(*objectname) [1ms]
2025-04-19 04:04:05.896 [info] > git status -z -uall [111ms]
2025-04-19 04:04:10.916 [info] > git config --get commit.template [5ms]
2025-04-19 04:04:10.917 [info] > git for-each-ref --format=%(refname)%00%(upstream:short)%00%(objectname)%00%(upstream:track)%00%(upstream:remotename)%00%(upstream:remoteref) refs/heads/main refs/remotes/main [1ms]
2025-04-19 04:04:10.921 [warning] [Git][revParse] Unable to read file: ENOENT: no such file or directory, open '/home/kh/hyprcrow/.git/refs/remotes/origin/main'
2025-04-19 04:04:10.922 [info] > git rev-parse refs/remotes/origin/main [1ms]
2025-04-19 04:04:10.932 [info] > git for-each-ref --sort -committerdate --format %(refname)%00%(objectname)%00%(*objectname) [2ms]
2025-04-19 04:04:11.034 [info] > git status -z -uall [108ms]
2025-04-19 04:04:16.053 [info] > git config --get commit.template [5ms]
2025-04-19 04:04:16.054 [info] > git for-each-ref --format=%(refname)%00%(upstream:short)%00%(objectname)%00%(upstream:track)%00%(upstream:remotename)%00%(upstream:remoteref) refs/heads/main refs/remotes/main [1ms]
2025-04-19 04:04:16.058 [warning] [Git][revParse] Unable to read file: ENOENT: no such file or directory, open '/home/kh/hyprcrow/.git/refs/remotes/origin/main'
2025-04-19 04:04:16.059 [info] > git rev-parse refs/remotes/origin/main [1ms]
2025-04-19 04:04:16.068 [info] > git for-each-ref --sort -committerdate --format %(refname)%00%(objectname)%00%(*objectname) [1ms]
2025-04-19 04:04:16.173 [info] > git status -z -uall [110ms]
2025-04-19 04:04:21.189 [info] > git config --get commit.template [6ms]
2025-04-19 04:04:21.189 [info] > git for-each-ref --format=%(refname)%00%(upstream:short)%00%(objectname)%00%(upstream:track)%00%(upstream:remotename)%00%(upstream:remoteref) refs/heads/main refs/remotes/main [1ms]
2025-04-19 04:04:21.194 [warning] [Git][revParse] Unable to read file: ENOENT: no such file or directory, open '/home/kh/hyprcrow/.git/refs/remotes/origin/main'
2025-04-19 04:04:21.195 [info] > git rev-parse refs/remotes/origin/main [0ms]
2025-04-19 04:04:21.204 [info] > git for-each-ref --sort -committerdate --format %(refname)%00%(objectname)%00%(*objectname) [1ms]
2025-04-19 04:04:21.310 [info] > git status -z -uall [111ms]
2025-04-19 04:04:26.324 [info] > git config --get commit.template [4ms]
2025-04-19 04:04:26.325 [info] > git for-each-ref --format=%(refname)%00%(upstream:short)%00%(objectname)%00%(upstream:track)%00%(upstream:remotename)%00%(upstream:remoteref) refs/heads/main refs/remotes/main [1ms]
2025-04-19 04:04:26.329 [warning] [Git][revParse] Unable to read file: ENOENT: no such file or directory, open '/home/kh/hyprcrow/.git/refs/remotes/origin/main'
2025-04-19 04:04:26.330 [info] > git rev-parse refs/remotes/origin/main [1ms]
2025-04-19 04:04:26.340 [info] > git for-each-ref --sort -committerdate --format %(refname)%00%(objectname)%00%(*objectname) [1ms]
2025-04-19 04:04:26.446 [info] > git status -z -uall [112ms]
2025-04-19 04:04:30.009 [info] > git check-ignore -v -z --stdin [8ms]
2025-04-19 04:04:31.462 [info] > git config --get commit.template [5ms]
2025-04-19 04:04:31.463 [info] > git for-each-ref --format=%(refname)%00%(upstream:short)%00%(objectname)%00%(upstream:track)%00%(upstream:remotename)%00%(upstream:remoteref) refs/heads/main refs/remotes/main [1ms]
2025-04-19 04:04:31.467 [warning] [Git][revParse] Unable to read file: ENOENT: no such file or directory, open '/home/kh/hyprcrow/.git/refs/remotes/origin/main'
2025-04-19 04:04:31.468 [info] > git rev-parse refs/remotes/origin/main [1ms]
2025-04-19 04:04:31.478 [info] > git for-each-ref --sort -committerdate --format %(refname)%00%(objectname)%00%(*objectname) [1ms]
2025-04-19 04:04:31.584 [info] > git status -z -uall [112ms]
2025-04-19 04:04:36.599 [info] > git config --get commit.template [5ms]
2025-04-19 04:04:36.600 [info] > git for-each-ref --format=%(refname)%00%(upstream:short)%00%(objectname)%00%(upstream:track)%00%(upstream:remotename)%00%(upstream:remoteref) refs/heads/main refs/remotes/main [2ms]
2025-04-19 04:04:36.604 [warning] [Git][revParse] Unable to read file: ENOENT: no such file or directory, open '/home/kh/hyprcrow/.git/refs/remotes/origin/main'
2025-04-19 04:04:36.605 [info] > git rev-parse refs/remotes/origin/main [1ms]
2025-04-19 04:04:36.615 [info] > git for-each-ref --sort -committerdate --format %(refname)%00%(objectname)%00%(*objectname) [1ms]
2025-04-19 04:04:36.717 [info] > git status -z -uall [108ms]
2025-04-19 04:04:41.732 [info] > git config --get commit.template [5ms]
2025-04-19 04:04:41.733 [info] > git for-each-ref --format=%(refname)%00%(upstream:short)%00%(objectname)%00%(upstream:track)%00%(upstream:remotename)%00%(upstream:remoteref) refs/heads/main refs/remotes/main [1ms]
2025-04-19 04:04:41.737 [warning] [Git][revParse] Unable to read file: ENOENT: no such file or directory, open '/home/kh/hyprcrow/.git/refs/remotes/origin/main'
2025-04-19 04:04:41.738 [info] > git rev-parse refs/remotes/origin/main [1ms]
2025-04-19 04:04:41.748 [info] > git for-each-ref --sort -committerdate --format %(refname)%00%(objectname)%00%(*objectname) [2ms]
2025-04-19 04:04:41.855 [info] > git status -z -uall [114ms]
2025-04-19 04:04:46.872 [info] > git config --get commit.template [5ms]
2025-04-19 04:04:46.873 [info] > git for-each-ref --format=%(refname)%00%(upstream:short)%00%(objectname)%00%(upstream:track)%00%(upstream:remotename)%00%(upstream:remoteref) refs/heads/main refs/remotes/main [1ms]
2025-04-19 04:04:46.877 [warning] [Git][revParse] Unable to read file: ENOENT: no such file or directory, open '/home/kh/hyprcrow/.git/refs/remotes/origin/main'
2025-04-19 04:04:46.878 [info] > git rev-parse refs/remotes/origin/main [1ms]
2025-04-19 04:04:46.888 [info] > git for-each-ref --sort -committerdate --format %(refname)%00%(objectname)%00%(*objectname) [2ms]
2025-04-19 04:04:46.992 [info] > git status -z -uall [110ms]
2025-04-19 04:04:52.008 [info] > git config --get commit.template [6ms]
2025-04-19 04:04:52.008 [info] > git for-each-ref --format=%(refname)%00%(upstream:short)%00%(objectname)%00%(upstream:track)%00%(upstream:remotename)%00%(upstream:remoteref) refs/heads/main refs/remotes/main [1ms]
2025-04-19 04:04:52.013 [warning] [Git][revParse] Unable to read file: ENOENT: no such file or directory, open '/home/kh/hyprcrow/.git/refs/remotes/origin/main'
2025-04-19 04:04:52.014 [info] > git rev-parse refs/remotes/origin/main [1ms]
2025-04-19 04:04:52.025 [info] > git for-each-ref --sort -committerdate --format %(refname)%00%(objectname)%00%(*objectname) [2ms]
2025-04-19 04:04:52.128 [info] > git status -z -uall [109ms]
2025-04-19 04:04:57.145 [info] > git config --get commit.template [5ms]
2025-04-19 04:04:57.146 [info] > git for-each-ref --format=%(refname)%00%(upstream:short)%00%(objectname)%00%(upstream:track)%00%(upstream:remotename)%00%(upstream:remoteref) refs/heads/main refs/remotes/main [1ms]
2025-04-19 04:04:57.150 [warning] [Git][revParse] Unable to read file: ENOENT: no such file or directory, open '/home/kh/hyprcrow/.git/refs/remotes/origin/main'
2025-04-19 04:04:57.151 [info] > git rev-parse refs/remotes/origin/main [1ms]
2025-04-19 04:04:57.161 [info] > git for-each-ref --sort -committerdate --format %(refname)%00%(objectname)%00%(*objectname) [2ms]
2025-04-19 04:04:57.267 [info] > git status -z -uall [112ms]
2025-04-19 04:05:02.281 [info] > git config --get commit.template [5ms]
2025-04-19 04:05:02.282 [info] > git for-each-ref --format=%(refname)%00%(upstream:short)%00%(objectname)%00%(upstream:track)%00%(upstream:remotename)%00%(upstream:remoteref) refs/heads/main refs/remotes/main [1ms]
2025-04-19 04:05:02.287 [warning] [Git][revParse] Unable to read file: ENOENT: no such file or directory, open '/home/kh/hyprcrow/.git/refs/remotes/origin/main'
2025-04-19 04:05:02.288 [info] > git rev-parse refs/remotes/origin/main [1ms]
2025-04-19 04:05:02.298 [info] > git for-each-ref --sort -committerdate --format %(refname)%00%(objectname)%00%(*objectname) [1ms]
2025-04-19 04:05:02.408 [info] > git status -z -uall [116ms]
2025-04-19 04:05:03.586 [info] > git show --textconv :.config/swaync/config.json [7ms]
2025-04-19 04:05:03.590 [info] > git ls-files --stage -- .config/swaync/config.json [5ms]
2025-04-19 04:05:03.596 [info] > git cat-file -s beca4ef53eb6fa29cb7b900818218ce95cbc2c09 [1ms]
2025-04-19 04:05:07.423 [info] > git config --get commit.template [5ms]
2025-04-19 04:05:07.424 [info] > git for-each-ref --format=%(refname)%00%(upstream:short)%00%(objectname)%00%(upstream:track)%00%(upstream:remotename)%00%(upstream:remoteref) refs/heads/main refs/remotes/main [1ms]
2025-04-19 04:05:07.428 [warning] [Git][revParse] Unable to read file: ENOENT: no such file or directory, open '/home/kh/hyprcrow/.git/refs/remotes/origin/main'
2025-04-19 04:05:07.429 [info] > git rev-parse refs/remotes/origin/main [1ms]
2025-04-19 04:05:07.438 [info] > git for-each-ref --sort -committerdate --format %(refname)%00%(objectname)%00%(*objectname) [1ms]
2025-04-19 04:05:07.543 [info] > git status -z -uall [110ms]
2025-04-19 04:05:12.560 [info] > git config --get commit.template [5ms]
2025-04-19 04:05:12.561 [info] > git for-each-ref --format=%(refname)%00%(upstream:short)%00%(objectname)%00%(upstream:track)%00%(upstream:remotename)%00%(upstream:remoteref) refs/heads/main refs/remotes/main [1ms]
2025-04-19 04:05:12.565 [warning] [Git][revParse] Unable to read file: ENOENT: no such file or directory, open '/home/kh/hyprcrow/.git/refs/remotes/origin/main'
2025-04-19 04:05:12.566 [info] > git rev-parse refs/remotes/origin/main [1ms]
2025-04-19 04:05:12.575 [info] > git for-each-ref --sort -committerdate --format %(refname)%00%(objectname)%00%(*objectname) [1ms]
2025-04-19 04:05:12.678 [info] > git status -z -uall [108ms]
2025-04-19 04:05:17.693 [info] > git config --get commit.template [6ms]
2025-04-19 04:05:17.694 [info] > git for-each-ref --format=%(refname)%00%(upstream:short)%00%(objectname)%00%(upstream:track)%00%(upstream:remotename)%00%(upstream:remoteref) refs/heads/main refs/remotes/main [2ms]
2025-04-19 04:05:17.698 [warning] [Git][revParse] Unable to read file: ENOENT: no such file or directory, open '/home/kh/hyprcrow/.git/refs/remotes/origin/main'
2025-04-19 04:05:17.699 [info] > git rev-parse refs/remotes/origin/main [1ms]
2025-04-19 04:05:17.710 [info] > git for-each-ref --sort -committerdate --format %(refname)%00%(objectname)%00%(*objectname) [2ms]
2025-04-19 04:05:17.816 [info] > git status -z -uall [112ms]
2025-04-19 04:05:22.832 [info] > git config --get commit.template [5ms]
2025-04-19 04:05:22.833 [info] > git for-each-ref --format=%(refname)%00%(upstream:short)%00%(objectname)%00%(upstream:track)%00%(upstream:remotename)%00%(upstream:remoteref) refs/heads/main refs/remotes/main [1ms]
2025-04-19 04:05:22.837 [warning] [Git][revParse] Unable to read file: ENOENT: no such file or directory, open '/home/kh/hyprcrow/.git/refs/remotes/origin/main'
2025-04-19 04:05:22.838 [info] > git rev-parse refs/remotes/origin/main [1ms]
2025-04-19 04:05:22.848 [info] > git for-each-ref --sort -committerdate --format %(refname)%00%(objectname)%00%(*objectname) [1ms]
2025-04-19 04:05:22.955 [info] > git status -z -uall [113ms]
2025-04-19 04:05:27.969 [info] > git config --get commit.template [5ms]
2025-04-19 04:05:27.970 [info] > git for-each-ref --format=%(refname)%00%(upstream:short)%00%(objectname)%00%(upstream:track)%00%(upstream:remotename)%00%(upstream:remoteref) refs/heads/main refs/remotes/main [1ms]
2025-04-19 04:05:27.975 [warning] [Git][revParse] Unable to read file: ENOENT: no such file or directory, open '/home/kh/hyprcrow/.git/refs/remotes/origin/main'
2025-04-19 04:05:27.976 [info] > git rev-parse refs/remotes/origin/main [1ms]
2025-04-19 04:05:27.985 [info] > git for-each-ref --sort -committerdate --format %(refname)%00%(objectname)%00%(*objectname) [1ms]
2025-04-19 04:05:28.089 [info] > git status -z -uall [109ms]
2025-04-19 04:05:33.102 [info] > git config --get commit.template [5ms]
2025-04-19 04:05:33.103 [info] > git for-each-ref --format=%(refname)%00%(upstream:short)%00%(objectname)%00%(upstream:track)%00%(upstream:remotename)%00%(upstream:remoteref) refs/heads/main refs/remotes/main [1ms]
2025-04-19 04:05:33.107 [warning] [Git][revParse] Unable to read file: ENOENT: no such file or directory, open '/home/kh/hyprcrow/.git/refs/remotes/origin/main'
2025-04-19 04:05:33.108 [info] > git rev-parse refs/remotes/origin/main [1ms]
2025-04-19 04:05:33.119 [info] > git for-each-ref --sort -committerdate --format %(refname)%00%(objectname)%00%(*objectname) [1ms]
2025-04-19 04:05:33.223 [info] > git status -z -uall [111ms]
2025-04-19 04:05:38.237 [info] > git config --get commit.template [4ms]
2025-04-19 04:05:38.238 [info] > git for-each-ref --format=%(refname)%00%(upstream:short)%00%(objectname)%00%(upstream:track)%00%(upstream:remotename)%00%(upstream:remoteref) refs/heads/main refs/remotes/main [1ms]
2025-04-19 04:05:38.242 [warning] [Git][revParse] Unable to read file: ENOENT: no such file or directory, open '/home/kh/hyprcrow/.git/refs/remotes/origin/main'
2025-04-19 04:05:38.243 [info] > git rev-parse refs/remotes/origin/main [1ms]
2025-04-19 04:05:38.252 [info] > git for-each-ref --sort -committerdate --format %(refname)%00%(objectname)%00%(*objectname) [1ms]
2025-04-19 04:05:38.363 [info] > git status -z -uall [116ms]
2025-04-19 04:05:43.377 [info] > git config --get commit.template [5ms]
2025-04-19 04:05:43.377 [info] > git for-each-ref --format=%(refname)%00%(upstream:short)%00%(objectname)%00%(upstream:track)%00%(upstream:remotename)%00%(upstream:remoteref) refs/heads/main refs/remotes/main [1ms]
2025-04-19 04:05:43.382 [warning] [Git][revParse] Unable to read file: ENOENT: no such file or directory, open '/home/kh/hyprcrow/.git/refs/remotes/origin/main'
2025-04-19 04:05:43.382 [info] > git rev-parse refs/remotes/origin/main [1ms]
2025-04-19 04:05:43.392 [info] > git for-each-ref --sort -committerdate --format %(refname)%00%(objectname)%00%(*objectname) [1ms]
2025-04-19 04:05:43.493 [info] > git status -z -uall [107ms]
2025-04-19 04:05:48.506 [info] > git config --get commit.template [4ms]
2025-04-19 04:05:48.507 [info] > git for-each-ref --format=%(refname)%00%(upstream:short)%00%(objectname)%00%(upstream:track)%00%(upstream:remotename)%00%(upstream:remoteref) refs/heads/main refs/remotes/main [1ms]
2025-04-19 04:05:48.512 [warning] [Git][revParse] Unable to read file: ENOENT: no such file or directory, open '/home/kh/hyprcrow/.git/refs/remotes/origin/main'
2025-04-19 04:05:48.512 [info] > git rev-parse refs/remotes/origin/main [0ms]
2025-04-19 04:05:48.523 [info] > git for-each-ref --sort -committerdate --format %(refname)%00%(objectname)%00%(*objectname) [1ms]
2025-04-19 04:05:48.627 [info] > git status -z -uall [110ms]
2025-04-19 04:05:53.641 [info] > git config --get commit.template [5ms]
2025-04-19 04:05:53.642 [info] > git for-each-ref --format=%(refname)%00%(upstream:short)%00%(objectname)%00%(upstream:track)%00%(upstream:remotename)%00%(upstream:remoteref) refs/heads/main refs/remotes/main [1ms]
2025-04-19 04:05:53.646 [warning] [Git][revParse] Unable to read file: ENOENT: no such file or directory, open '/home/kh/hyprcrow/.git/refs/remotes/origin/main'
2025-04-19 04:05:53.647 [info] > git rev-parse refs/remotes/origin/main [1ms]
2025-04-19 04:05:53.657 [info] > git for-each-ref --sort -committerdate --format %(refname)%00%(objectname)%00%(*objectname) [1ms]
2025-04-19 04:05:53.762 [info] > git status -z -uall [111ms]
2025-04-19 04:05:58.776 [info] > git config --get commit.template [6ms]
2025-04-19 04:05:58.777 [info] > git for-each-ref --format=%(refname)%00%(upstream:short)%00%(objectname)%00%(upstream:track)%00%(upstream:remotename)%00%(upstream:remoteref) refs/heads/main refs/remotes/main [2ms]
2025-04-19 04:05:58.781 [warning] [Git][revParse] Unable to read file: ENOENT: no such file or directory, open '/home/kh/hyprcrow/.git/refs/remotes/origin/main'
2025-04-19 04:05:58.782 [info] > git rev-parse refs/remotes/origin/main [1ms]
2025-04-19 04:05:58.792 [info] > git for-each-ref --sort -committerdate --format %(refname)%00%(objectname)%00%(*objectname) [1ms]
2025-04-19 04:05:58.895 [info] > git status -z -uall [109ms]
2025-04-19 04:06:03.912 [info] > git config --get commit.template [6ms]
2025-04-19 04:06:03.913 [info] > git for-each-ref --format=%(refname)%00%(upstream:short)%00%(objectname)%00%(upstream:track)%00%(upstream:remotename)%00%(upstream:remoteref) refs/heads/main refs/remotes/main [1ms]
2025-04-19 04:06:03.918 [warning] [Git][revParse] Unable to read file: ENOENT: no such file or directory, open '/home/kh/hyprcrow/.git/refs/remotes/origin/main'
2025-04-19 04:06:03.919 [info] > git rev-parse refs/remotes/origin/main [1ms]
2025-04-19 04:06:03.933 [info] > git for-each-ref --sort -committerdate --format %(refname)%00%(objectname)%00%(*objectname) [2ms]
2025-04-19 04:06:04.035 [info] > git status -z -uall [110ms]
2025-04-19 04:06:09.052 [info] > git config --get commit.template [7ms]
2025-04-19 04:06:09.053 [info] > git for-each-ref --format=%(refname)%00%(upstream:short)%00%(objectname)%00%(upstream:track)%00%(upstream:remotename)%00%(upstream:remoteref) refs/heads/main refs/remotes/main [1ms]
2025-04-19 04:06:09.059 [warning] [Git][revParse] Unable to read file: ENOENT: no such file or directory, open '/home/kh/hyprcrow/.git/refs/remotes/origin/main'
2025-04-19 04:06:09.059 [info] > git rev-parse refs/remotes/origin/main [0ms]
2025-04-19 04:06:09.073 [info] > git for-each-ref --sort -committerdate --format %(refname)%00%(objectname)%00%(*objectname) [1ms]
2025-04-19 04:06:09.174 [info] > git status -z -uall [109ms]
2025-04-19 04:06:14.194 [info] > git config --get commit.template [7ms]
2025-04-19 04:06:14.194 [info] > git for-each-ref --format=%(refname)%00%(upstream:short)%00%(objectname)%00%(upstream:track)%00%(upstream:remotename)%00%(upstream:remoteref) refs/heads/main refs/remotes/main [1ms]
2025-04-19 04:06:14.200 [warning] [Git][revParse] Unable to read file: ENOENT: no such file or directory, open '/home/kh/hyprcrow/.git/refs/remotes/origin/main'
2025-04-19 04:06:14.201 [info] > git rev-parse refs/remotes/origin/main [1ms]
2025-04-19 04:06:14.215 [info] > git for-each-ref --sort -committerdate --format %(refname)%00%(objectname)%00%(*objectname) [2ms]
2025-04-19 04:06:14.316 [info] > git status -z -uall [109ms]
2025-04-19 04:06:19.342 [info] > git config --get commit.template [7ms]
2025-04-19 04:06:19.342 [info] > git for-each-ref --format=%(refname)%00%(upstream:short)%00%(objectname)%00%(upstream:track)%00%(upstream:remotename)%00%(upstream:remoteref) refs/heads/main refs/remotes/main [1ms]
2025-04-19 04:06:19.348 [warning] [Git][revParse] Unable to read file: ENOENT: no such file or directory, open '/home/kh/hyprcrow/.git/refs/remotes/origin/main'
2025-04-19 04:06:19.349 [info] > git rev-parse refs/remotes/origin/main [1ms]
2025-04-19 04:06:19.365 [info] > git for-each-ref --sort -committerdate --format %(refname)%00%(objectname)%00%(*objectname) [3ms]
2025-04-19 04:06:19.467 [info] > git status -z -uall [113ms]
2025-04-19 04:06:20.579 [info] > git check-ignore -v -z --stdin [8ms]
2025-04-19 04:06:29.714 [info] > git config --get commit.template [7ms]
2025-04-19 04:06:29.716 [info] > git for-each-ref --format=%(refname)%00%(upstream:short)%00%(objectname)%00%(upstream:track)%00%(upstream:remotename)%00%(upstream:remoteref) refs/heads/main refs/remotes/main [2ms]
2025-04-19 04:06:29.722 [warning] [Git][revParse] Unable to read file: ENOENT: no such file or directory, open '/home/kh/hyprcrow/.git/refs/remotes/origin/main'
2025-04-19 04:06:29.723 [info] > git rev-parse refs/remotes/origin/main [1ms]
2025-04-19 04:06:29.736 [info] > git for-each-ref --sort -committerdate --format %(refname)%00%(objectname)%00%(*objectname) [1ms]
2025-04-19 04:06:29.788 [info] > git rev-parse --show-toplevel [1ms]
2025-04-19 04:06:29.788 [info] fatal: not a git repository (or any parent up to mount point /)
Stopping at filesystem boundary (GIT_DISCOVERY_ACROSS_FILESYSTEM not set).
2025-04-19 04:06:29.854 [info] > git status -z -uall [125ms]
2025-04-19 04:06:34.874 [info] > git config --get commit.template [7ms]
2025-04-19 04:06:34.874 [info] > git for-each-ref --format=%(refname)%00%(upstream:short)%00%(objectname)%00%(upstream:track)%00%(upstream:remotename)%00%(upstream:remoteref) refs/heads/main refs/remotes/main [1ms]
2025-04-19 04:06:34.880 [warning] [Git][revParse] Unable to read file: ENOENT: no such file or directory, open '/home/kh/hyprcrow/.git/refs/remotes/origin/main'
2025-04-19 04:06:34.881 [info] > git rev-parse refs/remotes/origin/main [1ms]
2025-04-19 04:06:34.895 [info] > git for-each-ref --sort -committerdate --format %(refname)%00%(objectname)%00%(*objectname) [1ms]
2025-04-19 04:06:35.007 [info] > git status -z -uall [121ms]
2025-04-19 04:06:40.026 [info] > git config --get commit.template [7ms]
2025-04-19 04:06:40.027 [info] > git for-each-ref --format=%(refname)%00%(upstream:short)%00%(objectname)%00%(upstream:track)%00%(upstream:remotename)%00%(upstream:remoteref) refs/heads/main refs/remotes/main [2ms]
2025-04-19 04:06:40.032 [warning] [Git][revParse] Unable to read file: ENOENT: no such file or directory, open '/home/kh/hyprcrow/.git/refs/remotes/origin/main'
2025-04-19 04:06:40.033 [info] > git rev-parse refs/remotes/origin/main [1ms]
2025-04-19 04:06:40.046 [info] > git for-each-ref --sort -committerdate --format %(refname)%00%(objectname)%00%(*objectname) [2ms]
2025-04-19 04:06:40.157 [info] > git status -z -uall [119ms]
2025-04-19 04:06:45.176 [info] > git config --get commit.template [6ms]
2025-04-19 04:06:45.177 [info] > git for-each-ref --format=%(refname)%00%(upstream:short)%00%(objectname)%00%(upstream:track)%00%(upstream:remotename)%00%(upstream:remoteref) refs/heads/main refs/remotes/main [2ms]
2025-04-19 04:06:45.182 [warning] [Git][revParse] Unable to read file: ENOENT: no such file or directory, open '/home/kh/hyprcrow/.git/refs/remotes/origin/main'
2025-04-19 04:06:45.183 [info] > git rev-parse refs/remotes/origin/main [1ms]
2025-04-19 04:06:45.199 [info] > git for-each-ref --sort -committerdate --format %(refname)%00%(objectname)%00%(*objectname) [2ms]
2025-04-19 04:06:45.310 [info] > git status -z -uall [121ms]
2025-04-19 04:06:50.328 [info] > git config --get commit.template [6ms]
2025-04-19 04:06:50.329 [info] > git for-each-ref --format=%(refname)%00%(upstream:short)%00%(objectname)%00%(upstream:track)%00%(upstream:remotename)%00%(upstream:remoteref) refs/heads/main refs/remotes/main [1ms]
2025-04-19 04:06:50.335 [warning] [Git][revParse] Unable to read file: ENOENT: no such file or directory, open '/home/kh/hyprcrow/.git/refs/remotes/origin/main'
2025-04-19 04:06:50.336 [info] > git rev-parse refs/remotes/origin/main [1ms]
2025-04-19 04:06:50.349 [info] > git for-each-ref --sort -committerdate --format %(refname)%00%(objectname)%00%(*objectname) [2ms]
2025-04-19 04:06:50.463 [info] > git status -z -uall [122ms]
2025-04-19 04:06:55.481 [info] > git config --get commit.template [6ms]
2025-04-19 04:06:55.484 [info] > git for-each-ref --format=%(refname)%00%(upstream:short)%00%(objectname)%00%(upstream:track)%00%(upstream:remotename)%00%(upstream:remoteref) refs/heads/main refs/remotes/main [3ms]
2025-04-19 04:06:55.490 [warning] [Git][revParse] Unable to read file: ENOENT: no such file or directory, open '/home/kh/hyprcrow/.git/refs/remotes/origin/main'
2025-04-19 04:06:55.491 [info] > git rev-parse refs/remotes/origin/main [1ms]
2025-04-19 04:06:55.510 [info] > git for-each-ref --sort -committerdate --format %(refname)%00%(objectname)%00%(*objectname) [4ms]
2025-04-19 04:06:55.656 [info] > git status -z -uall [158ms]
2025-04-19 04:07:00.679 [info] > git config --get commit.template [8ms]
2025-04-19 04:07:00.679 [info] > git for-each-ref --format=%(refname)%00%(upstream:short)%00%(objectname)%00%(upstream:track)%00%(upstream:remotename)%00%(upstream:remoteref) refs/heads/main refs/remotes/main [1ms]
2025-04-19 04:07:00.686 [warning] [Git][revParse] Unable to read file: ENOENT: no such file or directory, open '/home/kh/hyprcrow/.git/refs/remotes/origin/main'
2025-04-19 04:07:00.686 [info] > git rev-parse refs/remotes/origin/main [0ms]
2025-04-19 04:07:00.710 [info] > git for-each-ref --sort -committerdate --format %(refname)%00%(objectname)%00%(*objectname) [4ms]
2025-04-19 04:07:00.854 [info] > git status -z -uall [158ms]
2025-04-19 04:07:05.873 [info] > git config --get commit.template [6ms]
2025-04-19 04:07:05.874 [info] > git for-each-ref --format=%(refname)%00%(upstream:short)%00%(objectname)%00%(upstream:track)%00%(upstream:remotename)%00%(upstream:remoteref) refs/heads/main refs/remotes/main [1ms]
2025-04-19 04:07:05.880 [warning] [Git][revParse] Unable to read file: ENOENT: no such file or directory, open '/home/kh/hyprcrow/.git/refs/remotes/origin/main'
2025-04-19 04:07:05.881 [info] > git rev-parse refs/remotes/origin/main [1ms]
2025-04-19 04:07:05.895 [info] > git for-each-ref --sort -committerdate --format %(refname)%00%(objectname)%00%(*objectname) [2ms]
2025-04-19 04:07:06.007 [info] > git status -z -uall [121ms]
2025-04-19 04:07:11.023 [info] > git config --get commit.template [2ms]
2025-04-19 04:07:11.031 [info] > git for-each-ref --format=%(refname)%00%(upstream:short)%00%(objectname)%00%(upstream:track)%00%(upstream:remotename)%00%(upstream:remoteref) refs/heads/main refs/remotes/main [2ms]
2025-04-19 04:07:11.038 [warning] [Git][revParse] Unable to read file: ENOENT: no such file or directory, open '/home/kh/hyprcrow/.git/refs/remotes/origin/main'
2025-04-19 04:07:11.041 [info] > git rev-parse refs/remotes/origin/main [4ms]
2025-04-19 04:07:11.059 [info] > git for-each-ref --sort -committerdate --format %(refname)%00%(objectname)%00%(*objectname) [1ms]
2025-04-19 04:07:11.193 [info] > git status -z -uall [145ms]
2025-04-19 04:07:16.211 [info] > git config --get commit.template [6ms]
2025-04-19 04:07:16.212 [info] > git for-each-ref --format=%(refname)%00%(upstream:short)%00%(objectname)%00%(upstream:track)%00%(upstream:remotename)%00%(upstream:remoteref) refs/heads/main refs/remotes/main [1ms]
2025-04-19 04:07:16.218 [warning] [Git][revParse] Unable to read file: ENOENT: no such file or directory, open '/home/kh/hyprcrow/.git/refs/remotes/origin/main'
2025-04-19 04:07:16.219 [info] > git rev-parse refs/remotes/origin/main [1ms]
2025-04-19 04:07:16.233 [info] > git for-each-ref --sort -committerdate --format %(refname)%00%(objectname)%00%(*objectname) [1ms]
2025-04-19 04:07:16.345 [info] > git status -z -uall [121ms]
2025-04-19 04:07:21.367 [info] > git config --get commit.template [6ms]
2025-04-19 04:07:21.367 [info] > git for-each-ref --format=%(refname)%00%(upstream:short)%00%(objectname)%00%(upstream:track)%00%(upstream:remotename)%00%(upstream:remoteref) refs/heads/main refs/remotes/main [1ms]
2025-04-19 04:07:21.373 [warning] [Git][revParse] Unable to read file: ENOENT: no such file or directory, open '/home/kh/hyprcrow/.git/refs/remotes/origin/main'
2025-04-19 04:07:21.374 [info] > git rev-parse refs/remotes/origin/main [1ms]
2025-04-19 04:07:21.388 [info] > git for-each-ref --sort -committerdate --format %(refname)%00%(objectname)%00%(*objectname) [2ms]
2025-04-19 04:07:21.501 [info] > git status -z -uall [121ms]
2025-04-19 04:07:26.518 [info] > git config --get commit.template [7ms]
2025-04-19 04:07:26.518 [info] > git for-each-ref --format=%(refname)%00%(upstream:short)%00%(objectname)%00%(upstream:track)%00%(upstream:remotename)%00%(upstream:remoteref) refs/heads/main refs/remotes/main [1ms]
2025-04-19 04:07:26.524 [warning] [Git][revParse] Unable to read file: ENOENT: no such file or directory, open '/home/kh/hyprcrow/.git/refs/remotes/origin/main'
2025-04-19 04:07:26.525 [info] > git rev-parse refs/remotes/origin/main [1ms]
2025-04-19 04:07:26.538 [info] > git for-each-ref --sort -committerdate --format %(refname)%00%(objectname)%00%(*objectname) [2ms]
2025-04-19 04:07:26.650 [info] > git status -z -uall [120ms]
2025-04-19 04:07:39.072 [info] > git config --get commit.template [7ms]
2025-04-19 04:07:39.073 [info] > git for-each-ref --format=%(refname)%00%(upstream:short)%00%(objectname)%00%(upstream:track)%00%(upstream:remotename)%00%(upstream:remoteref) refs/heads/main refs/remotes/main [1ms]
2025-04-19 04:07:39.079 [warning] [Git][revParse] Unable to read file: ENOENT: no such file or directory, open '/home/kh/hyprcrow/.git/refs/remotes/origin/main'
2025-04-19 04:07:39.080 [info] > git rev-parse refs/remotes/origin/main [1ms]
2025-04-19 04:07:39.096 [info] > git for-each-ref --sort -committerdate --format %(refname)%00%(objectname)%00%(*objectname) [3ms]
2025-04-19 04:07:39.228 [info] > git status -z -uall [142ms]
2025-04-19 04:07:41.320 [info] > git rev-parse --show-toplevel [1ms]
2025-04-19 04:07:41.320 [info] fatal: not a git repository (or any parent up to mount point /)
Stopping at filesystem boundary (GIT_DISCOVERY_ACROSS_FILESYSTEM not set).
2025-04-19 04:07:44.245 [info] > git config --get commit.template [7ms]
2025-04-19 04:07:44.246 [info] > git for-each-ref --format=%(refname)%00%(upstream:short)%00%(objectname)%00%(upstream:track)%00%(upstream:remotename)%00%(upstream:remoteref) refs/heads/main refs/remotes/main [2ms]
2025-04-19 04:07:44.252 [warning] [Git][revParse] Unable to read file: ENOENT: no such file or directory, open '/home/kh/hyprcrow/.git/refs/remotes/origin/main'
2025-04-19 04:07:44.253 [info] > git rev-parse refs/remotes/origin/main [1ms]
2025-04-19 04:07:44.267 [info] > git for-each-ref --sort -committerdate --format %(refname)%00%(objectname)%00%(*objectname) [2ms]
2025-04-19 04:07:44.380 [info] > git status -z -uall [122ms]
2025-04-19 04:09:17.943 [info] > git config --get commit.template [7ms]
2025-04-19 04:09:17.944 [info] > git for-each-ref --format=%(refname)%00%(upstream:short)%00%(objectname)%00%(upstream:track)%00%(upstream:remotename)%00%(upstream:remoteref) refs/heads/main refs/remotes/main [1ms]
2025-04-19 04:09:17.950 [warning] [Git][revParse] Unable to read file: ENOENT: no such file or directory, open '/home/kh/hyprcrow/.git/refs/remotes/origin/main'
2025-04-19 04:09:17.951 [info] > git rev-parse refs/remotes/origin/main [1ms]
2025-04-19 04:09:17.968 [info] > git for-each-ref --sort -committerdate --format %(refname)%00%(objectname)%00%(*objectname) [4ms]
2025-04-19 04:09:18.083 [info] > git status -z -uall [127ms]
2025-04-19 04:09:23.102 [info] > git config --get commit.template [6ms]
2025-04-19 04:09:23.103 [info] > git for-each-ref --format=%(refname)%00%(upstream:short)%00%(objectname)%00%(upstream:track)%00%(upstream:remotename)%00%(upstream:remoteref) refs/heads/main refs/remotes/main [1ms]
2025-04-19 04:09:23.109 [warning] [Git][revParse] Unable to read file: ENOENT: no such file or directory, open '/home/kh/hyprcrow/.git/refs/remotes/origin/main'
2025-04-19 04:09:23.110 [info] > git rev-parse refs/remotes/origin/main [1ms]
2025-04-19 04:09:23.123 [info] > git for-each-ref --sort -committerdate --format %(refname)%00%(objectname)%00%(*objectname) [2ms]
2025-04-19 04:09:23.236 [info] > git status -z -uall [121ms]
2025-04-19 04:09:28.256 [info] > git config --get commit.template [6ms]
2025-04-19 04:09:28.257 [info] > git for-each-ref --format=%(refname)%00%(upstream:short)%00%(objectname)%00%(upstream:track)%00%(upstream:remotename)%00%(upstream:remoteref) refs/heads/main refs/remotes/main [1ms]
2025-04-19 04:09:28.263 [warning] [Git][revParse] Unable to read file: ENOENT: no such file or directory, open '/home/kh/hyprcrow/.git/refs/remotes/origin/main'
2025-04-19 04:09:28.264 [info] > git rev-parse refs/remotes/origin/main [1ms]
2025-04-19 04:09:28.280 [info] > git for-each-ref --sort -committerdate --format %(refname)%00%(objectname)%00%(*objectname) [3ms]
2025-04-19 04:09:28.393 [info] > git status -z -uall [124ms]
2025-04-19 04:09:33.414 [info] > git config --get commit.template [6ms]
2025-04-19 04:09:33.415 [info] > git for-each-ref --format=%(refname)%00%(upstream:short)%00%(objectname)%00%(upstream:track)%00%(upstream:remotename)%00%(upstream:remoteref) refs/heads/main refs/remotes/main [1ms]
2025-04-19 04:09:33.420 [warning] [Git][revParse] Unable to read file: ENOENT: no such file or directory, open '/home/kh/hyprcrow/.git/refs/remotes/origin/main'
2025-04-19 04:09:33.421 [info] > git rev-parse refs/remotes/origin/main [1ms]
2025-04-19 04:09:33.435 [info] > git for-each-ref --sort -committerdate --format %(refname)%00%(objectname)%00%(*objectname) [1ms]
2025-04-19 04:09:33.546 [info] > git status -z -uall [119ms]
2025-04-19 04:09:38.566 [info] > git config --get commit.template [7ms]
2025-04-19 04:09:38.567 [info] > git for-each-ref --format=%(refname)%00%(upstream:short)%00%(objectname)%00%(upstream:track)%00%(upstream:remotename)%00%(upstream:remoteref) refs/heads/main refs/remotes/main [2ms]
2025-04-19 04:09:38.572 [warning] [Git][revParse] Unable to read file: ENOENT: no such file or directory, open '/home/kh/hyprcrow/.git/refs/remotes/origin/main'
2025-04-19 04:09:38.573 [info] > git rev-parse refs/remotes/origin/main [1ms]
2025-04-19 04:09:38.588 [info] > git for-each-ref --sort -committerdate --format %(refname)%00%(objectname)%00%(*objectname) [1ms]
2025-04-19 04:09:38.702 [info] > git status -z -uall [123ms]
2025-04-19 04:09:44.796 [info] > git config --get commit.template [6ms]
2025-04-19 04:09:44.797 [info] > git for-each-ref --format=%(refname)%00%(upstream:short)%00%(objectname)%00%(upstream:track)%00%(upstream:remotename)%00%(upstream:remoteref) refs/heads/main refs/remotes/main [1ms]
2025-04-19 04:09:44.803 [warning] [Git][revParse] Unable to read file: ENOENT: no such file or directory, open '/home/kh/hyprcrow/.git/refs/remotes/origin/main'
2025-04-19 04:09:44.804 [info] > git rev-parse refs/remotes/origin/main [1ms]
2025-04-19 04:09:44.817 [info] > git for-each-ref --sort -committerdate --format %(refname)%00%(objectname)%00%(*objectname) [1ms]
2025-04-19 04:09:44.935 [info] > git status -z -uall [125ms]
2025-04-19 04:17:45.871 [info] > git config --get commit.template [7ms]
2025-04-19 04:17:45.872 [info] > git for-each-ref --format=%(refname)%00%(upstream:short)%00%(objectname)%00%(upstream:track)%00%(upstream:remotename)%00%(upstream:remoteref) refs/heads/main refs/remotes/main [1ms]
2025-04-19 04:17:45.878 [warning] [Git][revParse] Unable to read file: ENOENT: no such file or directory, open '/home/kh/hyprcrow/.git/refs/remotes/origin/main'
2025-04-19 04:17:45.879 [info] > git rev-parse refs/remotes/origin/main [1ms]
2025-04-19 04:17:45.893 [info] > git for-each-ref --sort -committerdate --format %(refname)%00%(objectname)%00%(*objectname) [1ms]
2025-04-19 04:17:46.008 [info] > git status -z -uall [123ms]
2025-04-19 04:19:26.474 [info] > git config --get commit.template [7ms]
2025-04-19 04:19:26.475 [info] > git for-each-ref --format=%(refname)%00%(upstream:short)%00%(objectname)%00%(upstream:track)%00%(upstream:remotename)%00%(upstream:remoteref) refs/heads/main refs/remotes/main [1ms]
2025-04-19 04:19:26.482 [warning] [Git][revParse] Unable to read file: ENOENT: no such file or directory, open '/home/kh/hyprcrow/.git/refs/remotes/origin/main'
2025-04-19 04:19:26.483 [info] > git rev-parse refs/remotes/origin/main [1ms]
2025-04-19 04:19:26.503 [info] > git for-each-ref --sort -committerdate --format %(refname)%00%(objectname)%00%(*objectname) [7ms]
2025-04-19 04:19:26.617 [info] > git status -z -uall [128ms]
2025-04-19 04:19:31.638 [info] > git config --get commit.template [7ms]
2025-04-19 04:19:31.639 [info] > git for-each-ref --format=%(refname)%00%(upstream:short)%00%(objectname)%00%(upstream:track)%00%(upstream:remotename)%00%(upstream:remoteref) refs/heads/main refs/remotes/main [2ms]
2025-04-19 04:19:31.644 [warning] [Git][revParse] Unable to read file: ENOENT: no such file or directory, open '/home/kh/hyprcrow/.git/refs/remotes/origin/main'
2025-04-19 04:19:31.645 [info] > git rev-parse refs/remotes/origin/main [1ms]
2025-04-19 04:19:31.659 [info] > git for-each-ref --sort -committerdate --format %(refname)%00%(objectname)%00%(*objectname) [1ms]
2025-04-19 04:19:31.772 [info] > git status -z -uall [121ms]
2025-04-19 04:19:38.049 [info] > git config --get commit.template [6ms]
2025-04-19 04:19:38.050 [info] > git for-each-ref --format=%(refname)%00%(upstream:short)%00%(objectname)%00%(upstream:track)%00%(upstream:remotename)%00%(upstream:remoteref) refs/heads/main refs/remotes/main [1ms]
2025-04-19 04:19:38.056 [warning] [Git][revParse] Unable to read file: ENOENT: no such file or directory, open '/home/kh/hyprcrow/.git/refs/remotes/origin/main'
2025-04-19 04:19:38.057 [info] > git rev-parse refs/remotes/origin/main [1ms]
2025-04-19 04:19:38.074 [info] > git for-each-ref --sort -committerdate --format %(refname)%00%(objectname)%00%(*objectname) [3ms]
2025-04-19 04:19:38.184 [info] > git status -z -uall [121ms]
2025-04-19 04:19:43.202 [info] > git config --get commit.template [7ms]
2025-04-19 04:19:43.202 [info] > git for-each-ref --format=%(refname)%00%(upstream:short)%00%(objectname)%00%(upstream:track)%00%(upstream:remotename)%00%(upstream:remoteref) refs/heads/main refs/remotes/main [1ms]
2025-04-19 04:19:43.209 [warning] [Git][revParse] Unable to read file: ENOENT: no such file or directory, open '/home/kh/hyprcrow/.git/refs/remotes/origin/main'
2025-04-19 04:19:43.210 [info] > git rev-parse refs/remotes/origin/main [1ms]
2025-04-19 04:19:43.224 [info] > git for-each-ref --sort -committerdate --format %(refname)%00%(objectname)%00%(*objectname) [2ms]
2025-04-19 04:19:43.338 [info] > git status -z -uall [123ms]
2025-04-19 04:19:48.357 [info] > git config --get commit.template [7ms]
2025-04-19 04:19:48.358 [info] > git for-each-ref --format=%(refname)%00%(upstream:short)%00%(objectname)%00%(upstream:track)%00%(upstream:remotename)%00%(upstream:remoteref) refs/heads/main refs/remotes/main [1ms]
2025-04-19 04:19:48.364 [warning] [Git][revParse] Unable to read file: ENOENT: no such file or directory, open '/home/kh/hyprcrow/.git/refs/remotes/origin/main'
2025-04-19 04:19:48.365 [info] > git rev-parse refs/remotes/origin/main [1ms]
2025-04-19 04:19:48.382 [info] > git for-each-ref --sort -committerdate --format %(refname)%00%(objectname)%00%(*objectname) [5ms]
2025-04-19 04:19:48.495 [info] > git status -z -uall [124ms]
2025-04-19 04:19:53.516 [info] > git config --get commit.template [8ms]
2025-04-19 04:19:53.516 [info] > git for-each-ref --format=%(refname)%00%(upstream:short)%00%(objectname)%00%(upstream:track)%00%(upstream:remotename)%00%(upstream:remoteref) refs/heads/main refs/remotes/main [1ms]
2025-04-19 04:19:53.522 [warning] [Git][revParse] Unable to read file: ENOENT: no such file or directory, open '/home/kh/hyprcrow/.git/refs/remotes/origin/main'
2025-04-19 04:19:53.523 [info] > git rev-parse refs/remotes/origin/main [1ms]
2025-04-19 04:19:53.537 [info] > git for-each-ref --sort -committerdate --format %(refname)%00%(objectname)%00%(*objectname) [1ms]
2025-04-19 04:19:53.649 [info] > git status -z -uall [120ms]
2025-04-19 04:21:01.164 [info] > git config --get commit.template [7ms]
2025-04-19 04:21:01.164 [info] > git for-each-ref --format=%(refname)%00%(upstream:short)%00%(objectname)%00%(upstream:track)%00%(upstream:remotename)%00%(upstream:remoteref) refs/heads/main refs/remotes/main [1ms]
2025-04-19 04:21:01.170 [warning] [Git][revParse] Unable to read file: ENOENT: no such file or directory, open '/home/kh/hyprcrow/.git/refs/remotes/origin/main'
2025-04-19 04:21:01.171 [info] > git rev-parse refs/remotes/origin/main [1ms]
2025-04-19 04:21:01.186 [info] > git for-each-ref --sort -committerdate --format %(refname)%00%(objectname)%00%(*objectname) [0ms]
2025-04-19 04:21:01.303 [info] > git status -z -uall [126ms]
2025-04-19 04:21:06.322 [info] > git config --get commit.template [7ms]
2025-04-19 04:21:06.323 [info] > git for-each-ref --format=%(refname)%00%(upstream:short)%00%(objectname)%00%(upstream:track)%00%(upstream:remotename)%00%(upstream:remoteref) refs/heads/main refs/remotes/main [1ms]
2025-04-19 04:21:06.329 [warning] [Git][revParse] Unable to read file: ENOENT: no such file or directory, open '/home/kh/hyprcrow/.git/refs/remotes/origin/main'
2025-04-19 04:21:06.329 [info] > git rev-parse refs/remotes/origin/main [0ms]
2025-04-19 04:21:06.344 [info] > git for-each-ref --sort -committerdate --format %(refname)%00%(objectname)%00%(*objectname) [3ms]
2025-04-19 04:21:06.470 [info] > git status -z -uall [135ms]
2025-04-19 04:21:11.489 [info] > git config --get commit.template [7ms]
2025-04-19 04:21:11.490 [info] > git for-each-ref --format=%(refname)%00%(upstream:short)%00%(objectname)%00%(upstream:track)%00%(upstream:remotename)%00%(upstream:remoteref) refs/heads/main refs/remotes/main [2ms]
2025-04-19 04:21:11.495 [warning] [Git][revParse] Unable to read file: ENOENT: no such file or directory, open '/home/kh/hyprcrow/.git/refs/remotes/origin/main'
2025-04-19 04:21:11.496 [info] > git rev-parse refs/remotes/origin/main [1ms]
2025-04-19 04:21:11.514 [info] > git for-each-ref --sort -committerdate --format %(refname)%00%(objectname)%00%(*objectname) [6ms]
2025-04-19 04:21:11.625 [info] > git status -z -uall [123ms]
2025-04-19 04:21:16.645 [info] > git config --get commit.template [6ms]
2025-04-19 04:21:16.645 [info] > git for-each-ref --format=%(refname)%00%(upstream:short)%00%(objectname)%00%(upstream:track)%00%(upstream:remotename)%00%(upstream:remoteref) refs/heads/main refs/remotes/main [1ms]
2025-04-19 04:21:16.651 [warning] [Git][revParse] Unable to read file: ENOENT: no such file or directory, open '/home/kh/hyprcrow/.git/refs/remotes/origin/main'
2025-04-19 04:21:16.652 [info] > git rev-parse refs/remotes/origin/main [1ms]
2025-04-19 04:21:16.665 [info] > git for-each-ref --sort -committerdate --format %(refname)%00%(objectname)%00%(*objectname) [2ms]
2025-04-19 04:21:16.778 [info] > git status -z -uall [121ms]
2025-04-19 04:21:21.796 [info] > git config --get commit.template [6ms]
2025-04-19 04:21:21.797 [info] > git for-each-ref --format=%(refname)%00%(upstream:short)%00%(objectname)%00%(upstream:track)%00%(upstream:remotename)%00%(upstream:remoteref) refs/heads/main refs/remotes/main [1ms]
2025-04-19 04:21:21.803 [warning] [Git][revParse] Unable to read file: ENOENT: no such file or directory, open '/home/kh/hyprcrow/.git/refs/remotes/origin/main'
2025-04-19 04:21:21.804 [info] > git rev-parse refs/remotes/origin/main [1ms]
2025-04-19 04:21:21.818 [info] > git for-each-ref --sort -committerdate --format %(refname)%00%(objectname)%00%(*objectname) [1ms]
2025-04-19 04:21:21.932 [info] > git status -z -uall [122ms]
2025-04-19 04:21:27.033 [info] > git config --get commit.template [7ms]
2025-04-19 04:21:27.034 [info] > git for-each-ref --format=%(refname)%00%(upstream:short)%00%(objectname)%00%(upstream:track)%00%(upstream:remotename)%00%(upstream:remoteref) refs/heads/main refs/remotes/main [1ms]
2025-04-19 04:21:27.039 [warning] [Git][revParse] Unable to read file: ENOENT: no such file or directory, open '/home/kh/hyprcrow/.git/refs/remotes/origin/main'
2025-04-19 04:21:27.040 [info] > git rev-parse refs/remotes/origin/main [1ms]
2025-04-19 04:21:27.056 [info] > git for-each-ref --sort -committerdate --format %(refname)%00%(objectname)%00%(*objectname) [3ms]
2025-04-19 04:21:27.173 [info] > git status -z -uall [127ms]
