2025-04-25 00:26:59.278 [info] [main] Log level: Info
2025-04-25 00:26:59.278 [info] [main] Validating found git in: "git"
2025-04-25 00:26:59.278 [info] [main] Using git "2.49.0" from "git"
2025-04-25 00:26:59.278 [info] [Model][doInitialScan] Initial repository scan started
2025-04-25 00:26:59.278 [info] > git rev-parse --show-toplevel [5ms]
2025-04-25 00:26:59.295 [info] > git rev-parse --show-toplevel [18ms]
2025-04-25 00:26:59.303 [info] > git rev-parse --show-toplevel [3ms]
2025-04-25 00:26:59.303 [info] [Model][doInitialScan] Initial repository scan completed - repositories (0), closed repositories (0), parent repositories (1), unsafe repositories (0)
2025-04-25 00:27:00.012 [info] > git rev-parse --show-toplevel [1ms]
2025-04-25 00:27:00.596 [info] > git rev-parse --show-toplevel [1ms]
2025-04-25 00:27:15.325 [info] > git rev-parse --show-toplevel [2ms]
2025-04-25 00:27:18.895 [info] > git rev-parse --show-toplevel [1ms]
2025-04-25 00:27:30.934 [info] > git rev-parse --show-toplevel [1ms]
2025-04-25 00:27:37.092 [info] > git rev-parse --show-toplevel [1ms]
2025-04-25 00:27:38.626 [info] > git rev-parse --show-toplevel [2ms]
2025-04-25 00:27:38.632 [info] > git rev-parse --show-toplevel [1ms]
2025-04-25 00:27:38.637 [info] > git rev-parse --show-toplevel [1ms]
2025-04-25 00:36:42.725 [info] > git rev-parse --show-toplevel [1ms]
2025-04-25 00:36:42.738 [info] > git rev-parse --show-toplevel [1ms]
2025-04-25 00:36:42.744 [info] > git rev-parse --show-toplevel [1ms]
2025-04-25 00:36:45.647 [info] > git rev-parse --show-toplevel [1ms]
2025-04-25 00:36:45.655 [info] > git rev-parse --show-toplevel [1ms]
2025-04-25 00:36:45.660 [info] > git rev-parse --show-toplevel [1ms]
2025-04-25 00:36:58.570 [info] > git rev-parse --show-toplevel [1ms]
2025-04-25 00:36:58.578 [info] > git rev-parse --show-toplevel [1ms]
2025-04-25 00:36:58.584 [info] > git rev-parse --show-toplevel [1ms]
2025-04-25 01:03:26.526 [info] > git rev-parse --show-toplevel [1ms]
2025-04-25 01:03:26.546 [info] > git rev-parse --show-toplevel [1ms]
2025-04-25 01:03:26.551 [info] > git rev-parse --show-toplevel [1ms]
2025-04-25 01:44:10.496 [info] > git rev-parse --show-toplevel [1ms]
2025-04-25 01:44:10.508 [info] > git rev-parse --show-toplevel [1ms]
2025-04-25 01:44:10.513 [info] > git rev-parse --show-toplevel [1ms]
2025-04-25 01:50:15.949 [info] > git rev-parse --show-toplevel [1ms]
2025-04-25 01:50:15.975 [info] > git rev-parse --show-toplevel [1ms]
2025-04-25 01:50:15.981 [info] > git rev-parse --show-toplevel [1ms]
2025-04-25 01:50:15.981 [info] fatal: not a git repository (or any parent up to mount point /)
Stopping at filesystem boundary (GIT_DISCOVERY_ACROSS_FILESYSTEM not set).
2025-04-25 01:51:08.278 [info] > git rev-parse --show-toplevel [1ms]
2025-04-25 01:51:08.292 [info] > git rev-parse --show-toplevel [1ms]
2025-04-25 01:51:08.298 [info] > git rev-parse --show-toplevel [2ms]
2025-04-25 02:02:43.041 [info] > git rev-parse --show-toplevel [1ms]
2025-04-25 02:02:43.052 [info] > git rev-parse --show-toplevel [1ms]
2025-04-25 02:02:43.058 [info] > git rev-parse --show-toplevel [1ms]
2025-04-25 02:05:08.352 [info] > git rev-parse --show-toplevel [1ms]
2025-04-25 02:05:08.360 [info] > git rev-parse --show-toplevel [2ms]
2025-04-25 02:05:08.365 [info] > git rev-parse --show-toplevel [1ms]
2025-04-25 02:44:54.217 [info] > git rev-parse --show-toplevel [1ms]
2025-04-25 02:44:54.230 [info] > git rev-parse --show-toplevel [1ms]
2025-04-25 02:44:54.235 [info] > git rev-parse --show-toplevel [1ms]
2025-04-25 02:44:59.535 [info] > git rev-parse --show-toplevel [1ms]
2025-04-25 02:44:59.542 [info] > git rev-parse --show-toplevel [1ms]
2025-04-25 02:44:59.547 [info] > git rev-parse --show-toplevel [1ms]
