2025-04-19 03:47:38.213 [info] Extension host with pid 20502 started
2025-04-19 03:47:38.213 [info] Skipping acquiring lock for /home/kh/.config/Code - OSS/User/workspaceStorage/80212a1b6d8fdee79deb9d967042306c.
2025-04-19 03:47:38.219 [info] ExtensionService#_doActivateExtension vscode.emmet, startup: false, activationEvent: 'onLanguage'
2025-04-19 03:47:38.248 [info] ExtensionService#_doActivateExtension vscode.git-base, startup: true, activationEvent: '*', root cause: vscode.git
2025-04-19 03:47:38.252 [info] ExtensionService#_doActivateExtension vscode.git, startup: true, activationEvent: '*'
2025-04-19 03:47:38.286 [info] ExtensionService#_doActivateExtension vscode.github, startup: true, activationEvent: '*'
2025-04-19 03:47:38.335 [info] Eager extensions activated
2025-04-19 03:47:38.346 [info] ExtensionService#_doActivateExtension vscode.debug-auto-launch, startup: false, activationEvent: 'onStartupFinished'
2025-04-19 03:47:38.348 [info] ExtensionService#_doActivateExtension vscode.merge-conflict, startup: false, activationEvent: 'onStartupFinished'
2025-04-19 03:48:15.377 [info] ExtensionService#_doActivateExtension dlasagno.wal-theme, startup: false, activationEvent: '*'
2025-04-19 03:48:16.878 [warning] [Decorations] CAPPING events from decorations provider vscode.git 260
2025-04-19 03:48:22.016 [warning] [Decorations] CAPPING events from decorations provider vscode.git 260
2025-04-19 03:48:27.150 [warning] [Decorations] CAPPING events from decorations provider vscode.git 260
2025-04-19 03:48:31.543 [info] ExtensionService#_doActivateExtension vscode.configuration-editing, startup: false, activationEvent: 'onLanguage:jsonc'
2025-04-19 03:48:31.551 [info] ExtensionService#_doActivateExtension vscode.json-language-features, startup: false, activationEvent: 'onLanguage:jsonc'
2025-04-19 03:48:31.596 [info] ExtensionService#_doActivateExtension vscode.typescript-language-features, startup: false, activationEvent: 'onLanguage:jsonc'
2025-04-19 03:48:33.038 [warning] [Decorations] CAPPING events from decorations provider vscode.git 264
2025-04-19 04:00:12.101 [warning] [Decorations] CAPPING events from decorations provider vscode.git 266
2025-04-19 04:00:40.028 [warning] [Decorations] CAPPING events from decorations provider vscode.git 266
2025-04-19 04:00:47.502 [warning] [Decorations] CAPPING events from decorations provider vscode.git 266
2025-04-19 04:01:13.389 [warning] [Decorations] CAPPING events from decorations provider vscode.git 266
2025-04-19 04:01:28.079 [warning] [Decorations] CAPPING events from decorations provider vscode.git 269
2025-04-19 04:01:49.300 [warning] [Decorations] CAPPING events from decorations provider vscode.git 269
2025-04-19 04:02:37.861 [warning] [Decorations] CAPPING events from decorations provider vscode.git 269
2025-04-19 04:02:45.504 [warning] [Decorations] CAPPING events from decorations provider vscode.git 269
2025-04-19 04:02:57.497 [warning] [Decorations] CAPPING events from decorations provider vscode.git 269
2025-04-19 04:03:02.631 [warning] [Decorations] CAPPING events from decorations provider vscode.git 269
2025-04-19 04:03:07.846 [warning] [Decorations] CAPPING events from decorations provider vscode.git 269
2025-04-19 04:03:12.984 [warning] [Decorations] CAPPING events from decorations provider vscode.git 269
2025-04-19 04:03:14.694 [info] ExtensionService#_doActivateExtension vscode.extension-editing, startup: false, activationEvent: 'onLanguage:json'
2025-04-19 04:03:14.705 [info] ExtensionService#_doActivateExtension vscode.npm, startup: false, activationEvent: 'onLanguage:json'
2025-04-19 04:03:18.126 [warning] [Decorations] CAPPING events from decorations provider vscode.git 269
2025-04-19 04:03:23.262 [warning] [Decorations] CAPPING events from decorations provider vscode.git 269
2025-04-19 04:03:28.398 [warning] [Decorations] CAPPING events from decorations provider vscode.git 269
2025-04-19 04:03:33.538 [warning] [Decorations] CAPPING events from decorations provider vscode.git 269
2025-04-19 04:03:36.994 [info] Extension host terminating: renderer closed the MessagePort
2025-04-19 04:03:37.005 [error] Canceled: Canceled
	at new HR (file:///usr/lib/code/out/vs/workbench/api/node/extensionHostProcess.js:29:111362)
	at i4.U (file:///usr/lib/code/out/vs/workbench/api/node/extensionHostProcess.js:29:115973)
	at s.<computed>.n.charCodeAt.s.<computed> (file:///usr/lib/code/out/vs/workbench/api/node/extensionHostProcess.js:29:113467)
	at vw.g (file:///usr/lib/code/out/vs/workbench/api/node/extensionHostProcess.js:111:40983)
	at vw.executeCommand (file:///usr/lib/code/out/vs/workbench/api/node/extensionHostProcess.js:111:40487)
	at r.registerCommand.description (file:///usr/lib/code/out/vs/workbench/api/node/extensionHostProcess.js:111:39817)
	at vw.h (file:///usr/lib/code/out/vs/workbench/api/node/extensionHostProcess.js:111:41503)
	at vw.g (file:///usr/lib/code/out/vs/workbench/api/node/extensionHostProcess.js:111:40580)
	at vw.executeCommand (file:///usr/lib/code/out/vs/workbench/api/node/extensionHostProcess.js:111:40487)
	at Object.executeCommand (file:///usr/lib/code/out/vs/workbench/api/node/extensionHostProcess.js:173:30346)
	at Ah.L [as value] (/usr/lib/code/extensions/git/dist/main.js:2:511809)
	at D.B (file:///usr/lib/code/out/vs/workbench/api/node/extensionHostProcess.js:27:2375)
	at D.C (file:///usr/lib/code/out/vs/workbench/api/node/extensionHostProcess.js:27:2445)
	at D.fire (file:///usr/lib/code/out/vs/workbench/api/node/extensionHostProcess.js:27:2662)
	at Object.g [as dispose] (/usr/lib/code/extensions/git/dist/main.js:2:534449)
	at /usr/lib/code/extensions/git/dist/main.js:2:540767
	at Array.forEach (<anonymous>)
	at b.dispose (/usr/lib/code/extensions/git/dist/main.js:2:540753)
	at iv.<anonymous> (file:///usr/lib/code/out/vs/workbench/api/node/extensionHostProcess.js:107:8922)
	at iv.dispose (file:///usr/lib/code/out/vs/workbench/api/node/extensionHostProcess.js:107:9018)
	at iv.<anonymous> (/usr/lib/code/extensions/git/dist/main.js:2:514293)
	at iv.dispose (file:///usr/lib/code/out/vs/workbench/api/node/extensionHostProcess.js:107:9018)
	at pi (file:///usr/lib/code/out/vs/workbench/api/node/extensionHostProcess.js:25:701)
	at file:///usr/lib/code/out/vs/workbench/api/node/extensionHostProcess.js:115:14994
	at file:///usr/lib/code/out/vs/workbench/api/node/extensionHostProcess.js:25:1011
	at Object.dispose (file:///usr/lib/code/out/vs/workbench/api/node/extensionHostProcess.js:8:705)
	at vV.eb (file:///usr/lib/code/out/vs/workbench/api/node/extensionHostProcess.js:115:11921)
	at file:///usr/lib/code/out/vs/workbench/api/node/extensionHostProcess.js:115:9876
	at Array.map (<anonymous>)
	at vV.$ (file:///usr/lib/code/out/vs/workbench/api/node/extensionHostProcess.js:115:9864)
	at vV.terminate (file:///usr/lib/code/out/vs/workbench/api/node/extensionHostProcess.js:115:10107)
	at oD.terminate (file:///usr/lib/code/out/vs/workbench/api/node/extensionHostProcess.js:116:1434)
	at es (file:///usr/lib/code/out/vs/workbench/api/node/extensionHostProcess.js:197:5701)
	at MessagePortMain.<anonymous> (file:///usr/lib/code/out/vs/workbench/api/node/extensionHostProcess.js:197:2249)
	at MessagePortMain.emit (node:events:524:28)
	at MessagePortMain._internalPort.emit (node:electron/js2c/utility_init:2:2949) setContext undefined
2025-04-19 04:03:37.005 [error] Canceled: Canceled
	at new HR (file:///usr/lib/code/out/vs/workbench/api/node/extensionHostProcess.js:29:111362)
	at i4.U (file:///usr/lib/code/out/vs/workbench/api/node/extensionHostProcess.js:29:115973)
	at s.<computed>.n.charCodeAt.s.<computed> (file:///usr/lib/code/out/vs/workbench/api/node/extensionHostProcess.js:29:113467)
	at vw.g (file:///usr/lib/code/out/vs/workbench/api/node/extensionHostProcess.js:111:40983)
	at vw.executeCommand (file:///usr/lib/code/out/vs/workbench/api/node/extensionHostProcess.js:111:40487)
	at r.registerCommand.description (file:///usr/lib/code/out/vs/workbench/api/node/extensionHostProcess.js:111:39817)
	at vw.h (file:///usr/lib/code/out/vs/workbench/api/node/extensionHostProcess.js:111:41503)
	at vw.g (file:///usr/lib/code/out/vs/workbench/api/node/extensionHostProcess.js:111:40580)
	at vw.executeCommand (file:///usr/lib/code/out/vs/workbench/api/node/extensionHostProcess.js:111:40487)
	at Object.executeCommand (file:///usr/lib/code/out/vs/workbench/api/node/extensionHostProcess.js:173:30346)
	at set hasGitHubRepositories (/usr/lib/code/extensions/github/dist/extension.js:2:217805)
	at /usr/lib/code/extensions/github/dist/extension.js:2:218764
	at Ah.value (/usr/lib/code/extensions/git/dist/main.js:2:631688)
	at D.B (file:///usr/lib/code/out/vs/workbench/api/node/extensionHostProcess.js:27:2375)
	at D.C (file:///usr/lib/code/out/vs/workbench/api/node/extensionHostProcess.js:27:2445)
	at D.fire (file:///usr/lib/code/out/vs/workbench/api/node/extensionHostProcess.js:27:2662)
	at Object.g [as dispose] (/usr/lib/code/extensions/git/dist/main.js:2:534449)
	at /usr/lib/code/extensions/git/dist/main.js:2:540767
	at Array.forEach (<anonymous>)
	at b.dispose (/usr/lib/code/extensions/git/dist/main.js:2:540753)
	at iv.<anonymous> (file:///usr/lib/code/out/vs/workbench/api/node/extensionHostProcess.js:107:8922)
	at iv.dispose (file:///usr/lib/code/out/vs/workbench/api/node/extensionHostProcess.js:107:9018)
	at iv.<anonymous> (/usr/lib/code/extensions/git/dist/main.js:2:514293)
	at iv.dispose (file:///usr/lib/code/out/vs/workbench/api/node/extensionHostProcess.js:107:9018)
	at pi (file:///usr/lib/code/out/vs/workbench/api/node/extensionHostProcess.js:25:701)
	at file:///usr/lib/code/out/vs/workbench/api/node/extensionHostProcess.js:115:14994
	at file:///usr/lib/code/out/vs/workbench/api/node/extensionHostProcess.js:25:1011
	at Object.dispose (file:///usr/lib/code/out/vs/workbench/api/node/extensionHostProcess.js:8:705)
	at vV.eb (file:///usr/lib/code/out/vs/workbench/api/node/extensionHostProcess.js:115:11921)
	at file:///usr/lib/code/out/vs/workbench/api/node/extensionHostProcess.js:115:9876
	at Array.map (<anonymous>)
	at vV.$ (file:///usr/lib/code/out/vs/workbench/api/node/extensionHostProcess.js:115:9864)
	at vV.terminate (file:///usr/lib/code/out/vs/workbench/api/node/extensionHostProcess.js:115:10107)
	at oD.terminate (file:///usr/lib/code/out/vs/workbench/api/node/extensionHostProcess.js:116:1434)
	at es (file:///usr/lib/code/out/vs/workbench/api/node/extensionHostProcess.js:197:5701)
	at MessagePortMain.<anonymous> (file:///usr/lib/code/out/vs/workbench/api/node/extensionHostProcess.js:197:2249)
	at MessagePortMain.emit (node:events:524:28)
	at MessagePortMain._internalPort.emit (node:electron/js2c/utility_init:2:2949) setContext undefined
2025-04-19 04:03:37.006 [info] Extension host with pid 20502 exiting with code 0
