2025-04-24 01:19:14.851 [info] Extension host with pid 61890 started
2025-04-24 01:19:14.851 [info] Skipping acquiring lock for /home/kh/.config/Code - OSS/User/workspaceStorage/8653bd0710abea92de54b24bbd6cd035.
2025-04-24 01:19:14.962 [info] ExtensionService#_doActivateExtension vscode.emmet, startup: false, activationEvent: 'onLanguage'
2025-04-24 01:19:14.979 [info] ExtensionService#_doActivateExtension ms-python.python, startup: false, activationEvent: 'onLanguage:python', root cause: ms-python.debugpy
2025-04-24 01:19:15.155 [info] ExtensionService#_doActivateExtension vscode.configuration-editing, startup: false, activationEvent: 'onLanguage:jsonc'
2025-04-24 01:19:15.161 [info] ExtensionService#_doActivateExtension vscode.json-language-features, startup: false, activationEvent: 'onLanguage:jsonc'
2025-04-24 01:19:15.202 [info] ExtensionService#_doActivateExtension vscode.typescript-language-features, startup: false, activationEvent: 'onLanguage:jsonc'
2025-04-24 01:19:15.288 [info] ExtensionService#_doActivateExtension ms-python.debugpy, startup: false, activationEvent: 'onLanguage:python'
2025-04-24 01:19:15.327 [error] Activating extension ms-python.debugpy failed due to an error:
2025-04-24 01:19:15.327 [error] Error: Extension 'ms-python.debugpy' CANNOT use API proposal: portsAttributes.
Its package.json#enabledApiProposals-property declares:  but NOT portsAttributes.
 The missing proposal MUST be added and you must start in extension development mode or use the following command line switch: --enable-proposed-api ms-python.debugpy
	at R (file:///usr/lib/code/out/vs/workbench/api/node/extensionHostProcess.js:105:19265)
	at Object.registerPortAttributesProvider (file:///usr/lib/code/out/vs/workbench/api/node/extensionHostProcess.js:173:48788)
	at t.registerDebugger (/home/kh/.vscode-oss/extensions/ms-python.debugpy-2025.6.0-linux-x64/dist/extension.js:2:846640)
	at e.activate (/home/kh/.vscode-oss/extensions/ms-python.debugpy-2025.6.0-linux-x64/dist/extension.js:2:1098056)
	at Uw.kb (file:///usr/lib/code/out/vs/workbench/api/node/extensionHostProcess.js:115:15216)
	at Uw.jb (file:///usr/lib/code/out/vs/workbench/api/node/extensionHostProcess.js:115:14923)
	at file:///usr/lib/code/out/vs/workbench/api/node/extensionHostProcess.js:115:13081
	at async cw.n (file:///usr/lib/code/out/vs/workbench/api/node/extensionHostProcess.js:111:13359)
	at async cw.m (file:///usr/lib/code/out/vs/workbench/api/node/extensionHostProcess.js:111:13322)
	at async cw.l (file:///usr/lib/code/out/vs/workbench/api/node/extensionHostProcess.js:111:12778)
2025-04-24 01:19:15.351 [info] ExtensionService#_doActivateExtension vscode.git-base, startup: true, activationEvent: '*', root cause: vscode.git
2025-04-24 01:19:15.352 [info] ExtensionService#_doActivateExtension dlasagno.wal-theme, startup: true, activationEvent: '*'
2025-04-24 01:19:15.378 [info] ExtensionService#_doActivateExtension vscode.git, startup: true, activationEvent: '*'
2025-04-24 01:19:15.409 [info] ExtensionService#_doActivateExtension vscode.github, startup: true, activationEvent: '*'
2025-04-24 01:19:15.464 [info] Eager extensions activated
2025-04-24 01:19:15.480 [info] ExtensionService#_doActivateExtension vscode.debug-auto-launch, startup: false, activationEvent: 'onStartupFinished'
2025-04-24 01:19:15.481 [info] ExtensionService#_doActivateExtension vscode.merge-conflict, startup: false, activationEvent: 'onStartupFinished'
2025-04-24 01:19:16.369 [error] Error: Extension 'ms-python.python' CANNOT use API proposal: testObserver.
Its package.json#enabledApiProposals-property declares:  but NOT testObserver.
 The missing proposal MUST be added and you must start in extension development mode or use the following command line switch: --enable-proposed-api ms-python.python
	at R (file:///usr/lib/code/out/vs/workbench/api/node/extensionHostProcess.js:105:19265)
	at get testResults (file:///usr/lib/code/out/vs/workbench/api/node/extensionHostProcess.js:173:32518)
	at C.activate (/home/kh/.vscode-oss/extensions/ms-python.python-2025.4.0-universal/out/client/extension.js:2:908659)
	at /home/kh/.vscode-oss/extensions/ms-python.python-2025.4.0-universal/out/client/extension.js:2:2457
	at Array.map (<anonymous>)
	at v.activateWorkspace (/home/kh/.vscode-oss/extensions/ms-python.python-2025.4.0-universal/out/client/extension.js:2:2447)
2025-04-24 02:13:36.118 [error] [ms-python.python] provider FAILED
2025-04-24 02:13:36.118 [error] Error: UnboundLocalError: cannot access local variable 'start_index' where it is not associated with a value
	at ae (/home/kh/.vscode-oss/extensions/ms-python.python-2025.4.0-universal/out/client/extension.js:2:1965471)
	at oe (/home/kh/.vscode-oss/extensions/ms-python.python-2025.4.0-universal/out/client/extension.js:2:1963431)
	at Immediate.<anonymous> (/home/kh/.vscode-oss/extensions/ms-python.python-2025.4.0-universal/out/client/extension.js:2:1959725)
	at process.processImmediate (node:internal/timers:483:21)
2025-04-24 02:13:37.104 [error] [ms-python.python] provider FAILED
2025-04-24 02:13:37.104 [error] Error: UnboundLocalError: cannot access local variable 'start_index' where it is not associated with a value
	at ae (/home/kh/.vscode-oss/extensions/ms-python.python-2025.4.0-universal/out/client/extension.js:2:1965471)
	at oe (/home/kh/.vscode-oss/extensions/ms-python.python-2025.4.0-universal/out/client/extension.js:2:1963431)
	at Immediate.<anonymous> (/home/kh/.vscode-oss/extensions/ms-python.python-2025.4.0-universal/out/client/extension.js:2:1959725)
	at process.processImmediate (node:internal/timers:483:21)
2025-04-24 02:13:41.350 [error] [ms-python.python] provider FAILED
2025-04-24 02:13:41.350 [error] Error: UnboundLocalError: cannot access local variable 'start_index' where it is not associated with a value
	at ae (/home/kh/.vscode-oss/extensions/ms-python.python-2025.4.0-universal/out/client/extension.js:2:1965471)
	at oe (/home/kh/.vscode-oss/extensions/ms-python.python-2025.4.0-universal/out/client/extension.js:2:1963431)
	at Immediate.<anonymous> (/home/kh/.vscode-oss/extensions/ms-python.python-2025.4.0-universal/out/client/extension.js:2:1959725)
	at process.processImmediate (node:internal/timers:483:21)
2025-04-24 02:13:41.836 [error] [ms-python.python] provider FAILED
2025-04-24 02:13:41.836 [error] Error: UnboundLocalError: cannot access local variable 'start_index' where it is not associated with a value
	at ae (/home/kh/.vscode-oss/extensions/ms-python.python-2025.4.0-universal/out/client/extension.js:2:1965471)
	at oe (/home/kh/.vscode-oss/extensions/ms-python.python-2025.4.0-universal/out/client/extension.js:2:1963431)
	at Immediate.<anonymous> (/home/kh/.vscode-oss/extensions/ms-python.python-2025.4.0-universal/out/client/extension.js:2:1959725)
	at process.processImmediate (node:internal/timers:483:21)
2025-04-24 02:35:10.011 [error] [ms-python.python] provider FAILED
2025-04-24 02:35:10.011 [error] Error: UnboundLocalError: cannot access local variable 'end_index' where it is not associated with a value
	at ae (/home/kh/.vscode-oss/extensions/ms-python.python-2025.4.0-universal/out/client/extension.js:2:1965471)
	at oe (/home/kh/.vscode-oss/extensions/ms-python.python-2025.4.0-universal/out/client/extension.js:2:1963431)
	at Immediate.<anonymous> (/home/kh/.vscode-oss/extensions/ms-python.python-2025.4.0-universal/out/client/extension.js:2:1959725)
	at process.processImmediate (node:internal/timers:483:21)
2025-04-24 02:35:11.025 [error] [ms-python.python] provider FAILED
2025-04-24 02:35:11.025 [error] Error: UnboundLocalError: cannot access local variable 'end_index' where it is not associated with a value
	at ae (/home/kh/.vscode-oss/extensions/ms-python.python-2025.4.0-universal/out/client/extension.js:2:1965471)
	at oe (/home/kh/.vscode-oss/extensions/ms-python.python-2025.4.0-universal/out/client/extension.js:2:1963431)
	at Immediate.<anonymous> (/home/kh/.vscode-oss/extensions/ms-python.python-2025.4.0-universal/out/client/extension.js:2:1959725)
	at process.processImmediate (node:internal/timers:483:21)
2025-04-24 02:35:11.930 [error] [ms-python.python] provider FAILED
2025-04-24 02:35:11.930 [error] Error: UnboundLocalError: cannot access local variable 'end_index' where it is not associated with a value
	at ae (/home/kh/.vscode-oss/extensions/ms-python.python-2025.4.0-universal/out/client/extension.js:2:1965471)
	at oe (/home/kh/.vscode-oss/extensions/ms-python.python-2025.4.0-universal/out/client/extension.js:2:1963431)
	at Immediate.<anonymous> (/home/kh/.vscode-oss/extensions/ms-python.python-2025.4.0-universal/out/client/extension.js:2:1959725)
	at process.processImmediate (node:internal/timers:483:21)
2025-04-24 03:25:48.463 [info] Extension host terminating: renderer closed the MessagePort
2025-04-24 03:25:48.474 [info] Extension host with pid 61890 exiting with code 0
2025-04-24 03:25:49.226 [info] Extension host with pid 78874 started
2025-04-24 03:25:49.226 [info] Skipping acquiring lock for /home/kh/.config/Code - OSS/User/workspaceStorage/8075e445e460a60efe71910f6a02d51c.
2025-04-24 03:25:49.295 [info] ExtensionService#_doActivateExtension vscode.configuration-editing, startup: false, activationEvent: 'onLanguage:jsonc'
2025-04-24 03:25:49.304 [info] ExtensionService#_doActivateExtension vscode.json-language-features, startup: false, activationEvent: 'onLanguage:jsonc'
2025-04-24 03:25:49.345 [info] ExtensionService#_doActivateExtension vscode.typescript-language-features, startup: false, activationEvent: 'onLanguage:jsonc'
2025-04-24 03:25:49.384 [info] ExtensionService#_doActivateExtension vscode.emmet, startup: false, activationEvent: 'onLanguage'
2025-04-24 03:25:49.562 [info] ExtensionService#_doActivateExtension vscode.git-base, startup: true, activationEvent: '*'
2025-04-24 03:25:49.564 [info] ExtensionService#_doActivateExtension vscode.github, startup: true, activationEvent: '*'
2025-04-24 03:25:49.580 [info] Eager extensions activated
2025-04-24 03:25:49.581 [info] ExtensionService#_doActivateExtension vscode.debug-auto-launch, startup: false, activationEvent: 'onStartupFinished'
2025-04-24 03:25:49.582 [info] ExtensionService#_doActivateExtension vscode.merge-conflict, startup: false, activationEvent: 'onStartupFinished'
2025-04-24 03:25:51.035 [info] ExtensionService#_doActivateExtension vscode.git, startup: false, activationEvent: 'api', root cause: vscode.github
2025-04-24 03:25:51.077 [info] ExtensionService#_doActivateExtension dlasagno.wal-theme, startup: false, activationEvent: '*'
2025-04-24 03:25:57.786 [info] ExtensionService#_doActivateExtension ms-python.python, startup: false, activationEvent: 'onLanguage:python', root cause: ms-python.debugpy
2025-04-24 03:25:57.973 [info] ExtensionService#_doActivateExtension ms-python.debugpy, startup: false, activationEvent: 'onLanguage:python'
2025-04-24 03:25:58.011 [error] Activating extension ms-python.debugpy failed due to an error:
2025-04-24 03:25:58.011 [error] Error: Extension 'ms-python.debugpy' CANNOT use API proposal: portsAttributes.
Its package.json#enabledApiProposals-property declares:  but NOT portsAttributes.
 The missing proposal MUST be added and you must start in extension development mode or use the following command line switch: --enable-proposed-api ms-python.debugpy
	at R (file:///usr/lib/code/out/vs/workbench/api/node/extensionHostProcess.js:105:19265)
	at Object.registerPortAttributesProvider (file:///usr/lib/code/out/vs/workbench/api/node/extensionHostProcess.js:173:48788)
	at t.registerDebugger (/home/kh/.vscode-oss/extensions/ms-python.debugpy-2025.6.0-linux-x64/dist/extension.js:2:846640)
	at e.activate (/home/kh/.vscode-oss/extensions/ms-python.debugpy-2025.6.0-linux-x64/dist/extension.js:2:1098056)
	at Uw.kb (file:///usr/lib/code/out/vs/workbench/api/node/extensionHostProcess.js:115:15216)
	at Uw.jb (file:///usr/lib/code/out/vs/workbench/api/node/extensionHostProcess.js:115:14923)
	at file:///usr/lib/code/out/vs/workbench/api/node/extensionHostProcess.js:115:13081
	at async cw.n (file:///usr/lib/code/out/vs/workbench/api/node/extensionHostProcess.js:111:13359)
	at async cw.m (file:///usr/lib/code/out/vs/workbench/api/node/extensionHostProcess.js:111:13322)
	at async cw.l (file:///usr/lib/code/out/vs/workbench/api/node/extensionHostProcess.js:111:12778)
2025-04-24 03:25:59.064 [error] Error: Extension 'ms-python.python' CANNOT use API proposal: testObserver.
Its package.json#enabledApiProposals-property declares:  but NOT testObserver.
 The missing proposal MUST be added and you must start in extension development mode or use the following command line switch: --enable-proposed-api ms-python.python
	at R (file:///usr/lib/code/out/vs/workbench/api/node/extensionHostProcess.js:105:19265)
	at get testResults (file:///usr/lib/code/out/vs/workbench/api/node/extensionHostProcess.js:173:32518)
	at C.activate (/home/kh/.vscode-oss/extensions/ms-python.python-2025.4.0-universal/out/client/extension.js:2:908659)
	at /home/kh/.vscode-oss/extensions/ms-python.python-2025.4.0-universal/out/client/extension.js:2:2457
	at Array.map (<anonymous>)
	at v.activateWorkspace (/home/kh/.vscode-oss/extensions/ms-python.python-2025.4.0-universal/out/client/extension.js:2:2447)
