2025-04-21 11:08:23.376 [warning] Dir "/home/kh/hyprcrow/.pixi/envs" is not watchable (directory does not exist)
2025-04-21 11:08:23.376 [error] Unable to check if shell integration is active [Error: Extension 'ms-python.python' CANNOT use API proposal: terminalDataWriteEvent.
Its package.json#enabledApiProposals-property declares:  but NOT terminalDataWriteEvent.
 The missing proposal MUST be added and you must start in extension development mode or use the following command line switch: --enable-proposed-api ms-python.python
	at R (file:///usr/lib/code/out/vs/workbench/api/node/extensionHostProcess.js:105:19265)
	at a.onDidWriteTerminalData (file:///usr/lib/code/out/vs/workbench/api/node/extensionHostProcess.js:173:39305)
	at new v (/home/kh/.vscode-oss/extensions/ms-python.python-2025.4.0-universal/out/client/extension.js:2:878107)
	at ge (/home/kh/.vscode-oss/extensions/ms-python.python-2025.4.0-universal/out/client/extension.js:2:1684812)
	at /home/kh/.vscode-oss/extensions/ms-python.python-2025.4.0-universal/out/client/extension.js:2:1688176
	at /home/kh/.vscode-oss/extensions/ms-python.python-2025.4.0-universal/out/client/extension.js:2:1688204
	at Se (/home/kh/.vscode-oss/extensions/ms-python.python-2025.4.0-universal/out/client/extension.js:2:1688271)
	at /home/kh/.vscode-oss/extensions/ms-python.python-2025.4.0-universal/out/client/extension.js:2:1688751
	at we (/home/kh/.vscode-oss/extensions/ms-python.python-2025.4.0-universal/out/client/extension.js:2:1688692)
	at Pe (/home/kh/.vscode-oss/extensions/ms-python.python-2025.4.0-universal/out/client/extension.js:2:1688726)
	at /home/kh/.vscode-oss/extensions/ms-python.python-2025.4.0-universal/out/client/extension.js:2:1685965
	at /home/kh/.vscode-oss/extensions/ms-python.python-2025.4.0-universal/out/client/extension.js:2:1687570
	at Array.reduce (<anonymous>)
	at /home/kh/.vscode-oss/extensions/ms-python.python-2025.4.0-universal/out/client/extension.js:2:1687542
	at /home/kh/.vscode-oss/extensions/ms-python.python-2025.4.0-universal/out/client/extension.js:2:1687824
	at /home/kh/.vscode-oss/extensions/ms-python.python-2025.4.0-universal/out/client/extension.js:2:1688204
	at Se (/home/kh/.vscode-oss/extensions/ms-python.python-2025.4.0-universal/out/client/extension.js:2:1688271)
	at /home/kh/.vscode-oss/extensions/ms-python.python-2025.4.0-universal/out/client/extension.js:2:1688751
	at we (/home/kh/.vscode-oss/extensions/ms-python.python-2025.4.0-universal/out/client/extension.js:2:1688692)
	at Pe (/home/kh/.vscode-oss/extensions/ms-python.python-2025.4.0-universal/out/client/extension.js:2:1688726)
	at /home/kh/.vscode-oss/extensions/ms-python.python-2025.4.0-universal/out/client/extension.js:2:1685965
	at /home/kh/.vscode-oss/extensions/ms-python.python-2025.4.0-universal/out/client/extension.js:2:1715635
	at /home/kh/.vscode-oss/extensions/ms-python.python-2025.4.0-universal/out/client/extension.js:2:1715656
	at e._get (/home/kh/.vscode-oss/extensions/ms-python.python-2025.4.0-universal/out/client/extension.js:2:1714669)
	at e._getButThrowIfAsync (/home/kh/.vscode-oss/extensions/ms-python.python-2025.4.0-universal/out/client/extension.js:2:1714729)
	at e.get (/home/kh/.vscode-oss/extensions/ms-python.python-2025.4.0-universal/out/client/extension.js:2:1710438)
	at e.dynamicValue (/home/kh/.vscode-oss/extensions/ms-python.python-2025.4.0-universal/out/client/extension.js:2:1700171)
	at /home/kh/.vscode-oss/extensions/ms-python.python-2025.4.0-universal/out/client/extension.js:2:1686348
	at Ee (/home/kh/.vscode-oss/extensions/ms-python.python-2025.4.0-universal/out/client/extension.js:2:1686604)
	at Se (/home/kh/.vscode-oss/extensions/ms-python.python-2025.4.0-universal/out/client/extension.js:2:1688320)
	at /home/kh/.vscode-oss/extensions/ms-python.python-2025.4.0-universal/out/client/extension.js:2:1688751
	at we (/home/kh/.vscode-oss/extensions/ms-python.python-2025.4.0-universal/out/client/extension.js:2:1688692)
	at Pe (/home/kh/.vscode-oss/extensions/ms-python.python-2025.4.0-universal/out/client/extension.js:2:1688726)
	at /home/kh/.vscode-oss/extensions/ms-python.python-2025.4.0-universal/out/client/extension.js:2:1685965
	at /home/kh/.vscode-oss/extensions/ms-python.python-2025.4.0-universal/out/client/extension.js:2:1685899
	at Array.map (<anonymous>)
	at /home/kh/.vscode-oss/extensions/ms-python.python-2025.4.0-universal/out/client/extension.js:2:1685870
	at /home/kh/.vscode-oss/extensions/ms-python.python-2025.4.0-universal/out/client/extension.js:2:1687570
	at Array.reduce (<anonymous>)
	at /home/kh/.vscode-oss/extensions/ms-python.python-2025.4.0-universal/out/client/extension.js:2:1687542
	at /home/kh/.vscode-oss/extensions/ms-python.python-2025.4.0-universal/out/client/extension.js:2:1687824
	at /home/kh/.vscode-oss/extensions/ms-python.python-2025.4.0-universal/out/client/extension.js:2:1688204
	at Se (/home/kh/.vscode-oss/extensions/ms-python.python-2025.4.0-universal/out/client/extension.js:2:1688271)
	at /home/kh/.vscode-oss/extensions/ms-python.python-2025.4.0-universal/out/client/extension.js:2:1688751
	at we (/home/kh/.vscode-oss/extensions/ms-python.python-2025.4.0-universal/out/client/extension.js:2:1688692)
	at Pe (/home/kh/.vscode-oss/extensions/ms-python.python-2025.4.0-universal/out/client/extension.js:2:1688726)
	at /home/kh/.vscode-oss/extensions/ms-python.python-2025.4.0-universal/out/client/extension.js:2:1685965
	at /home/kh/.vscode-oss/extensions/ms-python.python-2025.4.0-universal/out/client/extension.js:2:1715635
	at /home/kh/.vscode-oss/extensions/ms-python.python-2025.4.0-universal/out/client/extension.js:2:1715656
	at e._get (/home/kh/.vscode-oss/extensions/ms-python.python-2025.4.0-universal/out/client/extension.js:2:1714669)
	at e._getButThrowIfAsync (/home/kh/.vscode-oss/extensions/ms-python.python-2025.4.0-universal/out/client/extension.js:2:1714729)
	at e.get (/home/kh/.vscode-oss/extensions/ms-python.python-2025.4.0-universal/out/client/extension.js:2:1710438)
	at a.get (/home/kh/.vscode-oss/extensions/ms-python.python-2025.4.0-universal/out/client/extension.js:2:536740)
	at /home/kh/.vscode-oss/extensions/ms-python.python-2025.4.0-universal/out/client/extension.js:2:451577
	at async t.activateComponents (/home/kh/.vscode-oss/extensions/ms-python.python-2025.4.0-universal/out/client/extension.js:2:449857)
	at async /home/kh/.vscode-oss/extensions/ms-python.python-2025.4.0-universal/out/client/extension.js:2:2642626
	at async e (/home/kh/.vscode-oss/extensions/ms-python.python-2025.4.0-universal/out/client/extension.js:2:2642158)
	at async cw.n (file:///usr/lib/code/out/vs/workbench/api/node/extensionHostProcess.js:111:13359)
	at async cw.m (file:///usr/lib/code/out/vs/workbench/api/node/extensionHostProcess.js:111:13322)
	at async cw.l (file:///usr/lib/code/out/vs/workbench/api/node/extensionHostProcess.js:111:12778)]
2025-04-21 11:08:23.376 [info] Python interpreter path: /bin/python
2025-04-21 11:08:23.376 [info] > pyenv which python
2025-04-21 11:08:23.376 [info] cwd: .
2025-04-21 11:08:23.442 [error] [
  'Failed to activate a workspace, Class name = v, completed in 153ms, has a falsy return value, Arg 1: <Uri:/home/kh/hyprcrow>, Arg 2: {"started":1745255303160}, Return Value: undefined',
  [Error: Extension 'ms-python.python' CANNOT use API proposal: testObserver.
  Its package.json#enabledApiProposals-property declares:  but NOT testObserver.
   The missing proposal MUST be added and you must start in extension development mode or use the following command line switch: --enable-proposed-api ms-python.python
  	at R (file:///usr/lib/code/out/vs/workbench/api/node/extensionHostProcess.js:105:19265)
  	at get testResults (file:///usr/lib/code/out/vs/workbench/api/node/extensionHostProcess.js:173:32518)
  	at C.activate (/home/kh/.vscode-oss/extensions/ms-python.python-2025.4.0-universal/out/client/extension.js:2:908659)
  	at /home/kh/.vscode-oss/extensions/ms-python.python-2025.4.0-universal/out/client/extension.js:2:2457
  	at Array.map (<anonymous>)
  	at v.activateWorkspace (/home/kh/.vscode-oss/extensions/ms-python.python-2025.4.0-universal/out/client/extension.js:2:2447)]
]
2025-04-21 11:08:23.442 [error] Failure during activation. [Error: Extension 'ms-python.python' CANNOT use API proposal: testObserver.
Its package.json#enabledApiProposals-property declares:  but NOT testObserver.
 The missing proposal MUST be added and you must start in extension development mode or use the following command line switch: --enable-proposed-api ms-python.python
	at R (file:///usr/lib/code/out/vs/workbench/api/node/extensionHostProcess.js:105:19265)
	at get testResults (file:///usr/lib/code/out/vs/workbench/api/node/extensionHostProcess.js:173:32518)
	at C.activate (/home/kh/.vscode-oss/extensions/ms-python.python-2025.4.0-universal/out/client/extension.js:2:908659)
	at /home/kh/.vscode-oss/extensions/ms-python.python-2025.4.0-universal/out/client/extension.js:2:2457
	at Array.map (<anonymous>)
	at v.activateWorkspace (/home/kh/.vscode-oss/extensions/ms-python.python-2025.4.0-universal/out/client/extension.js:2:2447)]
2025-04-21 11:08:23.442 [error] sendStartupTelemetry() failed. [Error: Extension 'ms-python.python' CANNOT use API proposal: testObserver.
Its package.json#enabledApiProposals-property declares:  but NOT testObserver.
 The missing proposal MUST be added and you must start in extension development mode or use the following command line switch: --enable-proposed-api ms-python.python
	at R (file:///usr/lib/code/out/vs/workbench/api/node/extensionHostProcess.js:105:19265)
	at get testResults (file:///usr/lib/code/out/vs/workbench/api/node/extensionHostProcess.js:173:32518)
	at C.activate (/home/kh/.vscode-oss/extensions/ms-python.python-2025.4.0-universal/out/client/extension.js:2:908659)
	at /home/kh/.vscode-oss/extensions/ms-python.python-2025.4.0-universal/out/client/extension.js:2:2457
	at Array.map (<anonymous>)
	at v.activateWorkspace (/home/kh/.vscode-oss/extensions/ms-python.python-2025.4.0-universal/out/client/extension.js:2:2447)]
2025-04-21 11:08:24.054 [info] Starting Jedi language server for hyprcrow.
2025-04-21 11:18:18.446 [warning] Dir "/home/kh/ProyectoTareas/.pixi/envs" is not watchable (directory does not exist)
2025-04-21 11:18:18.446 [error] Unable to check if shell integration is active [Error: Extension 'ms-python.python' CANNOT use API proposal: terminalDataWriteEvent.
Its package.json#enabledApiProposals-property declares:  but NOT terminalDataWriteEvent.
 The missing proposal MUST be added and you must start in extension development mode or use the following command line switch: --enable-proposed-api ms-python.python
	at R (file:///usr/lib/code/out/vs/workbench/api/node/extensionHostProcess.js:105:19265)
	at a.onDidWriteTerminalData (file:///usr/lib/code/out/vs/workbench/api/node/extensionHostProcess.js:173:39305)
	at new v (/home/kh/.vscode-oss/extensions/ms-python.python-2025.4.0-universal/out/client/extension.js:2:878107)
	at ge (/home/kh/.vscode-oss/extensions/ms-python.python-2025.4.0-universal/out/client/extension.js:2:1684812)
	at /home/kh/.vscode-oss/extensions/ms-python.python-2025.4.0-universal/out/client/extension.js:2:1688176
	at /home/kh/.vscode-oss/extensions/ms-python.python-2025.4.0-universal/out/client/extension.js:2:1688204
	at Se (/home/kh/.vscode-oss/extensions/ms-python.python-2025.4.0-universal/out/client/extension.js:2:1688271)
	at /home/kh/.vscode-oss/extensions/ms-python.python-2025.4.0-universal/out/client/extension.js:2:1688751
	at we (/home/kh/.vscode-oss/extensions/ms-python.python-2025.4.0-universal/out/client/extension.js:2:1688692)
	at Pe (/home/kh/.vscode-oss/extensions/ms-python.python-2025.4.0-universal/out/client/extension.js:2:1688726)
	at /home/kh/.vscode-oss/extensions/ms-python.python-2025.4.0-universal/out/client/extension.js:2:1685965
	at /home/kh/.vscode-oss/extensions/ms-python.python-2025.4.0-universal/out/client/extension.js:2:1687570
	at Array.reduce (<anonymous>)
	at /home/kh/.vscode-oss/extensions/ms-python.python-2025.4.0-universal/out/client/extension.js:2:1687542
	at /home/kh/.vscode-oss/extensions/ms-python.python-2025.4.0-universal/out/client/extension.js:2:1687824
	at /home/kh/.vscode-oss/extensions/ms-python.python-2025.4.0-universal/out/client/extension.js:2:1688204
	at Se (/home/kh/.vscode-oss/extensions/ms-python.python-2025.4.0-universal/out/client/extension.js:2:1688271)
	at /home/kh/.vscode-oss/extensions/ms-python.python-2025.4.0-universal/out/client/extension.js:2:1688751
	at we (/home/kh/.vscode-oss/extensions/ms-python.python-2025.4.0-universal/out/client/extension.js:2:1688692)
	at Pe (/home/kh/.vscode-oss/extensions/ms-python.python-2025.4.0-universal/out/client/extension.js:2:1688726)
	at /home/kh/.vscode-oss/extensions/ms-python.python-2025.4.0-universal/out/client/extension.js:2:1685965
	at /home/kh/.vscode-oss/extensions/ms-python.python-2025.4.0-universal/out/client/extension.js:2:1715635
	at /home/kh/.vscode-oss/extensions/ms-python.python-2025.4.0-universal/out/client/extension.js:2:1715656
	at e._get (/home/kh/.vscode-oss/extensions/ms-python.python-2025.4.0-universal/out/client/extension.js:2:1714669)
	at e._getButThrowIfAsync (/home/kh/.vscode-oss/extensions/ms-python.python-2025.4.0-universal/out/client/extension.js:2:1714729)
	at e.get (/home/kh/.vscode-oss/extensions/ms-python.python-2025.4.0-universal/out/client/extension.js:2:1710438)
	at e.dynamicValue (/home/kh/.vscode-oss/extensions/ms-python.python-2025.4.0-universal/out/client/extension.js:2:1700171)
	at /home/kh/.vscode-oss/extensions/ms-python.python-2025.4.0-universal/out/client/extension.js:2:1686348
	at Ee (/home/kh/.vscode-oss/extensions/ms-python.python-2025.4.0-universal/out/client/extension.js:2:1686604)
	at Se (/home/kh/.vscode-oss/extensions/ms-python.python-2025.4.0-universal/out/client/extension.js:2:1688320)
	at /home/kh/.vscode-oss/extensions/ms-python.python-2025.4.0-universal/out/client/extension.js:2:1688751
	at we (/home/kh/.vscode-oss/extensions/ms-python.python-2025.4.0-universal/out/client/extension.js:2:1688692)
	at Pe (/home/kh/.vscode-oss/extensions/ms-python.python-2025.4.0-universal/out/client/extension.js:2:1688726)
	at /home/kh/.vscode-oss/extensions/ms-python.python-2025.4.0-universal/out/client/extension.js:2:1685965
	at /home/kh/.vscode-oss/extensions/ms-python.python-2025.4.0-universal/out/client/extension.js:2:1685899
	at Array.map (<anonymous>)
	at /home/kh/.vscode-oss/extensions/ms-python.python-2025.4.0-universal/out/client/extension.js:2:1685870
	at /home/kh/.vscode-oss/extensions/ms-python.python-2025.4.0-universal/out/client/extension.js:2:1687570
	at Array.reduce (<anonymous>)
	at /home/kh/.vscode-oss/extensions/ms-python.python-2025.4.0-universal/out/client/extension.js:2:1687542
	at /home/kh/.vscode-oss/extensions/ms-python.python-2025.4.0-universal/out/client/extension.js:2:1687824
	at /home/kh/.vscode-oss/extensions/ms-python.python-2025.4.0-universal/out/client/extension.js:2:1688204
	at Se (/home/kh/.vscode-oss/extensions/ms-python.python-2025.4.0-universal/out/client/extension.js:2:1688271)
	at /home/kh/.vscode-oss/extensions/ms-python.python-2025.4.0-universal/out/client/extension.js:2:1688751
	at we (/home/kh/.vscode-oss/extensions/ms-python.python-2025.4.0-universal/out/client/extension.js:2:1688692)
	at Pe (/home/kh/.vscode-oss/extensions/ms-python.python-2025.4.0-universal/out/client/extension.js:2:1688726)
	at /home/kh/.vscode-oss/extensions/ms-python.python-2025.4.0-universal/out/client/extension.js:2:1685965
	at /home/kh/.vscode-oss/extensions/ms-python.python-2025.4.0-universal/out/client/extension.js:2:1715635
	at /home/kh/.vscode-oss/extensions/ms-python.python-2025.4.0-universal/out/client/extension.js:2:1715656
	at e._get (/home/kh/.vscode-oss/extensions/ms-python.python-2025.4.0-universal/out/client/extension.js:2:1714669)
	at e._getButThrowIfAsync (/home/kh/.vscode-oss/extensions/ms-python.python-2025.4.0-universal/out/client/extension.js:2:1714729)
	at e.get (/home/kh/.vscode-oss/extensions/ms-python.python-2025.4.0-universal/out/client/extension.js:2:1710438)
	at a.get (/home/kh/.vscode-oss/extensions/ms-python.python-2025.4.0-universal/out/client/extension.js:2:536740)
	at /home/kh/.vscode-oss/extensions/ms-python.python-2025.4.0-universal/out/client/extension.js:2:451577
	at async t.activateComponents (/home/kh/.vscode-oss/extensions/ms-python.python-2025.4.0-universal/out/client/extension.js:2:449857)
	at async /home/kh/.vscode-oss/extensions/ms-python.python-2025.4.0-universal/out/client/extension.js:2:2642626
	at async e (/home/kh/.vscode-oss/extensions/ms-python.python-2025.4.0-universal/out/client/extension.js:2:2642158)
	at async cw.n (file:///usr/lib/code/out/vs/workbench/api/node/extensionHostProcess.js:111:13359)
	at async cw.m (file:///usr/lib/code/out/vs/workbench/api/node/extensionHostProcess.js:111:13322)
	at async cw.l (file:///usr/lib/code/out/vs/workbench/api/node/extensionHostProcess.js:111:12778)]
2025-04-21 11:18:18.446 [info] Starting Environment refresh
2025-04-21 11:18:18.446 [info] > hatch env show --json
2025-04-21 11:18:18.446 [info] cwd: .
2025-04-21 11:18:18.446 [info] Python interpreter path: /bin/python
2025-04-21 11:18:18.446 [info] Starting Environment refresh
2025-04-21 11:18:18.461 [info] > /bin/python -I ~/.vscode-oss/extensions/ms-python.python-2025.4.0-universal/python_files/get_output_via_markers.py ~/.vscode-oss/extensions/ms-python.python-2025.4.0-universal/python_files/interpreterInfo.py
2025-04-21 11:18:18.461 [info] Environments refresh paths discovered: 71 milliseconds
2025-04-21 11:18:18.461 [info] Environments refresh paths discovered: 15 milliseconds
2025-04-21 11:18:18.487 [info] Environments refresh finished (event): 97 milliseconds
2025-04-21 11:18:18.487 [info] Environments refresh finished (event): 41 milliseconds
2025-04-21 11:18:18.488 [info] Environment refresh took 98 milliseconds
2025-04-21 11:18:18.489 [info] Environment refresh took 43 milliseconds
2025-04-21 11:18:18.494 [info] > pyenv which python
2025-04-21 11:18:18.494 [info] cwd: .
2025-04-21 11:18:18.501 [error] [
  'Failed to activate a workspace, Class name = v, completed in 110ms, has a falsy return value, Arg 1: <Uri:/home/kh/ProyectoTareas/tarea.py>, Arg 2: {"started":1745255898360}, Return Value: undefined',
  [Error: Extension 'ms-python.python' CANNOT use API proposal: testObserver.
  Its package.json#enabledApiProposals-property declares:  but NOT testObserver.
   The missing proposal MUST be added and you must start in extension development mode or use the following command line switch: --enable-proposed-api ms-python.python
  	at R (file:///usr/lib/code/out/vs/workbench/api/node/extensionHostProcess.js:105:19265)
  	at get testResults (file:///usr/lib/code/out/vs/workbench/api/node/extensionHostProcess.js:173:32518)
  	at C.activate (/home/kh/.vscode-oss/extensions/ms-python.python-2025.4.0-universal/out/client/extension.js:2:908659)
  	at /home/kh/.vscode-oss/extensions/ms-python.python-2025.4.0-universal/out/client/extension.js:2:2457
  	at Array.map (<anonymous>)
  	at v.activateWorkspace (/home/kh/.vscode-oss/extensions/ms-python.python-2025.4.0-universal/out/client/extension.js:2:2447)]
]
2025-04-21 11:18:18.501 [error] Failure during activation. [Error: Extension 'ms-python.python' CANNOT use API proposal: testObserver.
Its package.json#enabledApiProposals-property declares:  but NOT testObserver.
 The missing proposal MUST be added and you must start in extension development mode or use the following command line switch: --enable-proposed-api ms-python.python
	at R (file:///usr/lib/code/out/vs/workbench/api/node/extensionHostProcess.js:105:19265)
	at get testResults (file:///usr/lib/code/out/vs/workbench/api/node/extensionHostProcess.js:173:32518)
	at C.activate (/home/kh/.vscode-oss/extensions/ms-python.python-2025.4.0-universal/out/client/extension.js:2:908659)
	at /home/kh/.vscode-oss/extensions/ms-python.python-2025.4.0-universal/out/client/extension.js:2:2457
	at Array.map (<anonymous>)
	at v.activateWorkspace (/home/kh/.vscode-oss/extensions/ms-python.python-2025.4.0-universal/out/client/extension.js:2:2447)]
2025-04-21 11:18:18.501 [error] sendStartupTelemetry() failed. [Error: Extension 'ms-python.python' CANNOT use API proposal: testObserver.
Its package.json#enabledApiProposals-property declares:  but NOT testObserver.
 The missing proposal MUST be added and you must start in extension development mode or use the following command line switch: --enable-proposed-api ms-python.python
	at R (file:///usr/lib/code/out/vs/workbench/api/node/extensionHostProcess.js:105:19265)
	at get testResults (file:///usr/lib/code/out/vs/workbench/api/node/extensionHostProcess.js:173:32518)
	at C.activate (/home/kh/.vscode-oss/extensions/ms-python.python-2025.4.0-universal/out/client/extension.js:2:908659)
	at /home/kh/.vscode-oss/extensions/ms-python.python-2025.4.0-universal/out/client/extension.js:2:2457
	at Array.map (<anonymous>)
	at v.activateWorkspace (/home/kh/.vscode-oss/extensions/ms-python.python-2025.4.0-universal/out/client/extension.js:2:2447)]
2025-04-21 11:18:18.986 [info] Starting Jedi language server for ProyectoTareas.
2025-04-21 11:31:34.361 [info] CreateEnv Trigger - Skipping for /home/kh/ProyectoTareas/tarea.py
2025-04-21 11:31:34.600 [info] Discover tests for workspace name: ProyectoTareas - uri: /home/kh/ProyectoTareas/tarea.py
2025-04-21 11:31:34.955 [info] Send text to terminal: /bin/python /home/kh/ProyectoTareas/tarea.py
2025-04-21 11:32:30.131 [info] Send text to terminal: /bin/python /home/kh/ProyectoTareas/tarea.py
2025-04-21 11:32:30.381 [info] Discover tests for workspace name: ProyectoTareas - uri: /home/kh/ProyectoTareas/tarea.py
2025-04-21 11:32:38.784 [info] Send text to terminal: /bin/python /home/kh/ProyectoTareas/tarea.py
2025-04-21 11:32:39.034 [info] Discover tests for workspace name: ProyectoTareas - uri: /home/kh/ProyectoTareas/tarea.py
2025-04-21 11:41:49.036 [info] Send text to terminal: /bin/python /home/kh/ProyectoTareas/tarea.py
2025-04-21 11:41:49.286 [info] Discover tests for workspace name: ProyectoTareas - uri: /home/kh/ProyectoTareas/tarea.py
2025-04-21 11:41:50.139 [info] Send text to terminal: /bin/python /home/kh/ProyectoTareas/tarea.py
2025-04-21 11:41:50.834 [info] Send text to terminal: /bin/python /home/kh/ProyectoTareas/tarea.py
2025-04-21 11:42:47.067 [info] Send text to terminal: /bin/python /home/kh/ProyectoTareas/tarea.py
2025-04-21 11:42:47.317 [info] Discover tests for workspace name: ProyectoTareas - uri: /home/kh/ProyectoTareas/tarea.py
2025-04-21 11:42:49.005 [info] Send text to terminal: /bin/python /home/kh/ProyectoTareas/tarea.py
2025-04-21 11:43:12.986 [info] Send text to terminal: /bin/python /home/kh/ProyectoTareas/tarea.py
2025-04-21 11:43:13.236 [info] Discover tests for workspace name: ProyectoTareas - uri: /home/kh/ProyectoTareas/tarea.py
2025-04-21 11:43:27.844 [info] Send text to terminal: /bin/python /home/kh/ProyectoTareas/tarea.py
2025-04-21 11:43:28.093 [info] Discover tests for workspace name: ProyectoTareas - uri: /home/kh/ProyectoTareas/tarea.py
2025-04-21 11:43:57.920 [info] Send text to terminal: /bin/python /home/kh/ProyectoTareas/tarea.py
2025-04-21 11:43:58.170 [info] Discover tests for workspace name: ProyectoTareas - uri: /home/kh/ProyectoTareas/tarea.py
2025-04-21 11:44:37.720 [info] Send text to terminal: /bin/python /home/kh/ProyectoTareas/tarea.py
2025-04-21 11:44:37.970 [info] Discover tests for workspace name: ProyectoTareas - uri: /home/kh/ProyectoTareas/tarea.py
2025-04-21 11:45:10.746 [info] Send text to terminal: /bin/python /home/kh/ProyectoTareas/tarea.py
2025-04-21 11:45:10.995 [info] Discover tests for workspace name: ProyectoTareas - uri: /home/kh/ProyectoTareas/tarea.py
2025-04-21 11:45:31.472 [info] Send text to terminal: /bin/python /home/kh/ProyectoTareas/tarea.py
2025-04-21 11:45:31.721 [info] Discover tests for workspace name: ProyectoTareas - uri: /home/kh/ProyectoTareas/tarea.py
2025-04-21 11:45:46.689 [info] Send text to terminal: /bin/python /home/kh/ProyectoTareas/tarea.py
2025-04-21 11:45:46.939 [info] Discover tests for workspace name: ProyectoTareas - uri: /home/kh/ProyectoTareas/tarea.py
2025-04-21 11:46:01.354 [info] Send text to terminal: /bin/python /home/kh/ProyectoTareas/tarea.py
2025-04-21 11:46:01.604 [info] Discover tests for workspace name: ProyectoTareas - uri: /home/kh/ProyectoTareas/tarea.py
2025-04-21 11:46:19.882 [info] Send text to terminal: /bin/python /home/kh/ProyectoTareas/tarea.py
2025-04-21 11:46:20.132 [info] Discover tests for workspace name: ProyectoTareas - uri: /home/kh/ProyectoTareas/tarea.py
2025-04-21 11:46:26.549 [info] Send text to terminal: /bin/python /home/kh/ProyectoTareas/tarea.py
2025-04-21 11:46:26.799 [info] Discover tests for workspace name: ProyectoTareas - uri: /home/kh/ProyectoTareas/tarea.py
2025-04-21 11:46:40.885 [info] Send text to terminal: /bin/python /home/kh/ProyectoTareas/tarea.py
2025-04-21 11:46:41.135 [info] Discover tests for workspace name: ProyectoTareas - uri: /home/kh/ProyectoTareas/tarea.py
2025-04-21 11:46:55.793 [info] Send text to terminal: /bin/python /home/kh/ProyectoTareas/tarea.py
2025-04-21 11:46:56.042 [info] Discover tests for workspace name: ProyectoTareas - uri: /home/kh/ProyectoTareas/tarea.py
2025-04-21 11:47:34.402 [info] Send text to terminal: /bin/python /home/kh/ProyectoTareas/tarea.py
2025-04-21 11:47:34.652 [info] Discover tests for workspace name: ProyectoTareas - uri: /home/kh/ProyectoTareas/tarea.py
2025-04-21 11:47:39.822 [info] Send text to terminal: /bin/python /home/kh/ProyectoTareas/tarea.py
2025-04-21 11:47:40.071 [info] Discover tests for workspace name: ProyectoTareas - uri: /home/kh/ProyectoTareas/tarea.py
2025-04-21 11:47:54.917 [info] Send text to terminal: /bin/python /home/kh/ProyectoTareas/tarea.py
2025-04-21 11:47:55.167 [info] Discover tests for workspace name: ProyectoTareas - uri: /home/kh/ProyectoTareas/tarea.py
2025-04-21 11:47:56.296 [info] Send text to terminal: /bin/python /home/kh/ProyectoTareas/tarea.py
2025-04-21 11:48:06.613 [info] Send text to terminal: /bin/python /home/kh/ProyectoTareas/tarea.py
2025-04-21 11:48:06.863 [info] Discover tests for workspace name: ProyectoTareas - uri: /home/kh/ProyectoTareas/tarea.py
2025-04-21 11:51:33.027 [info] Send text to terminal: /bin/python /home/kh/ProyectoTareas/tarea.py
2025-04-21 11:51:33.277 [info] Discover tests for workspace name: ProyectoTareas - uri: /home/kh/ProyectoTareas/tarea.py
2025-04-21 12:08:12.288 [info] Send text to terminal: /bin/python /home/kh/ProyectoTareas/utilidades.py
2025-04-21 12:08:12.537 [info] Discover tests for workspace name: ProyectoTareas - uri: /home/kh/ProyectoTareas/utilidades.py
2025-04-21 12:08:13.263 [info] Send text to terminal: /bin/python /home/kh/ProyectoTareas/utilidades.py
2025-04-21 12:10:00.476 [info] Send text to terminal: /bin/python /home/kh/ProyectoTareas/tarea.py
2025-04-21 12:10:00.726 [info] Discover tests for workspace name: ProyectoTareas - uri: /home/kh/ProyectoTareas/tarea.py
2025-04-21 12:10:01.333 [info] Send text to terminal: /bin/python /home/kh/ProyectoTareas/tarea.py
2025-04-21 12:10:02.476 [info] Send text to terminal: /bin/python /home/kh/ProyectoTareas/tarea.py
2025-04-21 12:10:21.059 [info] Send text to terminal: /bin/python /home/kh/ProyectoTareas/tarea.py
2025-04-21 12:10:21.309 [info] Discover tests for workspace name: ProyectoTareas - uri: /home/kh/ProyectoTareas/tarea.py
2025-04-21 12:10:22.226 [info] Send text to terminal: /bin/python /home/kh/ProyectoTareas/tarea.py
2025-04-21 12:11:07.426 [info] Discover tests for workspace name: ProyectoTareas - uri: /home/kh/ProyectoTareas/utilidades.py
2025-04-21 12:11:09.386 [info] Discover tests for workspace name: ProyectoTareas - uri: /home/kh/ProyectoTareas/tarea.py
2025-04-21 12:11:49.011 [info] Discover tests for workspace name: ProyectoTareas - uri: /home/kh/ProyectoTareas/tarea.py
2025-04-21 12:12:10.255 [info] Discover tests for workspace name: ProyectoTareas - uri: /home/kh/ProyectoTareas/tarea.py
2025-04-21 12:12:12.072 [info] Send text to terminal: /bin/python /home/kh/ProyectoTareas/tarea.py
2025-04-21 12:12:12.823 [info] Send text to terminal: /bin/python /home/kh/ProyectoTareas/tarea.py
2025-04-21 12:12:13.395 [info] Send text to terminal: /bin/python /home/kh/ProyectoTareas/tarea.py
2025-04-21 12:14:47.300 [info] Send text to terminal: /bin/python /home/kh/ProyectoTareas/tarea.py
2025-04-21 12:14:47.549 [info] Discover tests for workspace name: ProyectoTareas - uri: /home/kh/ProyectoTareas/tarea.py
2025-04-21 12:14:48.284 [info] Send text to terminal: /bin/python /home/kh/ProyectoTareas/tarea.py
2025-04-21 12:14:49.863 [info] Send text to terminal: /bin/python /home/kh/ProyectoTareas/tarea.py
2025-04-21 12:17:28.292 [info] Send text to terminal: /bin/python /home/kh/ProyectoTareas/tarea.py
2025-04-21 12:17:28.542 [info] Discover tests for workspace name: ProyectoTareas - uri: /home/kh/ProyectoTareas/tarea.py
2025-04-21 12:18:21.530 [info] Send text to terminal: /bin/python /home/kh/ProyectoTareas/utilidades.py
2025-04-21 12:18:21.780 [info] Discover tests for workspace name: ProyectoTareas - uri: /home/kh/ProyectoTareas/utilidades.py
2025-04-21 12:18:22.245 [info] Send text to terminal: /bin/python /home/kh/ProyectoTareas/utilidades.py
2025-04-21 12:18:25.236 [info] Send text to terminal: /bin/python /home/kh/ProyectoTareas/tarea.py
2025-04-21 12:18:25.486 [info] Discover tests for workspace name: ProyectoTareas - uri: /home/kh/ProyectoTareas/tarea.py
2025-04-21 12:19:13.490 [info] Send text to terminal: /bin/python /home/kh/ProyectoTareas/tarea.py
2025-04-21 12:19:13.740 [info] Discover tests for workspace name: ProyectoTareas - uri: /home/kh/ProyectoTareas/tarea.py
2025-04-21 12:19:15.155 [info] Send text to terminal: /bin/python /home/kh/ProyectoTareas/tarea.py
2025-04-21 12:21:15.060 [info] Discover tests for workspace name: ProyectoTareas - uri: /home/kh/ProyectoTareas/utilidades.py
2025-04-21 12:21:17.749 [info] Send text to terminal: /bin/python /home/kh/ProyectoTareas/tarea.py
2025-04-21 12:21:18.734 [info] Send text to terminal: /bin/python /home/kh/ProyectoTareas/tarea.py
2025-04-21 12:21:19.455 [info] Send text to terminal: /bin/python /home/kh/ProyectoTareas/tarea.py
2025-04-21 12:21:58.291 [info] Send text to terminal: /bin/python /home/kh/ProyectoTareas/utilidades.py
2025-04-21 12:21:58.541 [info] Discover tests for workspace name: ProyectoTareas - uri: /home/kh/ProyectoTareas/utilidades.py
2025-04-21 12:22:01.145 [info] Send text to terminal: /bin/python /home/kh/ProyectoTareas/tarea.py
2025-04-21 12:22:02.091 [info] Send text to terminal: /bin/python /home/kh/ProyectoTareas/tarea.py
2025-04-21 12:22:48.676 [info] Send text to terminal: /bin/python /home/kh/ProyectoTareas/tarea.py
2025-04-21 12:22:48.925 [info] Discover tests for workspace name: ProyectoTareas - uri: /home/kh/ProyectoTareas/tarea.py
2025-04-21 12:22:49.564 [info] Send text to terminal: /bin/python /home/kh/ProyectoTareas/tarea.py
2025-04-21 12:22:50.381 [info] Send text to terminal: /bin/python /home/kh/ProyectoTareas/tarea.py
2025-04-21 12:23:17.741 [info] Send text to terminal: /bin/python /home/kh/ProyectoTareas/tarea.py
2025-04-21 12:23:17.991 [info] Discover tests for workspace name: ProyectoTareas - uri: /home/kh/ProyectoTareas/tarea.py
2025-04-21 12:23:36.274 [info] Send text to terminal: /bin/python /home/kh/ProyectoTareas/tarea.py
2025-04-21 12:23:36.524 [info] Discover tests for workspace name: ProyectoTareas - uri: /home/kh/ProyectoTareas/tarea.py
2025-04-21 12:23:37.638 [info] Send text to terminal: /bin/python /home/kh/ProyectoTareas/tarea.py
2025-04-21 12:23:54.032 [info] Send text to terminal: /bin/python /home/kh/ProyectoTareas/tarea.py
2025-04-21 12:23:54.282 [info] Discover tests for workspace name: ProyectoTareas - uri: /home/kh/ProyectoTareas/tarea.py
2025-04-21 12:23:54.912 [info] Send text to terminal: /bin/python /home/kh/ProyectoTareas/tarea.py
2025-04-21 12:24:01.668 [info] Discover tests for workspace name: ProyectoTareas - uri: /home/kh/ProyectoTareas/tarea.py
2025-04-21 12:24:06.955 [info] Discover tests for workspace name: ProyectoTareas - uri: /home/kh/ProyectoTareas/utilidades.py
2025-04-21 12:24:08.905 [info] Send text to terminal: /bin/python /home/kh/ProyectoTareas/tarea.py
2025-04-21 12:24:09.777 [info] Send text to terminal: /bin/python /home/kh/ProyectoTareas/tarea.py
2025-04-21 12:25:05.967 [info] Discover tests for workspace name: ProyectoTareas - uri: /home/kh/ProyectoTareas/utilidades.py
2025-04-21 12:25:08.994 [info] Send text to terminal: /bin/python /home/kh/ProyectoTareas/tarea.py
2025-04-21 12:25:10.213 [info] Send text to terminal: /bin/python /home/kh/ProyectoTareas/tarea.py
2025-04-21 12:25:52.397 [info] Discover tests for workspace name: ProyectoTareas - uri: /home/kh/ProyectoTareas/utilidades.py
2025-04-21 12:25:54.521 [info] Send text to terminal: /bin/python /home/kh/ProyectoTareas/tarea.py
2025-04-21 12:25:55.484 [info] Send text to terminal: /bin/python /home/kh/ProyectoTareas/tarea.py
2025-04-21 12:26:56.741 [info] Send text to terminal: /bin/python /home/kh/ProyectoTareas/utilidades.py
2025-04-21 12:26:56.990 [info] Discover tests for workspace name: ProyectoTareas - uri: /home/kh/ProyectoTareas/utilidades.py
2025-04-21 12:26:59.745 [info] Send text to terminal: /bin/python /home/kh/ProyectoTareas/tarea.py
2025-04-21 12:27:37.997 [info] Discover tests for workspace name: ProyectoTareas - uri: /home/kh/ProyectoTareas/utilidades.py
2025-04-21 12:27:40.076 [info] Send text to terminal: /bin/python /home/kh/ProyectoTareas/tarea.py
2025-04-21 12:27:41.062 [info] Send text to terminal: /bin/python /home/kh/ProyectoTareas/tarea.py
2025-04-21 12:28:17.701 [info] Send text to terminal: /bin/python /home/kh/ProyectoTareas/tarea.py
2025-04-21 12:28:17.951 [info] Discover tests for workspace name: ProyectoTareas - uri: /home/kh/ProyectoTareas/tarea.py
2025-04-21 12:28:40.189 [info] Send text to terminal: /bin/python /home/kh/ProyectoTareas/tarea.py
2025-04-21 12:28:40.439 [info] Discover tests for workspace name: ProyectoTareas - uri: /home/kh/ProyectoTareas/tarea.py
2025-04-21 12:29:26.298 [info] Send text to terminal: /bin/python /home/kh/ProyectoTareas/tarea.py
2025-04-21 12:29:26.547 [info] Discover tests for workspace name: ProyectoTareas - uri: /home/kh/ProyectoTareas/tarea.py
2025-04-21 12:30:28.710 [info] Send text to terminal: /bin/python /home/kh/ProyectoTareas/tarea.py
2025-04-21 12:30:28.960 [info] Discover tests for workspace name: ProyectoTareas - uri: /home/kh/ProyectoTareas/tarea.py
2025-04-21 12:30:36.532 [info] Send text to terminal: /bin/python /home/kh/ProyectoTareas/tarea.py
2025-04-21 12:30:36.782 [info] Discover tests for workspace name: ProyectoTareas - uri: /home/kh/ProyectoTareas/tarea.py
2025-04-21 12:30:37.397 [info] Send text to terminal: /bin/python /home/kh/ProyectoTareas/tarea.py
2025-04-21 12:32:13.683 [info] Send text to terminal: /bin/python /home/kh/ProyectoTareas/tarea.py
2025-04-21 12:32:13.933 [info] Discover tests for workspace name: ProyectoTareas - uri: /home/kh/ProyectoTareas/tarea.py
2025-04-21 12:32:14.410 [info] Send text to terminal: /bin/python /home/kh/ProyectoTareas/tarea.py
2025-04-21 12:32:14.787 [info] Send text to terminal: /bin/python /home/kh/ProyectoTareas/tarea.py
2025-04-21 12:32:55.972 [info] Send text to terminal: /bin/python /home/kh/ProyectoTareas/tarea.py
2025-04-21 12:32:56.221 [info] Discover tests for workspace name: ProyectoTareas - uri: /home/kh/ProyectoTareas/tarea.py
2025-04-21 12:32:56.846 [info] Send text to terminal: /bin/python /home/kh/ProyectoTareas/tarea.py
2025-04-21 12:32:57.439 [info] Send text to terminal: /bin/python /home/kh/ProyectoTareas/tarea.py
2025-04-21 12:33:20.904 [info] Send text to terminal: /bin/python /home/kh/ProyectoTareas/tarea.py
2025-04-21 12:33:21.154 [info] Discover tests for workspace name: ProyectoTareas - uri: /home/kh/ProyectoTareas/tarea.py
2025-04-21 12:33:31.596 [info] Send text to terminal: /bin/python /home/kh/ProyectoTareas/tarea.py
2025-04-21 12:33:31.845 [info] Discover tests for workspace name: ProyectoTareas - uri: /home/kh/ProyectoTareas/tarea.py
2025-04-21 12:33:32.292 [info] Send text to terminal: /bin/python /home/kh/ProyectoTareas/tarea.py
2025-04-21 12:33:32.707 [info] Send text to terminal: /bin/python /home/kh/ProyectoTareas/tarea.py
2025-04-21 12:33:51.306 [info] Send text to terminal: /bin/python /home/kh/ProyectoTareas/tarea.py
2025-04-21 12:33:51.884 [info] Send text to terminal: /bin/python /home/kh/ProyectoTareas/tarea.py
2025-04-21 12:34:19.692 [info] Send text to terminal: /bin/python /home/kh/ProyectoTareas/tarea.py
2025-04-21 12:34:20.375 [info] Send text to terminal: /bin/python /home/kh/ProyectoTareas/tarea.py
2025-04-21 12:35:38.829 [info] Send text to terminal: /bin/python /home/kh/ProyectoTareas/tarea.py
2025-04-21 12:35:39.080 [info] Discover tests for workspace name: ProyectoTareas - uri: /home/kh/ProyectoTareas/tarea.py
2025-04-21 12:36:06.383 [info] Send text to terminal: /bin/python /home/kh/ProyectoTareas/tarea.py
2025-04-21 12:36:06.633 [info] Discover tests for workspace name: ProyectoTareas - uri: /home/kh/ProyectoTareas/tarea.py
2025-04-21 12:36:25.954 [info] Send text to terminal: /bin/python /home/kh/ProyectoTareas/tarea.py
2025-04-21 12:36:34.193 [info] Send text to terminal: /bin/python /home/kh/ProyectoTareas/tarea.py
2025-04-21 12:36:34.443 [info] Discover tests for workspace name: ProyectoTareas - uri: /home/kh/ProyectoTareas/tarea.py
2025-04-21 12:36:35.622 [info] Send text to terminal: /bin/python /home/kh/ProyectoTareas/tarea.py
2025-04-21 12:36:45.730 [info] Send text to terminal: /bin/python /home/kh/ProyectoTareas/tarea.py
2025-04-21 12:36:45.980 [info] Discover tests for workspace name: ProyectoTareas - uri: /home/kh/ProyectoTareas/tarea.py
2025-04-21 12:37:38.091 [info] Send text to terminal: /bin/python /home/kh/ProyectoTareas/tarea.py
2025-04-21 12:37:38.341 [info] Discover tests for workspace name: ProyectoTareas - uri: /home/kh/ProyectoTareas/tarea.py
2025-04-21 12:37:40.430 [info] Send text to terminal: /bin/python /home/kh/ProyectoTareas/tarea.py
2025-04-21 12:39:26.115 [info] Discover tests for workspace name: ProyectoTareas - uri: /home/kh/ProyectoTareas/utilidades.py
2025-04-21 12:39:28.300 [info] Send text to terminal: /bin/python /home/kh/ProyectoTareas/tarea.py
2025-04-21 12:39:28.550 [info] Discover tests for workspace name: ProyectoTareas - uri: /home/kh/ProyectoTareas/tarea.py
2025-04-21 12:39:28.992 [info] Send text to terminal: /bin/python /home/kh/ProyectoTareas/tarea.py
2025-04-21 12:39:42.204 [info] Send text to terminal: /bin/python /home/kh/ProyectoTareas/tarea.py
2025-04-21 12:39:42.454 [info] Discover tests for workspace name: ProyectoTareas - uri: /home/kh/ProyectoTareas/tarea.py
2025-04-21 12:39:42.921 [info] Send text to terminal: /bin/python /home/kh/ProyectoTareas/tarea.py
2025-04-21 12:39:43.545 [info] Send text to terminal: /bin/python /home/kh/ProyectoTareas/tarea.py
2025-04-21 12:39:53.967 [info] Send text to terminal: /bin/python /home/kh/ProyectoTareas/tarea.py
2025-04-21 12:39:54.216 [info] Discover tests for workspace name: ProyectoTareas - uri: /home/kh/ProyectoTareas/tarea.py
2025-04-21 12:39:54.627 [info] Send text to terminal: /bin/python /home/kh/ProyectoTareas/tarea.py
2025-04-21 12:40:00.148 [info] Discover tests for workspace name: ProyectoTareas - uri: /home/kh/ProyectoTareas/utilidades.py
2025-04-21 12:40:03.909 [info] Discover tests for workspace name: ProyectoTareas - uri: /home/kh/ProyectoTareas/tarea.py
2025-04-21 12:40:05.494 [info] Send text to terminal: /bin/python /home/kh/ProyectoTareas/tarea.py
2025-04-21 12:40:06.270 [info] Send text to terminal: /bin/python /home/kh/ProyectoTareas/tarea.py
2025-04-21 12:40:13.463 [info] Discover tests for workspace name: ProyectoTareas - uri: /home/kh/ProyectoTareas/tarea.py
2025-04-21 12:40:15.322 [info] Send text to terminal: /bin/python /home/kh/ProyectoTareas/tarea.py
2025-04-21 12:40:16.589 [info] Send text to terminal: /bin/python /home/kh/ProyectoTareas/tarea.py
2025-04-21 12:41:46.764 [info] Discover tests for workspace name: ProyectoTareas - uri: /home/kh/ProyectoTareas/utilidades.py
2025-04-21 12:41:51.171 [info] Discover tests for workspace name: ProyectoTareas - uri: /home/kh/ProyectoTareas/tarea.py
2025-04-21 12:41:52.299 [info] Send text to terminal: /bin/python /home/kh/ProyectoTareas/tarea.py
2025-04-21 12:46:26.345 [info] Send text to terminal: /bin/python /home/kh/ProyectoTareas/utilidades.py
2025-04-21 12:46:26.596 [info] Discover tests for workspace name: ProyectoTareas - uri: /home/kh/ProyectoTareas/utilidades.py
2025-04-21 12:46:46.104 [info] Send text to terminal: /bin/python /home/kh/ProyectoTareas/utilidades.py
2025-04-21 12:46:46.801 [info] Send text to terminal: /bin/python /home/kh/ProyectoTareas/utilidades.py
2025-04-21 12:46:47.539 [info] Send text to terminal: /bin/python /home/kh/ProyectoTareas/utilidades.py
2025-04-21 12:46:56.726 [info] Discover tests for workspace name: ProyectoTareas - uri: /home/kh/ProyectoTareas/tarea.py
2025-04-21 12:46:57.566 [info] Send text to terminal: /bin/python /home/kh/ProyectoTareas/tarea.py
2025-04-21 12:49:15.952 [info] Discover tests for workspace name: ProyectoTareas - uri: /home/kh/ProyectoTareas/tarea.py
2025-04-21 12:49:18.239 [info] Send text to terminal: /bin/python /home/kh/ProyectoTareas/tarea.py
2025-04-21 12:49:21.923 [info] Send text to terminal: /bin/python /home/kh/ProyectoTareas/tarea.py
2025-04-21 12:49:48.753 [info] Send text to terminal: /bin/python /home/kh/ProyectoTareas/tarea.py
2025-04-21 12:49:49.003 [info] Discover tests for workspace name: ProyectoTareas - uri: /home/kh/ProyectoTareas/tarea.py
2025-04-21 12:53:00.929 [info] Send text to terminal: /bin/python /home/kh/ProyectoTareas/utilidades.py
2025-04-21 12:53:01.178 [info] Discover tests for workspace name: ProyectoTareas - uri: /home/kh/ProyectoTareas/utilidades.py
2025-04-21 12:53:05.695 [info] Send text to terminal: /bin/python /home/kh/ProyectoTareas/tarea.py
2025-04-21 12:53:46.739 [info] Discover tests for workspace name: ProyectoTareas - uri: /home/kh/ProyectoTareas/utilidades.py
2025-04-21 12:57:40.275 [info] Discover tests for workspace name: ProyectoTareas - uri: /home/kh/ProyectoTareas/tarea.py
2025-04-21 12:57:41.552 [info] Send text to terminal: /bin/python /home/kh/ProyectoTareas/tarea.py
2025-04-21 12:57:52.645 [info] Send text to terminal: /bin/python /home/kh/ProyectoTareas/tarea.py
2025-04-21 12:57:52.895 [info] Discover tests for workspace name: ProyectoTareas - uri: /home/kh/ProyectoTareas/tarea.py
2025-04-21 12:57:53.421 [info] Send text to terminal: /bin/python /home/kh/ProyectoTareas/tarea.py
2025-04-21 12:57:53.940 [info] Send text to terminal: /bin/python /home/kh/ProyectoTareas/tarea.py
2025-04-21 12:58:26.725 [info] Send text to terminal: /bin/python /home/kh/ProyectoTareas/tarea.py
2025-04-21 12:58:26.975 [info] Discover tests for workspace name: ProyectoTareas - uri: /home/kh/ProyectoTareas/tarea.py
2025-04-21 12:59:11.026 [info] Discover tests for workspace name: ProyectoTareas - uri: /home/kh/ProyectoTareas/tarea.py
2025-04-21 12:59:12.342 [info] Send text to terminal: /bin/python /home/kh/ProyectoTareas/tarea.py
2025-04-21 12:59:25.373 [info] Send text to terminal: /bin/python /home/kh/ProyectoTareas/tarea.py
2025-04-21 13:01:20.694 [info] Send text to terminal: /bin/python /home/kh/ProyectoTareas/tarea.py
2025-04-21 13:01:20.944 [info] Discover tests for workspace name: ProyectoTareas - uri: /home/kh/ProyectoTareas/tarea.py
2025-04-21 14:35:23.767 [info] Send text to terminal: /bin/python /home/kh/ProyectoTareas/tarea.py
2025-04-21 14:35:24.017 [info] Discover tests for workspace name: ProyectoTareas - uri: /home/kh/ProyectoTareas/tarea.py
2025-04-21 14:35:26.018 [info] Send text to terminal: /bin/python /home/kh/ProyectoTareas/tarea.py
2025-04-21 14:35:27.814 [info] Send text to terminal: /bin/python /home/kh/ProyectoTareas/tarea.py
2025-04-21 14:35:28.556 [info] Send text to terminal: /bin/python /home/kh/ProyectoTareas/tarea.py
2025-04-21 14:35:29.037 [info] Send text to terminal: /bin/python /home/kh/ProyectoTareas/tarea.py
2025-04-21 14:35:29.720 [info] Send text to terminal: /bin/python /home/kh/ProyectoTareas/tarea.py
2025-04-21 14:36:30.951 [info] Send text to terminal: /bin/python /home/kh/ProyectoTareas/tarea.py
2025-04-21 14:36:31.201 [info] Discover tests for workspace name: ProyectoTareas - uri: /home/kh/ProyectoTareas/tarea.py
2025-04-21 14:36:52.135 [info] Send text to terminal: /bin/python /home/kh/ProyectoTareas/tarea.py
2025-04-21 14:41:11.774 [info] Discover tests for workspace name: ProyectoTareas - uri: /home/kh/ProyectoTareas/utilidades.py
2025-04-21 14:41:14.110 [info] Discover tests for workspace name: ProyectoTareas - uri: /home/kh/ProyectoTareas/tarea.py
2025-04-21 14:41:23.859 [info] Discover tests for workspace name: ProyectoTareas - uri: /home/kh/ProyectoTareas/tarea.py
2025-04-21 14:41:24.991 [info] Send text to terminal: /bin/python /home/kh/ProyectoTareas/tarea.py
2025-04-21 14:41:27.116 [info] Send text to terminal: /bin/python /home/kh/ProyectoTareas/tarea.py
2025-04-21 14:41:58.467 [info] Discover tests for workspace name: ProyectoTareas - uri: /home/kh/ProyectoTareas/utilidades.py
2025-04-21 14:42:00.859 [info] Send text to terminal: /bin/python /home/kh/ProyectoTareas/tarea.py
2025-04-21 14:43:09.253 [info] Send text to terminal: /bin/python /home/kh/ProyectoTareas/tarea.py
2025-04-21 14:43:09.503 [info] Discover tests for workspace name: ProyectoTareas - uri: /home/kh/ProyectoTareas/tarea.py
2025-04-21 14:43:17.472 [info] Discover tests for workspace name: ProyectoTareas - uri: /home/kh/ProyectoTareas/tarea.py
2025-04-21 14:43:20.233 [info] Discover tests for workspace name: ProyectoTareas - uri: /home/kh/ProyectoTareas/tarea.py
2025-04-21 14:43:21.599 [info] Send text to terminal: /bin/python /home/kh/ProyectoTareas/tarea.py
2025-04-21 14:43:28.399 [info] Send text to terminal: /bin/python /home/kh/ProyectoTareas/tarea.py
2025-04-21 14:44:05.143 [info] Send text to terminal: /bin/python /home/kh/ProyectoTareas/tarea.py
2025-04-21 14:44:20.775 [info] Send text to terminal: /bin/python /home/kh/ProyectoTareas/tarea.py
