2025-02-26 07:47:23.792 [info] [main] Log level: Info
2025-02-26 07:47:23.792 [info] [main] Validating found git in: "git"
2025-02-26 07:47:23.792 [info] [main] Using git "2.48.1" from "git"
2025-02-26 07:47:23.792 [info] [Model][doInitialScan] Initial repository scan started
2025-02-26 07:47:23.792 [info] > git rev-parse --show-toplevel [4ms]
2025-02-26 07:47:23.793 [info] > git rev-parse --git-dir --git-common-dir [9ms]
2025-02-26 07:47:23.800 [info] [Model][openRepository] Opened repository: /home/kh/hyprcrow
2025-02-26 07:47:23.811 [info] > git rev-parse --show-toplevel [1ms]
2025-02-26 07:47:23.811 [info] fatal: not a git repository (or any parent up to mount point /)
Stopping at filesystem boundary (GIT_DISCOVERY_ACROSS_FILESYSTEM not set).
2025-02-26 07:47:23.811 [info] > git config --get commit.template [7ms]
2025-02-26 07:47:23.821 [info] > git rev-parse --show-toplevel [5ms]
2025-02-26 07:47:23.827 [info] > git for-each-ref --format=%(refname)%00%(upstream:short)%00%(objectname)%00%(upstream:track)%00%(upstream:remotename)%00%(upstream:remoteref) refs/heads/main refs/remotes/main [5ms]
2025-02-26 07:47:23.830 [warning] [Git][revParse] Unable to read file: ENOENT: no such file or directory, open '/home/kh/hyprcrow/.git/refs/remotes/origin/main'
2025-02-26 07:47:23.831 [info] > git rev-parse --show-toplevel [6ms]
2025-02-26 07:47:23.835 [info] > git rev-parse refs/remotes/origin/main [5ms]
2025-02-26 07:47:23.845 [info] > git rev-parse --show-toplevel [9ms]
2025-02-26 07:47:23.846 [info] > git for-each-ref --sort -committerdate --format %(refname) %(objectname) %(*objectname) [2ms]
2025-02-26 07:47:23.858 [info] > git rev-parse --show-toplevel [1ms]
2025-02-26 07:47:23.863 [info] > git rev-parse --show-toplevel [1ms]
2025-02-26 07:47:23.868 [info] > git rev-parse --show-toplevel [1ms]
2025-02-26 07:47:23.872 [info] > git rev-parse --show-toplevel [1ms]
2025-02-26 07:47:23.872 [info] [Model][doInitialScan] Initial repository scan completed - repositories (1), closed repositories (0), parent repositories (0), unsafe repositories (0)
2025-02-26 07:47:24.327 [info] > git check-ignore -v -z --stdin [6ms]
2025-02-26 07:47:26.384 [info] > git status -z -uall [2544ms] (cancelled)
2025-02-26 07:47:26.384 [info] > git config --get commit.template [1ms]
2025-02-26 07:47:26.385 [info] > git for-each-ref --format=%(refname)%00%(upstream:short)%00%(objectname)%00%(upstream:track)%00%(upstream:remotename)%00%(upstream:remoteref) refs/heads/main refs/remotes/main [7ms]
2025-02-26 07:47:26.393 [info] > git config --get --local branch.main.vscode-merge-base [4ms]
2025-02-26 07:47:26.422 [info] > git for-each-ref --format=%(refname)%00%(upstream:short)%00%(objectname)%00%(upstream:track)%00%(upstream:remotename)%00%(upstream:remoteref) refs/heads/main refs/remotes/main [20ms]
2025-02-26 07:47:26.422 [info] > git for-each-ref --format=%(refname)%00%(upstream:short)%00%(objectname)%00%(upstream:track)%00%(upstream:remotename)%00%(upstream:remoteref) refs/heads/origin/main refs/remotes/origin/main [25ms]
2025-02-26 07:47:26.974 [warning] [Git][revParse] Unable to read file: ENOENT: no such file or directory, open '/home/kh/hyprcrow/.git/refs/remotes/origin/main'
2025-02-26 07:47:26.976 [info] > git merge-base refs/heads/main refs/remotes/origin/main [549ms]
2025-02-26 07:47:26.981 [info] > git rev-parse refs/remotes/origin/main [7ms]
2025-02-26 07:47:26.991 [info] > git diff --name-status -z --diff-filter=ADMR a43ca963f74f89750cda02b1a6ec95217b82c619...refs/remotes/origin/main [11ms]
2025-02-26 07:47:26.992 [info] > git for-each-ref --sort -committerdate --format %(refname) %(objectname) %(*objectname) [2ms]
2025-02-26 07:47:27.644 [info] > git status -z -uall [658ms] (cancelled)
2025-02-26 08:22:04.547 [info] [main] Log level: Info
2025-02-26 08:22:04.548 [info] [main] Validating found git in: "git"
2025-02-26 08:22:04.548 [info] [main] Using git "2.48.1" from "git"
2025-02-26 08:22:04.548 [info] [Model][doInitialScan] Initial repository scan started
2025-02-26 08:22:04.548 [info] > git rev-parse --show-toplevel [5ms]
2025-02-26 08:22:04.558 [info] > git rev-parse --git-dir --git-common-dir [1ms]
2025-02-26 08:22:04.565 [info] [Model][openRepository] Opened repository: /home/kh/hyprcrow
2025-02-26 08:22:04.575 [info] > git config --get commit.template [5ms]
2025-02-26 08:22:04.576 [info] > git rev-parse --show-toplevel [3ms]
2025-02-26 08:22:04.576 [info] fatal: not a git repository (or any parent up to mount point /)
Stopping at filesystem boundary (GIT_DISCOVERY_ACROSS_FILESYSTEM not set).
2025-02-26 08:22:04.585 [info] > git for-each-ref --format=%(refname)%00%(upstream:short)%00%(objectname)%00%(upstream:track)%00%(upstream:remotename)%00%(upstream:remoteref) refs/heads/main refs/remotes/main [4ms]
2025-02-26 08:22:04.589 [warning] [Git][revParse] Unable to read file: ENOENT: no such file or directory, open '/home/kh/hyprcrow/.git/refs/remotes/origin/main'
2025-02-26 08:22:04.590 [info] > git rev-parse --show-toplevel [4ms]
2025-02-26 08:22:04.594 [info] > git rev-parse refs/remotes/origin/main [5ms]
2025-02-26 08:22:04.603 [info] > git rev-parse --show-toplevel [10ms]
2025-02-26 08:22:04.615 [info] > git for-each-ref --sort -committerdate --format %(refname) %(objectname) %(*objectname) [11ms]
2025-02-26 08:22:04.616 [info] > git rev-parse --show-toplevel [3ms]
2025-02-26 08:22:04.621 [info] > git rev-parse --show-toplevel [1ms]
2025-02-26 08:22:04.625 [info] > git rev-parse --show-toplevel [1ms]
2025-02-26 08:22:04.630 [info] > git rev-parse --show-toplevel [1ms]
2025-02-26 08:22:04.634 [info] > git rev-parse --show-toplevel [1ms]
2025-02-26 08:22:04.634 [info] [Model][doInitialScan] Initial repository scan completed - repositories (1), closed repositories (0), parent repositories (0), unsafe repositories (0)
2025-02-26 08:22:05.087 [info] > git check-ignore -v -z --stdin [6ms]
2025-02-26 08:22:05.613 [info] > git status -z -uall [1015ms] (cancelled)
2025-02-26 08:22:05.613 [info] > git config --get commit.template [2ms]
2025-02-26 08:22:05.613 [info] > git for-each-ref --format=%(refname)%00%(upstream:short)%00%(objectname)%00%(upstream:track)%00%(upstream:remotename)%00%(upstream:remoteref) refs/heads/main refs/remotes/main [7ms]
2025-02-26 08:22:05.622 [info] > git config --get --local branch.main.vscode-merge-base [5ms]
2025-02-26 08:22:05.631 [info] > git for-each-ref --format=%(refname)%00%(upstream:short)%00%(objectname)%00%(upstream:track)%00%(upstream:remotename)%00%(upstream:remoteref) refs/heads/origin/main refs/remotes/origin/main [5ms]
2025-02-26 08:22:05.636 [info] > git for-each-ref --format=%(refname)%00%(upstream:short)%00%(objectname)%00%(upstream:track)%00%(upstream:remotename)%00%(upstream:remoteref) refs/heads/main refs/remotes/main [6ms]
2025-02-26 08:22:05.639 [warning] [Git][revParse] Unable to read file: ENOENT: no such file or directory, open '/home/kh/hyprcrow/.git/refs/remotes/origin/main'
2025-02-26 08:22:05.640 [info] > git merge-base refs/heads/main refs/remotes/origin/main [5ms]
2025-02-26 08:22:05.647 [info] > git rev-parse refs/remotes/origin/main [8ms]
2025-02-26 08:22:06.208 [info] > git for-each-ref --sort -committerdate --format %(refname) %(objectname) %(*objectname) [553ms]
2025-02-26 08:22:06.208 [info] > git diff --name-status -z --diff-filter=ADMR a43ca963f74f89750cda02b1a6ec95217b82c619...refs/remotes/origin/main [564ms]
2025-02-26 08:22:06.323 [info] > git status -z -uall [672ms] (cancelled)
