2025-04-25 11:37:04.224 [info] [main] Log level: Info
2025-04-25 11:37:04.224 [info] [main] Validating found git in: "git"
2025-04-25 11:37:04.224 [info] [main] Using git "2.49.0" from "git"
2025-04-25 11:37:04.224 [info] [Model][doInitialScan] Initial repository scan started
2025-04-25 11:37:04.224 [info] > git rev-parse --show-toplevel [88ms]
2025-04-25 11:37:04.225 [info] > git rev-parse --show-toplevel [17ms]
2025-04-25 11:37:04.232 [info] > git rev-parse --show-toplevel [3ms]
2025-04-25 11:37:04.239 [info] > git rev-parse --show-toplevel [1ms]
2025-04-25 11:37:04.240 [info] [Model][doInitialScan] Initial repository scan completed - repositories (0), closed repositories (0), parent repositories (1), unsafe repositories (0)
2025-04-25 11:37:04.245 [info] > git rev-parse --show-toplevel [1ms]
2025-04-25 11:37:04.884 [info] > git rev-parse --show-toplevel [2ms]
2025-04-25 11:37:05.604 [info] > git rev-parse --show-toplevel [1ms]
2025-04-25 11:54:30.064 [info] > git rev-parse --show-toplevel [1ms]
2025-04-25 11:54:30.087 [info] > git rev-parse --show-toplevel [2ms]
2025-04-25 11:54:30.093 [info] > git rev-parse --show-toplevel [1ms]
2025-04-25 11:54:43.181 [info] > git rev-parse --show-toplevel [1ms]
2025-04-25 11:54:43.189 [info] > git rev-parse --show-toplevel [1ms]
2025-04-25 11:54:43.194 [info] > git rev-parse --show-toplevel [1ms]
2025-04-25 11:54:57.166 [info] > git rev-parse --show-toplevel [1ms]
2025-04-25 11:54:57.172 [info] > git rev-parse --show-toplevel [1ms]
2025-04-25 11:54:57.177 [info] > git rev-parse --show-toplevel [1ms]
2025-04-25 11:55:00.044 [info] > git rev-parse --show-toplevel [1ms]
2025-04-25 11:55:00.050 [info] > git rev-parse --show-toplevel [1ms]
2025-04-25 11:55:00.055 [info] > git rev-parse --show-toplevel [1ms]
2025-04-25 11:55:13.890 [info] > git rev-parse --show-toplevel [1ms]
2025-04-25 11:55:13.897 [info] > git rev-parse --show-toplevel [1ms]
2025-04-25 11:55:13.903 [info] > git rev-parse --show-toplevel [0ms]
2025-04-25 11:55:19.890 [info] > git rev-parse --show-toplevel [1ms]
2025-04-25 11:55:19.898 [info] > git rev-parse --show-toplevel [1ms]
2025-04-25 11:55:19.904 [info] > git rev-parse --show-toplevel [1ms]
2025-04-25 11:55:32.093 [info] > git rev-parse --show-toplevel [1ms]
2025-04-25 11:55:32.100 [info] > git rev-parse --show-toplevel [1ms]
2025-04-25 11:55:32.105 [info] > git rev-parse --show-toplevel [0ms]
2025-04-25 11:55:48.372 [info] > git rev-parse --show-toplevel [1ms]
2025-04-25 11:55:48.381 [info] > git rev-parse --show-toplevel [2ms]
2025-04-25 11:55:48.386 [info] > git rev-parse --show-toplevel [1ms]
2025-04-25 11:55:48.875 [info] > git rev-parse --show-toplevel [1ms]
2025-04-25 11:55:48.899 [info] > git rev-parse --show-toplevel [1ms]
2025-04-25 11:55:48.904 [info] > git rev-parse --show-toplevel [1ms]
2025-04-25 11:55:48.904 [info] fatal: not a git repository (or any parent up to mount point /)
Stopping at filesystem boundary (GIT_DISCOVERY_ACROSS_FILESYSTEM not set).
2025-04-25 11:55:50.675 [info] > git rev-parse --show-toplevel [1ms]
2025-04-25 11:55:54.179 [info] > git rev-parse --show-toplevel [1ms]
2025-04-25 12:00:24.594 [info] > git rev-parse --show-toplevel [1ms]
2025-04-25 12:00:30.118 [info] > git rev-parse --show-toplevel [1ms]
2025-04-25 12:00:42.315 [info] > git rev-parse --show-toplevel [1ms]
2025-04-25 12:01:02.527 [info] > git rev-parse --show-toplevel [1ms]
2025-04-25 12:01:03.474 [info] > git rev-parse --show-toplevel [1ms]
2025-04-25 12:01:10.350 [info] > git rev-parse --show-toplevel [2ms]
2025-04-25 12:01:12.989 [info] > git rev-parse --show-toplevel [1ms]
2025-04-25 12:03:44.199 [info] > git rev-parse --show-toplevel [2ms]
2025-04-25 12:04:53.748 [info] > git rev-parse --show-toplevel [1ms]
2025-04-25 12:05:08.403 [info] > git rev-parse --show-toplevel [2ms]
2025-04-25 12:05:13.609 [info] > git rev-parse --show-toplevel [1ms]
2025-04-25 12:05:30.370 [info] > git rev-parse --show-toplevel [2ms]
2025-04-25 12:06:01.458 [info] > git rev-parse --show-toplevel [2ms]
2025-04-25 12:06:57.095 [info] > git rev-parse --show-toplevel [2ms]
2025-04-25 12:07:03.666 [info] > git rev-parse --show-toplevel [1ms]
2025-04-25 12:07:17.825 [info] > git rev-parse --show-toplevel [1ms]
2025-04-25 12:09:42.574 [info] > git rev-parse --show-toplevel [1ms]
2025-04-25 12:09:52.372 [info] > git rev-parse --show-toplevel [1ms]
2025-04-25 12:26:59.112 [info] > git rev-parse --show-toplevel [1ms]
2025-04-25 12:27:17.176 [info] > git rev-parse --show-toplevel [1ms]
