2025-04-19 04:03:41.440 [info] Started local extension host with pid 23544.
2025-04-19 04:03:44.191 [info] [perf] Render performance baseline is 18ms
2025-04-19 04:06:02.321 [error] Extension 'ms-python.python CANNOT USE these API proposals 'contribEditorContentMenu, quickPickSortByLabel, testObserver, quickPickItemTooltip, terminalDataWriteEvent, terminalExecuteCommandEvent, codeActionAI, notebookReplDocument, notebookVariableProvider'. You MUST start in extension development mode or use the --enable-proposed-api command line flag
2025-04-19 04:06:02.321 [error] Extension 'ms-python.debugpy CANNOT USE these API proposals 'portsAttributes, debugVisualization, contribViewsWelcome'. You MUST start in extension development mode or use the --enable-proposed-api command line flag
2025-04-19 04:06:02.329 [error] [ms-python.python]: editor/content is a proposed menu identifier. It requires 'package.json#enabledApiProposals: ["contribEditorContentMenu"]' and is only available when running out of dev or with the following command line switch: --enable-proposed-api ms-python.python
2025-04-19 04:06:07.659 [error] An unknown error occurred. Please consult the log for more details.
2025-04-19 04:06:15.140 [error] FileNotFoundError: [Errno 2] No such file or directory: '/home/kh/hyprcrow/Untitled-2': Error: FileNotFoundError: [Errno 2] No such file or directory: '/home/kh/hyprcrow/Untitled-2'
	at ae (/home/kh/.vscode-oss/extensions/ms-python.python-2025.4.0-universal/out/client/extension.js:2:1965471)
	at oe (/home/kh/.vscode-oss/extensions/ms-python.python-2025.4.0-universal/out/client/extension.js:2:1963431)
	at Immediate.<anonymous> (/home/kh/.vscode-oss/extensions/ms-python.python-2025.4.0-universal/out/client/extension.js:2:1959725)
	at process.processImmediate (node:internal/timers:483:21)
2025-04-19 04:06:16.358 [error] FileNotFoundError: [Errno 2] No such file or directory: '/home/kh/hyprcrow/Untitled-2': Error: FileNotFoundError: [Errno 2] No such file or directory: '/home/kh/hyprcrow/Untitled-2'
	at ae (/home/kh/.vscode-oss/extensions/ms-python.python-2025.4.0-universal/out/client/extension.js:2:1965471)
	at oe (/home/kh/.vscode-oss/extensions/ms-python.python-2025.4.0-universal/out/client/extension.js:2:1963431)
	at Immediate.<anonymous> (/home/kh/.vscode-oss/extensions/ms-python.python-2025.4.0-universal/out/client/extension.js:2:1959725)
	at process.processImmediate (node:internal/timers:483:21)
2025-04-19 04:06:17.506 [error] FileNotFoundError: [Errno 2] No such file or directory: '/home/kh/hyprcrow/Untitled-2': Error: FileNotFoundError: [Errno 2] No such file or directory: '/home/kh/hyprcrow/Untitled-2'
	at ae (/home/kh/.vscode-oss/extensions/ms-python.python-2025.4.0-universal/out/client/extension.js:2:1965471)
	at oe (/home/kh/.vscode-oss/extensions/ms-python.python-2025.4.0-universal/out/client/extension.js:2:1963431)
	at Immediate.<anonymous> (/home/kh/.vscode-oss/extensions/ms-python.python-2025.4.0-universal/out/client/extension.js:2:1959725)
	at process.processImmediate (node:internal/timers:483:21)
