2025-05-13 11:19:08.408 [info] [main] Log level: Info
2025-05-13 11:19:08.408 [info] [main] Validating found git in: "git"
2025-05-13 11:19:08.408 [info] [main] Using git "2.49.0" from "git"
2025-05-13 11:19:08.408 [info] [Model][doInitialScan] Initial repository scan started
2025-05-13 11:19:08.408 [info] > git rev-parse --show-toplevel [9ms]
2025-05-13 11:19:08.408 [info] fatal: not a git repository (or any parent up to mount point /)
Stopping at filesystem boundary (GIT_DISCOVERY_ACROSS_FILESYSTEM not set).
2025-05-13 11:19:08.408 [info] > git rev-parse --show-toplevel [22ms]
2025-05-13 11:19:08.408 [info] fatal: not a git repository (or any parent up to mount point /)
Stopping at filesystem boundary (GIT_DISCOVERY_ACROSS_FILESYSTEM not set).
2025-05-13 11:19:08.409 [info] > git rev-parse --show-toplevel [2ms]
2025-05-13 11:19:08.415 [info] > git rev-parse --git-dir --git-common-dir [1ms]
2025-05-13 11:19:08.423 [info] [Model][openRepository] Opened repository (path): /home/kh/.config/ignis/.clone
2025-05-13 11:19:08.423 [info] [Model][openRepository] Opened repository (real path): /home/kh/.config/ignis/.clone
2025-05-13 11:19:08.433 [info] > git rev-parse --show-toplevel [1ms]
2025-05-13 11:19:08.433 [info] fatal: not a git repository (or any parent up to mount point /)
Stopping at filesystem boundary (GIT_DISCOVERY_ACROSS_FILESYSTEM not set).
2025-05-13 11:19:08.433 [info] [Model][doInitialScan] Initial repository scan completed - repositories (1), closed repositories (0), parent repositories (0), unsafe repositories (0)
2025-05-13 11:19:08.434 [info] > git config --get commit.template [5ms]
2025-05-13 11:19:08.441 [info] > git for-each-ref --format=%(refname)%00%(upstream:short)%00%(objectname)%00%(upstream:track)%00%(upstream:remotename)%00%(upstream:remoteref) refs/heads/main refs/remotes/main [3ms]
2025-05-13 11:19:08.445 [warning] [Git][revParse] Unable to read file: ENOENT: no such file or directory, open '/home/kh/.config/ignis/.clone/.git/refs/remotes/origin/main'
2025-05-13 11:19:08.446 [info] > git rev-parse refs/remotes/origin/main [1ms]
2025-05-13 11:19:08.458 [info] > git for-each-ref --sort -committerdate --format %(refname)%00%(objectname)%00%(*objectname) [1ms]
2025-05-13 11:19:08.460 [info] > git status -z -uall [9ms]
2025-05-13 11:19:08.483 [info] > git for-each-ref --format=%(refname)%00%(upstream:short)%00%(objectname)%00%(upstream:track)%00%(upstream:remotename)%00%(upstream:remoteref) refs/heads/main refs/remotes/main [5ms]
2025-05-13 11:19:08.490 [info] > git config --get --local branch.main.vscode-merge-base [2ms]
2025-05-13 11:19:08.494 [info] > git config --get commit.template [11ms]
2025-05-13 11:19:08.521 [info] > git for-each-ref --format=%(refname)%00%(upstream:short)%00%(objectname)%00%(upstream:track)%00%(upstream:remotename)%00%(upstream:remoteref) refs/heads/origin/main refs/remotes/origin/main [27ms]
2025-05-13 11:19:08.546 [info] > git merge-base refs/heads/main refs/remotes/origin/main [20ms]
2025-05-13 11:19:08.550 [info] > git for-each-ref --format=%(refname)%00%(upstream:short)%00%(objectname)%00%(upstream:track)%00%(upstream:remotename)%00%(upstream:remoteref) refs/heads/main refs/remotes/main [35ms]
2025-05-13 11:19:08.558 [warning] [Git][revParse] Unable to read file: ENOENT: no such file or directory, open '/home/kh/.config/ignis/.clone/.git/refs/remotes/origin/main'
2025-05-13 11:19:08.558 [info] > git diff --name-status -z --diff-filter=ADMR c26cfef8bbfabb89aec5dd7c2cbccbf8b5999030...refs/remotes/origin/main [8ms]
2025-05-13 11:19:08.560 [info] > git rev-parse refs/remotes/origin/main [3ms]
2025-05-13 11:19:08.569 [info] > git status -z -uall [4ms]
2025-05-13 11:19:08.571 [info] > git for-each-ref --sort -committerdate --format %(refname)%00%(objectname)%00%(*objectname) [2ms]
2025-05-13 11:19:08.940 [info] > git check-ignore -v -z --stdin [1ms]
2025-05-13 11:19:09.220 [info] > git rev-parse --show-toplevel [2ms]
2025-05-13 11:19:09.220 [info] fatal: not a git repository (or any parent up to mount point /)
Stopping at filesystem boundary (GIT_DISCOVERY_ACROSS_FILESYSTEM not set).
