2025-04-27 15:13:20.972 [info] [main] Log level: Info
2025-04-27 15:13:20.972 [info] [main] Validating found git in: "git"
2025-04-27 15:13:20.972 [info] [main] Using git "2.49.0" from "git"
2025-04-27 15:13:20.972 [info] [Model][doInitialScan] Initial repository scan started
2025-04-27 15:13:20.972 [info] > git rev-parse --show-toplevel [3ms]
2025-04-27 15:13:20.990 [info] > git rev-parse --show-toplevel [18ms]
2025-04-27 15:13:21.002 [info] > git rev-parse --show-toplevel [2ms]
2025-04-27 15:13:21.002 [info] [Model][doInitialScan] Initial repository scan completed - repositories (0), closed repositories (0), parent repositories (1), unsafe repositories (0)
2025-04-27 15:13:21.666 [info] > git rev-parse --show-toplevel [1ms]
2025-04-27 15:13:22.272 [info] > git rev-parse --show-toplevel [1ms]
2025-04-27 15:29:29.431 [info] > git rev-parse --show-toplevel [1ms]
2025-04-27 15:29:40.211 [info] > git rev-parse --show-toplevel [1ms]
2025-04-27 15:47:04.262 [info] > git rev-parse --show-toplevel [1ms]
2025-04-27 15:49:10.331 [info] > git rev-parse --show-toplevel [1ms]
2025-04-27 15:49:18.424 [info] > git rev-parse --show-toplevel [2ms]
2025-04-27 15:49:19.641 [info] > git rev-parse --show-toplevel [1ms]
2025-04-27 16:00:23.980 [info] > git rev-parse --show-toplevel [2ms]
2025-04-27 16:33:18.290 [info] > git rev-parse --show-toplevel [1ms]
2025-04-27 16:33:19.938 [info] > git rev-parse --show-toplevel [1ms]
2025-04-27 16:38:38.305 [info] > git rev-parse --show-toplevel [1ms]
2025-04-27 16:38:40.527 [info] > git rev-parse --show-toplevel [1ms]
2025-04-27 17:09:20.762 [info] > git rev-parse --show-toplevel [2ms]
2025-04-27 17:09:22.575 [info] > git rev-parse --show-toplevel [2ms]
2025-04-27 17:15:06.246 [info] > git rev-parse --show-toplevel [1ms]
2025-04-27 17:15:14.542 [info] > git rev-parse --show-toplevel [1ms]
2025-04-27 18:13:38.459 [info] > git rev-parse --show-toplevel [1ms]
2025-04-27 18:13:50.645 [info] > git rev-parse --show-toplevel [1ms]
2025-04-27 18:14:01.922 [info] > git rev-parse --show-toplevel [2ms]
2025-04-27 18:14:24.996 [info] > git rev-parse --show-toplevel [2ms]
2025-04-27 18:34:24.880 [info] > git rev-parse --show-toplevel [1ms]
2025-04-27 19:07:05.766 [info] > git rev-parse --show-toplevel [1ms]
2025-04-27 19:12:42.666 [info] > git rev-parse --show-toplevel [2ms]
2025-04-27 19:13:03.054 [info] > git rev-parse --show-toplevel [1ms]
2025-04-27 22:22:23.005 [info] > git rev-parse --show-toplevel [1ms]
2025-04-27 22:22:25.126 [info] > git rev-parse --show-toplevel [1ms]
2025-04-27 22:22:25.132 [info] > git rev-parse --show-toplevel [2ms]
2025-04-27 22:22:25.136 [info] > git rev-parse --show-toplevel [0ms]
2025-04-27 22:59:54.701 [info] > git rev-parse --show-toplevel [1ms]
2025-04-27 23:18:07.669 [info] > git rev-parse --show-toplevel [1ms]
2025-04-27 23:20:26.435 [info] > git rev-parse --show-toplevel [1ms]
2025-04-27 23:20:29.391 [info] > git rev-parse --show-toplevel [2ms]
2025-04-27 23:20:40.284 [info] > git rev-parse --show-toplevel [1ms]
2025-04-27 23:24:28.349 [info] > git rev-parse --show-toplevel [1ms]
2025-04-27 23:25:13.111 [info] > git rev-parse --show-toplevel [1ms]
2025-04-27 23:29:44.373 [info] > git rev-parse --show-toplevel [2ms]
2025-04-27 23:30:23.030 [info] > git rev-parse --show-toplevel [1ms]
2025-04-27 23:31:35.977 [info] > git rev-parse --show-toplevel [2ms]
2025-04-27 23:32:21.399 [info] > git rev-parse --show-toplevel [1ms]
2025-04-27 23:36:08.860 [info] > git rev-parse --show-toplevel [1ms]
2025-04-27 23:36:26.811 [info] > git rev-parse --show-toplevel [1ms]
2025-04-27 23:46:37.643 [info] > git rev-parse --show-toplevel [2ms]
2025-04-27 23:47:21.998 [info] > git rev-parse --show-toplevel [1ms]
2025-04-27 23:48:10.628 [info] > git rev-parse --show-toplevel [1ms]
2025-04-27 23:48:57.142 [info] > git rev-parse --show-toplevel [2ms]
2025-04-27 23:55:10.442 [info] > git rev-parse --show-toplevel [1ms]
2025-04-27 23:56:23.907 [info] > git rev-parse --show-toplevel [1ms]
2025-04-28 00:20:26.303 [info] > git rev-parse --show-toplevel [1ms]
2025-04-28 00:21:08.052 [info] > git rev-parse --show-toplevel [1ms]
2025-04-28 00:55:22.875 [info] > git rev-parse --show-toplevel [1ms]
2025-04-28 00:55:27.330 [info] > git rev-parse --show-toplevel [2ms]
2025-04-28 00:56:05.046 [info] > git rev-parse --show-toplevel [1ms]
2025-04-28 00:56:16.905 [info] > git rev-parse --show-toplevel [2ms]
2025-04-28 00:56:19.257 [info] > git rev-parse --show-toplevel [1ms]
2025-04-28 00:56:23.072 [info] > git rev-parse --show-toplevel [1ms]
2025-04-28 00:56:26.784 [info] > git rev-parse --show-toplevel [2ms]
2025-04-28 00:56:37.881 [info] > git rev-parse --show-toplevel [1ms]
2025-04-28 00:58:17.223 [info] > git rev-parse --show-toplevel [1ms]
2025-04-28 00:58:24.849 [info] > git rev-parse --show-toplevel [2ms]
2025-04-28 01:03:55.958 [info] > git rev-parse --show-toplevel [1ms]
2025-04-28 01:04:25.449 [info] > git rev-parse --show-toplevel [1ms]
2025-04-28 01:05:34.117 [info] > git rev-parse --show-toplevel [1ms]
2025-04-28 01:05:50.765 [info] > git rev-parse --show-toplevel [1ms]
2025-04-28 01:06:10.331 [info] > git rev-parse --show-toplevel [1ms]
2025-04-28 01:06:10.773 [info] > git rev-parse --show-toplevel [1ms]
2025-04-28 01:06:37.217 [info] > git rev-parse --show-toplevel [2ms]
2025-04-28 01:06:43.816 [info] > git rev-parse --show-toplevel [2ms]
2025-04-28 01:06:47.055 [info] > git rev-parse --show-toplevel [2ms]
2025-04-28 01:06:50.512 [info] > git rev-parse --show-toplevel [1ms]
2025-04-28 01:06:56.519 [info] > git rev-parse --show-toplevel [1ms]
2025-04-28 01:07:24.982 [info] > git rev-parse --show-toplevel [1ms]
2025-04-28 01:07:29.632 [info] > git rev-parse --show-toplevel [1ms]
2025-04-28 01:07:30.747 [info] > git rev-parse --show-toplevel [1ms]
2025-04-28 01:07:32.181 [info] > git rev-parse --show-toplevel [1ms]
2025-04-28 01:07:53.445 [info] > git rev-parse --show-toplevel [1ms]
2025-04-28 01:07:54.701 [info] > git rev-parse --show-toplevel [1ms]
2025-04-28 01:07:58.416 [info] > git rev-parse --show-toplevel [1ms]
2025-04-28 01:08:01.132 [info] > git rev-parse --show-toplevel [1ms]
2025-04-28 01:10:07.402 [info] > git rev-parse --show-toplevel [2ms]
2025-04-28 01:10:23.574 [info] > git rev-parse --show-toplevel [1ms]
2025-04-28 01:11:22.789 [info] > git rev-parse --show-toplevel [1ms]
2025-04-28 01:14:52.112 [info] > git rev-parse --show-toplevel [1ms]
2025-04-28 01:15:02.143 [info] > git rev-parse --show-toplevel [1ms]
2025-04-28 01:15:03.793 [info] > git rev-parse --show-toplevel [1ms]
2025-04-28 01:15:05.174 [info] > git rev-parse --show-toplevel [2ms]
2025-04-28 01:15:48.091 [info] > git rev-parse --show-toplevel [1ms]
2025-04-28 01:16:04.476 [info] > git rev-parse --show-toplevel [2ms]
2025-04-28 01:16:16.923 [info] > git rev-parse --show-toplevel [1ms]
2025-04-28 01:16:25.219 [info] > git rev-parse --show-toplevel [1ms]
2025-04-28 01:16:29.131 [info] > git rev-parse --show-toplevel [1ms]
2025-04-28 01:16:34.988 [info] > git rev-parse --show-toplevel [1ms]
2025-04-28 01:17:07.774 [info] > git rev-parse --show-toplevel [1ms]
2025-04-28 01:17:10.540 [info] > git rev-parse --show-toplevel [2ms]
2025-04-28 01:17:12.987 [info] > git rev-parse --show-toplevel [1ms]
2025-04-28 01:17:22.378 [info] > git rev-parse --show-toplevel [1ms]
2025-04-28 01:17:54.954 [info] > git rev-parse --show-toplevel [1ms]
2025-04-28 01:18:06.839 [info] > git rev-parse --show-toplevel [1ms]
2025-04-28 01:18:07.875 [info] > git rev-parse --show-toplevel [1ms]
2025-04-28 01:18:08.538 [info] > git rev-parse --show-toplevel [1ms]
2025-04-28 01:18:11.184 [info] > git rev-parse --show-toplevel [2ms]
2025-04-28 01:18:11.190 [info] > git rev-parse --show-toplevel [1ms]
2025-04-28 01:18:11.195 [info] > git rev-parse --show-toplevel [0ms]
2025-04-28 01:19:57.057 [info] > git rev-parse --show-toplevel [2ms]
2025-04-28 01:19:57.063 [info] > git rev-parse --show-toplevel [1ms]
2025-04-28 01:19:57.069 [info] > git rev-parse --show-toplevel [1ms]
2025-04-28 01:21:18.431 [info] > git rev-parse --show-toplevel [1ms]
2025-04-28 01:21:18.440 [info] > git rev-parse --show-toplevel [1ms]
2025-04-28 01:21:18.445 [info] > git rev-parse --show-toplevel [1ms]
2025-04-28 01:21:20.073 [info] > git rev-parse --show-toplevel [1ms]
2025-04-28 01:21:20.079 [info] > git rev-parse --show-toplevel [1ms]
2025-04-28 01:21:20.084 [info] > git rev-parse --show-toplevel [1ms]
2025-04-28 01:21:22.085 [info] > git rev-parse --show-toplevel [1ms]
2025-04-28 01:21:22.092 [info] > git rev-parse --show-toplevel [1ms]
2025-04-28 01:21:22.098 [info] > git rev-parse --show-toplevel [1ms]
2025-04-28 01:21:59.893 [info] > git rev-parse --show-toplevel [1ms]
2025-04-28 01:21:59.909 [info] > git rev-parse --show-toplevel [1ms]
2025-04-28 01:21:59.915 [info] > git rev-parse --show-toplevel [1ms]
2025-04-28 01:22:47.024 [info] > git rev-parse --show-toplevel [1ms]
2025-04-28 01:22:47.032 [info] > git rev-parse --show-toplevel [1ms]
2025-04-28 01:22:47.037 [info] > git rev-parse --show-toplevel [1ms]
2025-04-28 01:22:51.611 [info] > git rev-parse --show-toplevel [1ms]
2025-04-28 01:22:51.619 [info] > git rev-parse --show-toplevel [1ms]
2025-04-28 01:22:51.624 [info] > git rev-parse --show-toplevel [1ms]
2025-04-28 01:22:53.597 [info] > git rev-parse --show-toplevel [1ms]
2025-04-28 01:22:53.604 [info] > git rev-parse --show-toplevel [1ms]
2025-04-28 01:22:53.609 [info] > git rev-parse --show-toplevel [1ms]
2025-04-28 01:23:20.253 [info] > git rev-parse --show-toplevel [1ms]
2025-04-28 01:23:20.262 [info] > git rev-parse --show-toplevel [1ms]
2025-04-28 01:23:20.267 [info] > git rev-parse --show-toplevel [1ms]
2025-04-28 01:23:21.533 [info] > git rev-parse --show-toplevel [1ms]
2025-04-28 01:23:21.539 [info] > git rev-parse --show-toplevel [1ms]
2025-04-28 01:23:21.544 [info] > git rev-parse --show-toplevel [1ms]
2025-04-28 01:23:22.757 [info] > git rev-parse --show-toplevel [1ms]
2025-04-28 01:23:22.774 [info] > git rev-parse --show-toplevel [1ms]
2025-04-28 01:23:22.780 [info] > git rev-parse --show-toplevel [1ms]
2025-04-28 01:23:22.785 [info] > git rev-parse --show-toplevel [1ms]
2025-04-28 01:40:52.627 [info] > git rev-parse --show-toplevel [1ms]
2025-04-28 01:40:52.640 [info] > git rev-parse --show-toplevel [1ms]
2025-04-28 01:40:52.645 [info] > git rev-parse --show-toplevel [0ms]
2025-04-28 01:46:22.733 [info] > git rev-parse --show-toplevel [1ms]
2025-04-28 01:46:22.745 [info] > git rev-parse --show-toplevel [1ms]
2025-04-28 01:46:22.751 [info] > git rev-parse --show-toplevel [1ms]
2025-04-28 01:47:16.489 [info] > git rev-parse --show-toplevel [1ms]
2025-04-28 01:47:16.495 [info] > git rev-parse --show-toplevel [1ms]
2025-04-28 01:47:16.499 [info] > git rev-parse --show-toplevel [0ms]
2025-04-28 01:47:17.529 [info] > git rev-parse --show-toplevel [1ms]
2025-04-28 01:47:17.535 [info] > git rev-parse --show-toplevel [1ms]
2025-04-28 01:47:17.540 [info] > git rev-parse --show-toplevel [1ms]
2025-04-28 02:05:13.798 [info] > git rev-parse --show-toplevel [1ms]
2025-04-28 02:05:13.806 [info] > git rev-parse --show-toplevel [1ms]
2025-04-28 02:05:13.812 [info] > git rev-parse --show-toplevel [1ms]
2025-04-28 02:05:14.962 [info] > git rev-parse --show-toplevel [1ms]
2025-04-28 02:05:14.971 [info] > git rev-parse --show-toplevel [1ms]
2025-04-28 02:05:14.977 [info] > git rev-parse --show-toplevel [1ms]
2025-04-28 02:20:46.670 [info] > git rev-parse --show-toplevel [2ms]
2025-04-28 02:20:46.675 [info] > git rev-parse --show-toplevel [0ms]
2025-04-28 02:20:46.681 [info] > git rev-parse --show-toplevel [1ms]
2025-04-28 02:21:49.100 [info] > git rev-parse --show-toplevel [1ms]
2025-04-28 02:21:49.110 [info] > git rev-parse --show-toplevel [1ms]
2025-04-28 02:21:49.116 [info] > git rev-parse --show-toplevel [1ms]
2025-04-28 03:11:15.187 [info] > git rev-parse --show-toplevel [2ms]
2025-04-28 03:11:15.193 [info] > git rev-parse --show-toplevel [1ms]
2025-04-28 03:11:15.199 [info] > git rev-parse --show-toplevel [1ms]
2025-04-28 03:11:22.713 [info] > git rev-parse --show-toplevel [1ms]
2025-04-28 03:11:22.721 [info] > git rev-parse --show-toplevel [1ms]
2025-04-28 03:11:22.726 [info] > git rev-parse --show-toplevel [1ms]
2025-04-28 03:11:40.448 [info] > git rev-parse --show-toplevel [2ms]
2025-04-28 03:11:40.458 [info] > git rev-parse --show-toplevel [1ms]
2025-04-28 03:11:40.464 [info] > git rev-parse --show-toplevel [1ms]
2025-04-28 03:12:08.917 [info] > git rev-parse --show-toplevel [1ms]
2025-04-28 03:12:08.926 [info] > git rev-parse --show-toplevel [1ms]
2025-04-28 03:12:08.931 [info] > git rev-parse --show-toplevel [1ms]
2025-04-28 03:12:11.840 [info] > git rev-parse --show-toplevel [1ms]
2025-04-28 03:12:11.849 [info] > git rev-parse --show-toplevel [1ms]
2025-04-28 03:12:11.855 [info] > git rev-parse --show-toplevel [1ms]
2025-04-28 03:12:13.686 [info] > git rev-parse --show-toplevel [1ms]
2025-04-28 03:12:13.693 [info] > git rev-parse --show-toplevel [1ms]
2025-04-28 03:12:13.698 [info] > git rev-parse --show-toplevel [1ms]
2025-04-28 03:17:29.934 [info] > git rev-parse --show-toplevel [1ms]
2025-04-28 03:17:29.952 [info] > git rev-parse --show-toplevel [1ms]
2025-04-28 03:17:29.957 [info] > git rev-parse --show-toplevel [1ms]
