2025-04-19 17:26:08.763 [info] [main] Log level: Info
2025-04-19 17:26:08.763 [info] [main] Validating found git in: "git"
2025-04-19 17:26:08.763 [info] [main] Using git "2.49.0" from "git"
2025-04-19 17:26:08.763 [info] [Model][doInitialScan] Initial repository scan started
2025-04-19 17:26:08.763 [info] > git rev-parse --show-toplevel [2ms]
2025-04-19 17:26:08.763 [info] > git rev-parse --git-dir --git-common-dir [21ms]
2025-04-19 17:26:08.763 [info] [Model][openRepository] Opened repository: /home/kh/hyprcrow
2025-04-19 17:26:08.763 [info] > git rev-parse --show-toplevel [2ms]
2025-04-19 17:26:08.763 [info] fatal: not a git repository (or any parent up to mount point /)
Stopping at filesystem boundary (GIT_DISCOVERY_ACROSS_FILESYSTEM not set).
2025-04-19 17:26:08.763 [info] > git config --get commit.template [7ms]
2025-04-19 17:26:08.774 [info] > git for-each-ref --format=%(refname)%00%(upstream:short)%00%(objectname)%00%(upstream:track)%00%(upstream:remotename)%00%(upstream:remoteref) refs/heads/main refs/remotes/main [2ms]
2025-04-19 17:26:08.774 [info] > git rev-parse --show-toplevel [7ms]
2025-04-19 17:26:08.778 [warning] [Git][revParse] Unable to read file: ENOENT: no such file or directory, open '/home/kh/hyprcrow/.git/refs/remotes/origin/main'
2025-04-19 17:26:08.783 [info] > git rev-parse refs/remotes/origin/main [5ms]
2025-04-19 17:26:08.797 [info] > git for-each-ref --sort -committerdate --format %(refname)%00%(objectname)%00%(*objectname) [3ms]
2025-04-19 17:26:08.798 [info] > git rev-parse --show-toplevel [16ms]
2025-04-19 17:26:08.815 [info] > git rev-parse --show-toplevel [2ms]
2025-04-19 17:26:08.822 [info] > git rev-parse --show-toplevel [1ms]
2025-04-19 17:26:08.827 [info] > git rev-parse --show-toplevel [1ms]
2025-04-19 17:26:08.832 [info] > git rev-parse --show-toplevel [1ms]
2025-04-19 17:26:08.832 [info] [Model][doInitialScan] Initial repository scan completed - repositories (1), closed repositories (0), parent repositories (0), unsafe repositories (0)
2025-04-19 17:26:08.943 [info] > git status -z -uall [155ms]
2025-04-19 17:26:08.972 [info] > git for-each-ref --format=%(refname)%00%(upstream:short)%00%(objectname)%00%(upstream:track)%00%(upstream:remotename)%00%(upstream:remoteref) refs/heads/main refs/remotes/main [6ms]
2025-04-19 17:26:08.980 [info] > git config --get --local branch.main.vscode-merge-base [3ms]
2025-04-19 17:26:08.985 [info] > git config --get commit.template [12ms]
2025-04-19 17:26:08.990 [info] > git for-each-ref --format=%(refname)%00%(upstream:short)%00%(objectname)%00%(upstream:track)%00%(upstream:remotename)%00%(upstream:remoteref) refs/heads/origin/main refs/remotes/origin/main [6ms]
2025-04-19 17:26:08.995 [info] > git for-each-ref --format=%(refname)%00%(upstream:short)%00%(objectname)%00%(upstream:track)%00%(upstream:remotename)%00%(upstream:remoteref) refs/heads/main refs/remotes/main [6ms]
2025-04-19 17:26:08.999 [warning] [Git][revParse] Unable to read file: ENOENT: no such file or directory, open '/home/kh/hyprcrow/.git/refs/remotes/origin/main'
2025-04-19 17:26:08.999 [info] > git merge-base refs/heads/main refs/remotes/origin/main [5ms]
2025-04-19 17:26:09.004 [info] > git rev-parse refs/remotes/origin/main [5ms]
2025-04-19 17:26:09.014 [info] > git diff --name-status -z --diff-filter=ADMR 3337d2b34eb8dbb739902bcf4d3f0f14e9bb856f...refs/remotes/origin/main [10ms]
2025-04-19 17:26:09.016 [info] > git for-each-ref --sort -committerdate --format %(refname)%00%(objectname)%00%(*objectname) [2ms]
2025-04-19 17:26:09.157 [info] > git status -z -uall [148ms]
2025-04-19 17:26:09.364 [info] > git check-ignore -v -z --stdin [71ms]
2025-04-19 17:26:14.651 [info] > git config --get commit.template [6ms]
2025-04-19 17:26:14.651 [info] > git for-each-ref --format=%(refname)%00%(upstream:short)%00%(objectname)%00%(upstream:track)%00%(upstream:remotename)%00%(upstream:remoteref) refs/heads/main refs/remotes/main [1ms]
2025-04-19 17:26:14.656 [warning] [Git][revParse] Unable to read file: ENOENT: no such file or directory, open '/home/kh/hyprcrow/.git/refs/remotes/origin/main'
2025-04-19 17:26:14.657 [info] > git rev-parse refs/remotes/origin/main [1ms]
2025-04-19 17:26:14.668 [info] > git for-each-ref --sort -committerdate --format %(refname)%00%(objectname)%00%(*objectname) [1ms]
2025-04-19 17:26:14.785 [info] > git status -z -uall [124ms]
2025-04-19 17:26:17.874 [info] > git check-ignore -v -z --stdin [9ms]
2025-04-19 17:26:19.807 [info] > git config --get commit.template [7ms]
2025-04-19 17:26:19.807 [info] > git for-each-ref --format=%(refname)%00%(upstream:short)%00%(objectname)%00%(upstream:track)%00%(upstream:remotename)%00%(upstream:remoteref) refs/heads/main refs/remotes/main [1ms]
2025-04-19 17:26:19.812 [warning] [Git][revParse] Unable to read file: ENOENT: no such file or directory, open '/home/kh/hyprcrow/.git/refs/remotes/origin/main'
2025-04-19 17:26:19.817 [info] > git rev-parse refs/remotes/origin/main [5ms]
2025-04-19 17:26:19.828 [info] > git for-each-ref --sort -committerdate --format %(refname)%00%(objectname)%00%(*objectname) [2ms]
2025-04-19 17:26:19.949 [info] > git status -z -uall [128ms]
2025-04-19 17:26:24.968 [info] > git config --get commit.template [6ms]
2025-04-19 17:26:24.969 [info] > git for-each-ref --format=%(refname)%00%(upstream:short)%00%(objectname)%00%(upstream:track)%00%(upstream:remotename)%00%(upstream:remoteref) refs/heads/main refs/remotes/main [1ms]
2025-04-19 17:26:24.974 [warning] [Git][revParse] Unable to read file: ENOENT: no such file or directory, open '/home/kh/hyprcrow/.git/refs/remotes/origin/main'
2025-04-19 17:26:24.975 [info] > git rev-parse refs/remotes/origin/main [1ms]
2025-04-19 17:26:24.985 [info] > git for-each-ref --sort -committerdate --format %(refname)%00%(objectname)%00%(*objectname) [1ms]
2025-04-19 17:26:25.110 [info] > git status -z -uall [131ms]
2025-04-19 17:26:30.128 [info] > git config --get commit.template [5ms]
2025-04-19 17:26:30.129 [info] > git for-each-ref --format=%(refname)%00%(upstream:short)%00%(objectname)%00%(upstream:track)%00%(upstream:remotename)%00%(upstream:remoteref) refs/heads/main refs/remotes/main [1ms]
2025-04-19 17:26:30.133 [warning] [Git][revParse] Unable to read file: ENOENT: no such file or directory, open '/home/kh/hyprcrow/.git/refs/remotes/origin/main'
2025-04-19 17:26:30.134 [info] > git rev-parse refs/remotes/origin/main [1ms]
2025-04-19 17:26:30.144 [info] > git for-each-ref --sort -committerdate --format %(refname)%00%(objectname)%00%(*objectname) [1ms]
2025-04-19 17:26:30.265 [info] > git status -z -uall [126ms]
