2025-02-23 22:45:47.630 [info] [main] Log level: Info
2025-02-23 22:45:47.630 [info] [main] Validating found git in: "git"
2025-02-23 22:45:47.630 [info] [main] Using git "2.48.1" from "git"
2025-02-23 22:45:47.630 [info] [Model][doInitialScan] Initial repository scan started
2025-02-23 22:45:47.630 [info] > git rev-parse --show-toplevel [6ms]
2025-02-23 22:45:47.631 [info] > git rev-parse --show-toplevel [8ms]
2025-02-23 22:45:47.632 [info] [Model][doInitialScan] Initial repository scan completed - repositories (0), closed repositories (0), parent repositories (1), unsafe repositories (0)
2025-02-23 22:45:49.314 [info] > git rev-parse --show-toplevel [0ms]
2025-02-23 22:46:02.025 [info] [main] Log level: Info
2025-02-23 22:46:02.025 [info] [main] Validating found git in: "git"
2025-02-23 22:46:02.025 [info] [main] Using git "2.48.1" from "git"
2025-02-23 22:46:02.025 [info] [Model][doInitialScan] Initial repository scan started
2025-02-23 22:46:02.025 [info] > git rev-parse --show-toplevel [4ms]
2025-02-23 22:46:02.030 [info] > git rev-parse --git-dir --git-common-dir [1ms]
2025-02-23 22:46:02.037 [info] [Model][openRepository] Opened repository: /home/kh/hyprcrow
2025-02-23 22:46:02.047 [info] > git rev-parse --show-toplevel [2ms]
2025-02-23 22:46:02.047 [info] > git config --get commit.template [6ms]
2025-02-23 22:46:02.080 [info] > git rev-parse --show-toplevel [16ms]
2025-02-23 22:46:02.084 [info] > git for-each-ref --format=%(refname)%00%(upstream:short)%00%(objectname)%00%(upstream:track)%00%(upstream:remotename)%00%(upstream:remoteref) refs/heads/main refs/remotes/main [6ms]
2025-02-23 22:46:02.088 [warning] [Git][revParse] Unable to read file: ENOENT: no such file or directory, open '/home/kh/hyprcrow/.git/refs/remotes/origin/main'
2025-02-23 22:46:02.088 [info] > git rev-parse --show-toplevel [5ms]
2025-02-23 22:46:02.092 [info] > git rev-parse refs/remotes/origin/main [4ms]
2025-02-23 22:46:02.109 [info] > git rev-parse --show-toplevel [18ms]
2025-02-23 22:46:02.115 [info] > git for-each-ref --sort -committerdate --format %(refname) %(objectname) %(*objectname) [14ms]
2025-02-23 22:46:02.116 [info] > git rev-parse --show-toplevel [2ms]
2025-02-23 22:46:02.120 [info] > git rev-parse --show-toplevel [1ms]
2025-02-23 22:46:02.120 [info] [Model][doInitialScan] Initial repository scan completed - repositories (1), closed repositories (0), parent repositories (0), unsafe repositories (0)
2025-02-23 22:46:02.572 [info] > git check-ignore -v -z --stdin [19ms]
2025-02-23 22:46:03.345 [info] > git status -z -uall [1249ms] (cancelled)
2025-02-23 22:46:03.345 [info] > git for-each-ref --format=%(refname)%00%(upstream:short)%00%(objectname)%00%(upstream:track)%00%(upstream:remotename)%00%(upstream:remoteref) refs/heads/main refs/remotes/main [6ms]
2025-02-23 22:46:03.352 [info] > git config --get --local branch.main.vscode-merge-base [3ms]
2025-02-23 22:46:03.352 [warning] [Git][config] git config failed: Failed to execute git
2025-02-23 22:46:03.356 [info] > git config --get commit.template [11ms]
2025-02-23 22:46:03.377 [info] > git reflog main --grep-reflog=branch: Created from *. [21ms]
2025-02-23 22:46:03.382 [info] > git symbolic-ref --short refs/remotes/origin/HEAD [2ms]
2025-02-23 22:46:03.386 [info] > git for-each-ref --format=%(refname)%00%(upstream:short)%00%(objectname)%00%(upstream:track)%00%(upstream:remotename)%00%(upstream:remoteref) refs/heads/main refs/remotes/main [10ms]
2025-02-23 22:46:03.919 [warning] [Git][revParse] Unable to read file: ENOENT: no such file or directory, open '/home/kh/hyprcrow/.git/refs/remotes/origin/main'
2025-02-23 22:46:03.920 [info] > git for-each-ref --format=%(refname)%00%(upstream:short)%00%(objectname)%00%(upstream:track)%00%(upstream:remotename)%00%(upstream:remoteref) refs/heads/origin/main refs/remotes/origin/main [533ms]
2025-02-23 22:46:03.925 [info] > git config --add --local branch.main.vscode-merge-base origin/main [1ms]
2025-02-23 22:46:03.925 [info] > git rev-parse refs/remotes/origin/main [6ms]
2025-02-23 22:46:03.935 [info] > git for-each-ref --format=%(refname)%00%(upstream:short)%00%(objectname)%00%(upstream:track)%00%(upstream:remotename)%00%(upstream:remoteref) refs/heads/main refs/remotes/main [5ms]
2025-02-23 22:46:03.941 [info] > git config --get commit.template [6ms]
2025-02-23 22:46:03.948 [info] > git config --get --local branch.main.vscode-merge-base [8ms]
2025-02-23 22:46:03.952 [info] > git for-each-ref --format=%(refname)%00%(upstream:short)%00%(objectname)%00%(upstream:track)%00%(upstream:remotename)%00%(upstream:remoteref) refs/heads/main refs/remotes/main [5ms]
2025-02-23 22:46:03.955 [warning] [Git][revParse] Unable to read file: ENOENT: no such file or directory, open '/home/kh/hyprcrow/.git/refs/remotes/origin/main'
2025-02-23 22:46:03.956 [info] > git for-each-ref --format=%(refname)%00%(upstream:short)%00%(objectname)%00%(upstream:track)%00%(upstream:remotename)%00%(upstream:remoteref) refs/heads/origin/main refs/remotes/origin/main [5ms]
2025-02-23 22:46:03.960 [info] > git rev-parse refs/remotes/origin/main [5ms]
2025-02-23 22:46:03.968 [info] > git merge-base refs/heads/main refs/remotes/origin/main [8ms]
2025-02-23 22:46:03.975 [info] > git diff --name-status -z --diff-filter=ADMR a43ca963f74f89750cda02b1a6ec95217b82c619...refs/remotes/origin/main [2ms]
2025-02-23 22:46:03.975 [info] > git for-each-ref --sort -committerdate --format %(refname) %(objectname) %(*objectname) [7ms]
2025-02-23 22:46:04.536 [info] > git check-ignore -v -z --stdin [20ms]
2025-02-23 22:46:04.608 [info] > git status -z -uall [644ms] (cancelled)
2025-02-23 22:46:06.738 [info] > git show --textconv :Scripts/prueba_zxpy.py [6ms]
2025-02-23 22:46:06.743 [info] > git hash-object -t tree /dev/null [1ms]
2025-02-23 22:46:06.743 [warning] [GitFileSystemProvider][readFile] File not found - git:/home/kh/hyprcrow/Scripts/prueba_zxpy.py.git?%7B%22path%22%3A%22%2Fhome%2Fkh%2Fhyprcrow%2FScripts%2Fprueba_zxpy.py%22%2C%22ref%22%3A%22%22%7D
2025-02-23 22:46:06.744 [info] > git ls-files --stage -- /home/kh/hyprcrow/Scripts/prueba_zxpy.py [8ms]
2025-02-23 22:46:06.744 [warning] [GitFileSystemProvider][stat] File not found - git:/home/kh/hyprcrow/Scripts/prueba_zxpy.py.git?%7B%22path%22%3A%22%2Fhome%2Fkh%2Fhyprcrow%2FScripts%2Fprueba_zxpy.py%22%2C%22ref%22%3A%22%22%7D
2025-02-23 22:47:20.623 [info] > git blame --root --incremental a43ca963f74f89750cda02b1a6ec95217b82c619 -- /home/kh/hyprcrow/Scripts/prueba_zxpy.py [8ms]
2025-02-23 22:47:20.627 [info] fatal: no such path Scripts/prueba_zxpy.py in a43ca963f74f89750cda02b1a6ec95217b82c619
