2025-04-24 11:24:27.709 [info] [main] Log level: Info
2025-04-24 11:24:27.709 [info] [main] Validating found git in: "git"
2025-04-24 11:24:27.709 [info] [main] Using git "2.49.0" from "git"
2025-04-24 11:24:27.709 [info] [Model][doInitialScan] Initial repository scan started
2025-04-24 11:24:27.709 [info] > git rev-parse --show-toplevel [12ms]
2025-04-24 11:24:27.710 [info] > git rev-parse --show-toplevel [9ms]
2025-04-24 11:24:27.718 [info] > git rev-parse --show-toplevel [4ms]
2025-04-24 11:24:27.718 [info] [Model][doInitialScan] Initial repository scan completed - repositories (0), closed repositories (0), parent repositories (1), unsafe repositories (0)
2025-04-24 11:24:29.237 [info] > git rev-parse --show-toplevel [2ms]
2025-04-24 12:07:11.458 [info] > git rev-parse --show-toplevel [2ms]
2025-04-24 12:08:22.637 [info] > git rev-parse --show-toplevel [1ms]
2025-04-24 12:08:27.578 [info] > git rev-parse --show-toplevel [1ms]
2025-04-24 12:09:40.478 [info] > git rev-parse --show-toplevel [2ms]
2025-04-24 12:12:29.546 [info] > git rev-parse --show-toplevel [2ms]
2025-04-24 12:13:38.327 [info] > git rev-parse --show-toplevel [1ms]
2025-04-24 12:15:09.622 [info] > git rev-parse --show-toplevel [1ms]
2025-04-24 12:15:29.845 [info] > git rev-parse --show-toplevel [2ms]
2025-04-24 12:15:45.773 [info] > git rev-parse --show-toplevel [2ms]
2025-04-24 12:16:44.141 [info] > git rev-parse --show-toplevel [1ms]
2025-04-24 12:16:52.031 [info] > git rev-parse --show-toplevel [1ms]
2025-04-24 12:18:55.845 [info] > git rev-parse --show-toplevel [1ms]
2025-04-24 12:19:05.644 [info] > git rev-parse --show-toplevel [1ms]
2025-04-24 12:20:00.123 [info] > git rev-parse --show-toplevel [2ms]
2025-04-24 12:20:08.628 [info] > git rev-parse --show-toplevel [1ms]
2025-04-24 12:21:46.199 [info] > git rev-parse --show-toplevel [1ms]
2025-04-24 12:22:47.484 [info] > git rev-parse --show-toplevel [1ms]
2025-04-24 12:22:48.241 [info] > git rev-parse --show-toplevel [1ms]
2025-04-24 12:22:54.123 [info] > git rev-parse --show-toplevel [2ms]
2025-04-24 12:24:12.562 [info] > git rev-parse --show-toplevel [1ms]
2025-04-24 12:27:48.341 [info] > git rev-parse --show-toplevel [1ms]
2025-04-24 12:27:59.513 [info] > git rev-parse --show-toplevel [2ms]
2025-04-24 12:28:06.291 [info] > git rev-parse --show-toplevel [1ms]
2025-04-24 12:30:31.303 [info] > git rev-parse --show-toplevel [2ms]
2025-04-24 12:31:04.886 [info] > git rev-parse --show-toplevel [1ms]
2025-04-24 12:31:08.345 [info] > git rev-parse --show-toplevel [1ms]
2025-04-24 12:33:04.065 [info] > git rev-parse --show-toplevel [1ms]
2025-04-24 12:42:43.377 [info] > git rev-parse --show-toplevel [1ms]
2025-04-24 12:42:44.691 [info] > git rev-parse --show-toplevel [2ms]
2025-04-24 14:32:29.033 [info] > git rev-parse --show-toplevel [1ms]
2025-04-24 14:32:29.034 [info] fatal: not a git repository (or any parent up to mount point /)
Stopping at filesystem boundary (GIT_DISCOVERY_ACROSS_FILESYSTEM not set).
2025-04-24 14:32:49.438 [info] > git rev-parse --show-toplevel [2ms]
2025-04-24 14:34:01.330 [info] > git rev-parse --show-toplevel [1ms]
2025-04-24 14:34:01.330 [info] fatal: not a git repository (or any parent up to mount point /)
Stopping at filesystem boundary (GIT_DISCOVERY_ACROSS_FILESYSTEM not set).
2025-04-24 14:34:58.071 [info] > git rev-parse --show-toplevel [2ms]
2025-04-24 14:35:39.947 [info] > git rev-parse --show-toplevel [1ms]
2025-04-24 14:40:01.947 [info] > git rev-parse --show-toplevel [1ms]
2025-04-24 14:40:38.574 [info] > git rev-parse --show-toplevel [1ms]
