2025-05-12 12:49:07.975 [info] Extension host with pid 89793 started
2025-05-12 12:49:07.975 [info] Skipping acquiring lock for /home/kh/.config/Code - OSS/User/workspaceStorage/0cefadd2ea4a4b0e5024ca10057e16cd.
2025-05-12 12:49:08.103 [info] ExtensionService#_doActivateExtension vscode.emmet, startup: false, activationEvent: 'onLanguage'
2025-05-12 12:49:08.120 [info] ExtensionService#_doActivateExtension ms-python.python, startup: false, activationEvent: 'onLanguage:python', root cause: ms-python.debugpy
2025-05-12 12:49:08.363 [info] ExtensionService#_doActivateExtension ms-python.debugpy, startup: false, activationEvent: 'onLanguage:python'
2025-05-12 12:49:08.405 [error] Activating extension ms-python.debugpy failed due to an error:
2025-05-12 12:49:08.405 [error] Error: Extension 'ms-python.debugpy' CANNOT use API proposal: portsAttributes.
Its package.json#enabledApiProposals-property declares:  but NOT portsAttributes.
 The missing proposal MUST be added and you must start in extension development mode or use the following command line switch: --enable-proposed-api ms-python.debugpy
	at N (file:///usr/lib/code/out/vs/workbench/api/node/extensionHostProcess.js:113:30038)
	at Object.registerPortAttributesProvider (file:///usr/lib/code/out/vs/workbench/api/node/extensionHostProcess.js:170:49425)
	at t.registerDebugger (/home/kh/.vscode-oss/extensions/ms-python.debugpy-2025.6.0-linux-x64/dist/extension.js:2:846640)
	at e.activate (/home/kh/.vscode-oss/extensions/ms-python.debugpy-2025.6.0-linux-x64/dist/extension.js:2:1098056)
	at ly.kb (file:///usr/lib/code/out/vs/workbench/api/node/extensionHostProcess.js:123:15268)
	at ly.jb (file:///usr/lib/code/out/vs/workbench/api/node/extensionHostProcess.js:123:14975)
	at file:///usr/lib/code/out/vs/workbench/api/node/extensionHostProcess.js:123:13133
	at async Nb.n (file:///usr/lib/code/out/vs/workbench/api/node/extensionHostProcess.js:119:13382)
	at async Nb.m (file:///usr/lib/code/out/vs/workbench/api/node/extensionHostProcess.js:119:13345)
	at async Nb.l (file:///usr/lib/code/out/vs/workbench/api/node/extensionHostProcess.js:119:12801)
2025-05-12 12:49:08.418 [info] ExtensionService#_doActivateExtension vscode.git-base, startup: true, activationEvent: '*', root cause: vscode.git
2025-05-12 12:49:08.427 [info] ExtensionService#_doActivateExtension vscode.git, startup: true, activationEvent: '*'
2025-05-12 12:49:08.469 [info] ExtensionService#_doActivateExtension vscode.github, startup: true, activationEvent: '*'
2025-05-12 12:49:08.515 [info] Eager extensions activated
2025-05-12 12:49:08.527 [info] ExtensionService#_doActivateExtension vscode.configuration-editing, startup: false, activationEvent: 'onLanguage:jsonc'
2025-05-12 12:49:08.533 [info] ExtensionService#_doActivateExtension vscode.json-language-features, startup: false, activationEvent: 'onLanguage:jsonc'
2025-05-12 12:49:08.577 [info] ExtensionService#_doActivateExtension vscode.typescript-language-features, startup: false, activationEvent: 'onLanguage:jsonc'
2025-05-12 12:49:08.633 [info] ExtensionService#_doActivateExtension vscode.debug-auto-launch, startup: false, activationEvent: 'onStartupFinished'
2025-05-12 12:49:08.635 [info] ExtensionService#_doActivateExtension vscode.merge-conflict, startup: false, activationEvent: 'onStartupFinished'
2025-05-12 12:49:08.735 [info] Extension host terminating: renderer closed the MessagePort
2025-05-12 12:49:08.743 [info] Extension host with pid 89793 exiting with code 0
