2025-02-25 02:35:29.673 [info] [main] Log level: Info
2025-02-25 02:35:29.673 [info] [main] Validating found git in: "git"
2025-02-25 02:35:29.673 [info] [main] Using git "2.48.1" from "git"
2025-02-25 02:35:29.673 [info] [Model][doInitialScan] Initial repository scan started
2025-02-25 02:35:29.673 [info] > git rev-parse --show-toplevel [6ms]
2025-02-25 02:35:29.673 [info] > git rev-parse --git-dir --git-common-dir [6ms]
2025-02-25 02:35:29.673 [info] [Model][openRepository] Opened repository: /home/kh/hyprcrow
2025-02-25 02:35:29.684 [info] > git rev-parse --show-toplevel [3ms]
2025-02-25 02:35:29.684 [info] fatal: not a git repository (or any parent up to mount point /)
Stopping at filesystem boundary (GIT_DISCOVERY_ACROSS_FILESYSTEM not set).
2025-02-25 02:35:29.684 [info] > git config --get commit.template [7ms]
2025-02-25 02:35:29.693 [info] > git rev-parse --show-toplevel [5ms]
2025-02-25 02:35:29.697 [info] > git for-each-ref --format=%(refname)%00%(upstream:short)%00%(objectname)%00%(upstream:track)%00%(upstream:remotename)%00%(upstream:remoteref) refs/heads/main refs/remotes/main [5ms]
2025-02-25 02:35:29.701 [warning] [Git][revParse] Unable to read file: ENOENT: no such file or directory, open '/home/kh/hyprcrow/.git/refs/remotes/origin/main'
2025-02-25 02:35:29.701 [info] > git rev-parse --show-toplevel [4ms]
2025-02-25 02:35:29.705 [info] > git rev-parse refs/remotes/origin/main [4ms]
2025-02-25 02:35:29.713 [info] > git rev-parse --show-toplevel [8ms]
2025-02-25 02:35:29.723 [info] > git rev-parse --show-toplevel [1ms]
2025-02-25 02:35:29.723 [info] > git for-each-ref --sort -committerdate --format %(refname) %(objectname) %(*objectname) [10ms]
2025-02-25 02:35:29.730 [info] > git rev-parse --show-toplevel [1ms]
2025-02-25 02:35:29.734 [info] > git rev-parse --show-toplevel [1ms]
2025-02-25 02:35:29.734 [info] [Model][doInitialScan] Initial repository scan completed - repositories (1), closed repositories (0), parent repositories (0), unsafe repositories (0)
2025-02-25 02:35:30.197 [info] > git check-ignore -v -z --stdin [7ms]
2025-02-25 02:35:30.409 [info] > git status -z -uall [700ms] (cancelled)
2025-02-25 02:35:30.409 [info] > git for-each-ref --format=%(refname)%00%(upstream:short)%00%(objectname)%00%(upstream:track)%00%(upstream:remotename)%00%(upstream:remoteref) refs/heads/main refs/remotes/main [7ms]
2025-02-25 02:35:30.425 [info] > git config --get --local branch.main.vscode-merge-base [11ms]
2025-02-25 02:35:30.429 [info] > git config --get commit.template [21ms]
2025-02-25 02:35:30.452 [info] > git for-each-ref --format=%(refname)%00%(upstream:short)%00%(objectname)%00%(upstream:track)%00%(upstream:remotename)%00%(upstream:remoteref) refs/heads/origin/main refs/remotes/origin/main [23ms]
2025-02-25 02:35:30.991 [info] > git merge-base refs/heads/main refs/remotes/origin/main [535ms]
2025-02-25 02:35:30.998 [info] > git for-each-ref --format=%(refname)%00%(upstream:short)%00%(objectname)%00%(upstream:track)%00%(upstream:remotename)%00%(upstream:remoteref) refs/heads/main refs/remotes/main [546ms]
2025-02-25 02:35:31.004 [warning] [Git][revParse] Unable to read file: ENOENT: no such file or directory, open '/home/kh/hyprcrow/.git/refs/remotes/origin/main'
2025-02-25 02:35:31.005 [info] > git diff --name-status -z --diff-filter=ADMR a43ca963f74f89750cda02b1a6ec95217b82c619...refs/remotes/origin/main [8ms]
2025-02-25 02:35:31.006 [info] > git rev-parse refs/remotes/origin/main [2ms]
2025-02-25 02:35:31.016 [info] > git for-each-ref --sort -committerdate --format %(refname) %(objectname) %(*objectname) [2ms]
2025-02-25 02:35:31.677 [info] > git status -z -uall [666ms] (cancelled)
2025-02-25 03:04:10.851 [info] [main] Log level: Info
2025-02-25 03:04:10.852 [info] [main] Validating found git in: "git"
2025-02-25 03:04:10.852 [info] [main] Using git "2.48.1" from "git"
2025-02-25 03:04:10.852 [info] [Model][doInitialScan] Initial repository scan started
2025-02-25 03:04:10.854 [info] > git rev-parse --show-toplevel [23ms]
2025-02-25 03:04:10.873 [info] > git rev-parse --git-dir --git-common-dir [2ms]
2025-02-25 03:04:10.881 [info] [Model][openRepository] Opened repository: /home/kh/hyprcrow
2025-02-25 03:04:10.892 [info] > git rev-parse --show-toplevel [2ms]
2025-02-25 03:04:10.892 [info] fatal: not a git repository (or any parent up to mount point /)
Stopping at filesystem boundary (GIT_DISCOVERY_ACROSS_FILESYSTEM not set).
2025-02-25 03:04:10.893 [info] > git config --get commit.template [6ms]
2025-02-25 03:04:10.903 [info] > git rev-parse --show-toplevel [5ms]
2025-02-25 03:04:10.908 [info] > git for-each-ref --format=%(refname)%00%(upstream:short)%00%(objectname)%00%(upstream:track)%00%(upstream:remotename)%00%(upstream:remoteref) refs/heads/main refs/remotes/main [5ms]
2025-02-25 03:04:10.913 [warning] [Git][revParse] Unable to read file: ENOENT: no such file or directory, open '/home/kh/hyprcrow/.git/refs/remotes/origin/main'
2025-02-25 03:04:10.914 [info] > git rev-parse --show-toplevel [6ms]
2025-02-25 03:04:10.919 [info] > git rev-parse refs/remotes/origin/main [6ms]
2025-02-25 03:04:10.931 [info] > git rev-parse --show-toplevel [12ms]
2025-02-25 03:04:10.940 [info] > git rev-parse --show-toplevel [4ms]
2025-02-25 03:04:10.941 [info] > git for-each-ref --sort -committerdate --format %(refname) %(objectname) %(*objectname) [11ms]
2025-02-25 03:04:10.958 [info] > git rev-parse --show-toplevel [4ms]
2025-02-25 03:04:10.964 [info] > git rev-parse --show-toplevel [1ms]
2025-02-25 03:04:10.965 [info] [Model][doInitialScan] Initial repository scan completed - repositories (1), closed repositories (0), parent repositories (0), unsafe repositories (0)
2025-02-25 03:04:11.405 [info] > git check-ignore -v -z --stdin [6ms]
2025-02-25 03:04:11.732 [info] > git status -z -uall [807ms] (cancelled)
2025-02-25 03:04:11.732 [info] > git for-each-ref --format=%(refname)%00%(upstream:short)%00%(objectname)%00%(upstream:track)%00%(upstream:remotename)%00%(upstream:remoteref) refs/heads/main refs/remotes/main [6ms]
2025-02-25 03:04:11.739 [info] > git config --get --local branch.main.vscode-merge-base [3ms]
2025-02-25 03:04:11.743 [info] > git config --get commit.template [12ms]
2025-02-25 03:04:11.748 [info] > git for-each-ref --format=%(refname)%00%(upstream:short)%00%(objectname)%00%(upstream:track)%00%(upstream:remotename)%00%(upstream:remoteref) refs/heads/origin/main refs/remotes/origin/main [5ms]
2025-02-25 03:04:11.753 [info] > git for-each-ref --format=%(refname)%00%(upstream:short)%00%(objectname)%00%(upstream:track)%00%(upstream:remotename)%00%(upstream:remoteref) refs/heads/main refs/remotes/main [6ms]
2025-02-25 03:04:11.757 [warning] [Git][revParse] Unable to read file: ENOENT: no such file or directory, open '/home/kh/hyprcrow/.git/refs/remotes/origin/main'
2025-02-25 03:04:11.760 [info] > git rev-parse refs/remotes/origin/main [3ms]
2025-02-25 03:04:11.768 [info] > git merge-base refs/heads/main refs/remotes/origin/main [16ms]
2025-02-25 03:04:12.319 [info] > git diff --name-status -z --diff-filter=ADMR a43ca963f74f89750cda02b1a6ec95217b82c619...refs/remotes/origin/main [544ms]
2025-02-25 03:04:12.319 [info] > git for-each-ref --sort -committerdate --format %(refname) %(objectname) %(*objectname) [551ms]
2025-02-25 03:04:12.427 [info] > git status -z -uall [663ms] (cancelled)
