2025-04-24 01:19:14.486 [info] Started local extension host with pid 61890.
2025-04-24 01:19:14.732 [error] Extension 'ms-python.debugpy CANNOT USE these API proposals 'portsAttributes, debugVisualization, contribViewsWelcome'. You MUST start in extension development mode or use the --enable-proposed-api command line flag
2025-04-24 01:19:14.733 [error] Extension 'ms-python.python CANNOT USE these API proposals 'contribEditorContentMenu, quickPickSortByLabel, testObserver, quickPickItemTooltip, terminalDataWriteEvent, terminalExecuteCommandEvent, codeActionAI, notebookReplDocument, notebookVariableProvider'. You MUST start in extension development mode or use the --enable-proposed-api command line flag
2025-04-24 01:19:14.753 [error] [ms-python.python]: editor/content is a proposed menu identifier. It requires 'package.json#enabledApiProposals: ["contribEditorContentMenu"]' and is only available when running out of dev or with the following command line switch: --enable-proposed-api ms-python.python
2025-04-24 01:19:16.370 [error] An unknown error occurred. Please consult the log for more details.
2025-04-24 01:19:17.242 [info] [perf] Render performance baseline is 18ms
2025-04-24 01:19:42.445 [error] Failed: Server returned 503
    at pGe.K (vscode-file://vscode-app/usr/lib/code/out/vs/workbench/workbench.desktop.main.js:1838:33992)
    at async pGe.H (vscode-file://vscode-app/usr/lib/code/out/vs/workbench/workbench.desktop.main.js:1838:28528)
    at async a (vscode-file://vscode-app/usr/lib/code/out/vs/workbench/workbench.desktop.main.js:1838:27250)
    at async pGe.query (vscode-file://vscode-app/usr/lib/code/out/vs/workbench/workbench.desktop.main.js:1838:27538)
    at async rat.queryGallery (vscode-file://vscode-app/usr/lib/code/out/vs/workbench/workbench.desktop.main.js:2514:14491)
    at async Promise.all (index 0)
    at async XWs.Pc (vscode-file://vscode-app/usr/lib/code/out/vs/workbench/workbench.desktop.main.js:2306:22383)
    at async XWs.zc (vscode-file://vscode-app/usr/lib/code/out/vs/workbench/workbench.desktop.main.js:2306:14306)
    at async vscode-file://vscode-app/usr/lib/code/out/vs/workbench/workbench.desktop.main.js:2306:12602
2025-04-24 01:19:43.710 [error] Failed: Server returned 503
    at pGe.K (vscode-file://vscode-app/usr/lib/code/out/vs/workbench/workbench.desktop.main.js:1838:33992)
    at async pGe.H (vscode-file://vscode-app/usr/lib/code/out/vs/workbench/workbench.desktop.main.js:1838:28528)
    at async a (vscode-file://vscode-app/usr/lib/code/out/vs/workbench/workbench.desktop.main.js:1838:27250)
    at async pGe.query (vscode-file://vscode-app/usr/lib/code/out/vs/workbench/workbench.desktop.main.js:1838:27538)
    at async rat.queryGallery (vscode-file://vscode-app/usr/lib/code/out/vs/workbench/workbench.desktop.main.js:2514:14491)
    at async Promise.all (index 0)
    at async XWs.Pc (vscode-file://vscode-app/usr/lib/code/out/vs/workbench/workbench.desktop.main.js:2306:22383)
    at async XWs.zc (vscode-file://vscode-app/usr/lib/code/out/vs/workbench/workbench.desktop.main.js:2306:14306)
    at async vscode-file://vscode-app/usr/lib/code/out/vs/workbench/workbench.desktop.main.js:2306:12602
2025-04-24 01:19:51.576 [error] Server returned 503: Failed: Server returned 503
    at pGe.K (vscode-file://vscode-app/usr/lib/code/out/vs/workbench/workbench.desktop.main.js:1838:33992)
    at async pGe.H (vscode-file://vscode-app/usr/lib/code/out/vs/workbench/workbench.desktop.main.js:1838:28528)
    at async pGe.B (vscode-file://vscode-app/usr/lib/code/out/vs/workbench/workbench.desktop.main.js:1838:23222)
    at async pGe.getExtensions (vscode-file://vscode-app/usr/lib/code/out/vs/workbench/workbench.desktop.main.js:1838:22093)
    at async rat.checkForUpdates (vscode-file://vscode-app/usr/lib/code/out/vs/workbench/workbench.desktop.main.js:2514:23958)
2025-04-24 01:19:51.577 [error] Failed: Server returned 503
    at pGe.K (vscode-file://vscode-app/usr/lib/code/out/vs/workbench/workbench.desktop.main.js:1838:33992)
    at async pGe.H (vscode-file://vscode-app/usr/lib/code/out/vs/workbench/workbench.desktop.main.js:1838:28528)
    at async a (vscode-file://vscode-app/usr/lib/code/out/vs/workbench/workbench.desktop.main.js:1838:27250)
    at async pGe.query (vscode-file://vscode-app/usr/lib/code/out/vs/workbench/workbench.desktop.main.js:1838:27538)
    at async rat.queryGallery (vscode-file://vscode-app/usr/lib/code/out/vs/workbench/workbench.desktop.main.js:2514:14491)
    at async Promise.all (index 0)
    at async XWs.Pc (vscode-file://vscode-app/usr/lib/code/out/vs/workbench/workbench.desktop.main.js:2306:22383)
    at async XWs.zc (vscode-file://vscode-app/usr/lib/code/out/vs/workbench/workbench.desktop.main.js:2306:14306)
    at async vscode-file://vscode-app/usr/lib/code/out/vs/workbench/workbench.desktop.main.js:2306:12602
2025-04-24 01:19:52.224 [error] Failed: Server returned 503
    at pGe.K (vscode-file://vscode-app/usr/lib/code/out/vs/workbench/workbench.desktop.main.js:1838:33992)
    at async pGe.H (vscode-file://vscode-app/usr/lib/code/out/vs/workbench/workbench.desktop.main.js:1838:28528)
    at async a (vscode-file://vscode-app/usr/lib/code/out/vs/workbench/workbench.desktop.main.js:1838:27250)
    at async pGe.query (vscode-file://vscode-app/usr/lib/code/out/vs/workbench/workbench.desktop.main.js:1838:27538)
    at async rat.queryGallery (vscode-file://vscode-app/usr/lib/code/out/vs/workbench/workbench.desktop.main.js:2514:14491)
    at async Promise.all (index 0)
    at async XWs.Pc (vscode-file://vscode-app/usr/lib/code/out/vs/workbench/workbench.desktop.main.js:2306:22383)
    at async XWs.zc (vscode-file://vscode-app/usr/lib/code/out/vs/workbench/workbench.desktop.main.js:2306:14306)
    at async vscode-file://vscode-app/usr/lib/code/out/vs/workbench/workbench.desktop.main.js:2306:12602
2025-04-24 01:21:06.300 [error] Failed: Server returned 503
    at pGe.K (vscode-file://vscode-app/usr/lib/code/out/vs/workbench/workbench.desktop.main.js:1838:33992)
    at async pGe.H (vscode-file://vscode-app/usr/lib/code/out/vs/workbench/workbench.desktop.main.js:1838:28528)
    at async pGe.B (vscode-file://vscode-app/usr/lib/code/out/vs/workbench/workbench.desktop.main.js:1838:23222)
    at async pGe.getExtensions (vscode-file://vscode-app/usr/lib/code/out/vs/workbench/workbench.desktop.main.js:1838:22093)
    at async _Se.r (vscode-file://vscode-app/usr/lib/code/out/vs/workbench/workbench.desktop.main.js:2508:18907)
    at async o (vscode-file://vscode-app/usr/lib/code/out/vs/workbench/workbench.desktop.main.js:667:29102)
2025-04-24 01:21:07.989 [error] Failed: Server returned 503
    at pGe.K (vscode-file://vscode-app/usr/lib/code/out/vs/workbench/workbench.desktop.main.js:1838:33992)
    at async pGe.H (vscode-file://vscode-app/usr/lib/code/out/vs/workbench/workbench.desktop.main.js:1838:28528)
    at async a (vscode-file://vscode-app/usr/lib/code/out/vs/workbench/workbench.desktop.main.js:1838:27250)
    at async pGe.query (vscode-file://vscode-app/usr/lib/code/out/vs/workbench/workbench.desktop.main.js:1838:27538)
    at async rat.queryGallery (vscode-file://vscode-app/usr/lib/code/out/vs/workbench/workbench.desktop.main.js:2514:14491)
    at async Promise.all (index 0)
    at async XWs.Pc (vscode-file://vscode-app/usr/lib/code/out/vs/workbench/workbench.desktop.main.js:2306:22383)
    at async XWs.zc (vscode-file://vscode-app/usr/lib/code/out/vs/workbench/workbench.desktop.main.js:2306:14306)
    at async vscode-file://vscode-app/usr/lib/code/out/vs/workbench/workbench.desktop.main.js:2306:12602
2025-04-24 02:13:36.119 [error] UnboundLocalError: cannot access local variable 'start_index' where it is not associated with a value: Error: UnboundLocalError: cannot access local variable 'start_index' where it is not associated with a value
	at ae (/home/kh/.vscode-oss/extensions/ms-python.python-2025.4.0-universal/out/client/extension.js:2:1965471)
	at oe (/home/kh/.vscode-oss/extensions/ms-python.python-2025.4.0-universal/out/client/extension.js:2:1963431)
	at Immediate.<anonymous> (/home/kh/.vscode-oss/extensions/ms-python.python-2025.4.0-universal/out/client/extension.js:2:1959725)
	at process.processImmediate (node:internal/timers:483:21)
2025-04-24 02:13:41.350 [error] UnboundLocalError: cannot access local variable 'start_index' where it is not associated with a value: Error: UnboundLocalError: cannot access local variable 'start_index' where it is not associated with a value
	at ae (/home/kh/.vscode-oss/extensions/ms-python.python-2025.4.0-universal/out/client/extension.js:2:1965471)
	at oe (/home/kh/.vscode-oss/extensions/ms-python.python-2025.4.0-universal/out/client/extension.js:2:1963431)
	at Immediate.<anonymous> (/home/kh/.vscode-oss/extensions/ms-python.python-2025.4.0-universal/out/client/extension.js:2:1959725)
	at process.processImmediate (node:internal/timers:483:21)
2025-04-24 02:35:10.012 [error] UnboundLocalError: cannot access local variable 'end_index' where it is not associated with a value: Error: UnboundLocalError: cannot access local variable 'end_index' where it is not associated with a value
	at ae (/home/kh/.vscode-oss/extensions/ms-python.python-2025.4.0-universal/out/client/extension.js:2:1965471)
	at oe (/home/kh/.vscode-oss/extensions/ms-python.python-2025.4.0-universal/out/client/extension.js:2:1963431)
	at Immediate.<anonymous> (/home/kh/.vscode-oss/extensions/ms-python.python-2025.4.0-universal/out/client/extension.js:2:1959725)
	at process.processImmediate (node:internal/timers:483:21)
2025-04-24 02:35:11.025 [error] UnboundLocalError: cannot access local variable 'end_index' where it is not associated with a value: Error: UnboundLocalError: cannot access local variable 'end_index' where it is not associated with a value
	at ae (/home/kh/.vscode-oss/extensions/ms-python.python-2025.4.0-universal/out/client/extension.js:2:1965471)
	at oe (/home/kh/.vscode-oss/extensions/ms-python.python-2025.4.0-universal/out/client/extension.js:2:1963431)
	at Immediate.<anonymous> (/home/kh/.vscode-oss/extensions/ms-python.python-2025.4.0-universal/out/client/extension.js:2:1959725)
	at process.processImmediate (node:internal/timers:483:21)
2025-04-24 03:14:38.050 [warning] [File Watcher] Watcher shutdown because watched path got deleted (path: /home/kh/ProyectoTareas)
2025-04-24 03:14:38.072 [warning] [File Watcher (node.js)] Watcher shutdown because watched path got deleted
2025-04-24 03:25:48.799 [info] ChatSessionStore: Migrating 0 chat sessions from storage service to file system
2025-04-24 03:25:48.872 [info] Started local extension host with pid 78874.
2025-04-24 03:25:49.014 [error] Extension 'ms-python.debugpy CANNOT USE these API proposals 'portsAttributes, debugVisualization, contribViewsWelcome'. You MUST start in extension development mode or use the --enable-proposed-api command line flag
2025-04-24 03:25:49.015 [error] Extension 'ms-python.python CANNOT USE these API proposals 'contribEditorContentMenu, quickPickSortByLabel, testObserver, quickPickItemTooltip, terminalDataWriteEvent, terminalExecuteCommandEvent, codeActionAI, notebookReplDocument, notebookVariableProvider'. You MUST start in extension development mode or use the --enable-proposed-api command line flag
2025-04-24 03:25:49.022 [error] [ms-python.python]: editor/content is a proposed menu identifier. It requires 'package.json#enabledApiProposals: ["contribEditorContentMenu"]' and is only available when running out of dev or with the following command line switch: --enable-proposed-api ms-python.python
2025-04-24 03:25:50.982 [error] Extension 'ms-python.debugpy CANNOT USE these API proposals 'portsAttributes, debugVisualization, contribViewsWelcome'. You MUST start in extension development mode or use the --enable-proposed-api command line flag
2025-04-24 03:25:50.986 [error] [ms-python.python]: editor/content is a proposed menu identifier. It requires 'package.json#enabledApiProposals: ["contribEditorContentMenu"]' and is only available when running out of dev or with the following command line switch: --enable-proposed-api ms-python.python
2025-04-24 03:25:51.525 [info] [perf] Render performance baseline is 18ms
2025-04-24 03:25:59.064 [error] An unknown error occurred. Please consult the log for more details.
