2025-02-23 23:13:40.638 [info] [main] Log level: Info
2025-02-23 23:13:40.638 [info] [main] Validating found git in: "git"
2025-02-23 23:13:40.638 [info] [main] Using git "2.48.1" from "git"
2025-02-23 23:13:40.638 [info] [Model][doInitialScan] Initial repository scan started
2025-02-23 23:13:40.638 [info] > git rev-parse --show-toplevel [3ms]
2025-02-23 23:13:40.638 [info] > git rev-parse --git-dir --git-common-dir [1ms]
2025-02-23 23:13:40.645 [info] [Model][openRepository] Opened repository: /home/kh/hyprcrow
2025-02-23 23:13:40.654 [info] > git config --get commit.template [4ms]
2025-02-23 23:13:40.655 [info] > git rev-parse --show-toplevel [2ms]
2025-02-23 23:13:40.664 [info] > git for-each-ref --format=%(refname)%00%(upstream:short)%00%(objectname)%00%(upstream:track)%00%(upstream:remotename)%00%(upstream:remoteref) refs/heads/main refs/remotes/main [4ms]
2025-02-23 23:13:40.667 [warning] [Git][revParse] Unable to read file: ENOENT: no such file or directory, open '/home/kh/hyprcrow/.git/refs/remotes/origin/main'
2025-02-23 23:13:40.668 [info] > git rev-parse --show-toplevel [5ms]
2025-02-23 23:13:40.672 [info] > git rev-parse refs/remotes/origin/main [5ms]
2025-02-23 23:13:40.682 [info] > git rev-parse --show-toplevel [10ms]
2025-02-23 23:13:40.696 [info] > git for-each-ref --sort -committerdate --format %(refname) %(objectname) %(*objectname) [16ms]
2025-02-23 23:13:40.697 [info] > git rev-parse --show-toplevel [2ms]
2025-02-23 23:13:40.702 [info] > git rev-parse --show-toplevel [1ms]
2025-02-23 23:13:40.707 [info] > git rev-parse --show-toplevel [1ms]
2025-02-23 23:13:40.711 [info] > git rev-parse --show-toplevel [1ms]
2025-02-23 23:13:40.711 [info] [Model][doInitialScan] Initial repository scan completed - repositories (1), closed repositories (0), parent repositories (0), unsafe repositories (0)
2025-02-23 23:13:40.954 [info] > git show --textconv :Scripts/prueba_zxpy.py [5ms]
2025-02-23 23:13:40.960 [info] > git ls-files --stage -- /home/kh/hyprcrow/Scripts/prueba_zxpy.py [7ms]
2025-02-23 23:13:40.964 [info] > git hash-object -t tree /dev/null [6ms]
2025-02-23 23:13:40.964 [warning] [GitFileSystemProvider][readFile] File not found - git:/home/kh/hyprcrow/Scripts/prueba_zxpy.py.git?%7B%22path%22%3A%22%2Fhome%2Fkh%2Fhyprcrow%2FScripts%2Fprueba_zxpy.py%22%2C%22ref%22%3A%22%22%7D
2025-02-23 23:13:40.966 [info] > git hash-object -t tree /dev/null [1ms]
2025-02-23 23:13:40.966 [warning] [GitFileSystemProvider][stat] File not found - git:/home/kh/hyprcrow/Scripts/prueba_zxpy.py.git?%7B%22path%22%3A%22%2Fhome%2Fkh%2Fhyprcrow%2FScripts%2Fprueba_zxpy.py%22%2C%22ref%22%3A%22%22%7D
2025-02-23 23:13:40.975 [info] > git blame --root --incremental a43ca963f74f89750cda02b1a6ec95217b82c619 -- /home/kh/hyprcrow/Scripts/prueba_zxpy.py [2ms]
2025-02-23 23:13:40.975 [info] fatal: no such path Scripts/prueba_zxpy.py in a43ca963f74f89750cda02b1a6ec95217b82c619
2025-02-23 23:13:41.172 [info] > git check-ignore -v -z --stdin [8ms]
2025-02-23 23:13:43.307 [info] > git status -z -uall [2631ms] (cancelled)
2025-02-23 23:13:43.307 [info] > git for-each-ref --format=%(refname)%00%(upstream:short)%00%(objectname)%00%(upstream:track)%00%(upstream:remotename)%00%(upstream:remoteref) refs/heads/main refs/remotes/main [5ms]
2025-02-23 23:13:43.326 [info] > git config --get --local branch.main.vscode-merge-base [15ms]
2025-02-23 23:13:43.330 [info] > git config --get commit.template [23ms]
2025-02-23 23:13:43.351 [info] > git for-each-ref --format=%(refname)%00%(upstream:short)%00%(objectname)%00%(upstream:track)%00%(upstream:remotename)%00%(upstream:remoteref) refs/heads/origin/main refs/remotes/origin/main [21ms]
2025-02-23 23:13:43.357 [info] > git merge-base refs/heads/main refs/remotes/origin/main [2ms]
2025-02-23 23:13:43.361 [info] > git for-each-ref --format=%(refname)%00%(upstream:short)%00%(objectname)%00%(upstream:track)%00%(upstream:remotename)%00%(upstream:remoteref) refs/heads/main refs/remotes/main [11ms]
2025-02-23 23:13:43.887 [warning] [Git][revParse] Unable to read file: ENOENT: no such file or directory, open '/home/kh/hyprcrow/.git/refs/remotes/origin/main'
2025-02-23 23:13:43.888 [info] > git diff --name-status -z --diff-filter=ADMR a43ca963f74f89750cda02b1a6ec95217b82c619...refs/remotes/origin/main [526ms]
2025-02-23 23:13:43.890 [info] > git rev-parse refs/remotes/origin/main [3ms]
2025-02-23 23:13:43.903 [info] > git for-each-ref --sort -committerdate --format %(refname) %(objectname) %(*objectname) [1ms]
2025-02-23 23:13:44.989 [info] > git status -z -uall [1094ms] (cancelled)
2025-02-23 23:13:59.086 [info] > git show --textconv :Scripts/prueba_zxpy.py [14ms]
2025-02-23 23:13:59.087 [warning] [GitFileSystemProvider][readFile] File not found - git:/home/kh/hyprcrow/Scripts/prueba_zxpy.py.git?%7B%22path%22%3A%22%2Fhome%2Fkh%2Fhyprcrow%2FScripts%2Fprueba_zxpy.py%22%2C%22ref%22%3A%22%22%7D
2025-02-23 23:13:59.090 [info] > git ls-files --stage -- /home/kh/hyprcrow/Scripts/prueba_zxpy.py [6ms]
2025-02-23 23:13:59.090 [warning] [GitFileSystemProvider][stat] File not found - git:/home/kh/hyprcrow/Scripts/prueba_zxpy.py.git?%7B%22path%22%3A%22%2Fhome%2Fkh%2Fhyprcrow%2FScripts%2Fprueba_zxpy.py%22%2C%22ref%22%3A%22%22%7D
2025-02-23 23:14:05.049 [info] > git show --textconv :Scripts/prueba_zxpy.py [19ms]
2025-02-23 23:14:05.049 [warning] [GitFileSystemProvider][readFile] File not found - git:/home/kh/hyprcrow/Scripts/prueba_zxpy.py.git?%7B%22path%22%3A%22%2Fhome%2Fkh%2Fhyprcrow%2FScripts%2Fprueba_zxpy.py%22%2C%22ref%22%3A%22%22%7D
2025-02-23 23:14:05.070 [info] > git ls-files --stage -- /home/kh/hyprcrow/Scripts/prueba_zxpy.py [24ms]
2025-02-23 23:14:05.070 [warning] [GitFileSystemProvider][stat] File not found - git:/home/kh/hyprcrow/Scripts/prueba_zxpy.py.git?%7B%22path%22%3A%22%2Fhome%2Fkh%2Fhyprcrow%2FScripts%2Fprueba_zxpy.py%22%2C%22ref%22%3A%22%22%7D
2025-02-23 23:14:09.777 [info] > git show --textconv :Scripts/prueba_zxpy.py [23ms]
2025-02-23 23:14:09.778 [warning] [GitFileSystemProvider][readFile] File not found - git:/home/kh/hyprcrow/Scripts/prueba_zxpy.py.git?%7B%22path%22%3A%22%2Fhome%2Fkh%2Fhyprcrow%2FScripts%2Fprueba_zxpy.py%22%2C%22ref%22%3A%22%22%7D
2025-02-23 23:14:09.786 [info] > git ls-files --stage -- /home/kh/hyprcrow/Scripts/prueba_zxpy.py [12ms]
2025-02-23 23:14:09.787 [warning] [GitFileSystemProvider][stat] File not found - git:/home/kh/hyprcrow/Scripts/prueba_zxpy.py.git?%7B%22path%22%3A%22%2Fhome%2Fkh%2Fhyprcrow%2FScripts%2Fprueba_zxpy.py%22%2C%22ref%22%3A%22%22%7D
2025-02-23 23:14:15.195 [info] > git show --textconv :Scripts/prueba_zxpy.py [20ms]
2025-02-23 23:14:15.197 [warning] [GitFileSystemProvider][readFile] File not found - git:/home/kh/hyprcrow/Scripts/prueba_zxpy.py.git?%7B%22path%22%3A%22%2Fhome%2Fkh%2Fhyprcrow%2FScripts%2Fprueba_zxpy.py%22%2C%22ref%22%3A%22%22%7D
2025-02-23 23:14:15.212 [info] > git ls-files --stage -- /home/kh/hyprcrow/Scripts/prueba_zxpy.py [18ms]
2025-02-23 23:14:15.214 [warning] [GitFileSystemProvider][stat] File not found - git:/home/kh/hyprcrow/Scripts/prueba_zxpy.py.git?%7B%22path%22%3A%22%2Fhome%2Fkh%2Fhyprcrow%2FScripts%2Fprueba_zxpy.py%22%2C%22ref%22%3A%22%22%7D
2025-02-23 23:14:23.639 [info] > git show --textconv :Scripts/prueba_zxpy.py [27ms]
2025-02-23 23:14:23.639 [warning] [GitFileSystemProvider][readFile] File not found - git:/home/kh/hyprcrow/Scripts/prueba_zxpy.py.git?%7B%22path%22%3A%22%2Fhome%2Fkh%2Fhyprcrow%2FScripts%2Fprueba_zxpy.py%22%2C%22ref%22%3A%22%22%7D
2025-02-23 23:14:23.650 [info] > git ls-files --stage -- /home/kh/hyprcrow/Scripts/prueba_zxpy.py [14ms]
2025-02-23 23:14:23.650 [warning] [GitFileSystemProvider][stat] File not found - git:/home/kh/hyprcrow/Scripts/prueba_zxpy.py.git?%7B%22path%22%3A%22%2Fhome%2Fkh%2Fhyprcrow%2FScripts%2Fprueba_zxpy.py%22%2C%22ref%22%3A%22%22%7D
2025-02-23 23:14:44.597 [info] > git rev-parse --show-toplevel [6ms]
2025-02-23 23:14:44.597 [info] fatal: not a git repository (or any parent up to mount point /)
Stopping at filesystem boundary (GIT_DISCOVERY_ACROSS_FILESYSTEM not set).
