2025-02-26 07:47:23.538 [warning] Dir "/home/kh/hyprcrow/.pixi/envs" is not watchable (directory does not exist)
2025-02-26 07:47:23.558 [error] Unable to check if shell integration is active [Error: Extension 'ms-python.python' CANNOT use API proposal: terminalDataWriteEvent.
Its package.json#enabledApiProposals-property declares:  but NOT terminalDataWriteEvent.
 The missing proposal MUST be added and you must start in extension development mode or use the following command line switch: --enable-proposed-api ms-python.python
	at N (file:///usr/lib/code/out/vs/workbench/api/node/extensionHostProcess.js:110:16858)
	at a.onDidWriteTerminalData (file:///usr/lib/code/out/vs/workbench/api/node/extensionHostProcess.js:172:46213)
	at new v (/home/kh/.vscode-oss/extensions/ms-python.python-2025.0.0-universal/out/client/extension.js:2:878084)
	at ge (/home/kh/.vscode-oss/extensions/ms-python.python-2025.0.0-universal/out/client/extension.js:2:1683875)
	at /home/kh/.vscode-oss/extensions/ms-python.python-2025.0.0-universal/out/client/extension.js:2:1687239
	at /home/kh/.vscode-oss/extensions/ms-python.python-2025.0.0-universal/out/client/extension.js:2:1687267
	at Se (/home/kh/.vscode-oss/extensions/ms-python.python-2025.0.0-universal/out/client/extension.js:2:1687334)
	at /home/kh/.vscode-oss/extensions/ms-python.python-2025.0.0-universal/out/client/extension.js:2:1687814
	at we (/home/kh/.vscode-oss/extensions/ms-python.python-2025.0.0-universal/out/client/extension.js:2:1687755)
	at Pe (/home/kh/.vscode-oss/extensions/ms-python.python-2025.0.0-universal/out/client/extension.js:2:1687789)
	at /home/kh/.vscode-oss/extensions/ms-python.python-2025.0.0-universal/out/client/extension.js:2:1685028
	at /home/kh/.vscode-oss/extensions/ms-python.python-2025.0.0-universal/out/client/extension.js:2:1686633
	at Array.reduce (<anonymous>)
	at /home/kh/.vscode-oss/extensions/ms-python.python-2025.0.0-universal/out/client/extension.js:2:1686605
	at /home/kh/.vscode-oss/extensions/ms-python.python-2025.0.0-universal/out/client/extension.js:2:1686887
	at /home/kh/.vscode-oss/extensions/ms-python.python-2025.0.0-universal/out/client/extension.js:2:1687267
	at Se (/home/kh/.vscode-oss/extensions/ms-python.python-2025.0.0-universal/out/client/extension.js:2:1687334)
	at /home/kh/.vscode-oss/extensions/ms-python.python-2025.0.0-universal/out/client/extension.js:2:1687814
	at we (/home/kh/.vscode-oss/extensions/ms-python.python-2025.0.0-universal/out/client/extension.js:2:1687755)
	at Pe (/home/kh/.vscode-oss/extensions/ms-python.python-2025.0.0-universal/out/client/extension.js:2:1687789)
	at /home/kh/.vscode-oss/extensions/ms-python.python-2025.0.0-universal/out/client/extension.js:2:1685028
	at /home/kh/.vscode-oss/extensions/ms-python.python-2025.0.0-universal/out/client/extension.js:2:1714698
	at /home/kh/.vscode-oss/extensions/ms-python.python-2025.0.0-universal/out/client/extension.js:2:1714719
	at e._get (/home/kh/.vscode-oss/extensions/ms-python.python-2025.0.0-universal/out/client/extension.js:2:1713732)
	at e._getButThrowIfAsync (/home/kh/.vscode-oss/extensions/ms-python.python-2025.0.0-universal/out/client/extension.js:2:1713792)
	at e.get (/home/kh/.vscode-oss/extensions/ms-python.python-2025.0.0-universal/out/client/extension.js:2:1709501)
	at e.dynamicValue (/home/kh/.vscode-oss/extensions/ms-python.python-2025.0.0-universal/out/client/extension.js:2:1699234)
	at /home/kh/.vscode-oss/extensions/ms-python.python-2025.0.0-universal/out/client/extension.js:2:1685411
	at Ee (/home/kh/.vscode-oss/extensions/ms-python.python-2025.0.0-universal/out/client/extension.js:2:1685667)
	at Se (/home/kh/.vscode-oss/extensions/ms-python.python-2025.0.0-universal/out/client/extension.js:2:1687383)
	at /home/kh/.vscode-oss/extensions/ms-python.python-2025.0.0-universal/out/client/extension.js:2:1687814
	at we (/home/kh/.vscode-oss/extensions/ms-python.python-2025.0.0-universal/out/client/extension.js:2:1687755)
	at Pe (/home/kh/.vscode-oss/extensions/ms-python.python-2025.0.0-universal/out/client/extension.js:2:1687789)
	at /home/kh/.vscode-oss/extensions/ms-python.python-2025.0.0-universal/out/client/extension.js:2:1685028
	at /home/kh/.vscode-oss/extensions/ms-python.python-2025.0.0-universal/out/client/extension.js:2:1684962
	at Array.map (<anonymous>)
	at /home/kh/.vscode-oss/extensions/ms-python.python-2025.0.0-universal/out/client/extension.js:2:1684933
	at /home/kh/.vscode-oss/extensions/ms-python.python-2025.0.0-universal/out/client/extension.js:2:1686633
	at Array.reduce (<anonymous>)
	at /home/kh/.vscode-oss/extensions/ms-python.python-2025.0.0-universal/out/client/extension.js:2:1686605
	at /home/kh/.vscode-oss/extensions/ms-python.python-2025.0.0-universal/out/client/extension.js:2:1686887
	at /home/kh/.vscode-oss/extensions/ms-python.python-2025.0.0-universal/out/client/extension.js:2:1687267
	at Se (/home/kh/.vscode-oss/extensions/ms-python.python-2025.0.0-universal/out/client/extension.js:2:1687334)
	at /home/kh/.vscode-oss/extensions/ms-python.python-2025.0.0-universal/out/client/extension.js:2:1687814
	at we (/home/kh/.vscode-oss/extensions/ms-python.python-2025.0.0-universal/out/client/extension.js:2:1687755)
	at Pe (/home/kh/.vscode-oss/extensions/ms-python.python-2025.0.0-universal/out/client/extension.js:2:1687789)
	at /home/kh/.vscode-oss/extensions/ms-python.python-2025.0.0-universal/out/client/extension.js:2:1685028
	at /home/kh/.vscode-oss/extensions/ms-python.python-2025.0.0-universal/out/client/extension.js:2:1714698
	at /home/kh/.vscode-oss/extensions/ms-python.python-2025.0.0-universal/out/client/extension.js:2:1714719
	at e._get (/home/kh/.vscode-oss/extensions/ms-python.python-2025.0.0-universal/out/client/extension.js:2:1713732)
	at e._getButThrowIfAsync (/home/kh/.vscode-oss/extensions/ms-python.python-2025.0.0-universal/out/client/extension.js:2:1713792)
	at e.get (/home/kh/.vscode-oss/extensions/ms-python.python-2025.0.0-universal/out/client/extension.js:2:1709501)
	at a.get (/home/kh/.vscode-oss/extensions/ms-python.python-2025.0.0-universal/out/client/extension.js:2:537584)
	at /home/kh/.vscode-oss/extensions/ms-python.python-2025.0.0-universal/out/client/extension.js:2:452426
	at async t.activateComponents (/home/kh/.vscode-oss/extensions/ms-python.python-2025.0.0-universal/out/client/extension.js:2:450706)
	at async /home/kh/.vscode-oss/extensions/ms-python.python-2025.0.0-universal/out/client/extension.js:2:2638685
	at async e (/home/kh/.vscode-oss/extensions/ms-python.python-2025.0.0-universal/out/client/extension.js:2:2638217)
	at async aw.n (file:///usr/lib/code/out/vs/workbench/api/node/extensionHostProcess.js:112:4447)
	at async aw.m (file:///usr/lib/code/out/vs/workbench/api/node/extensionHostProcess.js:112:4410)
	at async aw.l (file:///usr/lib/code/out/vs/workbench/api/node/extensionHostProcess.js:112:3866)]
2025-02-26 07:47:23.565 [info] Python interpreter path: /bin/python
2025-02-26 07:47:23.625 [info] > pyenv which python
2025-02-26 07:47:23.625 [info] cwd: .
2025-02-26 07:47:23.721 [error] [
  'Failed to activate a workspace, Class name = v, completed in 160ms, has a falsy return value, Arg 1: <Uri:/home/kh/Documentos/Integración de Conocimientos 1/Integración_1_Kendal_Barrios.py>, Arg 2: {"started":1740577643515}, Return Value: undefined',
  [Error: Extension 'ms-python.python' CANNOT use API proposal: testObserver.
  Its package.json#enabledApiProposals-property declares:  but NOT testObserver.
   The missing proposal MUST be added and you must start in extension development mode or use the following command line switch: --enable-proposed-api ms-python.python
  	at N (file:///usr/lib/code/out/vs/workbench/api/node/extensionHostProcess.js:110:16858)
  	at get testResults (file:///usr/lib/code/out/vs/workbench/api/node/extensionHostProcess.js:172:39426)
  	at C.activate (/home/kh/.vscode-oss/extensions/ms-python.python-2025.0.0-universal/out/client/extension.js:2:908459)
  	at /home/kh/.vscode-oss/extensions/ms-python.python-2025.0.0-universal/out/client/extension.js:2:2457
  	at Array.map (<anonymous>)
  	at v.activateWorkspace (/home/kh/.vscode-oss/extensions/ms-python.python-2025.0.0-universal/out/client/extension.js:2:2447)]
]
2025-02-26 07:47:23.721 [error] Failure during activation. [Error: Extension 'ms-python.python' CANNOT use API proposal: testObserver.
Its package.json#enabledApiProposals-property declares:  but NOT testObserver.
 The missing proposal MUST be added and you must start in extension development mode or use the following command line switch: --enable-proposed-api ms-python.python
	at N (file:///usr/lib/code/out/vs/workbench/api/node/extensionHostProcess.js:110:16858)
	at get testResults (file:///usr/lib/code/out/vs/workbench/api/node/extensionHostProcess.js:172:39426)
	at C.activate (/home/kh/.vscode-oss/extensions/ms-python.python-2025.0.0-universal/out/client/extension.js:2:908459)
	at /home/kh/.vscode-oss/extensions/ms-python.python-2025.0.0-universal/out/client/extension.js:2:2457
	at Array.map (<anonymous>)
	at v.activateWorkspace (/home/kh/.vscode-oss/extensions/ms-python.python-2025.0.0-universal/out/client/extension.js:2:2447)]
2025-02-26 07:47:23.722 [error] sendStartupTelemetry() failed. [Error: Extension 'ms-python.python' CANNOT use API proposal: testObserver.
Its package.json#enabledApiProposals-property declares:  but NOT testObserver.
 The missing proposal MUST be added and you must start in extension development mode or use the following command line switch: --enable-proposed-api ms-python.python
	at N (file:///usr/lib/code/out/vs/workbench/api/node/extensionHostProcess.js:110:16858)
	at get testResults (file:///usr/lib/code/out/vs/workbench/api/node/extensionHostProcess.js:172:39426)
	at C.activate (/home/kh/.vscode-oss/extensions/ms-python.python-2025.0.0-universal/out/client/extension.js:2:908459)
	at /home/kh/.vscode-oss/extensions/ms-python.python-2025.0.0-universal/out/client/extension.js:2:2457
	at Array.map (<anonymous>)
	at v.activateWorkspace (/home/kh/.vscode-oss/extensions/ms-python.python-2025.0.0-universal/out/client/extension.js:2:2447)]
2025-02-26 07:47:24.343 [info] Starting Jedi language server for hyprcrow.
2025-02-26 07:48:06.568 [info] CreateEnv Trigger - Workspace not found for /home/kh/Documentos/Integración de Conocimientos 1/Integración_1_Kendal_Barrios.py
2025-02-26 07:52:11.706 [info] Discover tests for workspace name: undefined - uri: /home/kh/Documentos/Integración de Conocimientos 1/Integración_1_Kendal_Barrios.py
2025-02-26 07:53:13.944 [info] Discover tests for workspace name: undefined - uri: /home/kh/Documentos/Integración de Conocimientos 1/Integración_1_Kendal_Barrios.py
2025-02-26 07:53:47.011 [info] Discover tests for workspace name: undefined - uri: /home/kh/Documentos/Integración de Conocimientos 1/Integración_1_Kendal_Barrios.py
2025-02-26 07:54:02.930 [info] Discover tests for workspace name: undefined - uri: /home/kh/Documentos/Integración de Conocimientos 1/Integración_1_Kendal_Barrios.py
2025-02-26 07:54:17.307 [info] Discover tests for workspace name: undefined - uri: /home/kh/Documentos/Integración de Conocimientos 1/Integración_1_Kendal_Barrios.py
2025-02-26 08:07:16.525 [info] Discover tests for workspace name: undefined - uri: /home/kh/Documentos/Integración de Conocimientos 1/Integración_1_Kendal_Barrios.py
2025-02-26 08:13:24.409 [info] Discover tests for workspace name: undefined - uri: /home/kh/Documentos/Integración de Conocimientos 1/Integración_1_Kendal_Barrios.py
2025-02-26 08:13:42.126 [info] Discover tests for workspace name: undefined - uri: /home/kh/Documentos/Integración de Conocimientos 1/Integración_1_Kendal_Barrios.py
2025-02-26 08:22:03.607 [warning] Dir "/home/kh/hyprcrow/.pixi/envs" is not watchable (directory does not exist)
2025-02-26 08:22:03.630 [error] Unable to check if shell integration is active [Error: Extension 'ms-python.python' CANNOT use API proposal: terminalDataWriteEvent.
Its package.json#enabledApiProposals-property declares:  but NOT terminalDataWriteEvent.
 The missing proposal MUST be added and you must start in extension development mode or use the following command line switch: --enable-proposed-api ms-python.python
	at N (file:///usr/lib/code/out/vs/workbench/api/node/extensionHostProcess.js:110:16858)
	at a.onDidWriteTerminalData (file:///usr/lib/code/out/vs/workbench/api/node/extensionHostProcess.js:172:46213)
	at new v (/home/kh/.vscode-oss/extensions/ms-python.python-2025.0.0-universal/out/client/extension.js:2:878084)
	at ge (/home/kh/.vscode-oss/extensions/ms-python.python-2025.0.0-universal/out/client/extension.js:2:1683875)
	at /home/kh/.vscode-oss/extensions/ms-python.python-2025.0.0-universal/out/client/extension.js:2:1687239
	at /home/kh/.vscode-oss/extensions/ms-python.python-2025.0.0-universal/out/client/extension.js:2:1687267
	at Se (/home/kh/.vscode-oss/extensions/ms-python.python-2025.0.0-universal/out/client/extension.js:2:1687334)
	at /home/kh/.vscode-oss/extensions/ms-python.python-2025.0.0-universal/out/client/extension.js:2:1687814
	at we (/home/kh/.vscode-oss/extensions/ms-python.python-2025.0.0-universal/out/client/extension.js:2:1687755)
	at Pe (/home/kh/.vscode-oss/extensions/ms-python.python-2025.0.0-universal/out/client/extension.js:2:1687789)
	at /home/kh/.vscode-oss/extensions/ms-python.python-2025.0.0-universal/out/client/extension.js:2:1685028
	at /home/kh/.vscode-oss/extensions/ms-python.python-2025.0.0-universal/out/client/extension.js:2:1686633
	at Array.reduce (<anonymous>)
	at /home/kh/.vscode-oss/extensions/ms-python.python-2025.0.0-universal/out/client/extension.js:2:1686605
	at /home/kh/.vscode-oss/extensions/ms-python.python-2025.0.0-universal/out/client/extension.js:2:1686887
	at /home/kh/.vscode-oss/extensions/ms-python.python-2025.0.0-universal/out/client/extension.js:2:1687267
	at Se (/home/kh/.vscode-oss/extensions/ms-python.python-2025.0.0-universal/out/client/extension.js:2:1687334)
	at /home/kh/.vscode-oss/extensions/ms-python.python-2025.0.0-universal/out/client/extension.js:2:1687814
	at we (/home/kh/.vscode-oss/extensions/ms-python.python-2025.0.0-universal/out/client/extension.js:2:1687755)
	at Pe (/home/kh/.vscode-oss/extensions/ms-python.python-2025.0.0-universal/out/client/extension.js:2:1687789)
	at /home/kh/.vscode-oss/extensions/ms-python.python-2025.0.0-universal/out/client/extension.js:2:1685028
	at /home/kh/.vscode-oss/extensions/ms-python.python-2025.0.0-universal/out/client/extension.js:2:1714698
	at /home/kh/.vscode-oss/extensions/ms-python.python-2025.0.0-universal/out/client/extension.js:2:1714719
	at e._get (/home/kh/.vscode-oss/extensions/ms-python.python-2025.0.0-universal/out/client/extension.js:2:1713732)
	at e._getButThrowIfAsync (/home/kh/.vscode-oss/extensions/ms-python.python-2025.0.0-universal/out/client/extension.js:2:1713792)
	at e.get (/home/kh/.vscode-oss/extensions/ms-python.python-2025.0.0-universal/out/client/extension.js:2:1709501)
	at e.dynamicValue (/home/kh/.vscode-oss/extensions/ms-python.python-2025.0.0-universal/out/client/extension.js:2:1699234)
	at /home/kh/.vscode-oss/extensions/ms-python.python-2025.0.0-universal/out/client/extension.js:2:1685411
	at Ee (/home/kh/.vscode-oss/extensions/ms-python.python-2025.0.0-universal/out/client/extension.js:2:1685667)
	at Se (/home/kh/.vscode-oss/extensions/ms-python.python-2025.0.0-universal/out/client/extension.js:2:1687383)
	at /home/kh/.vscode-oss/extensions/ms-python.python-2025.0.0-universal/out/client/extension.js:2:1687814
	at we (/home/kh/.vscode-oss/extensions/ms-python.python-2025.0.0-universal/out/client/extension.js:2:1687755)
	at Pe (/home/kh/.vscode-oss/extensions/ms-python.python-2025.0.0-universal/out/client/extension.js:2:1687789)
	at /home/kh/.vscode-oss/extensions/ms-python.python-2025.0.0-universal/out/client/extension.js:2:1685028
	at /home/kh/.vscode-oss/extensions/ms-python.python-2025.0.0-universal/out/client/extension.js:2:1684962
	at Array.map (<anonymous>)
	at /home/kh/.vscode-oss/extensions/ms-python.python-2025.0.0-universal/out/client/extension.js:2:1684933
	at /home/kh/.vscode-oss/extensions/ms-python.python-2025.0.0-universal/out/client/extension.js:2:1686633
	at Array.reduce (<anonymous>)
	at /home/kh/.vscode-oss/extensions/ms-python.python-2025.0.0-universal/out/client/extension.js:2:1686605
	at /home/kh/.vscode-oss/extensions/ms-python.python-2025.0.0-universal/out/client/extension.js:2:1686887
	at /home/kh/.vscode-oss/extensions/ms-python.python-2025.0.0-universal/out/client/extension.js:2:1687267
	at Se (/home/kh/.vscode-oss/extensions/ms-python.python-2025.0.0-universal/out/client/extension.js:2:1687334)
	at /home/kh/.vscode-oss/extensions/ms-python.python-2025.0.0-universal/out/client/extension.js:2:1687814
	at we (/home/kh/.vscode-oss/extensions/ms-python.python-2025.0.0-universal/out/client/extension.js:2:1687755)
	at Pe (/home/kh/.vscode-oss/extensions/ms-python.python-2025.0.0-universal/out/client/extension.js:2:1687789)
	at /home/kh/.vscode-oss/extensions/ms-python.python-2025.0.0-universal/out/client/extension.js:2:1685028
	at /home/kh/.vscode-oss/extensions/ms-python.python-2025.0.0-universal/out/client/extension.js:2:1714698
	at /home/kh/.vscode-oss/extensions/ms-python.python-2025.0.0-universal/out/client/extension.js:2:1714719
	at e._get (/home/kh/.vscode-oss/extensions/ms-python.python-2025.0.0-universal/out/client/extension.js:2:1713732)
	at e._getButThrowIfAsync (/home/kh/.vscode-oss/extensions/ms-python.python-2025.0.0-universal/out/client/extension.js:2:1713792)
	at e.get (/home/kh/.vscode-oss/extensions/ms-python.python-2025.0.0-universal/out/client/extension.js:2:1709501)
	at a.get (/home/kh/.vscode-oss/extensions/ms-python.python-2025.0.0-universal/out/client/extension.js:2:537584)
	at /home/kh/.vscode-oss/extensions/ms-python.python-2025.0.0-universal/out/client/extension.js:2:452426
	at async t.activateComponents (/home/kh/.vscode-oss/extensions/ms-python.python-2025.0.0-universal/out/client/extension.js:2:450706)
	at async /home/kh/.vscode-oss/extensions/ms-python.python-2025.0.0-universal/out/client/extension.js:2:2638685
	at async e (/home/kh/.vscode-oss/extensions/ms-python.python-2025.0.0-universal/out/client/extension.js:2:2638217)
	at async aw.n (file:///usr/lib/code/out/vs/workbench/api/node/extensionHostProcess.js:112:4447)
	at async aw.m (file:///usr/lib/code/out/vs/workbench/api/node/extensionHostProcess.js:112:4410)
	at async aw.l (file:///usr/lib/code/out/vs/workbench/api/node/extensionHostProcess.js:112:3866)]
2025-02-26 08:22:03.638 [info] Python interpreter path: /bin/python
2025-02-26 08:22:03.689 [info] > pyenv which python
2025-02-26 08:22:03.690 [info] cwd: .
2025-02-26 08:22:03.706 [error] [
  'Failed to activate a workspace, Class name = v, completed in 73ms, has a falsy return value, Arg 1: <Uri:/home/kh/Documentos/Integración de Conocimientos 1/Integración_1_Kendal_Barrios.py>, Arg 2: {"started":1740579723590}, Return Value: undefined',
  [Error: Extension 'ms-python.python' CANNOT use API proposal: testObserver.
  Its package.json#enabledApiProposals-property declares:  but NOT testObserver.
   The missing proposal MUST be added and you must start in extension development mode or use the following command line switch: --enable-proposed-api ms-python.python
  	at N (file:///usr/lib/code/out/vs/workbench/api/node/extensionHostProcess.js:110:16858)
  	at get testResults (file:///usr/lib/code/out/vs/workbench/api/node/extensionHostProcess.js:172:39426)
  	at C.activate (/home/kh/.vscode-oss/extensions/ms-python.python-2025.0.0-universal/out/client/extension.js:2:908459)
  	at /home/kh/.vscode-oss/extensions/ms-python.python-2025.0.0-universal/out/client/extension.js:2:2457
  	at Array.map (<anonymous>)
  	at v.activateWorkspace (/home/kh/.vscode-oss/extensions/ms-python.python-2025.0.0-universal/out/client/extension.js:2:2447)]
]
2025-02-26 08:22:03.706 [error] Failure during activation. [Error: Extension 'ms-python.python' CANNOT use API proposal: testObserver.
Its package.json#enabledApiProposals-property declares:  but NOT testObserver.
 The missing proposal MUST be added and you must start in extension development mode or use the following command line switch: --enable-proposed-api ms-python.python
	at N (file:///usr/lib/code/out/vs/workbench/api/node/extensionHostProcess.js:110:16858)
	at get testResults (file:///usr/lib/code/out/vs/workbench/api/node/extensionHostProcess.js:172:39426)
	at C.activate (/home/kh/.vscode-oss/extensions/ms-python.python-2025.0.0-universal/out/client/extension.js:2:908459)
	at /home/kh/.vscode-oss/extensions/ms-python.python-2025.0.0-universal/out/client/extension.js:2:2457
	at Array.map (<anonymous>)
	at v.activateWorkspace (/home/kh/.vscode-oss/extensions/ms-python.python-2025.0.0-universal/out/client/extension.js:2:2447)]
2025-02-26 08:22:03.706 [error] sendStartupTelemetry() failed. [Error: Extension 'ms-python.python' CANNOT use API proposal: testObserver.
Its package.json#enabledApiProposals-property declares:  but NOT testObserver.
 The missing proposal MUST be added and you must start in extension development mode or use the following command line switch: --enable-proposed-api ms-python.python
	at N (file:///usr/lib/code/out/vs/workbench/api/node/extensionHostProcess.js:110:16858)
	at get testResults (file:///usr/lib/code/out/vs/workbench/api/node/extensionHostProcess.js:172:39426)
	at C.activate (/home/kh/.vscode-oss/extensions/ms-python.python-2025.0.0-universal/out/client/extension.js:2:908459)
	at /home/kh/.vscode-oss/extensions/ms-python.python-2025.0.0-universal/out/client/extension.js:2:2457
	at Array.map (<anonymous>)
	at v.activateWorkspace (/home/kh/.vscode-oss/extensions/ms-python.python-2025.0.0-universal/out/client/extension.js:2:2447)]
2025-02-26 08:22:04.508 [info] Starting Jedi language server for hyprcrow.
2025-02-26 08:22:09.906 [info] Discover tests for workspace name: undefined - uri: /home/kh/Documentos/Integración de Conocimientos 1/Integración_1_Kendal_Barrios.py
