2025-02-26 07:47:23.747 [error] sendDebugpySuccessActivationTelemetry() failed. [Error: Extension 'ms-python.debugpy' CANNOT use API proposal: portsAttributes.
Its package.json#enabledApiProposals-property declares:  but NOT portsAttributes.
 The missing proposal MUST be added and you must start in extension development mode or use the following command line switch: --enable-proposed-api ms-python.debugpy
	at N (file:///usr/lib/code/out/vs/workbench/api/node/extensionHostProcess.js:110:16858)
	at Object.registerPortAttributesProvider (file:///usr/lib/code/out/vs/workbench/api/node/extensionHostProcess.js:172:55654)
	at t.registerDebugger (/home/kh/.vscode-oss/extensions/ms-python.debugpy-2025.0.1-linux-x64/dist/extension.js:2:846258)
	at e.activate (/home/kh/.vscode-oss/extensions/ms-python.debugpy-2025.0.1-linux-x64/dist/extension.js:2:1097551)
	at Ow.kb (file:///usr/lib/code/out/vs/workbench/api/node/extensionHostProcess.js:116:15214)
	at Ow.jb (file:///usr/lib/code/out/vs/workbench/api/node/extensionHostProcess.js:116:14921)
	at file:///usr/lib/code/out/vs/workbench/api/node/extensionHostProcess.js:116:13079
	at async aw.n (file:///usr/lib/code/out/vs/workbench/api/node/extensionHostProcess.js:112:4447)
	at async aw.m (file:///usr/lib/code/out/vs/workbench/api/node/extensionHostProcess.js:112:4410)
	at async aw.l (file:///usr/lib/code/out/vs/workbench/api/node/extensionHostProcess.js:112:3866)]
2025-02-26 08:13:27.683 [info] Debugging using the editor button 'Debug in terminal'
2025-02-26 08:13:27.761 [info] Using the only workspaceFolder found:  /home/kh/hyprcrow
2025-02-26 08:13:27.766 [info] Resolving launch configuration with substituted variables
2025-02-26 08:13:27.766 [info] Using the only workspaceFolder found:  /home/kh/hyprcrow
2025-02-26 08:13:27.800 [info] DAP Server launched with command: /bin/python /home/kh/.vscode-oss/extensions/ms-python.debugpy-2025.0.1-linux-x64/bundled/libs/debugpy/adapter
2025-02-26 08:13:41.811 [info] Debugging using the editor button 'Debug in terminal'
2025-02-26 08:13:41.892 [info] Using the only workspaceFolder found:  /home/kh/hyprcrow
2025-02-26 08:13:41.896 [info] Resolving launch configuration with substituted variables
2025-02-26 08:13:41.896 [info] Using the only workspaceFolder found:  /home/kh/hyprcrow
2025-02-26 08:13:41.899 [info] DAP Server launched with command: /bin/python /home/kh/.vscode-oss/extensions/ms-python.debugpy-2025.0.1-linux-x64/bundled/libs/debugpy/adapter
2025-02-26 08:13:59.306 [info] Debugging using the editor button 'Debug in terminal'
2025-02-26 08:13:59.364 [info] Using the only workspaceFolder found:  /home/kh/hyprcrow
2025-02-26 08:13:59.369 [info] Resolving launch configuration with substituted variables
2025-02-26 08:13:59.369 [info] Using the only workspaceFolder found:  /home/kh/hyprcrow
2025-02-26 08:13:59.379 [info] DAP Server launched with command: /bin/python /home/kh/.vscode-oss/extensions/ms-python.debugpy-2025.0.1-linux-x64/bundled/libs/debugpy/adapter
2025-02-26 08:14:13.289 [info] DAP Server launched with command: /bin/python /home/kh/.vscode-oss/extensions/ms-python.debugpy-2025.0.1-linux-x64/bundled/libs/debugpy/adapter
2025-02-26 08:22:03.708 [error] sendDebugpySuccessActivationTelemetry() failed. [Error: Extension 'ms-python.debugpy' CANNOT use API proposal: portsAttributes.
Its package.json#enabledApiProposals-property declares:  but NOT portsAttributes.
 The missing proposal MUST be added and you must start in extension development mode or use the following command line switch: --enable-proposed-api ms-python.debugpy
	at N (file:///usr/lib/code/out/vs/workbench/api/node/extensionHostProcess.js:110:16858)
	at Object.registerPortAttributesProvider (file:///usr/lib/code/out/vs/workbench/api/node/extensionHostProcess.js:172:55654)
	at t.registerDebugger (/home/kh/.vscode-oss/extensions/ms-python.debugpy-2025.0.1-linux-x64/dist/extension.js:2:846258)
	at e.activate (/home/kh/.vscode-oss/extensions/ms-python.debugpy-2025.0.1-linux-x64/dist/extension.js:2:1097551)
	at Ow.kb (file:///usr/lib/code/out/vs/workbench/api/node/extensionHostProcess.js:116:15214)
	at Ow.jb (file:///usr/lib/code/out/vs/workbench/api/node/extensionHostProcess.js:116:14921)
	at file:///usr/lib/code/out/vs/workbench/api/node/extensionHostProcess.js:116:13079
	at async aw.n (file:///usr/lib/code/out/vs/workbench/api/node/extensionHostProcess.js:112:4447)
	at async aw.m (file:///usr/lib/code/out/vs/workbench/api/node/extensionHostProcess.js:112:4410)
	at async aw.l (file:///usr/lib/code/out/vs/workbench/api/node/extensionHostProcess.js:112:3866)]
