2025-02-25 02:35:29.521 [warning] Dir "/home/kh/hyprcrow/.pixi/envs" is not watchable (directory does not exist)
2025-02-25 02:35:29.521 [error] Unable to check if shell integration is active [Error: Extension 'ms-python.python' CANNOT use API proposal: terminalDataWriteEvent.
Its package.json#enabledApiProposals-property declares:  but NOT terminalDataWriteEvent.
 The missing proposal MUST be added and you must start in extension development mode or use the following command line switch: --enable-proposed-api ms-python.python
	at N (file:///usr/lib/code/out/vs/workbench/api/node/extensionHostProcess.js:110:16858)
	at a.onDidWriteTerminalData (file:///usr/lib/code/out/vs/workbench/api/node/extensionHostProcess.js:172:46213)
	at new v (/home/kh/.vscode-oss/extensions/ms-python.python-2025.0.0-universal/out/client/extension.js:2:878084)
	at ge (/home/kh/.vscode-oss/extensions/ms-python.python-2025.0.0-universal/out/client/extension.js:2:1683875)
	at /home/kh/.vscode-oss/extensions/ms-python.python-2025.0.0-universal/out/client/extension.js:2:1687239
	at /home/kh/.vscode-oss/extensions/ms-python.python-2025.0.0-universal/out/client/extension.js:2:1687267
	at Se (/home/kh/.vscode-oss/extensions/ms-python.python-2025.0.0-universal/out/client/extension.js:2:1687334)
	at /home/kh/.vscode-oss/extensions/ms-python.python-2025.0.0-universal/out/client/extension.js:2:1687814
	at we (/home/kh/.vscode-oss/extensions/ms-python.python-2025.0.0-universal/out/client/extension.js:2:1687755)
	at Pe (/home/kh/.vscode-oss/extensions/ms-python.python-2025.0.0-universal/out/client/extension.js:2:1687789)
	at /home/kh/.vscode-oss/extensions/ms-python.python-2025.0.0-universal/out/client/extension.js:2:1685028
	at /home/kh/.vscode-oss/extensions/ms-python.python-2025.0.0-universal/out/client/extension.js:2:1686633
	at Array.reduce (<anonymous>)
	at /home/kh/.vscode-oss/extensions/ms-python.python-2025.0.0-universal/out/client/extension.js:2:1686605
	at /home/kh/.vscode-oss/extensions/ms-python.python-2025.0.0-universal/out/client/extension.js:2:1686887
	at /home/kh/.vscode-oss/extensions/ms-python.python-2025.0.0-universal/out/client/extension.js:2:1687267
	at Se (/home/kh/.vscode-oss/extensions/ms-python.python-2025.0.0-universal/out/client/extension.js:2:1687334)
	at /home/kh/.vscode-oss/extensions/ms-python.python-2025.0.0-universal/out/client/extension.js:2:1687814
	at we (/home/kh/.vscode-oss/extensions/ms-python.python-2025.0.0-universal/out/client/extension.js:2:1687755)
	at Pe (/home/kh/.vscode-oss/extensions/ms-python.python-2025.0.0-universal/out/client/extension.js:2:1687789)
	at /home/kh/.vscode-oss/extensions/ms-python.python-2025.0.0-universal/out/client/extension.js:2:1685028
	at /home/kh/.vscode-oss/extensions/ms-python.python-2025.0.0-universal/out/client/extension.js:2:1714698
	at /home/kh/.vscode-oss/extensions/ms-python.python-2025.0.0-universal/out/client/extension.js:2:1714719
	at e._get (/home/kh/.vscode-oss/extensions/ms-python.python-2025.0.0-universal/out/client/extension.js:2:1713732)
	at e._getButThrowIfAsync (/home/kh/.vscode-oss/extensions/ms-python.python-2025.0.0-universal/out/client/extension.js:2:1713792)
	at e.get (/home/kh/.vscode-oss/extensions/ms-python.python-2025.0.0-universal/out/client/extension.js:2:1709501)
	at e.dynamicValue (/home/kh/.vscode-oss/extensions/ms-python.python-2025.0.0-universal/out/client/extension.js:2:1699234)
	at /home/kh/.vscode-oss/extensions/ms-python.python-2025.0.0-universal/out/client/extension.js:2:1685411
	at Ee (/home/kh/.vscode-oss/extensions/ms-python.python-2025.0.0-universal/out/client/extension.js:2:1685667)
	at Se (/home/kh/.vscode-oss/extensions/ms-python.python-2025.0.0-universal/out/client/extension.js:2:1687383)
	at /home/kh/.vscode-oss/extensions/ms-python.python-2025.0.0-universal/out/client/extension.js:2:1687814
	at we (/home/kh/.vscode-oss/extensions/ms-python.python-2025.0.0-universal/out/client/extension.js:2:1687755)
	at Pe (/home/kh/.vscode-oss/extensions/ms-python.python-2025.0.0-universal/out/client/extension.js:2:1687789)
	at /home/kh/.vscode-oss/extensions/ms-python.python-2025.0.0-universal/out/client/extension.js:2:1685028
	at /home/kh/.vscode-oss/extensions/ms-python.python-2025.0.0-universal/out/client/extension.js:2:1684962
	at Array.map (<anonymous>)
	at /home/kh/.vscode-oss/extensions/ms-python.python-2025.0.0-universal/out/client/extension.js:2:1684933
	at /home/kh/.vscode-oss/extensions/ms-python.python-2025.0.0-universal/out/client/extension.js:2:1686633
	at Array.reduce (<anonymous>)
	at /home/kh/.vscode-oss/extensions/ms-python.python-2025.0.0-universal/out/client/extension.js:2:1686605
	at /home/kh/.vscode-oss/extensions/ms-python.python-2025.0.0-universal/out/client/extension.js:2:1686887
	at /home/kh/.vscode-oss/extensions/ms-python.python-2025.0.0-universal/out/client/extension.js:2:1687267
	at Se (/home/kh/.vscode-oss/extensions/ms-python.python-2025.0.0-universal/out/client/extension.js:2:1687334)
	at /home/kh/.vscode-oss/extensions/ms-python.python-2025.0.0-universal/out/client/extension.js:2:1687814
	at we (/home/kh/.vscode-oss/extensions/ms-python.python-2025.0.0-universal/out/client/extension.js:2:1687755)
	at Pe (/home/kh/.vscode-oss/extensions/ms-python.python-2025.0.0-universal/out/client/extension.js:2:1687789)
	at /home/kh/.vscode-oss/extensions/ms-python.python-2025.0.0-universal/out/client/extension.js:2:1685028
	at /home/kh/.vscode-oss/extensions/ms-python.python-2025.0.0-universal/out/client/extension.js:2:1714698
	at /home/kh/.vscode-oss/extensions/ms-python.python-2025.0.0-universal/out/client/extension.js:2:1714719
	at e._get (/home/kh/.vscode-oss/extensions/ms-python.python-2025.0.0-universal/out/client/extension.js:2:1713732)
	at e._getButThrowIfAsync (/home/kh/.vscode-oss/extensions/ms-python.python-2025.0.0-universal/out/client/extension.js:2:1713792)
	at e.get (/home/kh/.vscode-oss/extensions/ms-python.python-2025.0.0-universal/out/client/extension.js:2:1709501)
	at a.get (/home/kh/.vscode-oss/extensions/ms-python.python-2025.0.0-universal/out/client/extension.js:2:537584)
	at /home/kh/.vscode-oss/extensions/ms-python.python-2025.0.0-universal/out/client/extension.js:2:452426
	at async t.activateComponents (/home/kh/.vscode-oss/extensions/ms-python.python-2025.0.0-universal/out/client/extension.js:2:450706)
	at async /home/kh/.vscode-oss/extensions/ms-python.python-2025.0.0-universal/out/client/extension.js:2:2638685
	at async e (/home/kh/.vscode-oss/extensions/ms-python.python-2025.0.0-universal/out/client/extension.js:2:2638217)
	at async aw.n (file:///usr/lib/code/out/vs/workbench/api/node/extensionHostProcess.js:112:4447)
	at async aw.m (file:///usr/lib/code/out/vs/workbench/api/node/extensionHostProcess.js:112:4410)
	at async aw.l (file:///usr/lib/code/out/vs/workbench/api/node/extensionHostProcess.js:112:3866)]
2025-02-25 02:35:29.521 [info] Python interpreter path: /bin/python
2025-02-25 02:35:29.521 [info] > pyenv which python
2025-02-25 02:35:29.521 [info] cwd: .
2025-02-25 02:35:29.622 [error] [
  'Failed to activate a workspace, Class name = v, completed in 156ms, has a falsy return value, Arg 1: <Uri:/home/kh/Documentos/Integración de Conocimientos 1/Integración_1_Kendal_Barrios.py>, Arg 2: {"started":1740472529429}, Return Value: undefined',
  [Error: Extension 'ms-python.python' CANNOT use API proposal: testObserver.
  Its package.json#enabledApiProposals-property declares:  but NOT testObserver.
   The missing proposal MUST be added and you must start in extension development mode or use the following command line switch: --enable-proposed-api ms-python.python
  	at N (file:///usr/lib/code/out/vs/workbench/api/node/extensionHostProcess.js:110:16858)
  	at get testResults (file:///usr/lib/code/out/vs/workbench/api/node/extensionHostProcess.js:172:39426)
  	at C.activate (/home/kh/.vscode-oss/extensions/ms-python.python-2025.0.0-universal/out/client/extension.js:2:908459)
  	at /home/kh/.vscode-oss/extensions/ms-python.python-2025.0.0-universal/out/client/extension.js:2:2457
  	at Array.map (<anonymous>)
  	at v.activateWorkspace (/home/kh/.vscode-oss/extensions/ms-python.python-2025.0.0-universal/out/client/extension.js:2:2447)]
]
2025-02-25 02:35:29.623 [error] Failure during activation. [Error: Extension 'ms-python.python' CANNOT use API proposal: testObserver.
Its package.json#enabledApiProposals-property declares:  but NOT testObserver.
 The missing proposal MUST be added and you must start in extension development mode or use the following command line switch: --enable-proposed-api ms-python.python
	at N (file:///usr/lib/code/out/vs/workbench/api/node/extensionHostProcess.js:110:16858)
	at get testResults (file:///usr/lib/code/out/vs/workbench/api/node/extensionHostProcess.js:172:39426)
	at C.activate (/home/kh/.vscode-oss/extensions/ms-python.python-2025.0.0-universal/out/client/extension.js:2:908459)
	at /home/kh/.vscode-oss/extensions/ms-python.python-2025.0.0-universal/out/client/extension.js:2:2457
	at Array.map (<anonymous>)
	at v.activateWorkspace (/home/kh/.vscode-oss/extensions/ms-python.python-2025.0.0-universal/out/client/extension.js:2:2447)]
2025-02-25 02:35:29.623 [error] sendStartupTelemetry() failed. [Error: Extension 'ms-python.python' CANNOT use API proposal: testObserver.
Its package.json#enabledApiProposals-property declares:  but NOT testObserver.
 The missing proposal MUST be added and you must start in extension development mode or use the following command line switch: --enable-proposed-api ms-python.python
	at N (file:///usr/lib/code/out/vs/workbench/api/node/extensionHostProcess.js:110:16858)
	at get testResults (file:///usr/lib/code/out/vs/workbench/api/node/extensionHostProcess.js:172:39426)
	at C.activate (/home/kh/.vscode-oss/extensions/ms-python.python-2025.0.0-universal/out/client/extension.js:2:908459)
	at /home/kh/.vscode-oss/extensions/ms-python.python-2025.0.0-universal/out/client/extension.js:2:2457
	at Array.map (<anonymous>)
	at v.activateWorkspace (/home/kh/.vscode-oss/extensions/ms-python.python-2025.0.0-universal/out/client/extension.js:2:2447)]
2025-02-25 02:35:30.224 [info] Starting Jedi language server for hyprcrow.
2025-02-25 02:35:35.493 [info] CreateEnv Trigger - Workspace not found for /home/kh/Documentos/Integración de Conocimientos 1/Integración_1_Kendal_Barrios.py
2025-02-25 02:35:42.339 [info] Discover tests for workspace name: undefined - uri: /home/kh/Documentos/Integración de Conocimientos 1/Integración_1_Kendal_Barrios.py
2025-02-25 02:35:55.120 [info] Discover tests for workspace name: undefined - uri: /home/kh/Documentos/Integración de Conocimientos 1/Integración_1_Kendal_Barrios.py
2025-02-25 02:36:20.068 [info] Discover tests for workspace name: undefined - uri: /home/kh/Documentos/Integración de Conocimientos 1/Integración_1_Kendal_Barrios.py
2025-02-25 02:36:43.596 [info] Discover tests for workspace name: undefined - uri: /home/kh/Documentos/Integración de Conocimientos 1/Integración_1_Kendal_Barrios.py
2025-02-25 02:37:12.718 [info] Discover tests for workspace name: undefined - uri: /home/kh/Documentos/Integración de Conocimientos 1/Integración_1_Kendal_Barrios.py
2025-02-25 02:38:06.873 [info] Discover tests for workspace name: undefined - uri: /home/kh/Documentos/Integración de Conocimientos 1/Integración_1_Kendal_Barrios.py
2025-02-25 02:38:42.251 [info] Discover tests for workspace name: undefined - uri: /home/kh/Documentos/Integración de Conocimientos 1/Integración_1_Kendal_Barrios.py
2025-02-25 02:41:53.241 [info] Discover tests for workspace name: undefined - uri: /home/kh/Documentos/Integración de Conocimientos 1/Integración_1_Kendal_Barrios.py
2025-02-25 02:42:10.606 [info] Discover tests for workspace name: undefined - uri: /home/kh/Documentos/Integración de Conocimientos 1/Integración_1_Kendal_Barrios.py
2025-02-25 02:42:19.895 [info] Discover tests for workspace name: undefined - uri: /home/kh/Documentos/Integración de Conocimientos 1/Integración_1_Kendal_Barrios.py
2025-02-25 02:46:32.035 [info] Discover tests for workspace name: undefined - uri: /home/kh/Documentos/Integración de Conocimientos 1/Integración_1_Kendal_Barrios.py
2025-02-25 02:50:35.698 [info] Discover tests for workspace name: undefined - uri: /home/kh/Documentos/Integración de Conocimientos 1/Integración_1_Kendal_Barrios.py
2025-02-25 02:51:02.271 [info] Discover tests for workspace name: undefined - uri: /home/kh/Documentos/Integración de Conocimientos 1/Integración_1_Kendal_Barrios.py
2025-02-25 02:51:28.615 [info] Discover tests for workspace name: undefined - uri: /home/kh/Documentos/Integración de Conocimientos 1/Integración_1_Kendal_Barrios.py
2025-02-25 02:51:42.534 [info] Discover tests for workspace name: undefined - uri: /home/kh/Documentos/Integración de Conocimientos 1/Integración_1_Kendal_Barrios.py
2025-02-25 02:52:05.722 [info] Discover tests for workspace name: undefined - uri: /home/kh/Documentos/Integración de Conocimientos 1/Integración_1_Kendal_Barrios.py
2025-02-25 02:52:43.924 [info] Discover tests for workspace name: undefined - uri: /home/kh/Documentos/Integración de Conocimientos 1/Integración_1_Kendal_Barrios.py
2025-02-25 02:53:29.760 [info] Discover tests for workspace name: undefined - uri: /home/kh/Documentos/Integración de Conocimientos 1/Integración_1_Kendal_Barrios.py
2025-02-25 02:54:33.151 [info] Discover tests for workspace name: undefined - uri: /home/kh/Documentos/Integración de Conocimientos 1/Integración_1_Kendal_Barrios.py
2025-02-25 02:54:40.536 [info] Discover tests for workspace name: undefined - uri: /home/kh/Documentos/Integración de Conocimientos 1/Integración_1_Kendal_Barrios.py
2025-02-25 02:55:01.849 [info] Discover tests for workspace name: undefined - uri: /home/kh/Documentos/Integración de Conocimientos 1/Integración_1_Kendal_Barrios.py
2025-02-25 02:56:03.626 [info] Discover tests for workspace name: undefined - uri: /home/kh/Documentos/Integración de Conocimientos 1/Integración_1_Kendal_Barrios.py
2025-02-25 02:56:27.739 [info] Discover tests for workspace name: undefined - uri: /home/kh/Documentos/Integración de Conocimientos 1/Integración_1_Kendal_Barrios.py
2025-02-25 02:56:57.386 [info] Discover tests for workspace name: undefined - uri: /home/kh/Documentos/Integración de Conocimientos 1/Integración_1_Kendal_Barrios.py
2025-02-25 02:58:02.943 [info] Discover tests for workspace name: undefined - uri: /home/kh/Documentos/Integración de Conocimientos 1/Integración_1_Kendal_Barrios.py
2025-02-25 02:59:30.161 [info] Discover tests for workspace name: undefined - uri: /home/kh/Documentos/Integración de Conocimientos 1/Integración_1_Kendal_Barrios.py
2025-02-25 03:04:09.951 [warning] Dir "/home/kh/hyprcrow/.pixi/envs" is not watchable (directory does not exist)
2025-02-25 03:04:09.966 [error] Unable to check if shell integration is active [Error: Extension 'ms-python.python' CANNOT use API proposal: terminalDataWriteEvent.
Its package.json#enabledApiProposals-property declares:  but NOT terminalDataWriteEvent.
 The missing proposal MUST be added and you must start in extension development mode or use the following command line switch: --enable-proposed-api ms-python.python
	at N (file:///usr/lib/code/out/vs/workbench/api/node/extensionHostProcess.js:110:16858)
	at a.onDidWriteTerminalData (file:///usr/lib/code/out/vs/workbench/api/node/extensionHostProcess.js:172:46213)
	at new v (/home/kh/.vscode-oss/extensions/ms-python.python-2025.0.0-universal/out/client/extension.js:2:878084)
	at ge (/home/kh/.vscode-oss/extensions/ms-python.python-2025.0.0-universal/out/client/extension.js:2:1683875)
	at /home/kh/.vscode-oss/extensions/ms-python.python-2025.0.0-universal/out/client/extension.js:2:1687239
	at /home/kh/.vscode-oss/extensions/ms-python.python-2025.0.0-universal/out/client/extension.js:2:1687267
	at Se (/home/kh/.vscode-oss/extensions/ms-python.python-2025.0.0-universal/out/client/extension.js:2:1687334)
	at /home/kh/.vscode-oss/extensions/ms-python.python-2025.0.0-universal/out/client/extension.js:2:1687814
	at we (/home/kh/.vscode-oss/extensions/ms-python.python-2025.0.0-universal/out/client/extension.js:2:1687755)
	at Pe (/home/kh/.vscode-oss/extensions/ms-python.python-2025.0.0-universal/out/client/extension.js:2:1687789)
	at /home/kh/.vscode-oss/extensions/ms-python.python-2025.0.0-universal/out/client/extension.js:2:1685028
	at /home/kh/.vscode-oss/extensions/ms-python.python-2025.0.0-universal/out/client/extension.js:2:1686633
	at Array.reduce (<anonymous>)
	at /home/kh/.vscode-oss/extensions/ms-python.python-2025.0.0-universal/out/client/extension.js:2:1686605
	at /home/kh/.vscode-oss/extensions/ms-python.python-2025.0.0-universal/out/client/extension.js:2:1686887
	at /home/kh/.vscode-oss/extensions/ms-python.python-2025.0.0-universal/out/client/extension.js:2:1687267
	at Se (/home/kh/.vscode-oss/extensions/ms-python.python-2025.0.0-universal/out/client/extension.js:2:1687334)
	at /home/kh/.vscode-oss/extensions/ms-python.python-2025.0.0-universal/out/client/extension.js:2:1687814
	at we (/home/kh/.vscode-oss/extensions/ms-python.python-2025.0.0-universal/out/client/extension.js:2:1687755)
	at Pe (/home/kh/.vscode-oss/extensions/ms-python.python-2025.0.0-universal/out/client/extension.js:2:1687789)
	at /home/kh/.vscode-oss/extensions/ms-python.python-2025.0.0-universal/out/client/extension.js:2:1685028
	at /home/kh/.vscode-oss/extensions/ms-python.python-2025.0.0-universal/out/client/extension.js:2:1714698
	at /home/kh/.vscode-oss/extensions/ms-python.python-2025.0.0-universal/out/client/extension.js:2:1714719
	at e._get (/home/kh/.vscode-oss/extensions/ms-python.python-2025.0.0-universal/out/client/extension.js:2:1713732)
	at e._getButThrowIfAsync (/home/kh/.vscode-oss/extensions/ms-python.python-2025.0.0-universal/out/client/extension.js:2:1713792)
	at e.get (/home/kh/.vscode-oss/extensions/ms-python.python-2025.0.0-universal/out/client/extension.js:2:1709501)
	at e.dynamicValue (/home/kh/.vscode-oss/extensions/ms-python.python-2025.0.0-universal/out/client/extension.js:2:1699234)
	at /home/kh/.vscode-oss/extensions/ms-python.python-2025.0.0-universal/out/client/extension.js:2:1685411
	at Ee (/home/kh/.vscode-oss/extensions/ms-python.python-2025.0.0-universal/out/client/extension.js:2:1685667)
	at Se (/home/kh/.vscode-oss/extensions/ms-python.python-2025.0.0-universal/out/client/extension.js:2:1687383)
	at /home/kh/.vscode-oss/extensions/ms-python.python-2025.0.0-universal/out/client/extension.js:2:1687814
	at we (/home/kh/.vscode-oss/extensions/ms-python.python-2025.0.0-universal/out/client/extension.js:2:1687755)
	at Pe (/home/kh/.vscode-oss/extensions/ms-python.python-2025.0.0-universal/out/client/extension.js:2:1687789)
	at /home/kh/.vscode-oss/extensions/ms-python.python-2025.0.0-universal/out/client/extension.js:2:1685028
	at /home/kh/.vscode-oss/extensions/ms-python.python-2025.0.0-universal/out/client/extension.js:2:1684962
	at Array.map (<anonymous>)
	at /home/kh/.vscode-oss/extensions/ms-python.python-2025.0.0-universal/out/client/extension.js:2:1684933
	at /home/kh/.vscode-oss/extensions/ms-python.python-2025.0.0-universal/out/client/extension.js:2:1686633
	at Array.reduce (<anonymous>)
	at /home/kh/.vscode-oss/extensions/ms-python.python-2025.0.0-universal/out/client/extension.js:2:1686605
	at /home/kh/.vscode-oss/extensions/ms-python.python-2025.0.0-universal/out/client/extension.js:2:1686887
	at /home/kh/.vscode-oss/extensions/ms-python.python-2025.0.0-universal/out/client/extension.js:2:1687267
	at Se (/home/kh/.vscode-oss/extensions/ms-python.python-2025.0.0-universal/out/client/extension.js:2:1687334)
	at /home/kh/.vscode-oss/extensions/ms-python.python-2025.0.0-universal/out/client/extension.js:2:1687814
	at we (/home/kh/.vscode-oss/extensions/ms-python.python-2025.0.0-universal/out/client/extension.js:2:1687755)
	at Pe (/home/kh/.vscode-oss/extensions/ms-python.python-2025.0.0-universal/out/client/extension.js:2:1687789)
	at /home/kh/.vscode-oss/extensions/ms-python.python-2025.0.0-universal/out/client/extension.js:2:1685028
	at /home/kh/.vscode-oss/extensions/ms-python.python-2025.0.0-universal/out/client/extension.js:2:1714698
	at /home/kh/.vscode-oss/extensions/ms-python.python-2025.0.0-universal/out/client/extension.js:2:1714719
	at e._get (/home/kh/.vscode-oss/extensions/ms-python.python-2025.0.0-universal/out/client/extension.js:2:1713732)
	at e._getButThrowIfAsync (/home/kh/.vscode-oss/extensions/ms-python.python-2025.0.0-universal/out/client/extension.js:2:1713792)
	at e.get (/home/kh/.vscode-oss/extensions/ms-python.python-2025.0.0-universal/out/client/extension.js:2:1709501)
	at a.get (/home/kh/.vscode-oss/extensions/ms-python.python-2025.0.0-universal/out/client/extension.js:2:537584)
	at /home/kh/.vscode-oss/extensions/ms-python.python-2025.0.0-universal/out/client/extension.js:2:452426
	at async t.activateComponents (/home/kh/.vscode-oss/extensions/ms-python.python-2025.0.0-universal/out/client/extension.js:2:450706)
	at async /home/kh/.vscode-oss/extensions/ms-python.python-2025.0.0-universal/out/client/extension.js:2:2638685
	at async e (/home/kh/.vscode-oss/extensions/ms-python.python-2025.0.0-universal/out/client/extension.js:2:2638217)
	at async aw.n (file:///usr/lib/code/out/vs/workbench/api/node/extensionHostProcess.js:112:4447)
	at async aw.m (file:///usr/lib/code/out/vs/workbench/api/node/extensionHostProcess.js:112:4410)
	at async aw.l (file:///usr/lib/code/out/vs/workbench/api/node/extensionHostProcess.js:112:3866)]
2025-02-25 03:04:09.973 [info] Python interpreter path: /bin/python
2025-02-25 03:04:10.023 [info] > pyenv which python
2025-02-25 03:04:10.023 [info] cwd: .
2025-02-25 03:04:10.040 [error] [
  'Failed to activate a workspace, Class name = v, completed in 71ms, has a falsy return value, Arg 1: <Uri:/home/kh/Documentos/Integración de Conocimientos 1/Integración_1_Kendal_Barrios.py>, Arg 2: {"started":1740474249911}, Return Value: undefined',
  [Error: Extension 'ms-python.python' CANNOT use API proposal: testObserver.
  Its package.json#enabledApiProposals-property declares:  but NOT testObserver.
   The missing proposal MUST be added and you must start in extension development mode or use the following command line switch: --enable-proposed-api ms-python.python
  	at N (file:///usr/lib/code/out/vs/workbench/api/node/extensionHostProcess.js:110:16858)
  	at get testResults (file:///usr/lib/code/out/vs/workbench/api/node/extensionHostProcess.js:172:39426)
  	at C.activate (/home/kh/.vscode-oss/extensions/ms-python.python-2025.0.0-universal/out/client/extension.js:2:908459)
  	at /home/kh/.vscode-oss/extensions/ms-python.python-2025.0.0-universal/out/client/extension.js:2:2457
  	at Array.map (<anonymous>)
  	at v.activateWorkspace (/home/kh/.vscode-oss/extensions/ms-python.python-2025.0.0-universal/out/client/extension.js:2:2447)]
]
2025-02-25 03:04:10.040 [error] Failure during activation. [Error: Extension 'ms-python.python' CANNOT use API proposal: testObserver.
Its package.json#enabledApiProposals-property declares:  but NOT testObserver.
 The missing proposal MUST be added and you must start in extension development mode or use the following command line switch: --enable-proposed-api ms-python.python
	at N (file:///usr/lib/code/out/vs/workbench/api/node/extensionHostProcess.js:110:16858)
	at get testResults (file:///usr/lib/code/out/vs/workbench/api/node/extensionHostProcess.js:172:39426)
	at C.activate (/home/kh/.vscode-oss/extensions/ms-python.python-2025.0.0-universal/out/client/extension.js:2:908459)
	at /home/kh/.vscode-oss/extensions/ms-python.python-2025.0.0-universal/out/client/extension.js:2:2457
	at Array.map (<anonymous>)
	at v.activateWorkspace (/home/kh/.vscode-oss/extensions/ms-python.python-2025.0.0-universal/out/client/extension.js:2:2447)]
2025-02-25 03:04:10.040 [error] sendStartupTelemetry() failed. [Error: Extension 'ms-python.python' CANNOT use API proposal: testObserver.
Its package.json#enabledApiProposals-property declares:  but NOT testObserver.
 The missing proposal MUST be added and you must start in extension development mode or use the following command line switch: --enable-proposed-api ms-python.python
	at N (file:///usr/lib/code/out/vs/workbench/api/node/extensionHostProcess.js:110:16858)
	at get testResults (file:///usr/lib/code/out/vs/workbench/api/node/extensionHostProcess.js:172:39426)
	at C.activate (/home/kh/.vscode-oss/extensions/ms-python.python-2025.0.0-universal/out/client/extension.js:2:908459)
	at /home/kh/.vscode-oss/extensions/ms-python.python-2025.0.0-universal/out/client/extension.js:2:2457
	at Array.map (<anonymous>)
	at v.activateWorkspace (/home/kh/.vscode-oss/extensions/ms-python.python-2025.0.0-universal/out/client/extension.js:2:2447)]
2025-02-25 03:04:10.866 [info] Starting Jedi language server for hyprcrow.
2025-02-25 03:04:58.538 [info] Discover tests for workspace name: undefined - uri: /home/kh/Documentos/Integración de Conocimientos 1/Integración_1_Kendal_Barrios.py
2025-02-25 03:05:07.352 [info] Discover tests for workspace name: undefined - uri: /home/kh/Documentos/Integración de Conocimientos 1/Integración_1_Kendal_Barrios.py
2025-02-25 03:05:10.813 [info] CreateEnv Trigger - Workspace not found for /home/kh/Documentos/Integración de Conocimientos 1/Integración_1_Kendal_Barrios.py
2025-02-25 03:05:52.398 [info] Discover tests for workspace name: undefined - uri: /home/kh/Documentos/Integración de Conocimientos 1/Integración_1_Kendal_Barrios.py
