2025-02-25 02:35:30.409 [info] ERROR:pygls.protocol.json_rpc:Failed to handle request 1 textDocument/codeAction CodeActionParams(text_document=TextDocumentIdentifier(uri='file:///home/kh/Documentos/Integraci%C3%B3n%20de%20Conocimientos%201/Integraci%C3%B3n_1_Kendal_Barrios.py'), range=86:7-86:7, context=CodeActionContext(diagnostics=[], only=None, trigger_kind=<CodeActionTriggerKind.Automatic: 2>), work_done_token=None, partial_result_token=None)
Traceback (most recent call last):
  File "/home/kh/.vscode-oss/extensions/ms-python.python-2025.0.0-universal/python_files/lib/jedilsp/pygls/protocol/json_rpc.py", line 266, in _handle_request
    self._execute_request(msg_id, handler, params)
    ~~~~~~~~~~~~~~~~~~~~~^^^^^^^^^^^^^^^^^^^^^^^^^
  File "/home/kh/.vscode-oss/extensions/ms-python.python-2025.0.0-universal/python_files/lib/jedilsp/pygls/protocol/json_rpc.py", line 188, in _execute_request
    self._send_response(msg_id, handler(params))
                                ~~~~~~~^^^^^^^^
  File "/home/kh/.vscode-oss/extensions/ms-python.python-2025.0.0-universal/python_files/lib/jedilsp/jedi_language_server/server.py", line 605, in code_action
    extract_variable_refactoring = jedi_script.extract_variable(
        new_name=extract_var, **jedi_lines_extract
    )
  File "/home/kh/.vscode-oss/extensions/ms-python.python-2025.0.0-universal/python_files/lib/jedilsp/jedi/api/helpers.py", line 487, in wrapper
    return func(self, line, column, *args, **kwargs)
  File "/home/kh/.vscode-oss/extensions/ms-python.python-2025.0.0-universal/python_files/lib/jedilsp/jedi/api/__init__.py", line 628, in extract_variable
    return extract_variable(
        self._inference_state, self.path, self._module_node,
        new_name, (line, column), until_pos
    )
  File "/home/kh/.vscode-oss/extensions/ms-python.python-2025.0.0-universal/python_files/lib/jedilsp/jedi/api/refactoring/extract.py", line 19, in extract_variable
    nodes = _find_nodes(module_node, pos, until_pos)
  File "/home/kh/.vscode-oss/extensions/ms-python.python-2025.0.0-universal/python_files/lib/jedilsp/jedi/api/refactoring/extract.py", line 87, in _find_nodes
    nodes = _remove_unwanted_expression_nodes(parent_node, pos, until_pos)
  File "/home/kh/.vscode-oss/extensions/ms-python.python-2025.0.0-universal/python_files/lib/jedilsp/jedi/api/refactoring/extract.py", line 196, in _remove_unwanted_expression_nodes
    nodes = nodes[start_index:end_index + 1]
                              ^^^^^^^^^
UnboundLocalError: cannot access local variable 'end_index' where it is not associated with a value

2025-02-25 02:35:30.424 [info] [Error - 2:35:30 a. m.] Request textDocument/codeAction failed.
2025-02-25 02:35:30.424 [info]   Message: UnboundLocalError: cannot access local variable 'end_index' where it is not associated with a value
  Code: -32603 
[object Object]
2025-02-25 02:35:31.119 [info] WARNING:pygls.protocol.json_rpc:Cancel notification for unknown message id "3"

2025-02-25 02:38:03.447 [info] WARNING:pygls.protocol.json_rpc:Cancel notification for unknown message id "104"

2025-02-25 02:38:06.006 [info] WARNING:pygls.protocol.json_rpc:Cancel notification for unknown message id "105"

2025-02-25 02:38:06.006 [info] WARNING:pygls.protocol.json_rpc:Cancel notification for unknown message id "106"

2025-02-25 02:38:06.027 [info] WARNING:pygls.protocol.json_rpc:Cancel notification for unknown message id "107"

2025-02-25 02:38:13.884 [info] WARNING:pygls.protocol.json_rpc:Cancel notification for unknown message id "114"

2025-02-25 02:38:37.235 [info] WARNING:pygls.protocol.json_rpc:Cancel notification for unknown message id "142"

2025-02-25 02:38:37.236 [info] WARNING:pygls.protocol.json_rpc:Cancel notification for unknown message id "143"

2025-02-25 02:38:39.280 [info] WARNING:pygls.protocol.json_rpc:Cancel notification for unknown message id "144"

2025-02-25 02:38:39.285 [info] WARNING:pygls.protocol.json_rpc:Cancel notification for unknown message id "145"
WARNING:pygls.protocol.json_rpc:Cancel notification for unknown message id "146"

2025-02-25 02:38:41.394 [info] WARNING:pygls.protocol.json_rpc:Cancel notification for unknown message id "148"

2025-02-25 02:38:43.408 [info] WARNING:pygls.protocol.json_rpc:Cancel notification for unknown message id "149"

2025-02-25 02:38:43.409 [info] WARNING:pygls.protocol.json_rpc:Cancel notification for unknown message id "150"

2025-02-25 02:38:45.276 [info] WARNING:pygls.protocol.json_rpc:Cancel notification for unknown message id "151"

2025-02-25 02:38:45.291 [info] WARNING:pygls.protocol.json_rpc:Cancel notification for unknown message id "152"

2025-02-25 02:38:45.295 [info] WARNING:pygls.protocol.json_rpc:Cancel notification for unknown message id "153"

2025-02-25 02:38:45.348 [info] WARNING:pygls.protocol.json_rpc:Cancel notification for unknown message id "158"

2025-02-25 02:39:08.716 [info] WARNING:pygls.protocol.json_rpc:Cancel notification for unknown message id "170"

2025-02-25 02:39:08.726 [info] WARNING:pygls.protocol.json_rpc:Cancel notification for unknown message id "172"

2025-02-25 02:39:08.746 [info] WARNING:pygls.protocol.json_rpc:Cancel notification for unknown message id "173"

2025-02-25 02:39:28.095 [info] WARNING:pygls.protocol.json_rpc:Cancel notification for unknown message id "200"

2025-02-25 02:39:28.101 [info] WARNING:pygls.protocol.json_rpc:Cancel notification for unknown message id "201"

2025-02-25 02:39:28.109 [info] WARNING:pygls.protocol.json_rpc:Cancel notification for unknown message id "202"

2025-02-25 02:39:28.109 [info] WARNING:pygls.protocol.json_rpc:Cancel notification for unknown message id "203"

2025-02-25 02:39:37.793 [info] WARNING:pygls.protocol.json_rpc:Cancel notification for unknown message id "229"

2025-02-25 02:39:40.045 [info] WARNING:pygls.protocol.json_rpc:Cancel notification for unknown message id "230"

2025-02-25 02:39:40.046 [info] WARNING:pygls.protocol.json_rpc:Cancel notification for unknown message id "231"

2025-02-25 02:39:40.046 [info] WARNING:pygls.protocol.json_rpc:Cancel notification for unknown message id "232"

2025-02-25 02:39:40.050 [info] WARNING:pygls.protocol.json_rpc:Cancel notification for unknown message id "233"

2025-02-25 02:41:59.834 [info] WARNING:pygls.protocol.json_rpc:Cancel notification for unknown message id "263"

2025-02-25 02:42:03.877 [info] WARNING:pygls.protocol.json_rpc:Cancel notification for unknown message id "268"

2025-02-25 02:42:03.877 [info] WARNING:pygls.protocol.json_rpc:Cancel notification for unknown message id "269"

2025-02-25 02:42:03.940 [info] WARNING:pygls.protocol.json_rpc:Cancel notification for unknown message id "270"

2025-02-25 02:42:03.944 [info] WARNING:pygls.protocol.json_rpc:Cancel notification for unknown message id "271"

2025-02-25 02:42:03.944 [info] WARNING:pygls.protocol.json_rpc:Cancel notification for unknown message id "272"

2025-02-25 02:42:03.961 [info] WARNING:pygls.protocol.json_rpc:Cancel notification for unknown message id "273"

2025-02-25 02:42:03.966 [info] WARNING:pygls.protocol.json_rpc:Cancel notification for unknown message id "275"

2025-02-25 02:42:06.340 [info] WARNING:pygls.protocol.json_rpc:Cancel notification for unknown message id "284"

2025-02-25 02:42:06.340 [info] WARNING:pygls.protocol.json_rpc:Cancel notification for unknown message id "285"

2025-02-25 02:42:06.383 [info] WARNING:pygls.protocol.json_rpc:Cancel notification for unknown message id "286"

2025-02-25 02:42:10.119 [info] WARNING:pygls.protocol.json_rpc:Cancel notification for unknown message id "299"

2025-02-25 02:42:10.132 [info] WARNING:pygls.protocol.json_rpc:Cancel notification for unknown message id "300"

2025-02-25 02:42:10.144 [info] WARNING:pygls.protocol.json_rpc:Cancel notification for unknown message id "303"

2025-02-25 02:42:10.144 [info] WARNING:pygls.protocol.json_rpc:Cancel notification for unknown message id "304"

2025-02-25 02:42:10.144 [info] WARNING:pygls.protocol.json_rpc:Cancel notification for unknown message id "302"

2025-02-25 02:42:12.196 [info] WARNING:pygls.protocol.json_rpc:Cancel notification for unknown message id "301"

2025-02-25 02:42:12.197 [info] WARNING:pygls.protocol.json_rpc:Cancel notification for unknown message id "306"

2025-02-25 02:42:12.198 [info] WARNING:pygls.protocol.json_rpc:Cancel notification for unknown message id "307"

2025-02-25 02:42:12.198 [info] WARNING:pygls.protocol.json_rpc:Cancel notification for unknown message id "305"

2025-02-25 02:42:12.211 [info] WARNING:pygls.protocol.json_rpc:Cancel notification for unknown message id "308"

2025-02-25 02:43:29.680 [info] WARNING:pygls.protocol.json_rpc:Cancel notification for unknown message id "335"

2025-02-25 02:43:29.680 [info] WARNING:pygls.protocol.json_rpc:Cancel notification for unknown message id "336"

2025-02-25 02:43:29.699 [info] WARNING:pygls.protocol.json_rpc:Cancel notification for unknown message id "338"

2025-02-25 02:43:29.699 [info] WARNING:pygls.protocol.json_rpc:Cancel notification for unknown message id "339"

2025-02-25 02:43:29.770 [info] WARNING:pygls.protocol.json_rpc:Cancel notification for unknown message id "337"

2025-02-25 02:43:29.774 [info] WARNING:pygls.protocol.json_rpc:Cancel notification for unknown message id "340"

2025-02-25 02:43:29.775 [info] WARNING:pygls.protocol.json_rpc:Cancel notification for unknown message id "341"

2025-02-25 02:43:31.199 [info] WARNING:pygls.protocol.json_rpc:Cancel notification for unknown message id "354"

2025-02-25 02:43:31.458 [info] WARNING:pygls.protocol.json_rpc:Cancel notification for unknown message id "356"

2025-02-25 02:43:31.732 [info] WARNING:pygls.protocol.json_rpc:Cancel notification for unknown message id "358"

2025-02-25 02:44:01.156 [info] WARNING:pygls.protocol.json_rpc:Cancel notification for unknown message id "470"

2025-02-25 02:44:03.788 [info] WARNING:pygls.protocol.json_rpc:Cancel notification for unknown message id "472"

2025-02-25 02:44:03.798 [info] WARNING:pygls.protocol.json_rpc:Cancel notification for unknown message id "473"

2025-02-25 02:44:05.775 [info] WARNING:pygls.protocol.json_rpc:Cancel notification for unknown message id "476"

2025-02-25 02:44:05.803 [info] WARNING:pygls.protocol.json_rpc:Cancel notification for unknown message id "474"

2025-02-25 02:44:05.811 [info] WARNING:pygls.protocol.json_rpc:Cancel notification for unknown message id "477"

2025-02-25 02:44:05.811 [info] WARNING:pygls.protocol.json_rpc:Cancel notification for unknown message id "479"

2025-02-25 02:44:05.811 [info] WARNING:pygls.protocol.json_rpc:Cancel notification for unknown message id "478"

2025-02-25 02:44:20.122 [info] WARNING:pygls.protocol.json_rpc:Cancel notification for unknown message id "491"

2025-02-25 02:44:20.123 [info] WARNING:pygls.protocol.json_rpc:Cancel notification for unknown message id "494"

2025-02-25 02:44:34.144 [info] WARNING:pygls.protocol.json_rpc:Cancel notification for unknown message id "519"

2025-02-25 02:44:34.144 [info] WARNING:pygls.protocol.json_rpc:Cancel notification for unknown message id "520"

2025-02-25 02:44:34.184 [info] WARNING:pygls.protocol.json_rpc:Cancel notification for unknown message id "521"

2025-02-25 02:44:34.206 [info] WARNING:pygls.protocol.json_rpc:Cancel notification for unknown message id "524"

2025-02-25 02:44:34.207 [info] WARNING:pygls.protocol.json_rpc:Cancel notification for unknown message id "525"

2025-02-25 02:44:34.210 [info] WARNING:pygls.protocol.json_rpc:Cancel notification for unknown message id "526"

2025-02-25 02:44:54.761 [info] WARNING:pygls.protocol.json_rpc:Cancel notification for unknown message id "544"

2025-02-25 02:44:56.913 [info] WARNING:pygls.protocol.json_rpc:Cancel notification for unknown message id "545"

2025-02-25 02:44:56.914 [info] WARNING:pygls.protocol.json_rpc:Cancel notification for unknown message id "546"

2025-02-25 02:44:59.151 [info] WARNING:pygls.protocol.json_rpc:Cancel notification for unknown message id "547"

2025-02-25 02:44:59.157 [info] WARNING:pygls.protocol.json_rpc:Cancel notification for unknown message id "548"

2025-02-25 02:44:59.195 [info] WARNING:pygls.protocol.json_rpc:Cancel notification for unknown message id "549"

2025-02-25 02:44:59.195 [info] WARNING:pygls.protocol.json_rpc:Cancel notification for unknown message id "550"

2025-02-25 02:44:59.205 [info] WARNING:pygls.protocol.json_rpc:Cancel notification for unknown message id "551"

2025-02-25 02:44:59.210 [info] WARNING:pygls.protocol.json_rpc:Cancel notification for unknown message id "552"

2025-02-25 02:44:59.210 [info] WARNING:pygls.protocol.json_rpc:Cancel notification for unknown message id "553"

2025-02-25 02:44:59.217 [info] WARNING:pygls.protocol.json_rpc:Cancel notification for unknown message id "554"

2025-02-25 02:46:08.329 [info] WARNING:pygls.protocol.json_rpc:Cancel notification for unknown message id "575"

2025-02-25 02:46:22.320 [info] WARNING:pygls.protocol.json_rpc:Cancel notification for unknown message id "603"

2025-02-25 02:46:22.321 [info] WARNING:pygls.protocol.json_rpc:Cancel notification for unknown message id "604"

2025-02-25 02:46:22.328 [info] WARNING:pygls.protocol.json_rpc:Cancel notification for unknown message id "606"

2025-02-25 02:46:22.337 [info] WARNING:pygls.protocol.json_rpc:Cancel notification for unknown message id "607"

2025-02-25 02:46:22.343 [info] WARNING:pygls.protocol.json_rpc:Cancel notification for unknown message id "608"

2025-02-25 02:46:22.347 [info] WARNING:pygls.protocol.json_rpc:Cancel notification for unknown message id "609"

2025-02-25 02:47:02.975 [info] WARNING:pygls.protocol.json_rpc:Cancel notification for unknown message id "628"

2025-02-25 02:47:02.986 [info] WARNING:pygls.protocol.json_rpc:Cancel notification for unknown message id "629"

2025-02-25 02:47:02.999 [info] WARNING:pygls.protocol.json_rpc:Cancel notification for unknown message id "630"

2025-02-25 02:47:03.041 [info] WARNING:pygls.protocol.json_rpc:Cancel notification for unknown message id "625"

2025-02-25 02:47:03.043 [info] WARNING:pygls.protocol.json_rpc:Cancel notification for unknown message id "632"

2025-02-25 02:47:03.043 [info] WARNING:pygls.protocol.json_rpc:Cancel notification for unknown message id "631"
WARNING:pygls.protocol.json_rpc:Cancel notification for unknown message id "627"

2025-02-25 02:47:03.050 [info] WARNING:pygls.protocol.json_rpc:Cancel notification for unknown message id "626"

2025-02-25 02:47:03.059 [info] WARNING:pygls.protocol.json_rpc:Cancel notification for unknown message id "633"
WARNING:pygls.protocol.json_rpc:Cancel notification for unknown message id "635"

2025-02-25 02:47:03.069 [info] WARNING:pygls.protocol.json_rpc:Cancel notification for unknown message id "634"

2025-02-25 02:47:03.075 [info] WARNING:pygls.protocol.json_rpc:Cancel notification for unknown message id "636"
WARNING:pygls.protocol.json_rpc:Cancel notification for unknown message id "637"

2025-02-25 02:48:40.098 [info] WARNING:pygls.protocol.json_rpc:Cancel notification for unknown message id "729"

2025-02-25 02:49:04.039 [info] WARNING:pygls.protocol.json_rpc:Cancel notification for unknown message id "741"

2025-02-25 02:49:05.974 [info] WARNING:pygls.protocol.json_rpc:Cancel notification for unknown message id "743"

2025-02-25 02:49:06.012 [info] WARNING:pygls.protocol.json_rpc:Cancel notification for unknown message id "744"

2025-02-25 02:49:06.012 [info] WARNING:pygls.protocol.json_rpc:Cancel notification for unknown message id "745"

2025-02-25 02:49:06.020 [info] WARNING:pygls.protocol.json_rpc:Cancel notification for unknown message id "746"

2025-02-25 02:49:06.020 [info] WARNING:pygls.protocol.json_rpc:Cancel notification for unknown message id "747"

2025-02-25 02:49:06.025 [info] WARNING:pygls.protocol.json_rpc:Cancel notification for unknown message id "748"

2025-02-25 02:49:06.033 [info] WARNING:pygls.protocol.json_rpc:Cancel notification for unknown message id "749"

2025-02-25 02:49:06.033 [info] WARNING:pygls.protocol.json_rpc:Cancel notification for unknown message id "750"

2025-02-25 02:49:06.039 [info] WARNING:pygls.protocol.json_rpc:Cancel notification for unknown message id "752"

2025-02-25 02:49:51.575 [info] WARNING:pygls.protocol.json_rpc:Cancel notification for unknown message id "766"

2025-02-25 02:49:51.576 [info] WARNING:pygls.protocol.json_rpc:Cancel notification for unknown message id "765"

2025-02-25 02:49:51.583 [info] WARNING:pygls.protocol.json_rpc:Cancel notification for unknown message id "767"

2025-02-25 02:49:51.603 [info] WARNING:pygls.protocol.json_rpc:Cancel notification for unknown message id "768"

2025-02-25 02:49:53.778 [info] WARNING:pygls.protocol.json_rpc:Cancel notification for unknown message id "770"

2025-02-25 02:49:55.607 [info] WARNING:pygls.protocol.json_rpc:Cancel notification for unknown message id "771"

2025-02-25 02:49:55.614 [info] WARNING:pygls.protocol.json_rpc:Cancel notification for unknown message id "772"

2025-02-25 02:49:55.623 [info] WARNING:pygls.protocol.json_rpc:Cancel notification for unknown message id "773"

2025-02-25 02:49:55.624 [info] WARNING:pygls.protocol.json_rpc:Cancel notification for unknown message id "774"

2025-02-25 02:49:55.633 [info] WARNING:pygls.protocol.json_rpc:Cancel notification for unknown message id "775"

2025-02-25 02:49:55.634 [info] WARNING:pygls.protocol.json_rpc:Cancel notification for unknown message id "776"

2025-02-25 02:49:55.643 [info] WARNING:pygls.protocol.json_rpc:Cancel notification for unknown message id "769"

2025-02-25 02:49:55.646 [info] WARNING:pygls.protocol.json_rpc:Cancel notification for unknown message id "777"

2025-02-25 02:49:55.657 [info] WARNING:pygls.protocol.json_rpc:Cancel notification for unknown message id "780"

2025-02-25 02:49:55.657 [info] WARNING:pygls.protocol.json_rpc:Cancel notification for unknown message id "781"

2025-02-25 02:49:55.672 [info] WARNING:pygls.protocol.json_rpc:Cancel notification for unknown message id "782"

2025-02-25 02:49:55.673 [info] WARNING:pygls.protocol.json_rpc:Cancel notification for unknown message id "784"

2025-02-25 02:49:55.673 [info] WARNING:pygls.protocol.json_rpc:Cancel notification for unknown message id "783"

2025-02-25 02:49:55.680 [info] WARNING:pygls.protocol.json_rpc:Cancel notification for unknown message id "785"

2025-02-25 02:49:55.689 [info] WARNING:pygls.protocol.json_rpc:Cancel notification for unknown message id "786"

2025-02-25 02:49:58.007 [info] WARNING:pygls.protocol.json_rpc:Cancel notification for unknown message id "787"

2025-02-25 02:50:00.235 [info] WARNING:pygls.protocol.json_rpc:Cancel notification for unknown message id "788"

2025-02-25 02:50:00.241 [info] WARNING:pygls.protocol.json_rpc:Cancel notification for unknown message id "779"

2025-02-25 02:50:00.244 [info] WARNING:pygls.protocol.json_rpc:Cancel notification for unknown message id "789"

2025-02-25 02:50:00.251 [info] WARNING:pygls.protocol.json_rpc:Cancel notification for unknown message id "791"

2025-02-25 02:50:00.252 [info] WARNING:pygls.protocol.json_rpc:Cancel notification for unknown message id "790"

2025-02-25 02:50:00.252 [info] WARNING:pygls.protocol.json_rpc:Cancel notification for unknown message id "792"

2025-02-25 02:50:00.257 [info] WARNING:pygls.protocol.json_rpc:Cancel notification for unknown message id "793"

2025-02-25 02:50:00.264 [info] WARNING:pygls.protocol.json_rpc:Cancel notification for unknown message id "794"

2025-02-25 02:50:00.264 [info] WARNING:pygls.protocol.json_rpc:Cancel notification for unknown message id "795"

2025-02-25 02:50:00.272 [info] WARNING:pygls.protocol.json_rpc:Cancel notification for unknown message id "796"

2025-02-25 02:50:00.280 [info] WARNING:pygls.protocol.json_rpc:Cancel notification for unknown message id "798"

2025-02-25 02:50:00.280 [info] WARNING:pygls.protocol.json_rpc:Cancel notification for unknown message id "799"

2025-02-25 02:50:00.291 [info] WARNING:pygls.protocol.json_rpc:Cancel notification for unknown message id "800"

2025-02-25 02:50:00.292 [info] WARNING:pygls.protocol.json_rpc:Cancel notification for unknown message id "802"

2025-02-25 02:50:00.292 [info] WARNING:pygls.protocol.json_rpc:Cancel notification for unknown message id "801"

2025-02-25 02:50:00.299 [info] WARNING:pygls.protocol.json_rpc:Cancel notification for unknown message id "803"

2025-02-25 02:50:00.300 [info] WARNING:pygls.protocol.json_rpc:Cancel notification for unknown message id "797"

2025-02-25 02:50:00.300 [info] WARNING:pygls.protocol.json_rpc:Cancel notification for unknown message id "804"

2025-02-25 02:50:00.304 [info] WARNING:pygls.protocol.json_rpc:Cancel notification for unknown message id "778"

2025-02-25 02:50:00.321 [info] WARNING:pygls.protocol.json_rpc:Cancel notification for unknown message id "805"

2025-02-25 02:50:00.341 [info] WARNING:pygls.protocol.json_rpc:Cancel notification for unknown message id "808"

2025-02-25 02:50:00.342 [info] WARNING:pygls.protocol.json_rpc:Cancel notification for unknown message id "809"

2025-02-25 02:50:02.056 [info] WARNING:pygls.protocol.json_rpc:Cancel notification for unknown message id "810"

2025-02-25 02:50:02.159 [info] WARNING:pygls.protocol.json_rpc:Cancel notification for unknown message id "811"

2025-02-25 02:50:02.160 [info] WARNING:pygls.protocol.json_rpc:Cancel notification for unknown message id "813"

2025-02-25 02:50:02.160 [info] WARNING:pygls.protocol.json_rpc:Cancel notification for unknown message id "812"

2025-02-25 02:50:02.170 [info] WARNING:pygls.protocol.json_rpc:Cancel notification for unknown message id "815"

2025-02-25 02:50:02.173 [info] WARNING:pygls.protocol.json_rpc:Cancel notification for unknown message id "816"

2025-02-25 02:50:02.173 [info] WARNING:pygls.protocol.json_rpc:Cancel notification for unknown message id "814"

2025-02-25 02:50:12.093 [info] WARNING:pygls.protocol.json_rpc:Cancel notification for unknown message id "838"

2025-02-25 02:50:14.597 [info] WARNING:pygls.protocol.json_rpc:Cancel notification for unknown message id "852"

2025-02-25 02:50:29.428 [info] WARNING:pygls.protocol.json_rpc:Cancel notification for unknown message id "890"

2025-02-25 02:51:40.923 [info] <unknown>:92: SyntaxWarning: invalid escape sequence '\D'

2025-02-25 02:51:40.936 [info] <unknown>:86: SyntaxWarning: invalid escape sequence '\D'

2025-02-25 02:52:01.527 [info] WARNING:pygls.protocol.json_rpc:Cancel notification for unknown message id "943"

2025-02-25 02:52:01.527 [info] WARNING:pygls.protocol.json_rpc:Cancel notification for unknown message id "944"

2025-02-25 02:52:01.537 [info] WARNING:pygls.protocol.json_rpc:Cancel notification for unknown message id "945"

2025-02-25 02:52:01.537 [info] WARNING:pygls.protocol.json_rpc:Cancel notification for unknown message id "946"

2025-02-25 02:52:01.558 [info] WARNING:pygls.protocol.json_rpc:Cancel notification for unknown message id "947"

2025-02-25 02:52:04.612 [info] WARNING:pygls.protocol.json_rpc:Cancel notification for unknown message id "956"

2025-02-25 02:52:04.613 [info] WARNING:pygls.protocol.json_rpc:Cancel notification for unknown message id "953"

2025-02-25 02:52:04.613 [info] WARNING:pygls.protocol.json_rpc:Cancel notification for unknown message id "954"

2025-02-25 02:53:02.148 [info] WARNING:pygls.protocol.json_rpc:Cancel notification for unknown message id "987"

2025-02-25 02:53:09.942 [info] WARNING:pygls.protocol.json_rpc:Cancel notification for unknown message id "997"

2025-02-25 02:53:14.147 [info] WARNING:pygls.protocol.json_rpc:Cancel notification for unknown message id "998"

2025-02-25 02:53:14.155 [info] WARNING:pygls.protocol.json_rpc:Cancel notification for unknown message id "1001"

2025-02-25 02:53:14.192 [info] WARNING:pygls.protocol.json_rpc:Cancel notification for unknown message id "1003"
WARNING:pygls.protocol.json_rpc:Cancel notification for unknown message id "1004"

2025-02-25 02:53:14.195 [info] WARNING:pygls.protocol.json_rpc:Cancel notification for unknown message id "1005"

2025-02-25 02:53:15.384 [info] WARNING:pygls.protocol.json_rpc:Cancel notification for unknown message id "1009"

2025-02-25 02:53:28.873 [info] WARNING:pygls.protocol.json_rpc:Cancel notification for unknown message id "1035"

2025-02-25 02:53:28.874 [info] WARNING:pygls.protocol.json_rpc:Cancel notification for unknown message id "1036"

2025-02-25 02:53:28.891 [info] WARNING:pygls.protocol.json_rpc:Cancel notification for unknown message id "1037"

2025-02-25 02:54:36.217 [info] WARNING:pygls.protocol.json_rpc:Cancel notification for unknown message id "1080"

2025-02-25 02:54:56.497 [info] WARNING:pygls.protocol.json_rpc:Cancel notification for unknown message id "1101"
WARNING:pygls.protocol.json_rpc:Cancel notification for unknown message id "1102"

2025-02-25 02:54:56.529 [info] WARNING:pygls.protocol.json_rpc:Cancel notification for unknown message id "1103"
WARNING:pygls.protocol.json_rpc:Cancel notification for unknown message id "1104"
WARNING:pygls.protocol.json_rpc:Cancel notification for unknown message id "1106"

2025-02-25 02:55:03.305 [info] WARNING:pygls.protocol.json_rpc:Cancel notification for unknown message id "1132"

2025-02-25 02:55:39.796 [info] WARNING:pygls.protocol.json_rpc:Cancel notification for unknown message id "1155"

2025-02-25 02:56:44.662 [info] WARNING:pygls.protocol.json_rpc:Cancel notification for unknown message id "1188"

2025-02-25 02:56:44.684 [info] WARNING:pygls.protocol.json_rpc:Cancel notification for unknown message id "1190"

2025-02-25 02:56:44.751 [info] WARNING:pygls.protocol.json_rpc:Cancel notification for unknown message id "1189"

2025-02-25 02:56:44.759 [info] WARNING:pygls.protocol.json_rpc:Cancel notification for unknown message id "1192"

2025-02-25 02:56:44.759 [info] WARNING:pygls.protocol.json_rpc:Cancel notification for unknown message id "1194"

2025-02-25 02:56:44.766 [info] WARNING:pygls.protocol.json_rpc:Cancel notification for unknown message id "1195"

2025-02-25 02:56:44.777 [info] WARNING:pygls.protocol.json_rpc:Cancel notification for unknown message id "1196"

2025-02-25 02:56:44.806 [info] WARNING:pygls.protocol.json_rpc:Cancel notification for unknown message id "1193"

2025-02-25 02:56:44.816 [info] WARNING:pygls.protocol.json_rpc:Cancel notification for unknown message id "1198"

2025-02-25 02:56:44.816 [info] WARNING:pygls.protocol.json_rpc:Cancel notification for unknown message id "1200"

2025-02-25 02:56:44.817 [info] WARNING:pygls.protocol.json_rpc:Cancel notification for unknown message id "1197"

2025-02-25 02:56:44.822 [info] WARNING:pygls.protocol.json_rpc:Cancel notification for unknown message id "1201"

2025-02-25 02:56:44.898 [info] WARNING:pygls.protocol.json_rpc:Cancel notification for unknown message id "1199"

2025-02-25 02:56:44.903 [info] WARNING:pygls.protocol.json_rpc:Cancel notification for unknown message id "1203"

2025-02-25 02:56:44.903 [info] WARNING:pygls.protocol.json_rpc:Cancel notification for unknown message id "1204"

2025-02-25 02:56:44.904 [info] WARNING:pygls.protocol.json_rpc:Cancel notification for unknown message id "1202"

2025-02-25 02:56:44.914 [info] WARNING:pygls.protocol.json_rpc:Cancel notification for unknown message id "1205"

2025-02-25 02:56:44.917 [info] WARNING:pygls.protocol.json_rpc:Cancel notification for unknown message id "1206"

2025-02-25 02:56:44.923 [info] WARNING:pygls.protocol.json_rpc:Cancel notification for unknown message id "1207"

2025-02-25 02:56:44.924 [info] WARNING:pygls.protocol.json_rpc:Cancel notification for unknown message id "1211"

2025-02-25 02:56:44.924 [info] WARNING:pygls.protocol.json_rpc:Cancel notification for unknown message id "1208"

2025-02-25 02:56:44.925 [info] WARNING:pygls.protocol.json_rpc:Cancel notification for unknown message id "1210"

2025-02-25 02:56:44.930 [info] WARNING:pygls.protocol.json_rpc:Cancel notification for unknown message id "1212"

2025-02-25 02:56:44.935 [info] WARNING:pygls.protocol.json_rpc:Cancel notification for unknown message id "1213"

2025-02-25 02:56:44.941 [info] WARNING:pygls.protocol.json_rpc:Cancel notification for unknown message id "1214"

2025-02-25 02:56:44.946 [info] WARNING:pygls.protocol.json_rpc:Cancel notification for unknown message id "1215"

2025-02-25 02:56:44.996 [info] WARNING:pygls.protocol.json_rpc:Cancel notification for unknown message id "1209"

2025-02-25 02:56:45.000 [info] WARNING:pygls.protocol.json_rpc:Cancel notification for unknown message id "1191"

2025-02-25 02:56:45.001 [info] WARNING:pygls.protocol.json_rpc:Cancel notification for unknown message id "1216"

2025-02-25 02:56:50.778 [info] WARNING:pygls.protocol.json_rpc:Cancel notification for unknown message id "1220"

2025-02-25 02:58:24.857 [info] WARNING:pygls.protocol.json_rpc:Cancel notification for unknown message id "1256"

2025-02-25 02:58:24.857 [info] WARNING:pygls.protocol.json_rpc:Cancel notification for unknown message id "1257"

2025-02-25 02:58:24.878 [info] WARNING:pygls.protocol.json_rpc:Cancel notification for unknown message id "1262"

2025-02-25 02:58:24.883 [info] WARNING:pygls.protocol.json_rpc:Cancel notification for unknown message id "1258"

2025-02-25 03:05:20.150 [info] WARNING:pygls.protocol.json_rpc:Cancel notification for unknown message id "16"

2025-02-25 03:05:20.150 [info] WARNING:pygls.protocol.json_rpc:Cancel notification for unknown message id "17"

2025-02-25 03:05:20.169 [info] WARNING:pygls.protocol.json_rpc:Cancel notification for unknown message id "18"

2025-02-25 03:05:20.193 [info] WARNING:pygls.protocol.json_rpc:Cancel notification for unknown message id "24"

2025-02-25 03:05:20.204 [info] WARNING:pygls.protocol.json_rpc:Cancel notification for unknown message id "19"

2025-02-25 03:05:20.204 [info] WARNING:pygls.protocol.json_rpc:Cancel notification for unknown message id "25"

2025-02-25 03:05:20.210 [info] WARNING:pygls.protocol.json_rpc:Cancel notification for unknown message id "20"

2025-02-25 03:05:20.221 [info] WARNING:pygls.protocol.json_rpc:Cancel notification for unknown message id "28"

2025-02-25 03:05:20.232 [info] WARNING:pygls.protocol.json_rpc:Cancel notification for unknown message id "29"

2025-02-25 03:05:20.232 [info] WARNING:pygls.protocol.json_rpc:Cancel notification for unknown message id "27"

2025-02-25 03:05:20.233 [info] WARNING:pygls.protocol.json_rpc:Cancel notification for unknown message id "26"

2025-02-25 03:05:20.309 [info] WARNING:pygls.protocol.json_rpc:Cancel notification for unknown message id "22"

2025-02-25 03:05:20.312 [info] WARNING:pygls.protocol.json_rpc:Cancel notification for unknown message id "21"

2025-02-25 03:05:20.321 [info] WARNING:pygls.protocol.json_rpc:Cancel notification for unknown message id "31"

2025-02-25 03:05:20.321 [info] WARNING:pygls.protocol.json_rpc:Cancel notification for unknown message id "33"

2025-02-25 03:05:20.344 [info] WARNING:pygls.protocol.json_rpc:Cancel notification for unknown message id "34"
WARNING:pygls.protocol.json_rpc:Cancel notification for unknown message id "35"

2025-02-25 03:05:20.361 [info] WARNING:pygls.protocol.json_rpc:Cancel notification for unknown message id "36"

2025-02-25 03:05:20.374 [info] WARNING:pygls.protocol.json_rpc:Cancel notification for unknown message id "37"

2025-02-25 03:05:22.292 [info] WARNING:pygls.protocol.json_rpc:Cancel notification for unknown message id "38"

2025-02-25 03:05:22.294 [info] WARNING:pygls.protocol.json_rpc:Cancel notification for unknown message id "39"

2025-02-25 03:05:45.761 [info] WARNING:pygls.protocol.json_rpc:Cancel notification for unknown message id "32"

2025-02-25 03:05:45.765 [info] WARNING:pygls.protocol.json_rpc:Cancel notification for unknown message id "40"

2025-02-25 03:05:45.766 [info] WARNING:pygls.protocol.json_rpc:Cancel notification for unknown message id "41"

2025-02-25 03:05:45.787 [info] WARNING:pygls.protocol.json_rpc:Cancel notification for unknown message id "23"

2025-02-25 03:05:45.798 [info] WARNING:pygls.protocol.json_rpc:Cancel notification for unknown message id "42"

2025-02-25 03:05:45.802 [info] WARNING:pygls.protocol.json_rpc:Cancel notification for unknown message id "30"

2025-02-25 03:05:45.802 [info] WARNING:pygls.protocol.json_rpc:Cancel notification for unknown message id "43"

2025-02-25 03:05:45.808 [info] WARNING:pygls.protocol.json_rpc:Cancel notification for unknown message id "48"

2025-02-25 03:05:45.818 [info] WARNING:pygls.protocol.json_rpc:Cancel notification for unknown message id "49"

2025-02-25 03:05:45.829 [info] WARNING:pygls.protocol.json_rpc:Cancel notification for unknown message id "50"

2025-02-25 03:05:45.835 [info] WARNING:pygls.protocol.json_rpc:Cancel notification for unknown message id "51"

