2025-04-22 01:29:53.100 [info] [main] Log level: Info
2025-04-22 01:29:53.101 [info] [main] Validating found git in: "git"
2025-04-22 01:29:53.101 [info] [main] Using git "2.49.0" from "git"
2025-04-22 01:29:53.101 [info] [Model][doInitialScan] Initial repository scan started
2025-04-22 01:29:53.101 [info] > git rev-parse --show-toplevel [4ms]
2025-04-22 01:29:53.101 [info] fatal: not a git repository (or any parent up to mount point /)
Stopping at filesystem boundary (GIT_DISCOVERY_ACROSS_FILESYSTEM not set).
2025-04-22 01:29:53.101 [info] > git rev-parse --show-toplevel [1ms]
2025-04-22 01:29:53.101 [info] fatal: not a git repository (or any parent up to mount point /)
Stopping at filesystem boundary (GIT_DISCOVERY_ACROSS_FILESYSTEM not set).
2025-04-22 01:29:53.101 [info] > git rev-parse --show-toplevel [1ms]
2025-04-22 01:29:53.101 [info] fatal: not a git repository (or any parent up to mount point /)
Stopping at filesystem boundary (GIT_DISCOVERY_ACROSS_FILESYSTEM not set).
2025-04-22 01:29:53.102 [info] [Model][doInitialScan] Initial repository scan completed - repositories (0), closed repositories (0), parent repositories (0), unsafe repositories (0)
2025-04-22 01:29:53.843 [info] > git rev-parse --show-toplevel [2ms]
2025-04-22 01:29:53.843 [info] fatal: not a git repository (or any parent up to mount point /)
Stopping at filesystem boundary (GIT_DISCOVERY_ACROSS_FILESYSTEM not set).
2025-04-22 01:29:54.448 [info] > git rev-parse --show-toplevel [1ms]
2025-04-22 01:29:54.448 [info] fatal: not a git repository (or any parent up to mount point /)
Stopping at filesystem boundary (GIT_DISCOVERY_ACROSS_FILESYSTEM not set).
