2025-02-23 22:47:27.719 [info] WARNING:pygls.protocol.json_rpc:Cancel notification for unknown message id "21"

2025-02-23 22:47:27.728 [info] WARNING:pygls.protocol.json_rpc:Cancel notification for unknown message id "22"

2025-02-23 22:47:30.253 [info] WARNING:pygls.protocol.json_rpc:Cancel notification for unknown message id "24"

2025-02-23 22:47:33.873 [info] WARNING:pygls.protocol.json_rpc:Cancel notification for unknown message id "37"

2025-02-23 22:48:09.609 [info] WARNING:pygls.protocol.json_rpc:Cancel notification for unknown message id "71"

2025-02-23 22:48:09.610 [info] WARNING:pygls.protocol.json_rpc:Cancel notification for unknown message id "74"
WARNING:pygls.protocol.json_rpc:Cancel notification for unknown message id "73"

2025-02-23 22:48:09.614 [info] WARNING:pygls.protocol.json_rpc:Cancel notification for unknown message id "72"

2025-02-23 22:48:09.621 [info] WARNING:pygls.protocol.json_rpc:Cancel notification for unknown message id "75"
WARNING:pygls.protocol.json_rpc:Cancel notification for unknown message id "77"

2025-02-23 22:48:09.625 [info] WARNING:pygls.protocol.json_rpc:Cancel notification for unknown message id "76"

2025-02-23 22:48:09.649 [info] WARNING:pygls.protocol.json_rpc:Cancel notification for unknown message id "78"

2025-02-23 22:48:14.857 [info] WARNING:pygls.protocol.json_rpc:Cancel notification for unknown message id "81"
WARNING:pygls.protocol.json_rpc:Cancel notification for unknown message id "82"

2025-02-23 22:48:20.612 [info] WARNING:pygls.protocol.json_rpc:Cancel notification for unknown message id "83"

2025-02-23 22:48:20.612 [info] WARNING:pygls.protocol.json_rpc:Cancel notification for unknown message id "84"

2025-02-23 22:48:26.728 [info] WARNING:pygls.protocol.json_rpc:Cancel notification for unknown message id "79"

2025-02-23 22:48:26.734 [info] WARNING:pygls.protocol.json_rpc:Cancel notification for unknown message id "85"
WARNING:pygls.protocol.json_rpc:Cancel notification for unknown message id "86"

2025-02-23 22:48:26.762 [info] WARNING:pygls.protocol.json_rpc:Cancel notification for unknown message id "87"

2025-02-23 22:48:26.767 [info] WARNING:pygls.protocol.json_rpc:Cancel notification for unknown message id "89"
WARNING:pygls.protocol.json_rpc:Cancel notification for unknown message id "90"
WARNING:pygls.protocol.json_rpc:Cancel notification for unknown message id "88"

2025-02-23 22:48:26.789 [info] WARNING:pygls.protocol.json_rpc:Cancel notification for unknown message id "93"

2025-02-23 22:48:26.791 [info] WARNING:pygls.protocol.json_rpc:Cancel notification for unknown message id "94"

2025-02-23 22:48:26.793 [info] WARNING:pygls.protocol.json_rpc:Cancel notification for unknown message id "92"

2025-02-23 22:48:26.808 [info] WARNING:pygls.protocol.json_rpc:Cancel notification for unknown message id "97"

2025-02-23 22:48:26.808 [info] WARNING:pygls.protocol.json_rpc:Cancel notification for unknown message id "98"

2025-02-23 22:48:26.809 [info] WARNING:pygls.protocol.json_rpc:Cancel notification for unknown message id "96"

2025-02-23 22:48:26.828 [info] WARNING:pygls.protocol.json_rpc:Cancel notification for unknown message id "100"

2025-02-23 22:48:26.832 [info] WARNING:pygls.protocol.json_rpc:Cancel notification for unknown message id "101"

2025-02-23 22:48:26.833 [info] WARNING:pygls.protocol.json_rpc:Cancel notification for unknown message id "99"

2025-02-23 22:48:26.845 [info] WARNING:pygls.protocol.json_rpc:Cancel notification for unknown message id "102"

2025-02-23 22:48:26.856 [info] WARNING:pygls.protocol.json_rpc:Cancel notification for unknown message id "103"

2025-02-23 22:48:26.867 [info] WARNING:pygls.protocol.json_rpc:Cancel notification for unknown message id "104"

2025-02-23 22:48:26.889 [info] WARNING:pygls.protocol.json_rpc:Cancel notification for unknown message id "106"
WARNING:pygls.protocol.json_rpc:Cancel notification for unknown message id "107"
WARNING:pygls.protocol.json_rpc:Cancel notification for unknown message id "105"

2025-02-23 22:48:26.900 [info] WARNING:pygls.protocol.json_rpc:Cancel notification for unknown message id "109"

2025-02-23 22:48:26.902 [info] WARNING:pygls.protocol.json_rpc:Cancel notification for unknown message id "110"
WARNING:pygls.protocol.json_rpc:Cancel notification for unknown message id "108"

2025-02-23 22:48:26.914 [info] WARNING:pygls.protocol.json_rpc:Cancel notification for unknown message id "111"

2025-02-23 22:48:26.926 [info] WARNING:pygls.protocol.json_rpc:Cancel notification for unknown message id "113"
WARNING:pygls.protocol.json_rpc:Cancel notification for unknown message id "114"

2025-02-23 22:48:26.930 [info] WARNING:pygls.protocol.json_rpc:Cancel notification for unknown message id "112"

2025-02-23 22:48:26.937 [info] WARNING:pygls.protocol.json_rpc:Cancel notification for unknown message id "115"

2025-02-23 22:48:26.950 [info] WARNING:pygls.protocol.json_rpc:Cancel notification for unknown message id "117"
WARNING:pygls.protocol.json_rpc:Cancel notification for unknown message id "116"

2025-02-23 22:48:26.960 [info] WARNING:pygls.protocol.json_rpc:Cancel notification for unknown message id "118"

2025-02-23 22:48:26.974 [info] WARNING:pygls.protocol.json_rpc:Cancel notification for unknown message id "119"

2025-02-23 22:48:26.982 [info] WARNING:pygls.protocol.json_rpc:Cancel notification for unknown message id "120"

2025-02-23 22:48:26.996 [info] WARNING:pygls.protocol.json_rpc:Cancel notification for unknown message id "121"

2025-02-23 22:48:27.007 [info] WARNING:pygls.protocol.json_rpc:Cancel notification for unknown message id "122"

2025-02-23 22:48:27.017 [info] WARNING:pygls.protocol.json_rpc:Cancel notification for unknown message id "123"

2025-02-23 22:48:27.027 [info] WARNING:pygls.protocol.json_rpc:Cancel notification for unknown message id "124"

2025-02-23 22:48:27.034 [info] WARNING:pygls.protocol.json_rpc:Cancel notification for unknown message id "125"

2025-02-23 22:48:27.047 [info] WARNING:pygls.protocol.json_rpc:Cancel notification for unknown message id "127"

2025-02-23 22:48:27.055 [info] WARNING:pygls.protocol.json_rpc:Cancel notification for unknown message id "128"

2025-02-23 22:48:27.055 [info] WARNING:pygls.protocol.json_rpc:Cancel notification for unknown message id "126"

2025-02-23 22:48:27.070 [info] WARNING:pygls.protocol.json_rpc:Cancel notification for unknown message id "130"

2025-02-23 22:48:27.070 [info] WARNING:pygls.protocol.json_rpc:Cancel notification for unknown message id "131"

2025-02-23 22:48:27.071 [info] WARNING:pygls.protocol.json_rpc:Cancel notification for unknown message id "129"

2025-02-23 22:48:27.082 [info] WARNING:pygls.protocol.json_rpc:Cancel notification for unknown message id "132"

2025-02-23 22:48:27.094 [info] WARNING:pygls.protocol.json_rpc:Cancel notification for unknown message id "133"

2025-02-23 22:48:27.105 [info] WARNING:pygls.protocol.json_rpc:Cancel notification for unknown message id "134"

2025-02-23 22:48:27.120 [info] WARNING:pygls.protocol.json_rpc:Cancel notification for unknown message id "135"

2025-02-23 22:48:27.135 [info] WARNING:pygls.protocol.json_rpc:Cancel notification for unknown message id "137"

2025-02-23 22:48:27.136 [info] WARNING:pygls.protocol.json_rpc:Cancel notification for unknown message id "138"

2025-02-23 22:48:27.136 [info] WARNING:pygls.protocol.json_rpc:Cancel notification for unknown message id "136"

2025-02-23 22:48:27.144 [info] WARNING:pygls.protocol.json_rpc:Cancel notification for unknown message id "139"

2025-02-23 22:48:27.151 [info] WARNING:pygls.protocol.json_rpc:Cancel notification for unknown message id "140"

2025-02-23 22:48:27.163 [info] WARNING:pygls.protocol.json_rpc:Cancel notification for unknown message id "142"
WARNING:pygls.protocol.json_rpc:Cancel notification for unknown message id "143"
WARNING:pygls.protocol.json_rpc:Cancel notification for unknown message id "141"

2025-02-23 22:48:27.170 [info] WARNING:pygls.protocol.json_rpc:Cancel notification for unknown message id "144"

2025-02-23 22:48:27.180 [info] WARNING:pygls.protocol.json_rpc:Cancel notification for unknown message id "145"

2025-02-23 22:48:27.190 [info] WARNING:pygls.protocol.json_rpc:Cancel notification for unknown message id "146"

2025-02-23 22:48:27.199 [info] WARNING:pygls.protocol.json_rpc:Cancel notification for unknown message id "147"

2025-02-23 22:48:27.207 [info] WARNING:pygls.protocol.json_rpc:Cancel notification for unknown message id "148"

2025-02-23 22:48:27.218 [info] WARNING:pygls.protocol.json_rpc:Cancel notification for unknown message id "150"
WARNING:pygls.protocol.json_rpc:Cancel notification for unknown message id "151"

2025-02-23 22:48:27.219 [info] WARNING:pygls.protocol.json_rpc:Cancel notification for unknown message id "149"

2025-02-23 22:48:27.231 [info] WARNING:pygls.protocol.json_rpc:Cancel notification for unknown message id "153"

2025-02-23 22:48:27.268 [info] WARNING:pygls.protocol.json_rpc:Cancel notification for unknown message id "154"

2025-02-23 22:48:27.270 [info] WARNING:pygls.protocol.json_rpc:Cancel notification for unknown message id "152"

2025-02-23 22:48:27.285 [info] WARNING:pygls.protocol.json_rpc:Cancel notification for unknown message id "156"

2025-02-23 22:48:27.290 [info] WARNING:pygls.protocol.json_rpc:Cancel notification for unknown message id "157"

2025-02-23 22:48:27.290 [info] WARNING:pygls.protocol.json_rpc:Cancel notification for unknown message id "155"

2025-02-23 22:48:27.302 [info] WARNING:pygls.protocol.json_rpc:Cancel notification for unknown message id "159"

2025-02-23 22:48:27.303 [info] WARNING:pygls.protocol.json_rpc:Cancel notification for unknown message id "158"

2025-02-23 22:48:27.320 [info] WARNING:pygls.protocol.json_rpc:Cancel notification for unknown message id "161"

2025-02-23 22:48:27.320 [info] WARNING:pygls.protocol.json_rpc:Cancel notification for unknown message id "160"

2025-02-23 22:48:27.342 [info] WARNING:pygls.protocol.json_rpc:Cancel notification for unknown message id "163"

2025-02-23 22:48:27.370 [info] WARNING:pygls.protocol.json_rpc:Cancel notification for unknown message id "164"

2025-02-23 22:48:27.370 [info] WARNING:pygls.protocol.json_rpc:Cancel notification for unknown message id "162"

2025-02-23 22:48:27.380 [info] WARNING:pygls.protocol.json_rpc:Cancel notification for unknown message id "165"

2025-02-23 22:48:27.391 [info] WARNING:pygls.protocol.json_rpc:Cancel notification for unknown message id "166"

2025-02-23 22:48:27.409 [info] WARNING:pygls.protocol.json_rpc:Cancel notification for unknown message id "168"

2025-02-23 22:48:27.410 [info] WARNING:pygls.protocol.json_rpc:Cancel notification for unknown message id "169"

2025-02-23 22:48:27.410 [info] WARNING:pygls.protocol.json_rpc:Cancel notification for unknown message id "167"

2025-02-23 22:48:27.419 [info] WARNING:pygls.protocol.json_rpc:Cancel notification for unknown message id "170"

2025-02-23 22:48:27.426 [info] WARNING:pygls.protocol.json_rpc:Cancel notification for unknown message id "171"

2025-02-23 22:48:27.436 [info] WARNING:pygls.protocol.json_rpc:Cancel notification for unknown message id "172"

2025-02-23 22:48:27.444 [info] WARNING:pygls.protocol.json_rpc:Cancel notification for unknown message id "173"

2025-02-23 22:48:27.450 [info] WARNING:pygls.protocol.json_rpc:Cancel notification for unknown message id "174"

2025-02-23 22:51:11.666 [info] ERROR:pygls.protocol.json_rpc:Failed to handle request 265 textDocument/codeAction CodeActionParams(text_document=TextDocumentIdentifier(uri='file:///home/kh/hyprcrow/Scripts/prueba_zxpy.py'), range=7:8-7:8, context=CodeActionContext(diagnostics=[], only=None, trigger_kind=<CodeActionTriggerKind.Automatic: 2>), work_done_token=None, partial_result_token=None)
Traceback (most recent call last):
  File "/home/kh/.vscode-oss/extensions/ms-python.python-2025.0.0-universal/python_files/lib/jedilsp/pygls/protocol/json_rpc.py", line 266, in _handle_request
    self._execute_request(msg_id, handler, params)
    ~~~~~~~~~~~~~~~~~~~~~^^^^^^^^^^^^^^^^^^^^^^^^^
  File "/home/kh/.vscode-oss/extensions/ms-python.python-2025.0.0-universal/python_files/lib/jedilsp/pygls/protocol/json_rpc.py", line 188, in _execute_request
    self._send_response(msg_id, handler(params))
                                ~~~~~~~^^^^^^^^
  File "/home/kh/.vscode-oss/extensions/ms-python.python-2025.0.0-universal/python_files/lib/jedilsp/jedi_language_server/server.py", line 605, in code_action
    extract_variable_refactoring = jedi_script.extract_variable(
        new_name=extract_var, **jedi_lines_extract
    )
  File "/home/kh/.vscode-oss/extensions/ms-python.python-2025.0.0-universal/python_files/lib/jedilsp/jedi/api/helpers.py", line 487, in wrapper
    return func(self, line, column, *args, **kwargs)
  File "/home/kh/.vscode-oss/extensions/ms-python.python-2025.0.0-universal/python_files/lib/jedilsp/jedi/api/__init__.py", line 628, in extract_variable
    return extract_variable(
        self._inference_state, self.path, self._module_node,
        new_name, (line, column), until_pos
    )
  File "/home/kh/.vscode-oss/extensions/ms-python.python-2025.0.0-universal/python_files/lib/jedilsp/jedi/api/refactoring/extract.py", line 19, in extract_variable
    nodes = _find_nodes(module_node, pos, until_pos)
  File "/home/kh/.vscode-oss/extensions/ms-python.python-2025.0.0-universal/python_files/lib/jedilsp/jedi/api/refactoring/extract.py", line 87, in _find_nodes
    nodes = _remove_unwanted_expression_nodes(parent_node, pos, until_pos)
  File "/home/kh/.vscode-oss/extensions/ms-python.python-2025.0.0-universal/python_files/lib/jedilsp/jedi/api/refactoring/extract.py", line 196, in _remove_unwanted_expression_nodes
    nodes = nodes[start_index:end_index + 1]
                              ^^^^^^^^^
UnboundLocalError: cannot access local variable 'end_index' where it is not associated with a value

2025-02-23 22:51:11.692 [info] [Error - 10:51:11 p. m.] Request textDocument/codeAction failed.
2025-02-23 22:51:11.692 [info]   Message: UnboundLocalError: cannot access local variable 'end_index' where it is not associated with a value
  Code: -32603 
[object Object]
2025-02-23 22:53:52.476 [info] WARNING:pygls.protocol.json_rpc:Cancel notification for unknown message id "296"

2025-02-23 22:54:00.626 [info] WARNING:pygls.protocol.json_rpc:Cancel notification for unknown message id "297"

2025-02-23 22:54:00.627 [info] WARNING:pygls.protocol.json_rpc:Cancel notification for unknown message id "298"
WARNING:pygls.protocol.json_rpc:Cancel notification for unknown message id "300"

2025-02-23 22:54:03.882 [info] WARNING:pygls.protocol.json_rpc:Cancel notification for unknown message id "299"

2025-02-23 22:54:03.890 [info] WARNING:pygls.protocol.json_rpc:Cancel notification for unknown message id "302"
WARNING:pygls.protocol.json_rpc:Cancel notification for unknown message id "304"
WARNING:pygls.protocol.json_rpc:Cancel notification for unknown message id "303"

2025-02-23 22:55:07.601 [info] WARNING:pygls.protocol.json_rpc:Cancel notification for unknown message id "320"

2025-02-23 22:55:07.621 [info] WARNING:pygls.protocol.json_rpc:Cancel notification for unknown message id "321"

2025-02-23 22:55:11.711 [info] WARNING:pygls.protocol.json_rpc:Cancel notification for unknown message id "323"

2025-02-23 22:55:11.711 [info] WARNING:pygls.protocol.json_rpc:Cancel notification for unknown message id "324"

2025-02-23 22:55:17.431 [info] WARNING:pygls.protocol.json_rpc:Cancel notification for unknown message id "325"
WARNING:pygls.protocol.json_rpc:Cancel notification for unknown message id "326"

2025-02-23 22:55:17.435 [info] WARNING:pygls.protocol.json_rpc:Cancel notification for unknown message id "327"

2025-02-23 22:55:17.442 [info] WARNING:pygls.protocol.json_rpc:Cancel notification for unknown message id "328"

2025-02-23 22:55:17.445 [info] WARNING:pygls.protocol.json_rpc:Cancel notification for unknown message id "322"

2025-02-23 22:55:17.449 [info] WARNING:pygls.protocol.json_rpc:Cancel notification for unknown message id "329"

2025-02-23 22:55:17.538 [info] WARNING:pygls.protocol.json_rpc:Cancel notification for unknown message id "332"

2025-02-23 22:55:17.538 [info] WARNING:pygls.protocol.json_rpc:Cancel notification for unknown message id "331"

2025-02-23 22:55:17.552 [info] WARNING:pygls.protocol.json_rpc:Cancel notification for unknown message id "335"

2025-02-23 22:55:17.559 [info] WARNING:pygls.protocol.json_rpc:Cancel notification for unknown message id "336"

2025-02-23 22:55:21.705 [info] WARNING:pygls.protocol.json_rpc:Cancel notification for unknown message id "333"

2025-02-23 22:55:21.706 [info] WARNING:pygls.protocol.json_rpc:Cancel notification for unknown message id "330"

2025-02-23 22:55:21.710 [info] WARNING:pygls.protocol.json_rpc:Cancel notification for unknown message id "338"
WARNING:pygls.protocol.json_rpc:Cancel notification for unknown message id "337"

2025-02-23 22:55:21.748 [info] WARNING:pygls.protocol.json_rpc:Cancel notification for unknown message id "334"

2025-02-23 22:55:26.571 [info] WARNING:pygls.protocol.json_rpc:Cancel notification for unknown message id "340"
WARNING:pygls.protocol.json_rpc:Cancel notification for unknown message id "339"

2025-02-23 22:55:26.573 [info] WARNING:pygls.protocol.json_rpc:Cancel notification for unknown message id "341"

2025-02-23 22:55:26.574 [info] WARNING:pygls.protocol.json_rpc:Cancel notification for unknown message id "344"

2025-02-23 22:55:26.575 [info] WARNING:pygls.protocol.json_rpc:Cancel notification for unknown message id "342"

2025-02-23 22:55:26.580 [info] WARNING:pygls.protocol.json_rpc:Cancel notification for unknown message id "343"

2025-02-23 22:55:32.325 [info] WARNING:pygls.protocol.json_rpc:Cancel notification for unknown message id "349"

2025-02-23 22:55:32.325 [info] WARNING:pygls.protocol.json_rpc:Cancel notification for unknown message id "350"

2025-02-23 22:55:32.336 [info] WARNING:pygls.protocol.json_rpc:Cancel notification for unknown message id "351"

2025-02-23 22:55:32.354 [info] WARNING:pygls.protocol.json_rpc:Cancel notification for unknown message id "353"

2025-02-23 22:55:32.375 [info] WARNING:pygls.protocol.json_rpc:Cancel notification for unknown message id "354"
WARNING:pygls.protocol.json_rpc:Cancel notification for unknown message id "352"

2025-02-23 22:55:39.738 [info] WARNING:pygls.protocol.json_rpc:Cancel notification for unknown message id "358"
WARNING:pygls.protocol.json_rpc:Cancel notification for unknown message id "357"

2025-02-23 22:55:39.747 [info] WARNING:pygls.protocol.json_rpc:Cancel notification for unknown message id "359"

2025-02-23 22:55:45.782 [info] WARNING:pygls.protocol.json_rpc:Cancel notification for unknown message id "361"

2025-02-23 22:55:46.185 [info] WARNING:pygls.protocol.json_rpc:Cancel notification for unknown message id "362"
WARNING:pygls.protocol.json_rpc:Cancel notification for unknown message id "360"

2025-02-23 22:55:46.192 [info] WARNING:pygls.protocol.json_rpc:Cancel notification for unknown message id "364"

2025-02-23 22:55:46.316 [info] WARNING:pygls.protocol.json_rpc:Cancel notification for unknown message id "366"

2025-02-23 22:55:46.316 [info] WARNING:pygls.protocol.json_rpc:Cancel notification for unknown message id "367"

2025-02-23 22:55:46.320 [info] WARNING:pygls.protocol.json_rpc:Cancel notification for unknown message id "365"

2025-02-23 22:55:46.451 [info] WARNING:pygls.protocol.json_rpc:Cancel notification for unknown message id "369"
WARNING:pygls.protocol.json_rpc:Cancel notification for unknown message id "370"
WARNING:pygls.protocol.json_rpc:Cancel notification for unknown message id "368"

2025-02-23 22:55:56.664 [info] WARNING:pygls.protocol.json_rpc:Cancel notification for unknown message id "372"
WARNING:pygls.protocol.json_rpc:Cancel notification for unknown message id "373"
WARNING:pygls.protocol.json_rpc:Cancel notification for unknown message id "371"

2025-02-23 22:56:01.873 [info] WARNING:pygls.protocol.json_rpc:Cancel notification for unknown message id "375"

2025-02-23 22:56:01.873 [info] WARNING:pygls.protocol.json_rpc:Cancel notification for unknown message id "376"

2025-02-23 22:56:01.874 [info] WARNING:pygls.protocol.json_rpc:Cancel notification for unknown message id "374"

2025-02-23 22:56:01.885 [info] WARNING:pygls.protocol.json_rpc:Cancel notification for unknown message id "377"

2025-02-23 22:56:10.654 [info] WARNING:pygls.protocol.json_rpc:Cancel notification for unknown message id "379"

2025-02-23 22:56:10.654 [info] WARNING:pygls.protocol.json_rpc:Cancel notification for unknown message id "363"

2025-02-23 22:56:11.474 [info] WARNING:pygls.protocol.json_rpc:Cancel notification for unknown message id "380"
WARNING:pygls.protocol.json_rpc:Cancel notification for unknown message id "378"

2025-02-23 22:56:11.483 [info] WARNING:pygls.protocol.json_rpc:Cancel notification for unknown message id "383"

2025-02-23 22:56:11.484 [info] WARNING:pygls.protocol.json_rpc:Cancel notification for unknown message id "382"

2025-02-23 22:56:11.493 [info] WARNING:pygls.protocol.json_rpc:Cancel notification for unknown message id "384"

2025-02-23 22:56:11.665 [info] WARNING:pygls.protocol.json_rpc:Cancel notification for unknown message id "386"
WARNING:pygls.protocol.json_rpc:Cancel notification for unknown message id "387"

2025-02-23 22:56:11.665 [info] WARNING:pygls.protocol.json_rpc:Cancel notification for unknown message id "385"

2025-02-23 22:56:11.672 [info] WARNING:pygls.protocol.json_rpc:Cancel notification for unknown message id "388"

2025-02-23 22:56:19.494 [info] WARNING:pygls.protocol.json_rpc:Cancel notification for unknown message id "390"
WARNING:pygls.protocol.json_rpc:Cancel notification for unknown message id "391"

2025-02-23 22:56:19.501 [info] WARNING:pygls.protocol.json_rpc:Cancel notification for unknown message id "389"

2025-02-23 22:57:05.597 [info] WARNING:pygls.protocol.json_rpc:Cancel notification for unknown message id "392"

2025-02-23 22:57:05.634 [info] WARNING:pygls.protocol.json_rpc:Cancel notification for unknown message id "396"

2025-02-23 22:57:05.672 [info] WARNING:pygls.protocol.json_rpc:Cancel notification for unknown message id "397"

2025-02-23 22:57:05.708 [info] WARNING:pygls.protocol.json_rpc:Cancel notification for unknown message id "381"
WARNING:pygls.protocol.json_rpc:Cancel notification for unknown message id "398"

2025-02-23 22:57:05.725 [info] WARNING:pygls.protocol.json_rpc:Cancel notification for unknown message id "393"

2025-02-23 22:57:05.757 [info] WARNING:pygls.protocol.json_rpc:Cancel notification for unknown message id "400"

2025-02-23 22:57:05.762 [info] WARNING:pygls.protocol.json_rpc:Cancel notification for unknown message id "399"

2025-02-23 22:57:05.763 [info] WARNING:pygls.protocol.json_rpc:Cancel notification for unknown message id "394"

2025-02-23 22:57:05.787 [info] WARNING:pygls.protocol.json_rpc:Cancel notification for unknown message id "403"

2025-02-23 22:57:05.794 [info] WARNING:pygls.protocol.json_rpc:Cancel notification for unknown message id "405"
WARNING:pygls.protocol.json_rpc:Cancel notification for unknown message id "395"

2025-02-23 22:57:05.801 [info] WARNING:pygls.protocol.json_rpc:Cancel notification for unknown message id "407"

2025-02-23 22:57:05.809 [info] WARNING:pygls.protocol.json_rpc:Cancel notification for unknown message id "408"

2025-02-23 22:57:05.814 [info] WARNING:pygls.protocol.json_rpc:Cancel notification for unknown message id "401"
WARNING:pygls.protocol.json_rpc:Cancel notification for unknown message id "409"

2025-02-23 22:57:05.922 [info] WARNING:pygls.protocol.json_rpc:Cancel notification for unknown message id "411"

2025-02-23 22:57:06.017 [info] WARNING:pygls.protocol.json_rpc:Cancel notification for unknown message id "412"

2025-02-23 22:57:06.100 [info] WARNING:pygls.protocol.json_rpc:Cancel notification for unknown message id "413"

2025-02-23 22:57:06.107 [info] WARNING:pygls.protocol.json_rpc:Cancel notification for unknown message id "414"

2025-02-23 22:57:06.114 [info] WARNING:pygls.protocol.json_rpc:Cancel notification for unknown message id "415"

2025-02-23 22:57:06.149 [info] WARNING:pygls.protocol.json_rpc:Cancel notification for unknown message id "416"

2025-02-23 22:57:06.185 [info] WARNING:pygls.protocol.json_rpc:Cancel notification for unknown message id "417"

2025-02-23 22:57:06.189 [info] WARNING:pygls.protocol.json_rpc:Cancel notification for unknown message id "418"

2025-02-23 22:57:06.220 [info] WARNING:pygls.protocol.json_rpc:Cancel notification for unknown message id "419"

2025-02-23 22:57:06.252 [info] WARNING:pygls.protocol.json_rpc:Cancel notification for unknown message id "420"

2025-02-23 22:57:06.388 [info] WARNING:pygls.protocol.json_rpc:Cancel notification for unknown message id "421"

2025-02-23 22:57:06.540 [info] WARNING:pygls.protocol.json_rpc:Cancel notification for unknown message id "422"

2025-02-23 22:57:45.779 [info] WARNING:pygls.protocol.json_rpc:Cancel notification for unknown message id "410"

2025-02-23 22:57:45.780 [info] WARNING:pygls.protocol.json_rpc:Cancel notification for unknown message id "424"

2025-02-23 22:57:45.782 [info] WARNING:pygls.protocol.json_rpc:Cancel notification for unknown message id "423"
WARNING:pygls.protocol.json_rpc:Cancel notification for unknown message id "402"

2025-02-23 22:57:45.878 [info] WARNING:pygls.protocol.json_rpc:Cancel notification for unknown message id "406"

2025-02-23 22:57:45.884 [info] WARNING:pygls.protocol.json_rpc:Cancel notification for unknown message id "429"

2025-02-23 22:57:45.891 [info] WARNING:pygls.protocol.json_rpc:Cancel notification for unknown message id "430"

2025-02-23 22:57:45.892 [info] WARNING:pygls.protocol.json_rpc:Cancel notification for unknown message id "431"

2025-02-23 22:57:45.892 [info] WARNING:pygls.protocol.json_rpc:Cancel notification for unknown message id "425"

2025-02-23 22:57:45.896 [info] WARNING:pygls.protocol.json_rpc:Cancel notification for unknown message id "432"

2025-02-23 22:57:45.903 [info] WARNING:pygls.protocol.json_rpc:Cancel notification for unknown message id "426"

2025-02-23 22:57:45.910 [info] WARNING:pygls.protocol.json_rpc:Cancel notification for unknown message id "435"

2025-02-23 22:57:45.915 [info] WARNING:pygls.protocol.json_rpc:Cancel notification for unknown message id "434"

2025-02-23 22:57:45.915 [info] WARNING:pygls.protocol.json_rpc:Cancel notification for unknown message id "433"

2025-02-23 22:57:45.921 [info] WARNING:pygls.protocol.json_rpc:Cancel notification for unknown message id "427"

2025-02-23 22:57:45.931 [info] WARNING:pygls.protocol.json_rpc:Cancel notification for unknown message id "436"

2025-02-23 22:57:45.944 [info] WARNING:pygls.protocol.json_rpc:Cancel notification for unknown message id "439"

2025-02-23 22:57:45.944 [info] WARNING:pygls.protocol.json_rpc:Cancel notification for unknown message id "440"

2025-02-23 22:57:45.954 [info] WARNING:pygls.protocol.json_rpc:Cancel notification for unknown message id "437"
WARNING:pygls.protocol.json_rpc:Cancel notification for unknown message id "441"
WARNING:pygls.protocol.json_rpc:Cancel notification for unknown message id "443"

2025-02-23 22:57:45.956 [info] WARNING:pygls.protocol.json_rpc:Cancel notification for unknown message id "444"

2025-02-23 22:57:45.966 [info] WARNING:pygls.protocol.json_rpc:Cancel notification for unknown message id "442"
WARNING:pygls.protocol.json_rpc:Cancel notification for unknown message id "445"
WARNING:pygls.protocol.json_rpc:Cancel notification for unknown message id "438"

2025-02-23 22:57:45.976 [info] WARNING:pygls.protocol.json_rpc:Cancel notification for unknown message id "446"

2025-02-23 22:57:45.992 [info] WARNING:pygls.protocol.json_rpc:Cancel notification for unknown message id "447"
WARNING:pygls.protocol.json_rpc:Cancel notification for unknown message id "448"

2025-02-23 22:57:46.000 [info] WARNING:pygls.protocol.json_rpc:Cancel notification for unknown message id "449"

2025-02-23 22:57:46.006 [info] WARNING:pygls.protocol.json_rpc:Cancel notification for unknown message id "450"

2025-02-23 22:57:46.014 [info] WARNING:pygls.protocol.json_rpc:Cancel notification for unknown message id "451"

2025-02-23 22:57:46.017 [info] WARNING:pygls.protocol.json_rpc:Cancel notification for unknown message id "452"

2025-02-23 22:57:46.025 [info] WARNING:pygls.protocol.json_rpc:Cancel notification for unknown message id "453"

2025-02-23 22:57:46.025 [info] WARNING:pygls.protocol.json_rpc:Cancel notification for unknown message id "454"

2025-02-23 22:57:46.047 [info] WARNING:pygls.protocol.json_rpc:Cancel notification for unknown message id "455"

2025-02-23 22:57:46.048 [info] WARNING:pygls.protocol.json_rpc:Cancel notification for unknown message id "456"

2025-02-23 22:57:46.063 [info] WARNING:pygls.protocol.json_rpc:Cancel notification for unknown message id "457"

2025-02-23 22:57:46.063 [info] WARNING:pygls.protocol.json_rpc:Cancel notification for unknown message id "458"

2025-02-23 22:57:46.074 [info] WARNING:pygls.protocol.json_rpc:Cancel notification for unknown message id "459"

2025-02-23 22:57:46.080 [info] WARNING:pygls.protocol.json_rpc:Cancel notification for unknown message id "460"

2025-02-23 22:57:46.093 [info] WARNING:pygls.protocol.json_rpc:Cancel notification for unknown message id "461"

2025-02-23 22:57:46.096 [info] WARNING:pygls.protocol.json_rpc:Cancel notification for unknown message id "462"

2025-02-23 22:57:46.113 [info] WARNING:pygls.protocol.json_rpc:Cancel notification for unknown message id "463"

2025-02-23 22:57:46.117 [info] WARNING:pygls.protocol.json_rpc:Cancel notification for unknown message id "464"

2025-02-23 22:57:46.125 [info] WARNING:pygls.protocol.json_rpc:Cancel notification for unknown message id "465"

2025-02-23 22:57:46.126 [info] WARNING:pygls.protocol.json_rpc:Cancel notification for unknown message id "466"

2025-02-23 22:57:46.151 [info] WARNING:pygls.protocol.json_rpc:Cancel notification for unknown message id "467"
WARNING:pygls.protocol.json_rpc:Cancel notification for unknown message id "468"

2025-02-23 22:57:46.160 [info] WARNING:pygls.protocol.json_rpc:Cancel notification for unknown message id "469"

2025-02-23 22:57:46.161 [info] WARNING:pygls.protocol.json_rpc:Cancel notification for unknown message id "470"

2025-02-23 22:57:46.178 [info] WARNING:pygls.protocol.json_rpc:Cancel notification for unknown message id "471"

2025-02-23 22:57:46.179 [info] WARNING:pygls.protocol.json_rpc:Cancel notification for unknown message id "472"

2025-02-23 22:57:46.193 [info] WARNING:pygls.protocol.json_rpc:Cancel notification for unknown message id "473"

2025-02-23 22:57:46.193 [info] WARNING:pygls.protocol.json_rpc:Cancel notification for unknown message id "474"

2025-02-23 22:57:46.203 [info] WARNING:pygls.protocol.json_rpc:Cancel notification for unknown message id "475"

2025-02-23 22:57:46.206 [info] WARNING:pygls.protocol.json_rpc:Cancel notification for unknown message id "476"

2025-02-23 22:57:46.217 [info] WARNING:pygls.protocol.json_rpc:Cancel notification for unknown message id "428"

2025-02-23 22:58:28.701 [info] WARNING:pygls.protocol.json_rpc:Cancel notification for unknown message id "496"

2025-02-23 22:58:28.711 [info] WARNING:pygls.protocol.json_rpc:Cancel notification for unknown message id "497"

2025-02-23 22:58:28.715 [info] WARNING:pygls.protocol.json_rpc:Cancel notification for unknown message id "498"

2025-02-23 22:58:28.721 [info] WARNING:pygls.protocol.json_rpc:Cancel notification for unknown message id "499"
WARNING:pygls.protocol.json_rpc:Cancel notification for unknown message id "500"

2025-02-23 22:58:28.730 [info] WARNING:pygls.protocol.json_rpc:Cancel notification for unknown message id "501"

2025-02-23 22:58:28.731 [info] WARNING:pygls.protocol.json_rpc:Cancel notification for unknown message id "502"

2025-02-23 22:59:23.182 [info] WARNING:pygls.protocol.json_rpc:Cancel notification for unknown message id "523"

2025-02-23 22:59:41.312 [info] WARNING:pygls.protocol.json_rpc:Cancel notification for unknown message id "534"

2025-02-23 22:59:43.430 [info] WARNING:pygls.protocol.json_rpc:Cancel notification for unknown message id "533"

2025-02-23 22:59:43.431 [info] WARNING:pygls.protocol.json_rpc:Cancel notification for unknown message id "536"

2025-02-23 22:59:43.459 [info] WARNING:pygls.protocol.json_rpc:Cancel notification for unknown message id "537"

2025-02-23 22:59:43.462 [info] WARNING:pygls.protocol.json_rpc:Cancel notification for unknown message id "535"

2025-02-23 22:59:48.209 [info] WARNING:pygls.protocol.json_rpc:Cancel notification for unknown message id "539"
WARNING:pygls.protocol.json_rpc:Cancel notification for unknown message id "540"

2025-02-23 22:59:50.216 [info] WARNING:pygls.protocol.json_rpc:Cancel notification for unknown message id "541"
WARNING:pygls.protocol.json_rpc:Cancel notification for unknown message id "542"

2025-02-23 22:59:54.806 [info] WARNING:pygls.protocol.json_rpc:Cancel notification for unknown message id "543"

2025-02-23 22:59:57.725 [info] WARNING:pygls.protocol.json_rpc:Cancel notification for unknown message id "546"

2025-02-23 22:59:57.741 [info] WARNING:pygls.protocol.json_rpc:Cancel notification for unknown message id "547"

2025-02-23 22:59:57.742 [info] WARNING:pygls.protocol.json_rpc:Cancel notification for unknown message id "548"

2025-02-23 23:00:04.618 [info] WARNING:pygls.protocol.json_rpc:Cancel notification for unknown message id "544"

2025-02-23 23:00:04.630 [info] WARNING:pygls.protocol.json_rpc:Cancel notification for unknown message id "551"
WARNING:pygls.protocol.json_rpc:Cancel notification for unknown message id "550"
WARNING:pygls.protocol.json_rpc:Cancel notification for unknown message id "549"

2025-02-23 23:00:04.642 [info] WARNING:pygls.protocol.json_rpc:Cancel notification for unknown message id "545"

2025-02-23 23:00:15.611 [info] WARNING:pygls.protocol.json_rpc:Cancel notification for unknown message id "553"

2025-02-23 23:00:19.962 [info] WARNING:pygls.protocol.json_rpc:Cancel notification for unknown message id "555"

2025-02-23 23:00:19.967 [info] WARNING:pygls.protocol.json_rpc:Cancel notification for unknown message id "552"
WARNING:pygls.protocol.json_rpc:Cancel notification for unknown message id "557"
WARNING:pygls.protocol.json_rpc:Cancel notification for unknown message id "556"

2025-02-23 23:00:19.969 [info] WARNING:pygls.protocol.json_rpc:Cancel notification for unknown message id "559"

2025-02-23 23:00:19.971 [info] WARNING:pygls.protocol.json_rpc:Cancel notification for unknown message id "560"

2025-02-23 23:00:19.977 [info] WARNING:pygls.protocol.json_rpc:Cancel notification for unknown message id "558"

2025-02-23 23:00:20.003 [info] WARNING:pygls.protocol.json_rpc:Cancel notification for unknown message id "563"

2025-02-23 23:00:20.012 [info] WARNING:pygls.protocol.json_rpc:Cancel notification for unknown message id "564"

2025-02-23 23:00:20.027 [info] WARNING:pygls.protocol.json_rpc:Cancel notification for unknown message id "565"

2025-02-23 23:00:20.129 [info] WARNING:pygls.protocol.json_rpc:Cancel notification for unknown message id "566"

2025-02-23 23:00:20.195 [info] WARNING:pygls.protocol.json_rpc:Cancel notification for unknown message id "567"

2025-02-23 23:00:20.252 [info] WARNING:pygls.protocol.json_rpc:Cancel notification for unknown message id "569"

2025-02-23 23:00:20.290 [info] WARNING:pygls.protocol.json_rpc:Cancel notification for unknown message id "570"
WARNING:pygls.protocol.json_rpc:Cancel notification for unknown message id "571"

2025-02-23 23:00:20.318 [info] WARNING:pygls.protocol.json_rpc:Cancel notification for unknown message id "572"

2025-02-23 23:00:20.319 [info] WARNING:pygls.protocol.json_rpc:Cancel notification for unknown message id "573"

2025-02-23 23:00:20.323 [info] WARNING:pygls.protocol.json_rpc:Cancel notification for unknown message id "574"

2025-02-23 23:00:20.323 [info] WARNING:pygls.protocol.json_rpc:Cancel notification for unknown message id "561"

2025-02-23 23:00:20.326 [info] WARNING:pygls.protocol.json_rpc:Cancel notification for unknown message id "575"

2025-02-23 23:00:20.332 [info] WARNING:pygls.protocol.json_rpc:Cancel notification for unknown message id "562"

2025-02-23 23:00:20.338 [info] WARNING:pygls.protocol.json_rpc:Cancel notification for unknown message id "576"

2025-02-23 23:00:20.345 [info] WARNING:pygls.protocol.json_rpc:Cancel notification for unknown message id "577"

2025-02-23 23:00:20.423 [info] WARNING:pygls.protocol.json_rpc:Cancel notification for unknown message id "579"

2025-02-23 23:00:20.444 [info] WARNING:pygls.protocol.json_rpc:Cancel notification for unknown message id "580"

2025-02-23 23:00:20.475 [info] WARNING:pygls.protocol.json_rpc:Cancel notification for unknown message id "581"

2025-02-23 23:00:28.391 [info] WARNING:pygls.protocol.json_rpc:Cancel notification for unknown message id "586"

2025-02-23 23:00:28.401 [info] WARNING:pygls.protocol.json_rpc:Cancel notification for unknown message id "587"

2025-02-23 23:00:28.407 [info] WARNING:pygls.protocol.json_rpc:Cancel notification for unknown message id "589"

2025-02-23 23:00:28.432 [info] WARNING:pygls.protocol.json_rpc:Cancel notification for unknown message id "590"

2025-02-23 23:00:33.469 [info] WARNING:pygls.protocol.json_rpc:Cancel notification for unknown message id "593"

2025-02-23 23:00:33.480 [info] WARNING:pygls.protocol.json_rpc:Cancel notification for unknown message id "592"

2025-02-23 23:00:33.484 [info] WARNING:pygls.protocol.json_rpc:Cancel notification for unknown message id "594"

2025-02-23 23:00:58.852 [info] WARNING:pygls.protocol.json_rpc:Cancel notification for unknown message id "606"

2025-02-23 23:00:58.855 [info] WARNING:pygls.protocol.json_rpc:Cancel notification for unknown message id "607"

2025-02-23 23:01:03.246 [info] WARNING:pygls.protocol.json_rpc:Cancel notification for unknown message id "611"

2025-02-23 23:01:03.250 [info] WARNING:pygls.protocol.json_rpc:Cancel notification for unknown message id "608"
WARNING:pygls.protocol.json_rpc:Cancel notification for unknown message id "612"

2025-02-23 23:01:03.255 [info] WARNING:pygls.protocol.json_rpc:Cancel notification for unknown message id "609"
WARNING:pygls.protocol.json_rpc:Cancel notification for unknown message id "613"

2025-02-23 23:01:03.264 [info] WARNING:pygls.protocol.json_rpc:Cancel notification for unknown message id "614"

2025-02-23 23:01:03.269 [info] WARNING:pygls.protocol.json_rpc:Cancel notification for unknown message id "617"

2025-02-23 23:01:14.408 [info] WARNING:pygls.protocol.json_rpc:Cancel notification for unknown message id "624"

2025-02-23 23:01:14.421 [info] WARNING:pygls.protocol.json_rpc:Cancel notification for unknown message id "625"

2025-02-23 23:01:14.425 [info] WARNING:pygls.protocol.json_rpc:Cancel notification for unknown message id "623"

2025-02-23 23:01:19.613 [info] WARNING:pygls.protocol.json_rpc:Cancel notification for unknown message id "628"

2025-02-23 23:01:19.616 [info] WARNING:pygls.protocol.json_rpc:Cancel notification for unknown message id "627"

2025-02-23 23:01:19.620 [info] WARNING:pygls.protocol.json_rpc:Cancel notification for unknown message id "629"

2025-02-23 23:01:23.845 [info] WARNING:pygls.protocol.json_rpc:Cancel notification for unknown message id "630"

2025-02-23 23:01:23.849 [info] WARNING:pygls.protocol.json_rpc:Cancel notification for unknown message id "631"

2025-02-23 23:01:27.112 [info] WARNING:pygls.protocol.json_rpc:Cancel notification for unknown message id "633"
WARNING:pygls.protocol.json_rpc:Cancel notification for unknown message id "634"

2025-02-23 23:01:31.567 [info] WARNING:pygls.protocol.json_rpc:Cancel notification for unknown message id "635"

2025-02-23 23:01:31.571 [info] WARNING:pygls.protocol.json_rpc:Cancel notification for unknown message id "636"

2025-02-23 23:01:36.879 [info] WARNING:pygls.protocol.json_rpc:Cancel notification for unknown message id "637"
WARNING:pygls.protocol.json_rpc:Cancel notification for unknown message id "639"
WARNING:pygls.protocol.json_rpc:Cancel notification for unknown message id "638"
WARNING:pygls.protocol.json_rpc:Cancel notification for unknown message id "632"

2025-02-23 23:01:42.444 [info] WARNING:pygls.protocol.json_rpc:Cancel notification for unknown message id "641"

2025-02-23 23:01:42.473 [info] WARNING:pygls.protocol.json_rpc:Cancel notification for unknown message id "640"

2025-02-23 23:01:47.429 [info] WARNING:pygls.protocol.json_rpc:Cancel notification for unknown message id "645"

2025-02-23 23:01:47.432 [info] WARNING:pygls.protocol.json_rpc:Cancel notification for unknown message id "642"

2025-02-23 23:01:47.436 [info] WARNING:pygls.protocol.json_rpc:Cancel notification for unknown message id "643"

2025-02-23 23:01:47.438 [info] WARNING:pygls.protocol.json_rpc:Cancel notification for unknown message id "647"

2025-02-23 23:01:47.445 [info] WARNING:pygls.protocol.json_rpc:Cancel notification for unknown message id "646"
WARNING:pygls.protocol.json_rpc:Cancel notification for unknown message id "648"
WARNING:pygls.protocol.json_rpc:Cancel notification for unknown message id "644"

2025-02-23 23:01:54.036 [info] WARNING:pygls.protocol.json_rpc:Cancel notification for unknown message id "649"

2025-02-23 23:01:54.050 [info] WARNING:pygls.protocol.json_rpc:Cancel notification for unknown message id "650"

2025-02-23 23:02:01.024 [info] WARNING:pygls.protocol.json_rpc:Cancel notification for unknown message id "651"

2025-02-23 23:02:01.052 [info] WARNING:pygls.protocol.json_rpc:Cancel notification for unknown message id "652"

2025-02-23 23:02:11.614 [info] WARNING:pygls.protocol.json_rpc:Cancel notification for unknown message id "654"

2025-02-23 23:02:11.617 [info] WARNING:pygls.protocol.json_rpc:Cancel notification for unknown message id "657"

2025-02-23 23:02:11.639 [info] WARNING:pygls.protocol.json_rpc:Cancel notification for unknown message id "658"

2025-02-23 23:02:11.644 [info] WARNING:pygls.protocol.json_rpc:Cancel notification for unknown message id "659"

2025-02-23 23:02:11.644 [info] WARNING:pygls.protocol.json_rpc:Cancel notification for unknown message id "653"

2025-02-23 23:02:14.045 [info] WARNING:pygls.protocol.json_rpc:Cancel notification for unknown message id "656"

2025-02-23 23:02:14.045 [info] WARNING:pygls.protocol.json_rpc:Cancel notification for unknown message id "662"

2025-02-23 23:02:14.046 [info] WARNING:pygls.protocol.json_rpc:Cancel notification for unknown message id "660"

2025-02-23 23:02:14.049 [info] WARNING:pygls.protocol.json_rpc:Cancel notification for unknown message id "661"

2025-02-23 23:02:14.050 [info] WARNING:pygls.protocol.json_rpc:Cancel notification for unknown message id "664"

2025-02-23 23:02:14.053 [info] WARNING:pygls.protocol.json_rpc:Cancel notification for unknown message id "663"

2025-02-23 23:02:14.054 [info] WARNING:pygls.protocol.json_rpc:Cancel notification for unknown message id "665"

2025-02-23 23:02:14.054 [info] WARNING:pygls.protocol.json_rpc:Cancel notification for unknown message id "655"

2025-02-23 23:02:14.059 [info] WARNING:pygls.protocol.json_rpc:Cancel notification for unknown message id "666"

2025-02-23 23:02:14.086 [info] WARNING:pygls.protocol.json_rpc:Cancel notification for unknown message id "669"

2025-02-23 23:02:14.093 [info] WARNING:pygls.protocol.json_rpc:Cancel notification for unknown message id "670"

2025-02-23 23:02:14.095 [info] WARNING:pygls.protocol.json_rpc:Cancel notification for unknown message id "671"
WARNING:pygls.protocol.json_rpc:Cancel notification for unknown message id "672"

2025-02-23 23:02:14.098 [info] WARNING:pygls.protocol.json_rpc:Cancel notification for unknown message id "673"
WARNING:pygls.protocol.json_rpc:Cancel notification for unknown message id "674"
WARNING:pygls.protocol.json_rpc:Cancel notification for unknown message id "675"

2025-02-23 23:02:14.100 [info] WARNING:pygls.protocol.json_rpc:Cancel notification for unknown message id "676"

2025-02-23 23:02:14.103 [info] WARNING:pygls.protocol.json_rpc:Cancel notification for unknown message id "667"

2025-02-23 23:02:14.110 [info] WARNING:pygls.protocol.json_rpc:Cancel notification for unknown message id "677"

2025-02-23 23:02:14.123 [info] WARNING:pygls.protocol.json_rpc:Cancel notification for unknown message id "680"

2025-02-23 23:02:14.144 [info] WARNING:pygls.protocol.json_rpc:Cancel notification for unknown message id "681"

2025-02-23 23:02:18.645 [info] WARNING:pygls.protocol.json_rpc:Cancel notification for unknown message id "685"

2025-02-23 23:02:18.646 [info] WARNING:pygls.protocol.json_rpc:Cancel notification for unknown message id "684"

2025-02-23 23:02:24.528 [info] WARNING:pygls.protocol.json_rpc:Cancel notification for unknown message id "686"
WARNING:pygls.protocol.json_rpc:Cancel notification for unknown message id "687"

2025-02-23 23:02:29.313 [info] WARNING:pygls.protocol.json_rpc:Cancel notification for unknown message id "688"
WARNING:pygls.protocol.json_rpc:Cancel notification for unknown message id "689"

2025-02-23 23:02:35.622 [info] WARNING:pygls.protocol.json_rpc:Cancel notification for unknown message id "691"
WARNING:pygls.protocol.json_rpc:Cancel notification for unknown message id "692"

2025-02-23 23:02:39.626 [info] WARNING:pygls.protocol.json_rpc:Cancel notification for unknown message id "693"

2025-02-23 23:02:39.628 [info] WARNING:pygls.protocol.json_rpc:Cancel notification for unknown message id "694"

2025-02-23 23:02:45.741 [info] WARNING:pygls.protocol.json_rpc:Cancel notification for unknown message id "695"

2025-02-23 23:02:45.741 [info] WARNING:pygls.protocol.json_rpc:Cancel notification for unknown message id "696"

2025-02-23 23:02:50.219 [info] WARNING:pygls.protocol.json_rpc:Cancel notification for unknown message id "697"

2025-02-23 23:02:50.219 [info] WARNING:pygls.protocol.json_rpc:Cancel notification for unknown message id "698"

2025-02-23 23:02:55.314 [info] WARNING:pygls.protocol.json_rpc:Cancel notification for unknown message id "699"
WARNING:pygls.protocol.json_rpc:Cancel notification for unknown message id "700"

2025-02-23 23:03:01.131 [info] WARNING:pygls.protocol.json_rpc:Cancel notification for unknown message id "701"
WARNING:pygls.protocol.json_rpc:Cancel notification for unknown message id "702"

2025-02-23 23:03:05.442 [info] WARNING:pygls.protocol.json_rpc:Cancel notification for unknown message id "703"

2025-02-23 23:03:05.450 [info] WARNING:pygls.protocol.json_rpc:Cancel notification for unknown message id "704"

2025-02-23 23:03:11.175 [info] WARNING:pygls.protocol.json_rpc:Cancel notification for unknown message id "706"

2025-02-23 23:03:14.975 [info] WARNING:pygls.protocol.json_rpc:Cancel notification for unknown message id "709"

2025-02-23 23:03:14.986 [info] WARNING:pygls.protocol.json_rpc:Cancel notification for unknown message id "705"
WARNING:pygls.protocol.json_rpc:Cancel notification for unknown message id "710"

2025-02-23 23:03:20.909 [info] WARNING:pygls.protocol.json_rpc:Cancel notification for unknown message id "708"

2025-02-23 23:03:20.911 [info] WARNING:pygls.protocol.json_rpc:Cancel notification for unknown message id "712"
WARNING:pygls.protocol.json_rpc:Cancel notification for unknown message id "711"
WARNING:pygls.protocol.json_rpc:Cancel notification for unknown message id "707"

2025-02-23 23:03:20.920 [info] WARNING:pygls.protocol.json_rpc:Cancel notification for unknown message id "713"

2025-02-23 23:03:20.935 [info] WARNING:pygls.protocol.json_rpc:Cancel notification for unknown message id "714"

2025-02-23 23:03:20.949 [info] WARNING:pygls.protocol.json_rpc:Cancel notification for unknown message id "717"

2025-02-23 23:03:20.953 [info] WARNING:pygls.protocol.json_rpc:Cancel notification for unknown message id "716"
WARNING:pygls.protocol.json_rpc:Cancel notification for unknown message id "718"

2025-02-23 23:03:20.955 [info] WARNING:pygls.protocol.json_rpc:Cancel notification for unknown message id "721"

2025-02-23 23:03:20.963 [info] WARNING:pygls.protocol.json_rpc:Cancel notification for unknown message id "719"
WARNING:pygls.protocol.json_rpc:Cancel notification for unknown message id "723"

2025-02-23 23:03:20.967 [info] WARNING:pygls.protocol.json_rpc:Cancel notification for unknown message id "724"
WARNING:pygls.protocol.json_rpc:Cancel notification for unknown message id "725"

2025-02-23 23:03:20.971 [info] WARNING:pygls.protocol.json_rpc:Cancel notification for unknown message id "722"

2025-02-23 23:03:20.995 [info] WARNING:pygls.protocol.json_rpc:Cancel notification for unknown message id "728"
WARNING:pygls.protocol.json_rpc:Cancel notification for unknown message id "726"

2025-02-23 23:03:21.001 [info] WARNING:pygls.protocol.json_rpc:Cancel notification for unknown message id "727"

2025-02-23 23:03:21.002 [info] WARNING:pygls.protocol.json_rpc:Cancel notification for unknown message id "729"

2025-02-23 23:03:21.006 [info] WARNING:pygls.protocol.json_rpc:Cancel notification for unknown message id "715"

2025-02-23 23:03:21.028 [info] WARNING:pygls.protocol.json_rpc:Cancel notification for unknown message id "731"

2025-02-23 23:03:21.050 [info] WARNING:pygls.protocol.json_rpc:Cancel notification for unknown message id "732"

2025-02-23 23:03:21.055 [info] WARNING:pygls.protocol.json_rpc:Cancel notification for unknown message id "733"

2025-02-23 23:03:21.059 [info] WARNING:pygls.protocol.json_rpc:Cancel notification for unknown message id "734"

2025-02-23 23:03:21.061 [info] WARNING:pygls.protocol.json_rpc:Cancel notification for unknown message id "735"

2025-02-23 23:03:21.061 [info] WARNING:pygls.protocol.json_rpc:Cancel notification for unknown message id "730"

2025-02-23 23:03:21.071 [info] WARNING:pygls.protocol.json_rpc:Cancel notification for unknown message id "737"
WARNING:pygls.protocol.json_rpc:Cancel notification for unknown message id "736"

2025-02-23 23:03:21.079 [info] WARNING:pygls.protocol.json_rpc:Cancel notification for unknown message id "738"

2025-02-23 23:03:21.088 [info] WARNING:pygls.protocol.json_rpc:Cancel notification for unknown message id "741"

2025-02-23 23:03:21.091 [info] WARNING:pygls.protocol.json_rpc:Cancel notification for unknown message id "720"

2025-02-23 23:03:21.093 [info] WARNING:pygls.protocol.json_rpc:Cancel notification for unknown message id "743"

2025-02-23 23:03:21.097 [info] WARNING:pygls.protocol.json_rpc:Cancel notification for unknown message id "744"

2025-02-23 23:03:23.053 [info] WARNING:pygls.protocol.json_rpc:Cancel notification for unknown message id "745"

2025-02-23 23:03:23.063 [info] WARNING:pygls.protocol.json_rpc:Cancel notification for unknown message id "747"

2025-02-23 23:03:23.068 [info] WARNING:pygls.protocol.json_rpc:Cancel notification for unknown message id "746"

2025-02-23 23:03:23.073 [info] WARNING:pygls.protocol.json_rpc:Cancel notification for unknown message id "748"

2025-02-23 23:03:23.079 [info] WARNING:pygls.protocol.json_rpc:Cancel notification for unknown message id "749"

2025-02-23 23:03:23.084 [info] WARNING:pygls.protocol.json_rpc:Cancel notification for unknown message id "750"

2025-02-23 23:04:20.652 [info] ERROR:pygls.protocol.json_rpc:Failed to handle request 760 textDocument/codeAction CodeActionParams(text_document=TextDocumentIdentifier(uri='file:///home/kh/hyprcrow/Scripts/prueba_zxpy.py'), range=7:3-7:3, context=CodeActionContext(diagnostics=[], only=None, trigger_kind=<CodeActionTriggerKind.Automatic: 2>), work_done_token=None, partial_result_token=None)
Traceback (most recent call last):
  File "/home/kh/.vscode-oss/extensions/ms-python.python-2025.0.0-universal/python_files/lib/jedilsp/pygls/protocol/json_rpc.py", line 266, in _handle_request
    self._execute_request(msg_id, handler, params)
    ~~~~~~~~~~~~~~~~~~~~~^^^^^^^^^^^^^^^^^^^^^^^^^
  File "/home/kh/.vscode-oss/extensions/ms-python.python-2025.0.0-universal/python_files/lib/jedilsp/pygls/protocol/json_rpc.py", line 188, in _execute_request
    self._send_response(msg_id, handler(params))
                                ~~~~~~~^^^^^^^^
  File "/home/kh/.vscode-oss/extensions/ms-python.python-2025.0.0-universal/python_files/lib/jedilsp/jedi_language_server/server.py", line 605, in code_action
    extract_variable_refactoring = jedi_script.extract_variable(
        new_name=extract_var, **jedi_lines_extract
    )
  File "/home/kh/.vscode-oss/extensions/ms-python.python-2025.0.0-universal/python_files/lib/jedilsp/jedi/api/helpers.py", line 487, in wrapper
    return func(self, line, column, *args, **kwargs)
  File "/home/kh/.vscode-oss/extensions/ms-python.python-2025.0.0-universal/python_files/lib/jedilsp/jedi/api/__init__.py", line 628, in extract_variable
    return extract_variable(
        self._inference_state, self.path, self._module_node,
        new_name, (line, column), until_pos
    )
  File "/home/kh/.vscode-oss/extensions/ms-python.python-2025.0.0-universal/python_files/lib/jedilsp/jedi/api/refactoring/extract.py", line 19, in extract_variable
    nodes = _find_nodes(module_node, pos, until_pos)
  File "/home/kh/.vscode-oss/extensions/ms-python.python-2025.0.0-universal/python_files/lib/jedilsp/jedi/api/refactoring/extract.py", line 87, in _find_nodes
    nodes = _remove_unwanted_expression_nodes(parent_node, pos, until_pos)
  File "/home/kh/.vscode-oss/extensions/ms-python.python-2025.0.0-universal/python_files/lib/jedilsp/jedi/api/refactoring/extract.py", line 196, in _remove_unwanted_expression_nodes
    nodes = nodes[start_index:end_index + 1]
                              ^^^^^^^^^
UnboundLocalError: cannot access local variable 'end_index' where it is not associated with a value

2025-02-23 23:04:20.657 [info] [Error - 11:04:20 p. m.] Request textDocument/codeAction failed.
2025-02-23 23:04:20.657 [info]   Message: UnboundLocalError: cannot access local variable 'end_index' where it is not associated with a value
  Code: -32603 
[object Object]
2025-02-23 23:05:09.023 [info] WARNING:pygls.protocol.json_rpc:Cancel notification for unknown message id "789"
WARNING:pygls.protocol.json_rpc:Cancel notification for unknown message id "790"
WARNING:pygls.protocol.json_rpc:Cancel notification for unknown message id "791"
WARNING:pygls.protocol.json_rpc:Cancel notification for unknown message id "792"
WARNING:pygls.protocol.json_rpc:Cancel notification for unknown message id "794"

2025-02-23 23:05:09.056 [info] WARNING:pygls.protocol.json_rpc:Cancel notification for unknown message id "795"
WARNING:pygls.protocol.json_rpc:Cancel notification for unknown message id "796"

2025-02-23 23:05:19.769 [info] WARNING:pygls.protocol.json_rpc:Cancel notification for unknown message id "809"

2025-02-23 23:05:41.809 [info] WARNING:pygls.protocol.json_rpc:Cancel notification for unknown message id "822"
WARNING:pygls.protocol.json_rpc:Cancel notification for unknown message id "823"
WARNING:pygls.protocol.json_rpc:Cancel notification for unknown message id "824"

2025-02-23 23:05:41.812 [info] WARNING:pygls.protocol.json_rpc:Cancel notification for unknown message id "825"

2025-02-23 23:05:46.870 [info] WARNING:pygls.protocol.json_rpc:Cancel notification for unknown message id "833"

2025-02-23 23:05:46.872 [info] WARNING:pygls.protocol.json_rpc:Cancel notification for unknown message id "834"

2025-02-23 23:05:50.546 [info] WARNING:pygls.protocol.json_rpc:Cancel notification for unknown message id "835"

2025-02-23 23:05:50.546 [info] WARNING:pygls.protocol.json_rpc:Cancel notification for unknown message id "836"

2025-02-23 23:05:50.552 [info] WARNING:pygls.protocol.json_rpc:Cancel notification for unknown message id "837"

2025-02-23 23:05:50.560 [info] WARNING:pygls.protocol.json_rpc:Cancel notification for unknown message id "838"

2025-02-23 23:05:50.567 [info] WARNING:pygls.protocol.json_rpc:Cancel notification for unknown message id "839"

2025-02-23 23:05:50.567 [info] WARNING:pygls.protocol.json_rpc:Cancel notification for unknown message id "840"

2025-02-23 23:05:50.574 [info] WARNING:pygls.protocol.json_rpc:Cancel notification for unknown message id "841"
WARNING:pygls.protocol.json_rpc:Cancel notification for unknown message id "842"

2025-02-23 23:05:50.580 [info] WARNING:pygls.protocol.json_rpc:Cancel notification for unknown message id "843"

2025-02-23 23:05:50.582 [info] ERROR:pygls.protocol.json_rpc:Failed to handle request 844 textDocument/codeAction CodeActionParams(text_document=TextDocumentIdentifier(uri='file:///home/kh/hyprcrow/Scripts/prueba_zxpy.py'), range=7:12-7:12, context=CodeActionContext(diagnostics=[], only=None, trigger_kind=<CodeActionTriggerKind.Automatic: 2>), work_done_token=None, partial_result_token=None)
Traceback (most recent call last):
  File "/home/kh/.vscode-oss/extensions/ms-python.python-2025.0.0-universal/python_files/lib/jedilsp/pygls/protocol/json_rpc.py", line 266, in _handle_request
    self._execute_request(msg_id, handler, params)
    ~~~~~~~~~~~~~~~~~~~~~^^^^^^^^^^^^^^^^^^^^^^^^^
  File "/home/kh/.vscode-oss/extensions/ms-python.python-2025.0.0-universal/python_files/lib/jedilsp/pygls/protocol/json_rpc.py", line 188, in _execute_request
    self._send_response(msg_id, handler(params))
                                ~~~~~~~^^^^^^^^
  File "/home/kh/.vscode-oss/extensions/ms-python.python-2025.0.0-universal/python_files/lib/jedilsp/jedi_language_server/server.py", line 605, in code_action
    extract_variable_refactoring = jedi_script.extract_variable(
        new_name=extract_var, **jedi_lines_extract
    )
  File "/home/kh/.vscode-oss/extensions/ms-python.python-2025.0.0-universal/python_files/lib/jedilsp/jedi/api/helpers.py", line 487, in wrapper
    return func(self, line, column, *args, **kwargs)
  File "/home/kh/.vscode-oss/extensions/ms-python.python-2025.0.0-universal/python_files/lib/jedilsp/jedi/api/__init__.py", line 628, in extract_variable
    return extract_variable(
        self._inference_state, self.path, self._module_node,
        new_name, (line, column), until_pos
    )
  File "/home/kh/.vscode-oss/extensions/ms-python.python-2025.0.0-universal/python_files/lib/jedilsp/jedi/api/refactoring/extract.py", line 19, in extract_variable
    nodes = _find_nodes(module_node, pos, until_pos)
  File "/home/kh/.vscode-oss/extensions/ms-python.python-2025.0.0-universal/python_files/lib/jedilsp/jedi/api/refactoring/extract.py", line 87, in _find_nodes
    nodes = _remove_unwanted_expression_nodes(parent_node, pos, until_pos)
  File "/home/kh/.vscode-oss/extensions/ms-python.python-2025.0.0-universal/python_files/lib/jedilsp/jedi/api/refactoring/extract.py", line 196, in _remove_unwanted_expression_nodes
    nodes = nodes[start_index:end_index + 1]
                              ^^^^^^^^^
UnboundLocalError: cannot access local variable 'end_index' where it is not associated with a value

2025-02-23 23:05:50.586 [info] [Error - 11:05:50 p. m.] Request textDocument/codeAction failed.
2025-02-23 23:05:50.586 [info]   Message: UnboundLocalError: cannot access local variable 'end_index' where it is not associated with a value
  Code: -32603 
[object Object]
2025-02-23 23:05:50.587 [info] WARNING:pygls.protocol.json_rpc:Cancel notification for unknown message id "844"

2025-02-23 23:05:50.587 [info] WARNING:pygls.protocol.json_rpc:Cancel notification for unknown message id "845"

2025-02-23 23:05:50.591 [info] WARNING:pygls.protocol.json_rpc:Cancel notification for unknown message id "846"

2025-02-23 23:05:50.597 [info] WARNING:pygls.protocol.json_rpc:Cancel notification for unknown message id "847"

2025-02-23 23:05:50.605 [info] WARNING:pygls.protocol.json_rpc:Cancel notification for unknown message id "848"

2025-02-23 23:05:50.605 [info] WARNING:pygls.protocol.json_rpc:Cancel notification for unknown message id "849"

2025-02-23 23:05:50.618 [info] WARNING:pygls.protocol.json_rpc:Cancel notification for unknown message id "850"
WARNING:pygls.protocol.json_rpc:Cancel notification for unknown message id "851"

2025-02-23 23:05:50.620 [info] WARNING:pygls.protocol.json_rpc:Cancel notification for unknown message id "852"

2025-02-23 23:06:03.942 [info] WARNING:pygls.protocol.json_rpc:Cancel notification for unknown message id "863"

2025-02-23 23:06:03.942 [info] WARNING:pygls.protocol.json_rpc:Cancel notification for unknown message id "864"

2025-02-23 23:06:05.928 [info] WARNING:pygls.protocol.json_rpc:Cancel notification for unknown message id "865"

2025-02-23 23:06:05.944 [info] WARNING:pygls.protocol.json_rpc:Cancel notification for unknown message id "866"

2025-02-23 23:06:05.950 [info] WARNING:pygls.protocol.json_rpc:Cancel notification for unknown message id "867"

2025-02-23 23:06:05.956 [info] WARNING:pygls.protocol.json_rpc:Cancel notification for unknown message id "868"

2025-02-23 23:06:05.958 [info] WARNING:pygls.protocol.json_rpc:Cancel notification for unknown message id "869"

2025-02-23 23:06:05.966 [info] WARNING:pygls.protocol.json_rpc:Cancel notification for unknown message id "870"

2025-02-23 23:06:05.966 [info] WARNING:pygls.protocol.json_rpc:Cancel notification for unknown message id "871"

2025-02-23 23:06:14.039 [info] WARNING:pygls.protocol.json_rpc:Cancel notification for unknown message id "876"

2025-02-23 23:07:36.479 [info] WARNING:pygls.protocol.json_rpc:Cancel notification for unknown message id "905"

2025-02-23 23:07:36.484 [info] WARNING:pygls.protocol.json_rpc:Cancel notification for unknown message id "906"

2025-02-23 23:07:36.494 [info] WARNING:pygls.protocol.json_rpc:Cancel notification for unknown message id "907"

2025-02-23 23:07:36.496 [info] WARNING:pygls.protocol.json_rpc:Cancel notification for unknown message id "908"

2025-02-23 23:07:36.500 [info] WARNING:pygls.protocol.json_rpc:Cancel notification for unknown message id "909"

2025-02-23 23:07:36.509 [info] WARNING:pygls.protocol.json_rpc:Cancel notification for unknown message id "910"
WARNING:pygls.protocol.json_rpc:Cancel notification for unknown message id "911"

2025-02-23 23:07:36.517 [info] WARNING:pygls.protocol.json_rpc:Cancel notification for unknown message id "912"

2025-02-23 23:07:36.520 [info] WARNING:pygls.protocol.json_rpc:Cancel notification for unknown message id "913"

2025-02-23 23:07:36.526 [info] WARNING:pygls.protocol.json_rpc:Cancel notification for unknown message id "914"

2025-02-23 23:07:36.530 [info] WARNING:pygls.protocol.json_rpc:Cancel notification for unknown message id "915"

