2025-04-24 01:00:58.283 [info] [main] Log level: Info
2025-04-24 01:00:58.283 [info] [main] Validating found git in: "git"
2025-04-24 01:00:58.283 [info] [main] Using git "2.49.0" from "git"
2025-04-24 01:00:58.283 [info] [Model][doInitialScan] Initial repository scan started
2025-04-24 01:00:58.283 [info] > git rev-parse --show-toplevel [4ms]
2025-04-24 01:00:58.283 [info] fatal: not a git repository (or any parent up to mount point /)
Stopping at filesystem boundary (GIT_DISCOVERY_ACROSS_FILESYSTEM not set).
2025-04-24 01:00:58.283 [info] > git rev-parse --show-toplevel [20ms]
2025-04-24 01:00:58.283 [info] fatal: not a git repository (or any parent up to mount point /)
Stopping at filesystem boundary (GIT_DISCOVERY_ACROSS_FILESYSTEM not set).
2025-04-24 01:00:58.283 [info] > git rev-parse --show-toplevel [4ms]
2025-04-24 01:00:58.283 [info] fatal: not a git repository (or any parent up to mount point /)
Stopping at filesystem boundary (GIT_DISCOVERY_ACROSS_FILESYSTEM not set).
2025-04-24 01:00:58.284 [info] [Model][doInitialScan] Initial repository scan completed - repositories (0), closed repositories (0), parent repositories (0), unsafe repositories (0)
2025-04-24 01:00:58.977 [info] > git rev-parse --show-toplevel [1ms]
2025-04-24 01:00:58.977 [info] fatal: not a git repository (or any parent up to mount point /)
Stopping at filesystem boundary (GIT_DISCOVERY_ACROSS_FILESYSTEM not set).
2025-04-24 01:00:59.539 [info] > git rev-parse --show-toplevel [1ms]
2025-04-24 01:00:59.539 [info] fatal: not a git repository (or any parent up to mount point /)
Stopping at filesystem boundary (GIT_DISCOVERY_ACROSS_FILESYSTEM not set).
2025-04-24 01:01:02.213 [info] > git rev-parse --show-toplevel [2ms]
2025-04-24 01:01:02.213 [info] fatal: not a git repository (or any parent up to mount point /)
Stopping at filesystem boundary (GIT_DISCOVERY_ACROSS_FILESYSTEM not set).
2025-04-24 01:09:17.506 [info] > git rev-parse --show-toplevel [1ms]
2025-04-24 01:09:17.506 [info] fatal: not a git repository (or any parent up to mount point /)
Stopping at filesystem boundary (GIT_DISCOVERY_ACROSS_FILESYSTEM not set).
2025-04-24 01:19:09.763 [info] > git rev-parse --show-toplevel [2ms]
2025-04-24 01:19:09.763 [info] fatal: not a git repository (or any parent up to mount point /)
Stopping at filesystem boundary (GIT_DISCOVERY_ACROSS_FILESYSTEM not set).
