2025-02-25 01:09:02.028 [info] Reading sessions from keychain...
2025-02-25 01:09:02.028 [info] Getting sessions for all scopes...
2025-02-25 01:09:02.028 [info] Getting sessions for all scopes...
2025-02-25 01:09:02.028 [info] Got 0 sessions for ...
2025-02-25 01:09:02.028 [info] Got 0 sessions for ...
2025-02-25 01:09:02.082 [info] Getting sessions for read:user,repo,user:email,workflow...
2025-02-25 01:09:02.082 [info] Got 0 sessions for read:user,repo,user:email,workflow...
2025-02-25 01:38:19.858 [info] Reading sessions from keychain...
2025-02-25 01:38:19.858 [info] Getting sessions for all scopes...
2025-02-25 01:38:19.858 [info] Got 0 sessions for ...
2025-02-25 01:38:19.858 [info] Getting sessions for all scopes...
2025-02-25 01:38:19.858 [info] Got 0 sessions for ...
2025-02-25 01:38:20.984 [info] Getting sessions for read:user,repo,user:email,workflow...
2025-02-25 01:38:20.984 [info] Got 0 sessions for read:user,repo,user:email,workflow...
2025-02-25 02:06:10.874 [info] Reading sessions from keychain...
2025-02-25 02:06:10.874 [info] Getting sessions for all scopes...
2025-02-25 02:06:10.874 [info] Got 0 sessions for ...
2025-02-25 02:06:10.874 [info] Getting sessions for all scopes...
2025-02-25 02:06:10.874 [info] Got 0 sessions for ...
2025-02-25 02:06:12.015 [info] Getting sessions for read:user,repo,user:email,workflow...
2025-02-25 02:06:12.015 [info] Got 0 sessions for read:user,repo,user:email,workflow...
