2025-02-25 10:00:16.224 [info] Reading sessions from keychain...
2025-02-25 10:00:16.224 [info] Getting sessions for all scopes...
2025-02-25 10:00:16.224 [info] Getting sessions for all scopes...
2025-02-25 10:00:16.225 [info] Got 0 sessions for ...
2025-02-25 10:00:16.225 [info] Got 0 sessions for ...
2025-02-25 10:00:16.226 [info] Getting sessions for read:user,repo,user:email,workflow...
2025-02-25 10:00:16.226 [info] Got 0 sessions for read:user,repo,user:email,workflow...
2025-02-25 10:39:45.108 [info] Reading sessions from keychain...
2025-02-25 10:39:45.108 [info] Getting sessions for all scopes...
2025-02-25 10:39:45.108 [info] Got 0 sessions for ...
2025-02-25 10:39:45.108 [info] Getting sessions for all scopes...
2025-02-25 10:39:45.108 [info] Got 0 sessions for ...
2025-02-25 10:39:46.166 [info] Getting sessions for read:user,repo,user:email,workflow...
2025-02-25 10:39:46.166 [info] Got 0 sessions for read:user,repo,user:email,workflow...
2025-02-25 11:09:35.075 [info] Reading sessions from keychain...
2025-02-25 11:09:35.075 [info] Getting sessions for all scopes...
2025-02-25 11:09:35.075 [info] Got 0 sessions for ...
2025-02-25 11:09:35.075 [info] Getting sessions for all scopes...
2025-02-25 11:09:35.075 [info] Got 0 sessions for ...
2025-02-25 11:09:35.940 [info] Getting sessions for read:user,repo,user:email,workflow...
2025-02-25 11:09:35.940 [info] Got 0 sessions for read:user,repo,user:email,workflow...
2025-02-25 11:39:29.947 [info] Reading sessions from keychain...
2025-02-25 11:39:29.947 [info] Getting sessions for all scopes...
2025-02-25 11:39:29.947 [info] Got 0 sessions for ...
2025-02-25 11:39:29.947 [info] Getting sessions for all scopes...
2025-02-25 11:39:29.947 [info] Got 0 sessions for ...
2025-02-25 11:39:30.791 [info] Getting sessions for read:user,repo,user:email,workflow...
2025-02-25 11:39:30.791 [info] Got 0 sessions for read:user,repo,user:email,workflow...
2025-02-25 12:13:21.764 [info] Reading sessions from keychain...
2025-02-25 12:13:21.764 [info] Getting sessions for all scopes...
2025-02-25 12:13:21.764 [info] Got 0 sessions for ...
2025-02-25 12:13:21.764 [info] Getting sessions for all scopes...
2025-02-25 12:13:21.764 [info] Got 0 sessions for ...
2025-02-25 12:13:24.736 [info] Getting sessions for read:user,repo,user:email,workflow...
2025-02-25 12:13:24.736 [info] Got 0 sessions for read:user,repo,user:email,workflow...
2025-02-25 12:13:53.245 [info] Getting sessions for read:user,repo,user:email,workflow...
2025-02-25 12:13:53.245 [info] Got 0 sessions for read:user,repo,user:email,workflow...
2025-02-25 12:54:32.238 [info] Reading sessions from keychain...
2025-02-25 12:54:32.239 [info] Getting sessions for all scopes...
2025-02-25 12:54:32.239 [info] Got 0 sessions for ...
2025-02-25 12:54:32.239 [info] Getting sessions for all scopes...
2025-02-25 12:54:32.239 [info] Got 0 sessions for ...
2025-02-25 12:54:33.218 [info] Getting sessions for read:user,repo,user:email,workflow...
2025-02-25 12:54:33.218 [info] Got 0 sessions for read:user,repo,user:email,workflow...
2025-02-25 13:26:16.839 [info] Reading sessions from keychain...
2025-02-25 13:26:16.839 [info] Getting sessions for all scopes...
2025-02-25 13:26:16.839 [info] Got 0 sessions for ...
2025-02-25 13:26:16.839 [info] Getting sessions for all scopes...
2025-02-25 13:26:16.839 [info] Got 0 sessions for ...
2025-02-25 13:26:19.751 [info] Getting sessions for read:user,repo,user:email,workflow...
2025-02-25 13:26:19.751 [info] Got 0 sessions for read:user,repo,user:email,workflow...
2025-02-25 13:50:19.289 [info] Reading sessions from keychain...
2025-02-25 13:50:19.289 [info] Getting sessions for all scopes...
2025-02-25 13:50:19.289 [info] Got 0 sessions for ...
2025-02-25 13:50:19.289 [info] Getting sessions for all scopes...
2025-02-25 13:50:19.289 [info] Got 0 sessions for ...
2025-02-25 13:50:20.259 [info] Getting sessions for read:user,repo,user:email,workflow...
2025-02-25 13:50:20.259 [info] Got 0 sessions for read:user,repo,user:email,workflow...
2025-02-25 14:21:25.945 [info] Reading sessions from keychain...
2025-02-25 14:21:25.945 [info] Getting sessions for all scopes...
2025-02-25 14:21:25.945 [info] Got 0 sessions for ...
2025-02-25 14:21:25.945 [info] Getting sessions for all scopes...
2025-02-25 14:21:25.945 [info] Got 0 sessions for ...
2025-02-25 14:21:26.771 [info] Getting sessions for read:user,repo,user:email,workflow...
2025-02-25 14:21:26.771 [info] Got 0 sessions for read:user,repo,user:email,workflow...
