2025-04-19 03:47:38.373 [info] [main] Log level: Info
2025-04-19 03:47:38.373 [info] [main] Validating found git in: "git"
2025-04-19 03:47:38.373 [info] [main] Using git "2.49.0" from "git"
2025-04-19 03:47:38.373 [info] [Model][doInitialScan] Initial repository scan started
2025-04-19 03:47:38.373 [info] > git rev-parse --show-toplevel [4ms]
2025-04-19 03:47:38.374 [info] > git rev-parse --git-dir --git-common-dir [1ms]
2025-04-19 03:47:38.383 [info] [Model][openRepository] Opened repository: /home/kh/hyprcrow
2025-04-19 03:47:38.396 [info] > git config --get commit.template [6ms]
2025-04-19 03:47:38.397 [info] > git rev-parse --show-toplevel [2ms]
2025-04-19 03:47:38.405 [info] > git for-each-ref --format=%(refname)%00%(upstream:short)%00%(objectname)%00%(upstream:track)%00%(upstream:remotename)%00%(upstream:remoteref) refs/heads/main refs/remotes/main [4ms]
2025-04-19 03:47:38.410 [warning] [Git][revParse] Unable to read file: ENOENT: no such file or directory, open '/home/kh/hyprcrow/.git/refs/remotes/origin/main'
2025-04-19 03:47:38.410 [info] > git rev-parse --show-toplevel [5ms]
2025-04-19 03:47:38.415 [info] > git rev-parse refs/remotes/origin/main [6ms]
2025-04-19 03:47:38.425 [info] > git rev-parse --show-toplevel [11ms]
2025-04-19 03:47:38.438 [info] > git rev-parse --show-toplevel [8ms]
2025-04-19 03:47:38.438 [info] > git for-each-ref --sort -committerdate --format %(refname)%00%(objectname)%00%(*objectname) [14ms]
2025-04-19 03:47:38.444 [info] > git rev-parse --show-toplevel [1ms]
2025-04-19 03:47:38.449 [info] > git rev-parse --show-toplevel [1ms]
2025-04-19 03:47:38.449 [info] [Model][doInitialScan] Initial repository scan completed - repositories (1), closed repositories (0), parent repositories (0), unsafe repositories (0)
2025-04-19 03:47:38.538 [info] > git status -z -uall [119ms]
2025-04-19 03:47:38.560 [info] > git for-each-ref --format=%(refname)%00%(upstream:short)%00%(objectname)%00%(upstream:track)%00%(upstream:remotename)%00%(upstream:remoteref) refs/heads/main refs/remotes/main [6ms]
2025-04-19 03:47:38.567 [info] > git config --get --local branch.main.vscode-merge-base [3ms]
2025-04-19 03:47:38.571 [info] > git config --get commit.template [11ms]
2025-04-19 03:47:38.576 [info] > git for-each-ref --format=%(refname)%00%(upstream:short)%00%(objectname)%00%(upstream:track)%00%(upstream:remotename)%00%(upstream:remoteref) refs/heads/origin/main refs/remotes/origin/main [5ms]
2025-04-19 03:47:38.581 [info] > git for-each-ref --format=%(refname)%00%(upstream:short)%00%(objectname)%00%(upstream:track)%00%(upstream:remotename)%00%(upstream:remoteref) refs/heads/main refs/remotes/main [6ms]
2025-04-19 03:47:38.585 [warning] [Git][revParse] Unable to read file: ENOENT: no such file or directory, open '/home/kh/hyprcrow/.git/refs/remotes/origin/main'
2025-04-19 03:47:38.585 [info] > git merge-base refs/heads/main refs/remotes/origin/main [5ms]
2025-04-19 03:47:38.590 [info] > git rev-parse refs/remotes/origin/main [5ms]
2025-04-19 03:47:38.598 [info] > git diff --name-status -z --diff-filter=ADMR 3337d2b34eb8dbb739902bcf4d3f0f14e9bb856f...refs/remotes/origin/main [9ms]
2025-04-19 03:47:38.599 [info] > git for-each-ref --sort -committerdate --format %(refname)%00%(objectname)%00%(*objectname) [2ms]
2025-04-19 03:47:38.704 [info] > git status -z -uall [111ms]
2025-04-19 03:47:38.926 [info] > git check-ignore -v -z --stdin [25ms]
2025-04-19 03:47:46.914 [info] > git config --get commit.template [4ms]
2025-04-19 03:47:46.915 [info] > git for-each-ref --format=%(refname)%00%(upstream:short)%00%(objectname)%00%(upstream:track)%00%(upstream:remotename)%00%(upstream:remoteref) refs/heads/main refs/remotes/main [1ms]
2025-04-19 03:47:46.919 [warning] [Git][revParse] Unable to read file: ENOENT: no such file or directory, open '/home/kh/hyprcrow/.git/refs/remotes/origin/main'
2025-04-19 03:47:46.920 [info] > git rev-parse refs/remotes/origin/main [1ms]
2025-04-19 03:47:46.930 [info] > git for-each-ref --sort -committerdate --format %(refname)%00%(objectname)%00%(*objectname) [2ms]
2025-04-19 03:47:47.033 [info] > git status -z -uall [109ms]
2025-04-19 03:47:58.459 [info] > git config --get commit.template [4ms]
2025-04-19 03:47:58.459 [info] > git for-each-ref --format=%(refname)%00%(upstream:short)%00%(objectname)%00%(upstream:track)%00%(upstream:remotename)%00%(upstream:remoteref) refs/heads/main refs/remotes/main [1ms]
2025-04-19 03:47:58.463 [warning] [Git][revParse] Unable to read file: ENOENT: no such file or directory, open '/home/kh/hyprcrow/.git/refs/remotes/origin/main'
2025-04-19 03:47:58.464 [info] > git rev-parse refs/remotes/origin/main [1ms]
2025-04-19 03:47:58.473 [info] > git for-each-ref --sort -committerdate --format %(refname)%00%(objectname)%00%(*objectname) [1ms]
2025-04-19 03:47:58.576 [info] > git status -z -uall [108ms]
2025-04-19 03:48:09.449 [info] > git config --get commit.template [4ms]
2025-04-19 03:48:09.450 [info] > git for-each-ref --format=%(refname)%00%(upstream:short)%00%(objectname)%00%(upstream:track)%00%(upstream:remotename)%00%(upstream:remoteref) refs/heads/main refs/remotes/main [1ms]
2025-04-19 03:48:09.454 [warning] [Git][revParse] Unable to read file: ENOENT: no such file or directory, open '/home/kh/hyprcrow/.git/refs/remotes/origin/main'
2025-04-19 03:48:09.455 [info] > git rev-parse refs/remotes/origin/main [1ms]
2025-04-19 03:48:09.465 [info] > git for-each-ref --sort -committerdate --format %(refname)%00%(objectname)%00%(*objectname) [1ms]
2025-04-19 03:48:09.569 [info] > git status -z -uall [110ms]
2025-04-19 03:48:16.755 [info] > git config --get commit.template [4ms]
2025-04-19 03:48:16.756 [info] > git for-each-ref --format=%(refname)%00%(upstream:short)%00%(objectname)%00%(upstream:track)%00%(upstream:remotename)%00%(upstream:remoteref) refs/heads/main refs/remotes/main [1ms]
2025-04-19 03:48:16.759 [warning] [Git][revParse] Unable to read file: ENOENT: no such file or directory, open '/home/kh/hyprcrow/.git/refs/remotes/origin/main'
2025-04-19 03:48:16.760 [info] > git rev-parse refs/remotes/origin/main [1ms]
2025-04-19 03:48:16.770 [info] > git for-each-ref --sort -committerdate --format %(refname)%00%(objectname)%00%(*objectname) [2ms]
2025-04-19 03:48:16.875 [info] > git status -z -uall [111ms]
2025-04-19 03:48:21.894 [info] > git config --get commit.template [5ms]
2025-04-19 03:48:21.894 [info] > git for-each-ref --format=%(refname)%00%(upstream:short)%00%(objectname)%00%(upstream:track)%00%(upstream:remotename)%00%(upstream:remoteref) refs/heads/main refs/remotes/main [1ms]
2025-04-19 03:48:21.899 [warning] [Git][revParse] Unable to read file: ENOENT: no such file or directory, open '/home/kh/hyprcrow/.git/refs/remotes/origin/main'
2025-04-19 03:48:21.899 [info] > git rev-parse refs/remotes/origin/main [0ms]
2025-04-19 03:48:21.909 [info] > git for-each-ref --sort -committerdate --format %(refname)%00%(objectname)%00%(*objectname) [1ms]
2025-04-19 03:48:22.014 [info] > git status -z -uall [110ms]
2025-04-19 03:48:27.029 [info] > git config --get commit.template [5ms]
2025-04-19 03:48:27.029 [info] > git for-each-ref --format=%(refname)%00%(upstream:short)%00%(objectname)%00%(upstream:track)%00%(upstream:remotename)%00%(upstream:remoteref) refs/heads/main refs/remotes/main [1ms]
2025-04-19 03:48:27.033 [warning] [Git][revParse] Unable to read file: ENOENT: no such file or directory, open '/home/kh/hyprcrow/.git/refs/remotes/origin/main'
2025-04-19 03:48:27.034 [info] > git rev-parse refs/remotes/origin/main [1ms]
2025-04-19 03:48:27.046 [info] > git for-each-ref --sort -committerdate --format %(refname)%00%(objectname)%00%(*objectname) [3ms]
2025-04-19 03:48:27.148 [info] > git status -z -uall [109ms]
2025-04-19 03:48:32.915 [info] > git config --get commit.template [5ms]
2025-04-19 03:48:32.915 [info] > git for-each-ref --format=%(refname)%00%(upstream:short)%00%(objectname)%00%(upstream:track)%00%(upstream:remotename)%00%(upstream:remoteref) refs/heads/main refs/remotes/main [1ms]
2025-04-19 03:48:32.919 [warning] [Git][revParse] Unable to read file: ENOENT: no such file or directory, open '/home/kh/hyprcrow/.git/refs/remotes/origin/main'
2025-04-19 03:48:32.920 [info] > git rev-parse refs/remotes/origin/main [1ms]
2025-04-19 03:48:32.930 [info] > git for-each-ref --sort -committerdate --format %(refname)%00%(objectname)%00%(*objectname) [1ms]
2025-04-19 03:48:33.035 [info] > git status -z -uall [111ms]
2025-04-19 04:00:11.973 [info] > git config --get commit.template [6ms]
2025-04-19 04:00:11.974 [info] > git for-each-ref --format=%(refname)%00%(upstream:short)%00%(objectname)%00%(upstream:track)%00%(upstream:remotename)%00%(upstream:remoteref) refs/heads/main refs/remotes/main [1ms]
2025-04-19 04:00:11.978 [warning] [Git][revParse] Unable to read file: ENOENT: no such file or directory, open '/home/kh/hyprcrow/.git/refs/remotes/origin/main'
2025-04-19 04:00:11.979 [info] > git rev-parse refs/remotes/origin/main [1ms]
2025-04-19 04:00:11.989 [info] > git for-each-ref --sort -committerdate --format %(refname)%00%(objectname)%00%(*objectname) [1ms]
2025-04-19 04:00:12.097 [info] > git status -z -uall [114ms]
2025-04-19 04:00:39.904 [info] > git config --get commit.template [5ms]
2025-04-19 04:00:39.905 [info] > git for-each-ref --format=%(refname)%00%(upstream:short)%00%(objectname)%00%(upstream:track)%00%(upstream:remotename)%00%(upstream:remoteref) refs/heads/main refs/remotes/main [2ms]
2025-04-19 04:00:39.909 [warning] [Git][revParse] Unable to read file: ENOENT: no such file or directory, open '/home/kh/hyprcrow/.git/refs/remotes/origin/main'
2025-04-19 04:00:39.910 [info] > git rev-parse refs/remotes/origin/main [1ms]
2025-04-19 04:00:39.919 [info] > git for-each-ref --sort -committerdate --format %(refname)%00%(objectname)%00%(*objectname) [1ms]
2025-04-19 04:00:40.025 [info] > git status -z -uall [111ms]
2025-04-19 04:00:47.377 [info] > git config --get commit.template [5ms]
2025-04-19 04:00:47.378 [info] > git for-each-ref --format=%(refname)%00%(upstream:short)%00%(objectname)%00%(upstream:track)%00%(upstream:remotename)%00%(upstream:remoteref) refs/heads/main refs/remotes/main [1ms]
2025-04-19 04:00:47.382 [warning] [Git][revParse] Unable to read file: ENOENT: no such file or directory, open '/home/kh/hyprcrow/.git/refs/remotes/origin/main'
2025-04-19 04:00:47.383 [info] > git rev-parse refs/remotes/origin/main [1ms]
2025-04-19 04:00:47.392 [info] > git for-each-ref --sort -committerdate --format %(refname)%00%(objectname)%00%(*objectname) [1ms]
2025-04-19 04:00:47.499 [info] > git status -z -uall [112ms]
2025-04-19 04:01:13.265 [info] > git config --get commit.template [5ms]
2025-04-19 04:01:13.266 [info] > git for-each-ref --format=%(refname)%00%(upstream:short)%00%(objectname)%00%(upstream:track)%00%(upstream:remotename)%00%(upstream:remoteref) refs/heads/main refs/remotes/main [1ms]
2025-04-19 04:01:13.270 [warning] [Git][revParse] Unable to read file: ENOENT: no such file or directory, open '/home/kh/hyprcrow/.git/refs/remotes/origin/main'
2025-04-19 04:01:13.271 [info] > git rev-parse refs/remotes/origin/main [1ms]
2025-04-19 04:01:13.280 [info] > git for-each-ref --sort -committerdate --format %(refname)%00%(objectname)%00%(*objectname) [1ms]
2025-04-19 04:01:13.387 [info] > git status -z -uall [112ms]
2025-04-19 04:01:27.956 [info] > git config --get commit.template [5ms]
2025-04-19 04:01:27.957 [info] > git for-each-ref --format=%(refname)%00%(upstream:short)%00%(objectname)%00%(upstream:track)%00%(upstream:remotename)%00%(upstream:remoteref) refs/heads/main refs/remotes/main [1ms]
2025-04-19 04:01:27.961 [warning] [Git][revParse] Unable to read file: ENOENT: no such file or directory, open '/home/kh/hyprcrow/.git/refs/remotes/origin/main'
2025-04-19 04:01:27.962 [info] > git rev-parse refs/remotes/origin/main [1ms]
2025-04-19 04:01:27.971 [info] > git for-each-ref --sort -committerdate --format %(refname)%00%(objectname)%00%(*objectname) [1ms]
2025-04-19 04:01:28.076 [info] > git status -z -uall [110ms]
2025-04-19 04:01:49.172 [info] > git config --get commit.template [5ms]
2025-04-19 04:01:49.173 [info] > git for-each-ref --format=%(refname)%00%(upstream:short)%00%(objectname)%00%(upstream:track)%00%(upstream:remotename)%00%(upstream:remoteref) refs/heads/main refs/remotes/main [1ms]
2025-04-19 04:01:49.177 [warning] [Git][revParse] Unable to read file: ENOENT: no such file or directory, open '/home/kh/hyprcrow/.git/refs/remotes/origin/main'
2025-04-19 04:01:49.179 [info] > git rev-parse refs/remotes/origin/main [2ms]
2025-04-19 04:01:49.189 [info] > git for-each-ref --sort -committerdate --format %(refname)%00%(objectname)%00%(*objectname) [2ms]
2025-04-19 04:01:49.299 [info] > git status -z -uall [116ms]
2025-04-19 04:02:37.738 [info] > git config --get commit.template [5ms]
2025-04-19 04:02:37.739 [info] > git for-each-ref --format=%(refname)%00%(upstream:short)%00%(objectname)%00%(upstream:track)%00%(upstream:remotename)%00%(upstream:remoteref) refs/heads/main refs/remotes/main [1ms]
2025-04-19 04:02:37.743 [warning] [Git][revParse] Unable to read file: ENOENT: no such file or directory, open '/home/kh/hyprcrow/.git/refs/remotes/origin/main'
2025-04-19 04:02:37.744 [info] > git rev-parse refs/remotes/origin/main [1ms]
2025-04-19 04:02:37.755 [info] > git for-each-ref --sort -committerdate --format %(refname)%00%(objectname)%00%(*objectname) [2ms]
2025-04-19 04:02:37.858 [info] > git status -z -uall [110ms]
2025-04-19 04:02:45.380 [info] > git config --get commit.template [6ms]
2025-04-19 04:02:45.380 [info] > git for-each-ref --format=%(refname)%00%(upstream:short)%00%(objectname)%00%(upstream:track)%00%(upstream:remotename)%00%(upstream:remoteref) refs/heads/main refs/remotes/main [1ms]
2025-04-19 04:02:45.384 [warning] [Git][revParse] Unable to read file: ENOENT: no such file or directory, open '/home/kh/hyprcrow/.git/refs/remotes/origin/main'
2025-04-19 04:02:45.386 [info] > git rev-parse refs/remotes/origin/main [2ms]
2025-04-19 04:02:45.395 [info] > git for-each-ref --sort -committerdate --format %(refname)%00%(objectname)%00%(*objectname) [1ms]
2025-04-19 04:02:45.502 [info] > git status -z -uall [112ms]
2025-04-19 04:02:57.374 [info] > git config --get commit.template [5ms]
2025-04-19 04:02:57.375 [info] > git for-each-ref --format=%(refname)%00%(upstream:short)%00%(objectname)%00%(upstream:track)%00%(upstream:remotename)%00%(upstream:remoteref) refs/heads/main refs/remotes/main [1ms]
2025-04-19 04:02:57.379 [warning] [Git][revParse] Unable to read file: ENOENT: no such file or directory, open '/home/kh/hyprcrow/.git/refs/remotes/origin/main'
2025-04-19 04:02:57.380 [info] > git rev-parse refs/remotes/origin/main [1ms]
2025-04-19 04:02:57.390 [info] > git for-each-ref --sort -committerdate --format %(refname)%00%(objectname)%00%(*objectname) [2ms]
2025-04-19 04:02:57.495 [info] > git status -z -uall [111ms]
2025-04-19 04:03:02.509 [info] > git config --get commit.template [5ms]
2025-04-19 04:03:02.510 [info] > git for-each-ref --format=%(refname)%00%(upstream:short)%00%(objectname)%00%(upstream:track)%00%(upstream:remotename)%00%(upstream:remoteref) refs/heads/main refs/remotes/main [1ms]
2025-04-19 04:03:02.513 [warning] [Git][revParse] Unable to read file: ENOENT: no such file or directory, open '/home/kh/hyprcrow/.git/refs/remotes/origin/main'
2025-04-19 04:03:02.515 [info] > git rev-parse refs/remotes/origin/main [2ms]
2025-04-19 04:03:02.525 [info] > git for-each-ref --sort -committerdate --format %(refname)%00%(objectname)%00%(*objectname) [2ms]
2025-04-19 04:03:02.629 [info] > git status -z -uall [111ms]
2025-04-19 04:03:07.724 [info] > git config --get commit.template [5ms]
2025-04-19 04:03:07.725 [info] > git for-each-ref --format=%(refname)%00%(upstream:short)%00%(objectname)%00%(upstream:track)%00%(upstream:remotename)%00%(upstream:remoteref) refs/heads/main refs/remotes/main [1ms]
2025-04-19 04:03:07.729 [warning] [Git][revParse] Unable to read file: ENOENT: no such file or directory, open '/home/kh/hyprcrow/.git/refs/remotes/origin/main'
2025-04-19 04:03:07.730 [info] > git rev-parse refs/remotes/origin/main [1ms]
2025-04-19 04:03:07.740 [info] > git for-each-ref --sort -committerdate --format %(refname)%00%(objectname)%00%(*objectname) [1ms]
2025-04-19 04:03:07.844 [info] > git status -z -uall [110ms]
2025-04-19 04:03:11.247 [info] > git check-ignore -v -z --stdin [55ms]
2025-04-19 04:03:12.857 [info] > git config --get commit.template [5ms]
2025-04-19 04:03:12.858 [info] > git for-each-ref --format=%(refname)%00%(upstream:short)%00%(objectname)%00%(upstream:track)%00%(upstream:remotename)%00%(upstream:remoteref) refs/heads/main refs/remotes/main [2ms]
2025-04-19 04:03:12.862 [warning] [Git][revParse] Unable to read file: ENOENT: no such file or directory, open '/home/kh/hyprcrow/.git/refs/remotes/origin/main'
2025-04-19 04:03:12.863 [info] > git rev-parse refs/remotes/origin/main [1ms]
2025-04-19 04:03:12.873 [info] > git for-each-ref --sort -committerdate --format %(refname)%00%(objectname)%00%(*objectname) [1ms]
2025-04-19 04:03:12.982 [info] > git status -z -uall [115ms]
2025-04-19 04:03:13.209 [info] > git check-ignore -v -z --stdin [21ms]
2025-04-19 04:03:14.894 [info] > git show --textconv :.config/swaync/config.json [11ms]
2025-04-19 04:03:14.898 [info] > git ls-files --stage -- .config/swaync/config.json [8ms]
2025-04-19 04:03:14.906 [info] > git cat-file -s beca4ef53eb6fa29cb7b900818218ce95cbc2c09 [1ms]
2025-04-19 04:03:17.996 [info] > git config --get commit.template [5ms]
2025-04-19 04:03:17.996 [info] > git for-each-ref --format=%(refname)%00%(upstream:short)%00%(objectname)%00%(upstream:track)%00%(upstream:remotename)%00%(upstream:remoteref) refs/heads/main refs/remotes/main [1ms]
2025-04-19 04:03:18.000 [warning] [Git][revParse] Unable to read file: ENOENT: no such file or directory, open '/home/kh/hyprcrow/.git/refs/remotes/origin/main'
2025-04-19 04:03:18.001 [info] > git rev-parse refs/remotes/origin/main [1ms]
2025-04-19 04:03:18.011 [info] > git for-each-ref --sort -committerdate --format %(refname)%00%(objectname)%00%(*objectname) [2ms]
2025-04-19 04:03:18.124 [info] > git status -z -uall [119ms]
2025-04-19 04:03:23.140 [info] > git config --get commit.template [5ms]
2025-04-19 04:03:23.140 [info] > git for-each-ref --format=%(refname)%00%(upstream:short)%00%(objectname)%00%(upstream:track)%00%(upstream:remotename)%00%(upstream:remoteref) refs/heads/main refs/remotes/main [1ms]
2025-04-19 04:03:23.144 [warning] [Git][revParse] Unable to read file: ENOENT: no such file or directory, open '/home/kh/hyprcrow/.git/refs/remotes/origin/main'
2025-04-19 04:03:23.145 [info] > git rev-parse refs/remotes/origin/main [1ms]
2025-04-19 04:03:23.158 [info] > git for-each-ref --sort -committerdate --format %(refname)%00%(objectname)%00%(*objectname) [4ms]
2025-04-19 04:03:23.259 [info] > git status -z -uall [110ms]
2025-04-19 04:03:28.274 [info] > git config --get commit.template [5ms]
2025-04-19 04:03:28.275 [info] > git for-each-ref --format=%(refname)%00%(upstream:short)%00%(objectname)%00%(upstream:track)%00%(upstream:remotename)%00%(upstream:remoteref) refs/heads/main refs/remotes/main [1ms]
2025-04-19 04:03:28.279 [warning] [Git][revParse] Unable to read file: ENOENT: no such file or directory, open '/home/kh/hyprcrow/.git/refs/remotes/origin/main'
2025-04-19 04:03:28.280 [info] > git rev-parse refs/remotes/origin/main [1ms]
2025-04-19 04:03:28.290 [info] > git for-each-ref --sort -committerdate --format %(refname)%00%(objectname)%00%(*objectname) [1ms]
2025-04-19 04:03:28.396 [info] > git status -z -uall [112ms]
2025-04-19 04:03:33.414 [info] > git config --get commit.template [6ms]
2025-04-19 04:03:33.415 [info] > git for-each-ref --format=%(refname)%00%(upstream:short)%00%(objectname)%00%(upstream:track)%00%(upstream:remotename)%00%(upstream:remoteref) refs/heads/main refs/remotes/main [1ms]
2025-04-19 04:03:33.419 [warning] [Git][revParse] Unable to read file: ENOENT: no such file or directory, open '/home/kh/hyprcrow/.git/refs/remotes/origin/main'
2025-04-19 04:03:33.420 [info] > git rev-parse refs/remotes/origin/main [1ms]
2025-04-19 04:03:33.430 [info] > git for-each-ref --sort -committerdate --format %(refname)%00%(objectname)%00%(*objectname) [1ms]
2025-04-19 04:03:33.536 [info] > git status -z -uall [112ms]
