2025-04-23 01:05:19.580 [info] [main] Log level: Info
2025-04-23 01:05:19.580 [info] [main] Validating found git in: "git"
2025-04-23 01:05:19.580 [info] [main] Using git "2.49.0" from "git"
2025-04-23 01:05:19.580 [info] [Model][doInitialScan] Initial repository scan started
2025-04-23 01:05:19.580 [info] > git rev-parse --show-toplevel [6ms]
2025-04-23 01:05:19.580 [info] fatal: not a git repository (or any parent up to mount point /)
Stopping at filesystem boundary (GIT_DISCOVERY_ACROSS_FILESYSTEM not set).
2025-04-23 01:05:19.580 [info] > git rev-parse --show-toplevel [14ms]
2025-04-23 01:05:19.580 [info] fatal: not a git repository (or any parent up to mount point /)
Stopping at filesystem boundary (GIT_DISCOVERY_ACROSS_FILESYSTEM not set).
2025-04-23 01:05:19.581 [info] > git rev-parse --show-toplevel [3ms]
2025-04-23 01:05:19.581 [info] fatal: not a git repository (or any parent up to mount point /)
Stopping at filesystem boundary (GIT_DISCOVERY_ACROSS_FILESYSTEM not set).
2025-04-23 01:05:19.581 [info] [Model][doInitialScan] Initial repository scan completed - repositories (0), closed repositories (0), parent repositories (0), unsafe repositories (0)
2025-04-23 01:05:20.258 [info] > git rev-parse --show-toplevel [1ms]
2025-04-23 01:05:20.258 [info] fatal: not a git repository (or any parent up to mount point /)
Stopping at filesystem boundary (GIT_DISCOVERY_ACROSS_FILESYSTEM not set).
2025-04-23 01:05:20.878 [info] > git rev-parse --show-toplevel [1ms]
2025-04-23 01:05:20.878 [info] fatal: not a git repository (or any parent up to mount point /)
Stopping at filesystem boundary (GIT_DISCOVERY_ACROSS_FILESYSTEM not set).
2025-04-23 01:06:36.103 [info] > git rev-parse --show-toplevel [2ms]
2025-04-23 01:06:36.103 [info] fatal: not a git repository (or any parent up to mount point /)
Stopping at filesystem boundary (GIT_DISCOVERY_ACROSS_FILESYSTEM not set).
2025-04-23 01:07:45.007 [info] > git rev-parse --show-toplevel [1ms]
2025-04-23 01:07:45.008 [info] fatal: not a git repository (or any parent up to mount point /)
Stopping at filesystem boundary (GIT_DISCOVERY_ACROSS_FILESYSTEM not set).
2025-04-23 01:07:51.413 [info] > git rev-parse --show-toplevel [1ms]
2025-04-23 01:07:51.413 [info] fatal: not a git repository (or any parent up to mount point /)
Stopping at filesystem boundary (GIT_DISCOVERY_ACROSS_FILESYSTEM not set).
2025-04-23 01:07:52.753 [info] > git rev-parse --show-toplevel [1ms]
2025-04-23 01:07:52.753 [info] fatal: not a git repository (or any parent up to mount point /)
Stopping at filesystem boundary (GIT_DISCOVERY_ACROSS_FILESYSTEM not set).
2025-04-23 01:08:49.617 [info] > git rev-parse --show-toplevel [2ms]
2025-04-23 01:08:49.617 [info] fatal: not a git repository (or any parent up to mount point /)
Stopping at filesystem boundary (GIT_DISCOVERY_ACROSS_FILESYSTEM not set).
2025-04-23 01:09:12.463 [info] > git rev-parse --show-toplevel [1ms]
2025-04-23 01:09:12.464 [info] fatal: not a git repository (or any parent up to mount point /)
Stopping at filesystem boundary (GIT_DISCOVERY_ACROSS_FILESYSTEM not set).
2025-04-23 01:09:44.519 [info] > git rev-parse --show-toplevel [1ms]
2025-04-23 01:09:44.519 [info] fatal: not a git repository (or any parent up to mount point /)
Stopping at filesystem boundary (GIT_DISCOVERY_ACROSS_FILESYSTEM not set).
2025-04-23 01:09:59.284 [info] > git rev-parse --show-toplevel [1ms]
2025-04-23 01:09:59.284 [info] fatal: not a git repository (or any parent up to mount point /)
Stopping at filesystem boundary (GIT_DISCOVERY_ACROSS_FILESYSTEM not set).
2025-04-23 01:10:20.655 [info] > git rev-parse --show-toplevel [1ms]
2025-04-23 01:10:20.655 [info] fatal: not a git repository (or any parent up to mount point /)
Stopping at filesystem boundary (GIT_DISCOVERY_ACROSS_FILESYSTEM not set).
2025-04-23 01:10:26.150 [info] > git rev-parse --show-toplevel [2ms]
2025-04-23 01:10:26.150 [info] fatal: not a git repository (or any parent up to mount point /)
Stopping at filesystem boundary (GIT_DISCOVERY_ACROSS_FILESYSTEM not set).
2025-04-23 01:28:22.969 [info] > git rev-parse --show-toplevel [1ms]
2025-04-23 01:28:22.969 [info] fatal: not a git repository (or any parent up to mount point /)
Stopping at filesystem boundary (GIT_DISCOVERY_ACROSS_FILESYSTEM not set).
2025-04-23 01:32:10.139 [info] > git rev-parse --show-toplevel [2ms]
2025-04-23 01:32:10.139 [info] fatal: not a git repository (or any parent up to mount point /)
Stopping at filesystem boundary (GIT_DISCOVERY_ACROSS_FILESYSTEM not set).
2025-04-23 01:58:25.507 [info] > git rev-parse --show-toplevel [1ms]
2025-04-23 01:58:25.507 [info] fatal: not a git repository (or any parent up to mount point /)
Stopping at filesystem boundary (GIT_DISCOVERY_ACROSS_FILESYSTEM not set).
2025-04-23 01:59:35.869 [info] > git rev-parse --show-toplevel [1ms]
2025-04-23 01:59:35.869 [info] fatal: not a git repository (or any parent up to mount point /)
Stopping at filesystem boundary (GIT_DISCOVERY_ACROSS_FILESYSTEM not set).
2025-04-23 01:59:44.542 [info] > git rev-parse --show-toplevel [1ms]
2025-04-23 01:59:44.542 [info] fatal: not a git repository (or any parent up to mount point /)
Stopping at filesystem boundary (GIT_DISCOVERY_ACROSS_FILESYSTEM not set).
2025-04-23 02:02:08.785 [info] > git rev-parse --show-toplevel [1ms]
2025-04-23 02:02:08.785 [info] fatal: not a git repository (or any parent up to mount point /)
Stopping at filesystem boundary (GIT_DISCOVERY_ACROSS_FILESYSTEM not set).
2025-04-23 02:02:14.877 [info] > git rev-parse --show-toplevel [1ms]
2025-04-23 02:02:14.877 [info] fatal: not a git repository (or any parent up to mount point /)
Stopping at filesystem boundary (GIT_DISCOVERY_ACROSS_FILESYSTEM not set).
2025-04-23 02:04:09.506 [info] > git rev-parse --show-toplevel [1ms]
2025-04-23 02:04:09.506 [info] fatal: not a git repository (or any parent up to mount point /)
Stopping at filesystem boundary (GIT_DISCOVERY_ACROSS_FILESYSTEM not set).
2025-04-23 02:04:21.505 [info] > git rev-parse --show-toplevel [1ms]
2025-04-23 02:04:21.505 [info] fatal: not a git repository (or any parent up to mount point /)
Stopping at filesystem boundary (GIT_DISCOVERY_ACROSS_FILESYSTEM not set).
2025-04-23 02:11:51.107 [info] > git rev-parse --show-toplevel [2ms]
2025-04-23 02:11:51.107 [info] fatal: not a git repository (or any parent up to mount point /)
Stopping at filesystem boundary (GIT_DISCOVERY_ACROSS_FILESYSTEM not set).
2025-04-23 02:11:52.768 [info] > git rev-parse --show-toplevel [2ms]
2025-04-23 02:11:52.768 [info] fatal: not a git repository (or any parent up to mount point /)
Stopping at filesystem boundary (GIT_DISCOVERY_ACROSS_FILESYSTEM not set).
2025-04-23 02:12:26.058 [info] > git rev-parse --show-toplevel [1ms]
2025-04-23 02:12:26.058 [info] fatal: not a git repository (or any parent up to mount point /)
Stopping at filesystem boundary (GIT_DISCOVERY_ACROSS_FILESYSTEM not set).
2025-04-23 02:12:42.089 [info] > git rev-parse --show-toplevel [1ms]
2025-04-23 02:12:42.090 [info] fatal: not a git repository (or any parent up to mount point /)
Stopping at filesystem boundary (GIT_DISCOVERY_ACROSS_FILESYSTEM not set).
2025-04-23 02:14:19.458 [info] > git rev-parse --show-toplevel [1ms]
2025-04-23 02:14:19.458 [info] fatal: not a git repository (or any parent up to mount point /)
Stopping at filesystem boundary (GIT_DISCOVERY_ACROSS_FILESYSTEM not set).
2025-04-23 02:14:30.072 [info] > git rev-parse --show-toplevel [1ms]
2025-04-23 02:14:30.072 [info] fatal: not a git repository (or any parent up to mount point /)
Stopping at filesystem boundary (GIT_DISCOVERY_ACROSS_FILESYSTEM not set).
2025-04-23 02:14:33.828 [info] > git rev-parse --show-toplevel [1ms]
2025-04-23 02:14:33.828 [info] fatal: not a git repository (or any parent up to mount point /)
Stopping at filesystem boundary (GIT_DISCOVERY_ACROSS_FILESYSTEM not set).
2025-04-23 02:14:48.216 [info] > git rev-parse --show-toplevel [1ms]
2025-04-23 02:14:48.217 [info] fatal: not a git repository (or any parent up to mount point /)
Stopping at filesystem boundary (GIT_DISCOVERY_ACROSS_FILESYSTEM not set).
2025-04-23 02:16:25.084 [info] > git rev-parse --show-toplevel [1ms]
2025-04-23 02:16:25.084 [info] fatal: not a git repository (or any parent up to mount point /)
Stopping at filesystem boundary (GIT_DISCOVERY_ACROSS_FILESYSTEM not set).
2025-04-23 02:17:09.134 [info] > git rev-parse --show-toplevel [1ms]
2025-04-23 02:17:09.134 [info] fatal: not a git repository (or any parent up to mount point /)
Stopping at filesystem boundary (GIT_DISCOVERY_ACROSS_FILESYSTEM not set).
2025-04-23 02:18:43.038 [info] > git rev-parse --show-toplevel [1ms]
2025-04-23 02:18:43.038 [info] fatal: not a git repository (or any parent up to mount point /)
Stopping at filesystem boundary (GIT_DISCOVERY_ACROSS_FILESYSTEM not set).
2025-04-23 02:18:56.783 [info] > git rev-parse --show-toplevel [1ms]
2025-04-23 02:18:56.783 [info] fatal: not a git repository (or any parent up to mount point /)
Stopping at filesystem boundary (GIT_DISCOVERY_ACROSS_FILESYSTEM not set).
2025-04-23 02:19:33.634 [info] > git rev-parse --show-toplevel [1ms]
2025-04-23 02:19:33.634 [info] fatal: not a git repository (or any parent up to mount point /)
Stopping at filesystem boundary (GIT_DISCOVERY_ACROSS_FILESYSTEM not set).
2025-04-23 02:19:48.893 [info] > git rev-parse --show-toplevel [2ms]
2025-04-23 02:19:48.893 [info] fatal: not a git repository (or any parent up to mount point /)
Stopping at filesystem boundary (GIT_DISCOVERY_ACROSS_FILESYSTEM not set).
2025-04-23 02:19:49.677 [info] > git rev-parse --show-toplevel [1ms]
2025-04-23 02:19:49.677 [info] fatal: not a git repository (or any parent up to mount point /)
Stopping at filesystem boundary (GIT_DISCOVERY_ACROSS_FILESYSTEM not set).
2025-04-23 02:19:52.368 [info] > git rev-parse --show-toplevel [1ms]
2025-04-23 02:19:52.368 [info] fatal: not a git repository (or any parent up to mount point /)
Stopping at filesystem boundary (GIT_DISCOVERY_ACROSS_FILESYSTEM not set).
2025-04-23 02:20:59.013 [info] > git rev-parse --show-toplevel [1ms]
2025-04-23 02:20:59.013 [info] fatal: not a git repository (or any parent up to mount point /)
Stopping at filesystem boundary (GIT_DISCOVERY_ACROSS_FILESYSTEM not set).
2025-04-23 02:21:04.380 [info] > git rev-parse --show-toplevel [1ms]
2025-04-23 02:21:04.381 [info] fatal: not a git repository (or any parent up to mount point /)
Stopping at filesystem boundary (GIT_DISCOVERY_ACROSS_FILESYSTEM not set).
2025-04-23 02:27:55.790 [info] > git rev-parse --show-toplevel [1ms]
2025-04-23 02:27:55.790 [info] fatal: not a git repository (or any parent up to mount point /)
Stopping at filesystem boundary (GIT_DISCOVERY_ACROSS_FILESYSTEM not set).
2025-04-23 02:28:05.441 [info] > git rev-parse --show-toplevel [1ms]
2025-04-23 02:28:05.441 [info] fatal: not a git repository (or any parent up to mount point /)
Stopping at filesystem boundary (GIT_DISCOVERY_ACROSS_FILESYSTEM not set).
2025-04-23 02:31:42.967 [info] > git rev-parse --show-toplevel [1ms]
2025-04-23 02:31:42.967 [info] fatal: not a git repository (or any parent up to mount point /)
Stopping at filesystem boundary (GIT_DISCOVERY_ACROSS_FILESYSTEM not set).
2025-04-23 02:31:57.270 [info] > git rev-parse --show-toplevel [1ms]
2025-04-23 02:31:57.270 [info] fatal: not a git repository (or any parent up to mount point /)
Stopping at filesystem boundary (GIT_DISCOVERY_ACROSS_FILESYSTEM not set).
2025-04-23 02:33:06.964 [info] > git rev-parse --show-toplevel [2ms]
2025-04-23 02:33:06.964 [info] fatal: not a git repository (or any parent up to mount point /)
Stopping at filesystem boundary (GIT_DISCOVERY_ACROSS_FILESYSTEM not set).
2025-04-23 02:33:15.114 [info] > git rev-parse --show-toplevel [2ms]
2025-04-23 02:33:15.114 [info] fatal: not a git repository (or any parent up to mount point /)
Stopping at filesystem boundary (GIT_DISCOVERY_ACROSS_FILESYSTEM not set).
2025-04-23 02:36:46.266 [info] > git rev-parse --show-toplevel [1ms]
2025-04-23 02:36:46.266 [info] fatal: not a git repository (or any parent up to mount point /)
Stopping at filesystem boundary (GIT_DISCOVERY_ACROSS_FILESYSTEM not set).
2025-04-23 02:36:46.338 [info] > git rev-parse --show-toplevel [2ms]
2025-04-23 02:36:46.338 [info] fatal: not a git repository (or any parent up to mount point /)
Stopping at filesystem boundary (GIT_DISCOVERY_ACROSS_FILESYSTEM not set).
2025-04-23 02:38:23.572 [info] > git rev-parse --show-toplevel [1ms]
2025-04-23 02:38:23.572 [info] fatal: not a git repository (or any parent up to mount point /)
Stopping at filesystem boundary (GIT_DISCOVERY_ACROSS_FILESYSTEM not set).
2025-04-23 02:38:25.571 [info] > git rev-parse --show-toplevel [2ms]
2025-04-23 02:38:25.571 [info] fatal: not a git repository (or any parent up to mount point /)
Stopping at filesystem boundary (GIT_DISCOVERY_ACROSS_FILESYSTEM not set).
2025-04-23 02:38:30.448 [info] > git rev-parse --show-toplevel [1ms]
2025-04-23 02:38:30.448 [info] fatal: not a git repository (or any parent up to mount point /)
Stopping at filesystem boundary (GIT_DISCOVERY_ACROSS_FILESYSTEM not set).
2025-04-23 02:38:36.132 [info] > git rev-parse --show-toplevel [1ms]
2025-04-23 02:38:36.132 [info] fatal: not a git repository (or any parent up to mount point /)
Stopping at filesystem boundary (GIT_DISCOVERY_ACROSS_FILESYSTEM not set).
2025-04-23 02:38:40.321 [info] > git rev-parse --show-toplevel [1ms]
2025-04-23 02:38:40.321 [info] fatal: not a git repository (or any parent up to mount point /)
Stopping at filesystem boundary (GIT_DISCOVERY_ACROSS_FILESYSTEM not set).
2025-04-23 02:38:56.008 [info] > git rev-parse --show-toplevel [1ms]
2025-04-23 02:38:56.008 [info] fatal: not a git repository (or any parent up to mount point /)
Stopping at filesystem boundary (GIT_DISCOVERY_ACROSS_FILESYSTEM not set).
2025-04-23 02:38:57.872 [info] > git rev-parse --show-toplevel [1ms]
2025-04-23 02:38:57.872 [info] fatal: not a git repository (or any parent up to mount point /)
Stopping at filesystem boundary (GIT_DISCOVERY_ACROSS_FILESYSTEM not set).
2025-04-23 02:38:57.877 [info] > git rev-parse --show-toplevel [1ms]
2025-04-23 02:38:57.877 [info] fatal: not a git repository (or any parent up to mount point /)
Stopping at filesystem boundary (GIT_DISCOVERY_ACROSS_FILESYSTEM not set).
2025-04-23 02:38:57.882 [info] > git rev-parse --show-toplevel [0ms]
2025-04-23 02:38:57.882 [info] fatal: not a git repository (or any parent up to mount point /)
Stopping at filesystem boundary (GIT_DISCOVERY_ACROSS_FILESYSTEM not set).
2025-04-23 02:51:09.357 [info] > git rev-parse --show-toplevel [1ms]
2025-04-23 02:51:09.357 [info] fatal: not a git repository (or any parent up to mount point /)
Stopping at filesystem boundary (GIT_DISCOVERY_ACROSS_FILESYSTEM not set).
2025-04-23 02:51:09.368 [info] > git rev-parse --show-toplevel [1ms]
2025-04-23 02:51:09.368 [info] fatal: not a git repository (or any parent up to mount point /)
Stopping at filesystem boundary (GIT_DISCOVERY_ACROSS_FILESYSTEM not set).
2025-04-23 02:51:09.373 [info] > git rev-parse --show-toplevel [1ms]
2025-04-23 02:51:09.373 [info] fatal: not a git repository (or any parent up to mount point /)
Stopping at filesystem boundary (GIT_DISCOVERY_ACROSS_FILESYSTEM not set).
2025-04-23 02:51:33.143 [info] > git rev-parse --show-toplevel [1ms]
2025-04-23 02:51:33.143 [info] fatal: not a git repository (or any parent up to mount point /)
Stopping at filesystem boundary (GIT_DISCOVERY_ACROSS_FILESYSTEM not set).
2025-04-23 02:51:33.150 [info] > git rev-parse --show-toplevel [2ms]
2025-04-23 02:51:33.150 [info] fatal: not a git repository (or any parent up to mount point /)
Stopping at filesystem boundary (GIT_DISCOVERY_ACROSS_FILESYSTEM not set).
2025-04-23 02:51:33.155 [info] > git rev-parse --show-toplevel [0ms]
2025-04-23 02:51:33.156 [info] fatal: not a git repository (or any parent up to mount point /)
Stopping at filesystem boundary (GIT_DISCOVERY_ACROSS_FILESYSTEM not set).
2025-04-23 02:57:38.605 [info] > git rev-parse --show-toplevel [1ms]
2025-04-23 02:57:38.605 [info] fatal: not a git repository (or any parent up to mount point /)
Stopping at filesystem boundary (GIT_DISCOVERY_ACROSS_FILESYSTEM not set).
2025-04-23 02:57:38.616 [info] > git rev-parse --show-toplevel [1ms]
2025-04-23 02:57:38.616 [info] fatal: not a git repository (or any parent up to mount point /)
Stopping at filesystem boundary (GIT_DISCOVERY_ACROSS_FILESYSTEM not set).
2025-04-23 02:57:38.620 [info] > git rev-parse --show-toplevel [0ms]
2025-04-23 02:57:38.620 [info] fatal: not a git repository (or any parent up to mount point /)
Stopping at filesystem boundary (GIT_DISCOVERY_ACROSS_FILESYSTEM not set).
2025-04-23 02:57:43.894 [info] > git rev-parse --show-toplevel [1ms]
2025-04-23 02:57:43.894 [info] fatal: not a git repository (or any parent up to mount point /)
Stopping at filesystem boundary (GIT_DISCOVERY_ACROSS_FILESYSTEM not set).
2025-04-23 02:57:43.900 [info] > git rev-parse --show-toplevel [1ms]
2025-04-23 02:57:43.900 [info] fatal: not a git repository (or any parent up to mount point /)
Stopping at filesystem boundary (GIT_DISCOVERY_ACROSS_FILESYSTEM not set).
2025-04-23 02:57:43.906 [info] > git rev-parse --show-toplevel [1ms]
2025-04-23 02:57:43.906 [info] fatal: not a git repository (or any parent up to mount point /)
Stopping at filesystem boundary (GIT_DISCOVERY_ACROSS_FILESYSTEM not set).
2025-04-23 03:20:52.459 [info] > git rev-parse --show-toplevel [1ms]
2025-04-23 03:20:52.459 [info] fatal: not a git repository (or any parent up to mount point /)
Stopping at filesystem boundary (GIT_DISCOVERY_ACROSS_FILESYSTEM not set).
2025-04-23 03:20:52.474 [info] > git rev-parse --show-toplevel [1ms]
2025-04-23 03:20:52.474 [info] fatal: not a git repository (or any parent up to mount point /)
Stopping at filesystem boundary (GIT_DISCOVERY_ACROSS_FILESYSTEM not set).
2025-04-23 03:20:52.480 [info] > git rev-parse --show-toplevel [1ms]
2025-04-23 03:20:52.480 [info] fatal: not a git repository (or any parent up to mount point /)
Stopping at filesystem boundary (GIT_DISCOVERY_ACROSS_FILESYSTEM not set).
2025-04-23 03:21:26.599 [info] > git rev-parse --show-toplevel [1ms]
2025-04-23 03:21:26.599 [info] fatal: not a git repository (or any parent up to mount point /)
Stopping at filesystem boundary (GIT_DISCOVERY_ACROSS_FILESYSTEM not set).
2025-04-23 03:21:26.607 [info] > git rev-parse --show-toplevel [1ms]
2025-04-23 03:21:26.607 [info] fatal: not a git repository (or any parent up to mount point /)
Stopping at filesystem boundary (GIT_DISCOVERY_ACROSS_FILESYSTEM not set).
2025-04-23 03:21:26.613 [info] > git rev-parse --show-toplevel [1ms]
2025-04-23 03:21:26.613 [info] fatal: not a git repository (or any parent up to mount point /)
Stopping at filesystem boundary (GIT_DISCOVERY_ACROSS_FILESYSTEM not set).
