2025-04-21 10:56:14.611 [info] [main] Log level: Info
2025-04-21 10:56:14.611 [info] [main] Validating found git in: "git"
2025-04-21 10:56:14.611 [info] [main] Using git "2.49.0" from "git"
2025-04-21 10:56:14.611 [info] [Model][doInitialScan] Initial repository scan started
2025-04-21 10:56:14.611 [info] > git rev-parse --show-toplevel [13ms]
2025-04-21 10:56:14.611 [info] > git rev-parse --git-dir --git-common-dir [2ms]
2025-04-21 10:56:14.611 [info] [Model][openRepository] Opened repository: /home/kh/hyprcrow
2025-04-21 10:56:14.622 [info] > git rev-parse --show-toplevel [2ms]
2025-04-21 10:56:14.622 [info] > git config --get commit.template [6ms]
2025-04-21 10:56:14.634 [info] > git rev-parse --show-toplevel [6ms]
2025-04-21 10:56:14.638 [info] > git for-each-ref --format=%(refname)%00%(upstream:short)%00%(objectname)%00%(upstream:track)%00%(upstream:remotename)%00%(upstream:remoteref) refs/heads/main refs/remotes/main [6ms]
2025-04-21 10:56:14.643 [warning] [Git][revParse] Unable to read file: ENOENT: no such file or directory, open '/home/kh/hyprcrow/.git/refs/remotes/origin/main'
2025-04-21 10:56:14.643 [info] > git rev-parse --show-toplevel [5ms]
2025-04-21 10:56:14.647 [info] > git rev-parse refs/remotes/origin/main [4ms]
2025-04-21 10:56:14.657 [info] > git rev-parse --show-toplevel [10ms]
2025-04-21 10:56:14.662 [info] > git for-each-ref --sort -committerdate --format %(refname)%00%(objectname)%00%(*objectname) [5ms]
2025-04-21 10:56:14.663 [info] > git rev-parse --show-toplevel [2ms]
2025-04-21 10:56:14.668 [info] > git rev-parse --show-toplevel [1ms]
2025-04-21 10:56:14.673 [info] > git rev-parse --show-toplevel [1ms]
2025-04-21 10:56:14.674 [info] [Model][doInitialScan] Initial repository scan completed - repositories (1), closed repositories (0), parent repositories (0), unsafe repositories (0)
2025-04-21 10:56:14.920 [info] > git show --textconv :.config/matugen/templates/yazi-theme.toml [6ms]
2025-04-21 10:56:14.926 [info] > git hash-object -t tree /dev/null [1ms]
2025-04-21 10:56:14.926 [warning] [GitFileSystemProvider][readFile] File not found - git:/home/kh/hyprcrow/.config/matugen/templates/yazi-theme.toml.git?%7B%22path%22%3A%22%2Fhome%2Fkh%2Fhyprcrow%2F.config%2Fmatugen%2Ftemplates%2Fyazi-theme.toml%22%2C%22ref%22%3A%22%22%7D
2025-04-21 10:56:14.927 [info] > git ls-files --stage -- .config/matugen/templates/yazi-theme.toml [8ms]
2025-04-21 10:56:14.927 [warning] [GitFileSystemProvider][stat] File not found - git:/home/kh/hyprcrow/.config/matugen/templates/yazi-theme.toml.git?%7B%22path%22%3A%22%2Fhome%2Fkh%2Fhyprcrow%2F.config%2Fmatugen%2Ftemplates%2Fyazi-theme.toml%22%2C%22ref%22%3A%22%22%7D
2025-04-21 10:56:14.937 [info] > git blame --root --incremental 3337d2b34eb8dbb739902bcf4d3f0f14e9bb856f -- .config/matugen/templates/yazi-theme.toml [1ms]
2025-04-21 10:56:14.937 [info] fatal: no such path .config/matugen/templates/yazi-theme.toml in 3337d2b34eb8dbb739902bcf4d3f0f14e9bb856f
2025-04-21 10:56:14.958 [info] > git status -z -uall [306ms]
2025-04-21 10:56:14.988 [info] > git for-each-ref --format=%(refname)%00%(upstream:short)%00%(objectname)%00%(upstream:track)%00%(upstream:remotename)%00%(upstream:remoteref) refs/heads/main refs/remotes/main [9ms]
2025-04-21 10:56:14.995 [info] > git config --get --local branch.main.vscode-merge-base [2ms]
2025-04-21 10:56:14.999 [info] > git config --get commit.template [13ms]
2025-04-21 10:56:15.004 [info] > git for-each-ref --format=%(refname)%00%(upstream:short)%00%(objectname)%00%(upstream:track)%00%(upstream:remotename)%00%(upstream:remoteref) refs/heads/origin/main refs/remotes/origin/main [5ms]
2025-04-21 10:56:15.009 [info] > git for-each-ref --format=%(refname)%00%(upstream:short)%00%(objectname)%00%(upstream:track)%00%(upstream:remotename)%00%(upstream:remoteref) refs/heads/main refs/remotes/main [6ms]
2025-04-21 10:56:15.013 [warning] [Git][revParse] Unable to read file: ENOENT: no such file or directory, open '/home/kh/hyprcrow/.git/refs/remotes/origin/main'
2025-04-21 10:56:15.013 [info] > git merge-base refs/heads/main refs/remotes/origin/main [5ms]
2025-04-21 10:56:15.019 [info] > git rev-parse refs/remotes/origin/main [6ms]
2025-04-21 10:56:15.028 [info] > git diff --name-status -z --diff-filter=ADMR 3337d2b34eb8dbb739902bcf4d3f0f14e9bb856f...refs/remotes/origin/main [10ms]
2025-04-21 10:56:15.029 [info] > git for-each-ref --sort -committerdate --format %(refname)%00%(objectname)%00%(*objectname) [2ms]
2025-04-21 10:56:15.157 [info] > git status -z -uall [134ms]
2025-04-21 10:56:15.213 [info] > git check-ignore -v -z --stdin [73ms]
2025-04-21 10:56:31.851 [info] > git config --get commit.template [5ms]
2025-04-21 10:56:31.851 [info] > git for-each-ref --format=%(refname)%00%(upstream:short)%00%(objectname)%00%(upstream:track)%00%(upstream:remotename)%00%(upstream:remoteref) refs/heads/main refs/remotes/main [1ms]
2025-04-21 10:56:31.856 [warning] [Git][revParse] Unable to read file: ENOENT: no such file or directory, open '/home/kh/hyprcrow/.git/refs/remotes/origin/main'
2025-04-21 10:56:31.857 [info] > git rev-parse refs/remotes/origin/main [1ms]
2025-04-21 10:56:31.868 [info] > git for-each-ref --sort -committerdate --format %(refname)%00%(objectname)%00%(*objectname) [1ms]
2025-04-21 10:56:31.981 [info] > git status -z -uall [119ms]
2025-04-21 10:56:37.853 [info] > git config --get commit.template [5ms]
2025-04-21 10:56:37.854 [info] > git for-each-ref --format=%(refname)%00%(upstream:short)%00%(objectname)%00%(upstream:track)%00%(upstream:remotename)%00%(upstream:remoteref) refs/heads/main refs/remotes/main [1ms]
2025-04-21 10:56:37.858 [warning] [Git][revParse] Unable to read file: ENOENT: no such file or directory, open '/home/kh/hyprcrow/.git/refs/remotes/origin/main'
2025-04-21 10:56:37.859 [info] > git rev-parse refs/remotes/origin/main [1ms]
2025-04-21 10:56:37.870 [info] > git for-each-ref --sort -committerdate --format %(refname)%00%(objectname)%00%(*objectname) [2ms]
2025-04-21 10:56:37.995 [info] > git status -z -uall [131ms]
2025-04-21 10:58:15.579 [info] > git config --get commit.template [5ms]
2025-04-21 10:58:15.580 [info] > git for-each-ref --format=%(refname)%00%(upstream:short)%00%(objectname)%00%(upstream:track)%00%(upstream:remotename)%00%(upstream:remoteref) refs/heads/main refs/remotes/main [1ms]
2025-04-21 10:58:15.585 [warning] [Git][revParse] Unable to read file: ENOENT: no such file or directory, open '/home/kh/hyprcrow/.git/refs/remotes/origin/main'
2025-04-21 10:58:15.586 [info] > git rev-parse refs/remotes/origin/main [1ms]
2025-04-21 10:58:15.596 [info] > git for-each-ref --sort -committerdate --format %(refname)%00%(objectname)%00%(*objectname) [1ms]
2025-04-21 10:58:15.717 [info] > git status -z -uall [127ms]
2025-04-21 10:58:28.668 [info] > git check-ignore -v -z --stdin [9ms]
2025-04-21 10:58:35.889 [info] > git config --get commit.template [5ms]
2025-04-21 10:58:35.890 [info] > git for-each-ref --format=%(refname)%00%(upstream:short)%00%(objectname)%00%(upstream:track)%00%(upstream:remotename)%00%(upstream:remoteref) refs/heads/main refs/remotes/main [1ms]
2025-04-21 10:58:35.894 [warning] [Git][revParse] Unable to read file: ENOENT: no such file or directory, open '/home/kh/hyprcrow/.git/refs/remotes/origin/main'
2025-04-21 10:58:35.895 [info] > git rev-parse refs/remotes/origin/main [1ms]
2025-04-21 10:58:35.905 [info] > git for-each-ref --sort -committerdate --format %(refname)%00%(objectname)%00%(*objectname) [1ms]
2025-04-21 10:58:36.026 [info] > git status -z -uall [127ms]
2025-04-21 10:58:41.049 [info] > git config --get commit.template [6ms]
2025-04-21 10:58:41.049 [info] > git for-each-ref --format=%(refname)%00%(upstream:short)%00%(objectname)%00%(upstream:track)%00%(upstream:remotename)%00%(upstream:remoteref) refs/heads/main refs/remotes/main [1ms]
2025-04-21 10:58:41.054 [warning] [Git][revParse] Unable to read file: ENOENT: no such file or directory, open '/home/kh/hyprcrow/.git/refs/remotes/origin/main'
2025-04-21 10:58:41.054 [info] > git rev-parse refs/remotes/origin/main [0ms]
2025-04-21 10:58:41.064 [info] > git for-each-ref --sort -committerdate --format %(refname)%00%(objectname)%00%(*objectname) [1ms]
2025-04-21 10:58:41.175 [info] > git status -z -uall [116ms]
2025-04-21 10:59:23.965 [info] > git config --get commit.template [6ms]
2025-04-21 10:59:23.966 [info] > git for-each-ref --format=%(refname)%00%(upstream:short)%00%(objectname)%00%(upstream:track)%00%(upstream:remotename)%00%(upstream:remoteref) refs/heads/main refs/remotes/main [1ms]
2025-04-21 10:59:23.970 [warning] [Git][revParse] Unable to read file: ENOENT: no such file or directory, open '/home/kh/hyprcrow/.git/refs/remotes/origin/main'
2025-04-21 10:59:23.972 [info] > git rev-parse refs/remotes/origin/main [2ms]
2025-04-21 10:59:23.982 [info] > git for-each-ref --sort -committerdate --format %(refname)%00%(objectname)%00%(*objectname) [1ms]
2025-04-21 10:59:24.106 [info] > git status -z -uall [130ms]
2025-04-21 10:59:29.125 [info] > git config --get commit.template [6ms]
2025-04-21 10:59:29.125 [info] > git for-each-ref --format=%(refname)%00%(upstream:short)%00%(objectname)%00%(upstream:track)%00%(upstream:remotename)%00%(upstream:remoteref) refs/heads/main refs/remotes/main [1ms]
2025-04-21 10:59:29.130 [warning] [Git][revParse] Unable to read file: ENOENT: no such file or directory, open '/home/kh/hyprcrow/.git/refs/remotes/origin/main'
2025-04-21 10:59:29.131 [info] > git rev-parse refs/remotes/origin/main [1ms]
2025-04-21 10:59:29.140 [info] > git for-each-ref --sort -committerdate --format %(refname)%00%(objectname)%00%(*objectname) [1ms]
2025-04-21 10:59:29.255 [info] > git status -z -uall [120ms]
2025-04-21 10:59:34.275 [info] > git config --get commit.template [5ms]
2025-04-21 10:59:34.276 [info] > git for-each-ref --format=%(refname)%00%(upstream:short)%00%(objectname)%00%(upstream:track)%00%(upstream:remotename)%00%(upstream:remoteref) refs/heads/main refs/remotes/main [1ms]
2025-04-21 10:59:34.280 [warning] [Git][revParse] Unable to read file: ENOENT: no such file or directory, open '/home/kh/hyprcrow/.git/refs/remotes/origin/main'
2025-04-21 10:59:34.281 [info] > git rev-parse refs/remotes/origin/main [1ms]
2025-04-21 10:59:34.292 [info] > git for-each-ref --sort -committerdate --format %(refname)%00%(objectname)%00%(*objectname) [2ms]
2025-04-21 10:59:34.402 [info] > git status -z -uall [117ms]
2025-04-21 10:59:39.421 [info] > git config --get commit.template [5ms]
2025-04-21 10:59:39.422 [info] > git for-each-ref --format=%(refname)%00%(upstream:short)%00%(objectname)%00%(upstream:track)%00%(upstream:remotename)%00%(upstream:remoteref) refs/heads/main refs/remotes/main [1ms]
2025-04-21 10:59:39.425 [warning] [Git][revParse] Unable to read file: ENOENT: no such file or directory, open '/home/kh/hyprcrow/.git/refs/remotes/origin/main'
2025-04-21 10:59:39.426 [info] > git rev-parse refs/remotes/origin/main [1ms]
2025-04-21 10:59:39.437 [info] > git for-each-ref --sort -committerdate --format %(refname)%00%(objectname)%00%(*objectname) [2ms]
2025-04-21 10:59:39.548 [info] > git status -z -uall [117ms]
2025-04-21 10:59:39.897 [info] > git check-ignore -v -z --stdin [13ms]
2025-04-21 10:59:44.567 [info] > git config --get commit.template [5ms]
2025-04-21 10:59:44.568 [info] > git for-each-ref --format=%(refname)%00%(upstream:short)%00%(objectname)%00%(upstream:track)%00%(upstream:remotename)%00%(upstream:remoteref) refs/heads/main refs/remotes/main [2ms]
2025-04-21 10:59:44.572 [warning] [Git][revParse] Unable to read file: ENOENT: no such file or directory, open '/home/kh/hyprcrow/.git/refs/remotes/origin/main'
2025-04-21 10:59:44.573 [info] > git rev-parse refs/remotes/origin/main [1ms]
2025-04-21 10:59:44.582 [info] > git for-each-ref --sort -committerdate --format %(refname)%00%(objectname)%00%(*objectname) [1ms]
2025-04-21 10:59:44.695 [info] > git status -z -uall [118ms]
2025-04-21 10:59:48.774 [info] > git check-ignore -v -z --stdin [9ms]
2025-04-21 10:59:49.713 [info] > git config --get commit.template [5ms]
2025-04-21 10:59:49.714 [info] > git for-each-ref --format=%(refname)%00%(upstream:short)%00%(objectname)%00%(upstream:track)%00%(upstream:remotename)%00%(upstream:remoteref) refs/heads/main refs/remotes/main [1ms]
2025-04-21 10:59:49.718 [warning] [Git][revParse] Unable to read file: ENOENT: no such file or directory, open '/home/kh/hyprcrow/.git/refs/remotes/origin/main'
2025-04-21 10:59:49.719 [info] > git rev-parse refs/remotes/origin/main [1ms]
2025-04-21 10:59:49.731 [info] > git for-each-ref --sort -committerdate --format %(refname)%00%(objectname)%00%(*objectname) [2ms]
2025-04-21 10:59:49.861 [info] > git status -z -uall [138ms]
2025-04-21 10:59:54.883 [info] > git config --get commit.template [5ms]
2025-04-21 10:59:54.883 [info] > git for-each-ref --format=%(refname)%00%(upstream:short)%00%(objectname)%00%(upstream:track)%00%(upstream:remotename)%00%(upstream:remoteref) refs/heads/main refs/remotes/main [1ms]
2025-04-21 10:59:54.888 [warning] [Git][revParse] Unable to read file: ENOENT: no such file or directory, open '/home/kh/hyprcrow/.git/refs/remotes/origin/main'
2025-04-21 10:59:54.889 [info] > git rev-parse refs/remotes/origin/main [1ms]
2025-04-21 10:59:54.899 [info] > git for-each-ref --sort -committerdate --format %(refname)%00%(objectname)%00%(*objectname) [2ms]
2025-04-21 10:59:55.023 [info] > git status -z -uall [130ms]
2025-04-21 11:00:00.044 [info] > git config --get commit.template [5ms]
2025-04-21 11:00:00.044 [info] > git for-each-ref --format=%(refname)%00%(upstream:short)%00%(objectname)%00%(upstream:track)%00%(upstream:remotename)%00%(upstream:remoteref) refs/heads/main refs/remotes/main [1ms]
2025-04-21 11:00:00.049 [warning] [Git][revParse] Unable to read file: ENOENT: no such file or directory, open '/home/kh/hyprcrow/.git/refs/remotes/origin/main'
2025-04-21 11:00:00.050 [info] > git rev-parse refs/remotes/origin/main [1ms]
2025-04-21 11:00:00.060 [info] > git for-each-ref --sort -committerdate --format %(refname)%00%(objectname)%00%(*objectname) [1ms]
2025-04-21 11:00:00.176 [info] > git status -z -uall [121ms]
2025-04-21 11:00:05.193 [info] > git config --get commit.template [5ms]
2025-04-21 11:00:05.194 [info] > git for-each-ref --format=%(refname)%00%(upstream:short)%00%(objectname)%00%(upstream:track)%00%(upstream:remotename)%00%(upstream:remoteref) refs/heads/main refs/remotes/main [1ms]
2025-04-21 11:00:05.198 [warning] [Git][revParse] Unable to read file: ENOENT: no such file or directory, open '/home/kh/hyprcrow/.git/refs/remotes/origin/main'
2025-04-21 11:00:05.199 [info] > git rev-parse refs/remotes/origin/main [1ms]
2025-04-21 11:00:05.208 [info] > git for-each-ref --sort -committerdate --format %(refname)%00%(objectname)%00%(*objectname) [1ms]
2025-04-21 11:00:05.320 [info] > git status -z -uall [117ms]
2025-04-21 11:00:10.338 [info] > git config --get commit.template [5ms]
2025-04-21 11:00:10.338 [info] > git for-each-ref --format=%(refname)%00%(upstream:short)%00%(objectname)%00%(upstream:track)%00%(upstream:remotename)%00%(upstream:remoteref) refs/heads/main refs/remotes/main [1ms]
2025-04-21 11:00:10.343 [warning] [Git][revParse] Unable to read file: ENOENT: no such file or directory, open '/home/kh/hyprcrow/.git/refs/remotes/origin/main'
2025-04-21 11:00:10.344 [info] > git rev-parse refs/remotes/origin/main [1ms]
2025-04-21 11:00:10.353 [info] > git for-each-ref --sort -committerdate --format %(refname)%00%(objectname)%00%(*objectname) [1ms]
2025-04-21 11:00:10.465 [info] > git status -z -uall [117ms]
2025-04-21 11:00:15.482 [info] > git config --get commit.template [5ms]
2025-04-21 11:00:15.483 [info] > git for-each-ref --format=%(refname)%00%(upstream:short)%00%(objectname)%00%(upstream:track)%00%(upstream:remotename)%00%(upstream:remoteref) refs/heads/main refs/remotes/main [1ms]
2025-04-21 11:00:15.488 [warning] [Git][revParse] Unable to read file: ENOENT: no such file or directory, open '/home/kh/hyprcrow/.git/refs/remotes/origin/main'
2025-04-21 11:00:15.488 [info] > git rev-parse refs/remotes/origin/main [0ms]
2025-04-21 11:00:15.499 [info] > git for-each-ref --sort -committerdate --format %(refname)%00%(objectname)%00%(*objectname) [1ms]
2025-04-21 11:00:15.611 [info] > git status -z -uall [118ms]
2025-04-21 11:00:20.627 [info] > git config --get commit.template [5ms]
2025-04-21 11:00:20.628 [info] > git for-each-ref --format=%(refname)%00%(upstream:short)%00%(objectname)%00%(upstream:track)%00%(upstream:remotename)%00%(upstream:remoteref) refs/heads/main refs/remotes/main [1ms]
2025-04-21 11:00:20.632 [warning] [Git][revParse] Unable to read file: ENOENT: no such file or directory, open '/home/kh/hyprcrow/.git/refs/remotes/origin/main'
2025-04-21 11:00:20.633 [info] > git rev-parse refs/remotes/origin/main [1ms]
2025-04-21 11:00:20.643 [info] > git for-each-ref --sort -committerdate --format %(refname)%00%(objectname)%00%(*objectname) [1ms]
2025-04-21 11:00:20.757 [info] > git status -z -uall [120ms]
2025-04-21 11:00:25.775 [info] > git config --get commit.template [5ms]
2025-04-21 11:00:25.776 [info] > git for-each-ref --format=%(refname)%00%(upstream:short)%00%(objectname)%00%(upstream:track)%00%(upstream:remotename)%00%(upstream:remoteref) refs/heads/main refs/remotes/main [1ms]
2025-04-21 11:00:25.780 [warning] [Git][revParse] Unable to read file: ENOENT: no such file or directory, open '/home/kh/hyprcrow/.git/refs/remotes/origin/main'
2025-04-21 11:00:25.781 [info] > git rev-parse refs/remotes/origin/main [1ms]
2025-04-21 11:00:25.792 [info] > git for-each-ref --sort -committerdate --format %(refname)%00%(objectname)%00%(*objectname) [2ms]
2025-04-21 11:00:25.903 [info] > git status -z -uall [118ms]
2025-04-21 11:00:30.922 [info] > git config --get commit.template [5ms]
2025-04-21 11:00:30.922 [info] > git for-each-ref --format=%(refname)%00%(upstream:short)%00%(objectname)%00%(upstream:track)%00%(upstream:remotename)%00%(upstream:remoteref) refs/heads/main refs/remotes/main [1ms]
2025-04-21 11:00:30.926 [warning] [Git][revParse] Unable to read file: ENOENT: no such file or directory, open '/home/kh/hyprcrow/.git/refs/remotes/origin/main'
2025-04-21 11:00:30.927 [info] > git rev-parse refs/remotes/origin/main [1ms]
2025-04-21 11:00:30.937 [info] > git for-each-ref --sort -committerdate --format %(refname)%00%(objectname)%00%(*objectname) [1ms]
2025-04-21 11:00:31.048 [info] > git status -z -uall [117ms]
2025-04-21 11:00:36.069 [info] > git config --get commit.template [5ms]
2025-04-21 11:00:36.070 [info] > git for-each-ref --format=%(refname)%00%(upstream:short)%00%(objectname)%00%(upstream:track)%00%(upstream:remotename)%00%(upstream:remoteref) refs/heads/main refs/remotes/main [1ms]
2025-04-21 11:00:36.074 [warning] [Git][revParse] Unable to read file: ENOENT: no such file or directory, open '/home/kh/hyprcrow/.git/refs/remotes/origin/main'
2025-04-21 11:00:36.075 [info] > git rev-parse refs/remotes/origin/main [1ms]
2025-04-21 11:00:36.085 [info] > git for-each-ref --sort -committerdate --format %(refname)%00%(objectname)%00%(*objectname) [1ms]
2025-04-21 11:00:36.195 [info] > git status -z -uall [116ms]
2025-04-21 11:00:41.213 [info] > git config --get commit.template [5ms]
2025-04-21 11:00:41.214 [info] > git for-each-ref --format=%(refname)%00%(upstream:short)%00%(objectname)%00%(upstream:track)%00%(upstream:remotename)%00%(upstream:remoteref) refs/heads/main refs/remotes/main [1ms]
2025-04-21 11:00:41.218 [warning] [Git][revParse] Unable to read file: ENOENT: no such file or directory, open '/home/kh/hyprcrow/.git/refs/remotes/origin/main'
2025-04-21 11:00:41.219 [info] > git rev-parse refs/remotes/origin/main [1ms]
2025-04-21 11:00:41.229 [info] > git for-each-ref --sort -committerdate --format %(refname)%00%(objectname)%00%(*objectname) [2ms]
2025-04-21 11:00:41.341 [info] > git status -z -uall [118ms]
2025-04-21 11:01:09.644 [info] > git config --get commit.template [5ms]
2025-04-21 11:01:09.645 [info] > git for-each-ref --format=%(refname)%00%(upstream:short)%00%(objectname)%00%(upstream:track)%00%(upstream:remotename)%00%(upstream:remoteref) refs/heads/main refs/remotes/main [1ms]
2025-04-21 11:01:09.649 [warning] [Git][revParse] Unable to read file: ENOENT: no such file or directory, open '/home/kh/hyprcrow/.git/refs/remotes/origin/main'
2025-04-21 11:01:09.650 [info] > git rev-parse refs/remotes/origin/main [1ms]
2025-04-21 11:01:09.660 [info] > git for-each-ref --sort -committerdate --format %(refname)%00%(objectname)%00%(*objectname) [1ms]
2025-04-21 11:01:09.776 [info] > git status -z -uall [122ms]
2025-04-21 11:01:14.794 [info] > git config --get commit.template [5ms]
2025-04-21 11:01:14.795 [info] > git for-each-ref --format=%(refname)%00%(upstream:short)%00%(objectname)%00%(upstream:track)%00%(upstream:remotename)%00%(upstream:remoteref) refs/heads/main refs/remotes/main [1ms]
2025-04-21 11:01:14.799 [warning] [Git][revParse] Unable to read file: ENOENT: no such file or directory, open '/home/kh/hyprcrow/.git/refs/remotes/origin/main'
2025-04-21 11:01:14.800 [info] > git rev-parse refs/remotes/origin/main [1ms]
2025-04-21 11:01:14.810 [info] > git for-each-ref --sort -committerdate --format %(refname)%00%(objectname)%00%(*objectname) [1ms]
2025-04-21 11:01:14.934 [info] > git status -z -uall [130ms]
2025-04-21 11:01:19.953 [info] > git config --get commit.template [5ms]
2025-04-21 11:01:19.953 [info] > git for-each-ref --format=%(refname)%00%(upstream:short)%00%(objectname)%00%(upstream:track)%00%(upstream:remotename)%00%(upstream:remoteref) refs/heads/main refs/remotes/main [1ms]
2025-04-21 11:01:19.958 [warning] [Git][revParse] Unable to read file: ENOENT: no such file or directory, open '/home/kh/hyprcrow/.git/refs/remotes/origin/main'
2025-04-21 11:01:19.959 [info] > git rev-parse refs/remotes/origin/main [1ms]
2025-04-21 11:01:19.968 [info] > git for-each-ref --sort -committerdate --format %(refname)%00%(objectname)%00%(*objectname) [1ms]
2025-04-21 11:01:20.079 [info] > git status -z -uall [116ms]
2025-04-21 11:01:58.488 [info] > git config --get commit.template [7ms]
2025-04-21 11:01:58.489 [info] > git for-each-ref --format=%(refname)%00%(upstream:short)%00%(objectname)%00%(upstream:track)%00%(upstream:remotename)%00%(upstream:remoteref) refs/heads/main refs/remotes/main [2ms]
2025-04-21 11:01:58.494 [warning] [Git][revParse] Unable to read file: ENOENT: no such file or directory, open '/home/kh/hyprcrow/.git/refs/remotes/origin/main'
2025-04-21 11:01:58.495 [info] > git rev-parse refs/remotes/origin/main [1ms]
2025-04-21 11:01:58.505 [info] > git for-each-ref --sort -committerdate --format %(refname)%00%(objectname)%00%(*objectname) [1ms]
2025-04-21 11:01:58.617 [info] > git status -z -uall [118ms]
2025-04-21 11:02:03.638 [info] > git config --get commit.template [6ms]
2025-04-21 11:02:03.639 [info] > git for-each-ref --format=%(refname)%00%(upstream:short)%00%(objectname)%00%(upstream:track)%00%(upstream:remotename)%00%(upstream:remoteref) refs/heads/main refs/remotes/main [1ms]
2025-04-21 11:02:03.643 [warning] [Git][revParse] Unable to read file: ENOENT: no such file or directory, open '/home/kh/hyprcrow/.git/refs/remotes/origin/main'
2025-04-21 11:02:03.644 [info] > git rev-parse refs/remotes/origin/main [1ms]
2025-04-21 11:02:03.654 [info] > git for-each-ref --sort -committerdate --format %(refname)%00%(objectname)%00%(*objectname) [1ms]
2025-04-21 11:02:03.773 [info] > git status -z -uall [124ms]
2025-04-21 11:02:08.789 [info] > git config --get commit.template [4ms]
2025-04-21 11:02:08.790 [info] > git for-each-ref --format=%(refname)%00%(upstream:short)%00%(objectname)%00%(upstream:track)%00%(upstream:remotename)%00%(upstream:remoteref) refs/heads/main refs/remotes/main [1ms]
2025-04-21 11:02:08.794 [warning] [Git][revParse] Unable to read file: ENOENT: no such file or directory, open '/home/kh/hyprcrow/.git/refs/remotes/origin/main'
2025-04-21 11:02:08.795 [info] > git rev-parse refs/remotes/origin/main [1ms]
2025-04-21 11:02:08.805 [info] > git for-each-ref --sort -committerdate --format %(refname)%00%(objectname)%00%(*objectname) [1ms]
2025-04-21 11:02:08.919 [info] > git status -z -uall [120ms]
2025-04-21 11:02:23.154 [info] > git config --get commit.template [6ms]
2025-04-21 11:02:23.155 [info] > git for-each-ref --format=%(refname)%00%(upstream:short)%00%(objectname)%00%(upstream:track)%00%(upstream:remotename)%00%(upstream:remoteref) refs/heads/main refs/remotes/main [2ms]
2025-04-21 11:02:23.159 [warning] [Git][revParse] Unable to read file: ENOENT: no such file or directory, open '/home/kh/hyprcrow/.git/refs/remotes/origin/main'
2025-04-21 11:02:23.160 [info] > git rev-parse refs/remotes/origin/main [1ms]
2025-04-21 11:02:23.170 [info] > git for-each-ref --sort -committerdate --format %(refname)%00%(objectname)%00%(*objectname) [1ms]
2025-04-21 11:02:23.283 [info] > git status -z -uall [119ms]
2025-04-21 11:02:28.299 [info] > git config --get commit.template [5ms]
2025-04-21 11:02:28.300 [info] > git for-each-ref --format=%(refname)%00%(upstream:short)%00%(objectname)%00%(upstream:track)%00%(upstream:remotename)%00%(upstream:remoteref) refs/heads/main refs/remotes/main [1ms]
2025-04-21 11:02:28.305 [warning] [Git][revParse] Unable to read file: ENOENT: no such file or directory, open '/home/kh/hyprcrow/.git/refs/remotes/origin/main'
2025-04-21 11:02:28.306 [info] > git rev-parse refs/remotes/origin/main [1ms]
2025-04-21 11:02:28.316 [info] > git for-each-ref --sort -committerdate --format %(refname)%00%(objectname)%00%(*objectname) [1ms]
2025-04-21 11:02:28.429 [info] > git status -z -uall [119ms]
2025-04-21 11:02:33.447 [info] > git config --get commit.template [5ms]
2025-04-21 11:02:33.448 [info] > git for-each-ref --format=%(refname)%00%(upstream:short)%00%(objectname)%00%(upstream:track)%00%(upstream:remotename)%00%(upstream:remoteref) refs/heads/main refs/remotes/main [1ms]
2025-04-21 11:02:33.452 [warning] [Git][revParse] Unable to read file: ENOENT: no such file or directory, open '/home/kh/hyprcrow/.git/refs/remotes/origin/main'
2025-04-21 11:02:33.453 [info] > git rev-parse refs/remotes/origin/main [1ms]
2025-04-21 11:02:33.465 [info] > git for-each-ref --sort -committerdate --format %(refname)%00%(objectname)%00%(*objectname) [3ms]
2025-04-21 11:02:33.575 [info] > git status -z -uall [118ms]
2025-04-21 11:02:38.594 [info] > git config --get commit.template [5ms]
2025-04-21 11:02:38.594 [info] > git for-each-ref --format=%(refname)%00%(upstream:short)%00%(objectname)%00%(upstream:track)%00%(upstream:remotename)%00%(upstream:remoteref) refs/heads/main refs/remotes/main [1ms]
2025-04-21 11:02:38.599 [warning] [Git][revParse] Unable to read file: ENOENT: no such file or directory, open '/home/kh/hyprcrow/.git/refs/remotes/origin/main'
2025-04-21 11:02:38.600 [info] > git rev-parse refs/remotes/origin/main [1ms]
2025-04-21 11:02:38.609 [info] > git for-each-ref --sort -committerdate --format %(refname)%00%(objectname)%00%(*objectname) [1ms]
2025-04-21 11:02:38.721 [info] > git status -z -uall [117ms]
2025-04-21 11:02:43.737 [info] > git config --get commit.template [4ms]
2025-04-21 11:02:43.738 [info] > git for-each-ref --format=%(refname)%00%(upstream:short)%00%(objectname)%00%(upstream:track)%00%(upstream:remotename)%00%(upstream:remoteref) refs/heads/main refs/remotes/main [1ms]
2025-04-21 11:02:43.742 [warning] [Git][revParse] Unable to read file: ENOENT: no such file or directory, open '/home/kh/hyprcrow/.git/refs/remotes/origin/main'
2025-04-21 11:02:43.743 [info] > git rev-parse refs/remotes/origin/main [1ms]
2025-04-21 11:02:43.753 [info] > git for-each-ref --sort -committerdate --format %(refname)%00%(objectname)%00%(*objectname) [1ms]
2025-04-21 11:02:43.866 [info] > git status -z -uall [119ms]
2025-04-21 11:02:48.883 [info] > git config --get commit.template [5ms]
2025-04-21 11:02:48.884 [info] > git for-each-ref --format=%(refname)%00%(upstream:short)%00%(objectname)%00%(upstream:track)%00%(upstream:remotename)%00%(upstream:remoteref) refs/heads/main refs/remotes/main [1ms]
2025-04-21 11:02:48.888 [warning] [Git][revParse] Unable to read file: ENOENT: no such file or directory, open '/home/kh/hyprcrow/.git/refs/remotes/origin/main'
2025-04-21 11:02:48.889 [info] > git rev-parse refs/remotes/origin/main [1ms]
2025-04-21 11:02:48.898 [info] > git for-each-ref --sort -committerdate --format %(refname)%00%(objectname)%00%(*objectname) [1ms]
2025-04-21 11:02:49.015 [info] > git status -z -uall [122ms]
2025-04-21 11:02:50.187 [info] > git rev-parse --show-toplevel [2ms]
2025-04-21 11:02:50.187 [info] fatal: not a git repository (or any parent up to mount point /)
Stopping at filesystem boundary (GIT_DISCOVERY_ACROSS_FILESYSTEM not set).
2025-04-21 11:02:54.034 [info] > git config --get commit.template [5ms]
2025-04-21 11:02:54.034 [info] > git for-each-ref --format=%(refname)%00%(upstream:short)%00%(objectname)%00%(upstream:track)%00%(upstream:remotename)%00%(upstream:remoteref) refs/heads/main refs/remotes/main [1ms]
2025-04-21 11:02:54.038 [warning] [Git][revParse] Unable to read file: ENOENT: no such file or directory, open '/home/kh/hyprcrow/.git/refs/remotes/origin/main'
2025-04-21 11:02:54.039 [info] > git rev-parse refs/remotes/origin/main [1ms]
2025-04-21 11:02:54.051 [info] > git for-each-ref --sort -committerdate --format %(refname)%00%(objectname)%00%(*objectname) [3ms]
2025-04-21 11:02:54.162 [info] > git status -z -uall [119ms]
2025-04-21 11:02:59.199 [info] > git config --get commit.template [2ms]
2025-04-21 11:02:59.205 [info] > git for-each-ref --format=%(refname)%00%(upstream:short)%00%(objectname)%00%(upstream:track)%00%(upstream:remotename)%00%(upstream:remoteref) refs/heads/main refs/remotes/main [1ms]
2025-04-21 11:02:59.209 [warning] [Git][revParse] Unable to read file: ENOENT: no such file or directory, open '/home/kh/hyprcrow/.git/refs/remotes/origin/main'
2025-04-21 11:02:59.210 [info] > git rev-parse refs/remotes/origin/main [1ms]
2025-04-21 11:02:59.221 [info] > git for-each-ref --sort -committerdate --format %(refname)%00%(objectname)%00%(*objectname) [1ms]
2025-04-21 11:02:59.360 [info] > git status -z -uall [146ms]
2025-04-21 11:03:05.082 [info] > git config --get commit.template [5ms]
2025-04-21 11:03:05.083 [info] > git for-each-ref --format=%(refname)%00%(upstream:short)%00%(objectname)%00%(upstream:track)%00%(upstream:remotename)%00%(upstream:remoteref) refs/heads/main refs/remotes/main [1ms]
2025-04-21 11:03:05.087 [warning] [Git][revParse] Unable to read file: ENOENT: no such file or directory, open '/home/kh/hyprcrow/.git/refs/remotes/origin/main'
2025-04-21 11:03:05.088 [info] > git rev-parse refs/remotes/origin/main [1ms]
2025-04-21 11:03:05.099 [info] > git for-each-ref --sort -committerdate --format %(refname)%00%(objectname)%00%(*objectname) [2ms]
2025-04-21 11:03:05.211 [info] > git status -z -uall [118ms]
2025-04-21 11:03:10.813 [info] > git config --get commit.template [6ms]
2025-04-21 11:03:10.814 [info] > git for-each-ref --format=%(refname)%00%(upstream:short)%00%(objectname)%00%(upstream:track)%00%(upstream:remotename)%00%(upstream:remoteref) refs/heads/main refs/remotes/main [1ms]
2025-04-21 11:03:10.818 [warning] [Git][revParse] Unable to read file: ENOENT: no such file or directory, open '/home/kh/hyprcrow/.git/refs/remotes/origin/main'
2025-04-21 11:03:10.819 [info] > git rev-parse refs/remotes/origin/main [1ms]
2025-04-21 11:03:10.831 [info] > git for-each-ref --sort -committerdate --format %(refname)%00%(objectname)%00%(*objectname) [2ms]
2025-04-21 11:03:10.957 [info] > git status -z -uall [133ms]
2025-04-21 11:03:15.974 [info] > git config --get commit.template [4ms]
2025-04-21 11:03:15.974 [info] > git for-each-ref --format=%(refname)%00%(upstream:short)%00%(objectname)%00%(upstream:track)%00%(upstream:remotename)%00%(upstream:remoteref) refs/heads/main refs/remotes/main [1ms]
2025-04-21 11:03:15.979 [warning] [Git][revParse] Unable to read file: ENOENT: no such file or directory, open '/home/kh/hyprcrow/.git/refs/remotes/origin/main'
2025-04-21 11:03:15.980 [info] > git rev-parse refs/remotes/origin/main [1ms]
2025-04-21 11:03:15.990 [info] > git for-each-ref --sort -committerdate --format %(refname)%00%(objectname)%00%(*objectname) [2ms]
2025-04-21 11:03:16.110 [info] > git status -z -uall [126ms]
2025-04-21 11:03:21.130 [info] > git config --get commit.template [5ms]
2025-04-21 11:03:21.131 [info] > git for-each-ref --format=%(refname)%00%(upstream:short)%00%(objectname)%00%(upstream:track)%00%(upstream:remotename)%00%(upstream:remoteref) refs/heads/main refs/remotes/main [1ms]
2025-04-21 11:03:21.135 [warning] [Git][revParse] Unable to read file: ENOENT: no such file or directory, open '/home/kh/hyprcrow/.git/refs/remotes/origin/main'
2025-04-21 11:03:21.136 [info] > git rev-parse refs/remotes/origin/main [1ms]
2025-04-21 11:03:21.146 [info] > git for-each-ref --sort -committerdate --format %(refname)%00%(objectname)%00%(*objectname) [1ms]
2025-04-21 11:03:21.258 [info] > git status -z -uall [118ms]
2025-04-21 11:03:26.277 [info] > git config --get commit.template [5ms]
2025-04-21 11:03:26.278 [info] > git for-each-ref --format=%(refname)%00%(upstream:short)%00%(objectname)%00%(upstream:track)%00%(upstream:remotename)%00%(upstream:remoteref) refs/heads/main refs/remotes/main [1ms]
2025-04-21 11:03:26.282 [warning] [Git][revParse] Unable to read file: ENOENT: no such file or directory, open '/home/kh/hyprcrow/.git/refs/remotes/origin/main'
2025-04-21 11:03:26.283 [info] > git rev-parse refs/remotes/origin/main [1ms]
2025-04-21 11:03:26.292 [info] > git for-each-ref --sort -committerdate --format %(refname)%00%(objectname)%00%(*objectname) [1ms]
2025-04-21 11:03:26.406 [info] > git status -z -uall [119ms]
2025-04-21 11:03:31.423 [info] > git config --get commit.template [5ms]
2025-04-21 11:03:31.424 [info] > git for-each-ref --format=%(refname)%00%(upstream:short)%00%(objectname)%00%(upstream:track)%00%(upstream:remotename)%00%(upstream:remoteref) refs/heads/main refs/remotes/main [1ms]
2025-04-21 11:03:31.428 [warning] [Git][revParse] Unable to read file: ENOENT: no such file or directory, open '/home/kh/hyprcrow/.git/refs/remotes/origin/main'
2025-04-21 11:03:31.429 [info] > git rev-parse refs/remotes/origin/main [1ms]
2025-04-21 11:03:31.439 [info] > git for-each-ref --sort -committerdate --format %(refname)%00%(objectname)%00%(*objectname) [1ms]
2025-04-21 11:03:31.550 [info] > git status -z -uall [117ms]
2025-04-21 11:03:36.570 [info] > git config --get commit.template [5ms]
2025-04-21 11:03:36.571 [info] > git for-each-ref --format=%(refname)%00%(upstream:short)%00%(objectname)%00%(upstream:track)%00%(upstream:remotename)%00%(upstream:remoteref) refs/heads/main refs/remotes/main [1ms]
2025-04-21 11:03:36.575 [warning] [Git][revParse] Unable to read file: ENOENT: no such file or directory, open '/home/kh/hyprcrow/.git/refs/remotes/origin/main'
2025-04-21 11:03:36.576 [info] > git rev-parse refs/remotes/origin/main [1ms]
2025-04-21 11:03:36.586 [info] > git for-each-ref --sort -committerdate --format %(refname)%00%(objectname)%00%(*objectname) [1ms]
2025-04-21 11:03:36.700 [info] > git status -z -uall [120ms]
2025-04-21 11:03:41.719 [info] > git config --get commit.template [5ms]
2025-04-21 11:03:41.720 [info] > git for-each-ref --format=%(refname)%00%(upstream:short)%00%(objectname)%00%(upstream:track)%00%(upstream:remotename)%00%(upstream:remoteref) refs/heads/main refs/remotes/main [1ms]
2025-04-21 11:03:41.724 [warning] [Git][revParse] Unable to read file: ENOENT: no such file or directory, open '/home/kh/hyprcrow/.git/refs/remotes/origin/main'
2025-04-21 11:03:41.725 [info] > git rev-parse refs/remotes/origin/main [1ms]
2025-04-21 11:03:41.735 [info] > git for-each-ref --sort -committerdate --format %(refname)%00%(objectname)%00%(*objectname) [1ms]
2025-04-21 11:03:41.849 [info] > git status -z -uall [120ms]
2025-04-21 11:03:46.143 [info] > git rev-parse --show-toplevel [1ms]
2025-04-21 11:03:46.143 [info] fatal: not a git repository (or any parent up to mount point /)
Stopping at filesystem boundary (GIT_DISCOVERY_ACROSS_FILESYSTEM not set).
2025-04-21 11:03:46.932 [info] > git config --get commit.template [5ms]
2025-04-21 11:03:46.933 [info] > git for-each-ref --format=%(refname)%00%(upstream:short)%00%(objectname)%00%(upstream:track)%00%(upstream:remotename)%00%(upstream:remoteref) refs/heads/main refs/remotes/main [1ms]
2025-04-21 11:03:46.937 [warning] [Git][revParse] Unable to read file: ENOENT: no such file or directory, open '/home/kh/hyprcrow/.git/refs/remotes/origin/main'
2025-04-21 11:03:46.938 [info] > git rev-parse refs/remotes/origin/main [1ms]
2025-04-21 11:03:46.948 [info] > git for-each-ref --sort -committerdate --format %(refname)%00%(objectname)%00%(*objectname) [1ms]
2025-04-21 11:03:47.062 [info] > git status -z -uall [120ms]
2025-04-21 11:03:52.080 [info] > git config --get commit.template [5ms]
2025-04-21 11:03:52.081 [info] > git for-each-ref --format=%(refname)%00%(upstream:short)%00%(objectname)%00%(upstream:track)%00%(upstream:remotename)%00%(upstream:remoteref) refs/heads/main refs/remotes/main [1ms]
2025-04-21 11:03:52.086 [warning] [Git][revParse] Unable to read file: ENOENT: no such file or directory, open '/home/kh/hyprcrow/.git/refs/remotes/origin/main'
2025-04-21 11:03:52.087 [info] > git rev-parse refs/remotes/origin/main [1ms]
2025-04-21 11:03:52.097 [info] > git for-each-ref --sort -committerdate --format %(refname)%00%(objectname)%00%(*objectname) [1ms]
2025-04-21 11:03:52.209 [info] > git status -z -uall [118ms]
2025-04-21 11:03:57.230 [info] > git config --get commit.template [5ms]
2025-04-21 11:03:57.231 [info] > git for-each-ref --format=%(refname)%00%(upstream:short)%00%(objectname)%00%(upstream:track)%00%(upstream:remotename)%00%(upstream:remoteref) refs/heads/main refs/remotes/main [1ms]
2025-04-21 11:03:57.235 [warning] [Git][revParse] Unable to read file: ENOENT: no such file or directory, open '/home/kh/hyprcrow/.git/refs/remotes/origin/main'
2025-04-21 11:03:57.236 [info] > git rev-parse refs/remotes/origin/main [1ms]
2025-04-21 11:03:57.247 [info] > git for-each-ref --sort -committerdate --format %(refname)%00%(objectname)%00%(*objectname) [1ms]
2025-04-21 11:03:57.359 [info] > git status -z -uall [118ms]
2025-04-21 11:04:02.376 [info] > git config --get commit.template [4ms]
2025-04-21 11:04:02.377 [info] > git for-each-ref --format=%(refname)%00%(upstream:short)%00%(objectname)%00%(upstream:track)%00%(upstream:remotename)%00%(upstream:remoteref) refs/heads/main refs/remotes/main [1ms]
2025-04-21 11:04:02.381 [warning] [Git][revParse] Unable to read file: ENOENT: no such file or directory, open '/home/kh/hyprcrow/.git/refs/remotes/origin/main'
2025-04-21 11:04:02.382 [info] > git rev-parse refs/remotes/origin/main [1ms]
2025-04-21 11:04:02.392 [info] > git for-each-ref --sort -committerdate --format %(refname)%00%(objectname)%00%(*objectname) [1ms]
2025-04-21 11:04:02.503 [info] > git status -z -uall [116ms]
2025-04-21 11:04:07.520 [info] > git config --get commit.template [5ms]
2025-04-21 11:04:07.521 [info] > git for-each-ref --format=%(refname)%00%(upstream:short)%00%(objectname)%00%(upstream:track)%00%(upstream:remotename)%00%(upstream:remoteref) refs/heads/main refs/remotes/main [1ms]
2025-04-21 11:04:07.525 [warning] [Git][revParse] Unable to read file: ENOENT: no such file or directory, open '/home/kh/hyprcrow/.git/refs/remotes/origin/main'
2025-04-21 11:04:07.526 [info] > git rev-parse refs/remotes/origin/main [1ms]
2025-04-21 11:04:07.535 [info] > git for-each-ref --sort -committerdate --format %(refname)%00%(objectname)%00%(*objectname) [1ms]
2025-04-21 11:04:07.655 [info] > git status -z -uall [125ms]
2025-04-21 11:04:12.674 [info] > git config --get commit.template [5ms]
2025-04-21 11:04:12.675 [info] > git for-each-ref --format=%(refname)%00%(upstream:short)%00%(objectname)%00%(upstream:track)%00%(upstream:remotename)%00%(upstream:remoteref) refs/heads/main refs/remotes/main [2ms]
2025-04-21 11:04:12.679 [warning] [Git][revParse] Unable to read file: ENOENT: no such file or directory, open '/home/kh/hyprcrow/.git/refs/remotes/origin/main'
2025-04-21 11:04:12.680 [info] > git rev-parse refs/remotes/origin/main [1ms]
2025-04-21 11:04:12.689 [info] > git for-each-ref --sort -committerdate --format %(refname)%00%(objectname)%00%(*objectname) [1ms]
2025-04-21 11:04:12.803 [info] > git status -z -uall [119ms]
2025-04-21 11:04:23.848 [info] > git config --get commit.template [6ms]
2025-04-21 11:04:23.849 [info] > git for-each-ref --format=%(refname)%00%(upstream:short)%00%(objectname)%00%(upstream:track)%00%(upstream:remotename)%00%(upstream:remoteref) refs/heads/main refs/remotes/main [2ms]
2025-04-21 11:04:23.853 [warning] [Git][revParse] Unable to read file: ENOENT: no such file or directory, open '/home/kh/hyprcrow/.git/refs/remotes/origin/main'
2025-04-21 11:04:23.854 [info] > git rev-parse refs/remotes/origin/main [1ms]
2025-04-21 11:04:23.863 [info] > git for-each-ref --sort -committerdate --format %(refname)%00%(objectname)%00%(*objectname) [1ms]
2025-04-21 11:04:23.978 [info] > git status -z -uall [120ms]
2025-04-21 11:04:36.027 [info] > git config --get commit.template [5ms]
2025-04-21 11:04:36.028 [info] > git for-each-ref --format=%(refname)%00%(upstream:short)%00%(objectname)%00%(upstream:track)%00%(upstream:remotename)%00%(upstream:remoteref) refs/heads/main refs/remotes/main [1ms]
2025-04-21 11:04:36.033 [warning] [Git][revParse] Unable to read file: ENOENT: no such file or directory, open '/home/kh/hyprcrow/.git/refs/remotes/origin/main'
2025-04-21 11:04:36.034 [info] > git rev-parse refs/remotes/origin/main [1ms]
2025-04-21 11:04:36.044 [info] > git for-each-ref --sort -committerdate --format %(refname)%00%(objectname)%00%(*objectname) [2ms]
2025-04-21 11:04:36.157 [info] > git status -z -uall [119ms]
2025-04-21 11:04:41.795 [info] > git config --get commit.template [5ms]
2025-04-21 11:04:41.796 [info] > git for-each-ref --format=%(refname)%00%(upstream:short)%00%(objectname)%00%(upstream:track)%00%(upstream:remotename)%00%(upstream:remoteref) refs/heads/main refs/remotes/main [1ms]
2025-04-21 11:04:41.801 [warning] [Git][revParse] Unable to read file: ENOENT: no such file or directory, open '/home/kh/hyprcrow/.git/refs/remotes/origin/main'
2025-04-21 11:04:41.802 [info] > git rev-parse refs/remotes/origin/main [1ms]
2025-04-21 11:04:41.812 [info] > git for-each-ref --sort -committerdate --format %(refname)%00%(objectname)%00%(*objectname) [1ms]
2025-04-21 11:04:41.923 [info] > git status -z -uall [116ms]
2025-04-21 11:04:55.709 [info] > git config --get commit.template [5ms]
2025-04-21 11:04:55.710 [info] > git for-each-ref --format=%(refname)%00%(upstream:short)%00%(objectname)%00%(upstream:track)%00%(upstream:remotename)%00%(upstream:remoteref) refs/heads/main refs/remotes/main [1ms]
2025-04-21 11:04:55.715 [warning] [Git][revParse] Unable to read file: ENOENT: no such file or directory, open '/home/kh/hyprcrow/.git/refs/remotes/origin/main'
2025-04-21 11:04:55.716 [info] > git rev-parse refs/remotes/origin/main [1ms]
2025-04-21 11:04:55.728 [info] > git for-each-ref --sort -committerdate --format %(refname)%00%(objectname)%00%(*objectname) [2ms]
2025-04-21 11:04:55.845 [info] > git status -z -uall [124ms]
2025-04-21 11:05:00.864 [info] > git config --get commit.template [5ms]
2025-04-21 11:05:00.865 [info] > git for-each-ref --format=%(refname)%00%(upstream:short)%00%(objectname)%00%(upstream:track)%00%(upstream:remotename)%00%(upstream:remoteref) refs/heads/main refs/remotes/main [1ms]
2025-04-21 11:05:00.869 [warning] [Git][revParse] Unable to read file: ENOENT: no such file or directory, open '/home/kh/hyprcrow/.git/refs/remotes/origin/main'
2025-04-21 11:05:00.870 [info] > git rev-parse refs/remotes/origin/main [1ms]
2025-04-21 11:05:00.880 [info] > git for-each-ref --sort -committerdate --format %(refname)%00%(objectname)%00%(*objectname) [1ms]
2025-04-21 11:05:00.992 [info] > git status -z -uall [118ms]
2025-04-21 11:06:08.469 [info] > git config --get commit.template [5ms]
2025-04-21 11:06:08.470 [info] > git for-each-ref --format=%(refname)%00%(upstream:short)%00%(objectname)%00%(upstream:track)%00%(upstream:remotename)%00%(upstream:remoteref) refs/heads/main refs/remotes/main [1ms]
2025-04-21 11:06:08.475 [warning] [Git][revParse] Unable to read file: ENOENT: no such file or directory, open '/home/kh/hyprcrow/.git/refs/remotes/origin/main'
2025-04-21 11:06:08.476 [info] > git rev-parse refs/remotes/origin/main [1ms]
2025-04-21 11:06:08.486 [info] > git for-each-ref --sort -committerdate --format %(refname)%00%(objectname)%00%(*objectname) [2ms]
2025-04-21 11:06:08.598 [info] > git status -z -uall [118ms]
2025-04-21 11:06:15.578 [info] > git config --get commit.template [6ms]
2025-04-21 11:06:15.579 [info] > git for-each-ref --format=%(refname)%00%(upstream:short)%00%(objectname)%00%(upstream:track)%00%(upstream:remotename)%00%(upstream:remoteref) refs/heads/main refs/remotes/main [2ms]
2025-04-21 11:06:15.583 [warning] [Git][revParse] Unable to read file: ENOENT: no such file or directory, open '/home/kh/hyprcrow/.git/refs/remotes/origin/main'
2025-04-21 11:06:15.584 [info] > git rev-parse refs/remotes/origin/main [1ms]
2025-04-21 11:06:15.595 [info] > git for-each-ref --sort -committerdate --format %(refname)%00%(objectname)%00%(*objectname) [2ms]
2025-04-21 11:06:15.709 [info] > git status -z -uall [121ms]
2025-04-21 11:06:49.654 [info] > git config --get commit.template [5ms]
2025-04-21 11:06:49.655 [info] > git for-each-ref --format=%(refname)%00%(upstream:short)%00%(objectname)%00%(upstream:track)%00%(upstream:remotename)%00%(upstream:remoteref) refs/heads/main refs/remotes/main [1ms]
2025-04-21 11:06:49.659 [warning] [Git][revParse] Unable to read file: ENOENT: no such file or directory, open '/home/kh/hyprcrow/.git/refs/remotes/origin/main'
2025-04-21 11:06:49.660 [info] > git rev-parse refs/remotes/origin/main [1ms]
2025-04-21 11:06:49.671 [info] > git for-each-ref --sort -committerdate --format %(refname)%00%(objectname)%00%(*objectname) [2ms]
2025-04-21 11:06:49.786 [info] > git status -z -uall [121ms]
2025-04-21 11:07:06.904 [info] > git config --get commit.template [5ms]
2025-04-21 11:07:06.905 [info] > git for-each-ref --format=%(refname)%00%(upstream:short)%00%(objectname)%00%(upstream:track)%00%(upstream:remotename)%00%(upstream:remoteref) refs/heads/main refs/remotes/main [1ms]
2025-04-21 11:07:06.910 [warning] [Git][revParse] Unable to read file: ENOENT: no such file or directory, open '/home/kh/hyprcrow/.git/refs/remotes/origin/main'
2025-04-21 11:07:06.911 [info] > git rev-parse refs/remotes/origin/main [1ms]
2025-04-21 11:07:06.921 [info] > git for-each-ref --sort -committerdate --format %(refname)%00%(objectname)%00%(*objectname) [1ms]
2025-04-21 11:07:07.037 [info] > git status -z -uall [122ms]
2025-04-21 11:07:35.434 [info] > git config --get commit.template [6ms]
2025-04-21 11:07:35.435 [info] > git for-each-ref --format=%(refname)%00%(upstream:short)%00%(objectname)%00%(upstream:track)%00%(upstream:remotename)%00%(upstream:remoteref) refs/heads/main refs/remotes/main [2ms]
2025-04-21 11:07:35.439 [warning] [Git][revParse] Unable to read file: ENOENT: no such file or directory, open '/home/kh/hyprcrow/.git/refs/remotes/origin/main'
2025-04-21 11:07:35.440 [info] > git rev-parse refs/remotes/origin/main [1ms]
2025-04-21 11:07:35.450 [info] > git for-each-ref --sort -committerdate --format %(refname)%00%(objectname)%00%(*objectname) [1ms]
2025-04-21 11:07:35.571 [info] > git status -z -uall [127ms]
2025-04-21 11:07:40.589 [info] > git config --get commit.template [5ms]
2025-04-21 11:07:40.589 [info] > git for-each-ref --format=%(refname)%00%(upstream:short)%00%(objectname)%00%(upstream:track)%00%(upstream:remotename)%00%(upstream:remoteref) refs/heads/main refs/remotes/main [1ms]
2025-04-21 11:07:40.594 [warning] [Git][revParse] Unable to read file: ENOENT: no such file or directory, open '/home/kh/hyprcrow/.git/refs/remotes/origin/main'
2025-04-21 11:07:40.595 [info] > git rev-parse refs/remotes/origin/main [1ms]
2025-04-21 11:07:40.604 [info] > git for-each-ref --sort -committerdate --format %(refname)%00%(objectname)%00%(*objectname) [1ms]
2025-04-21 11:07:40.717 [info] > git status -z -uall [118ms]
2025-04-21 11:08:13.756 [info] > git config --get commit.template [5ms]
2025-04-21 11:08:13.756 [info] > git for-each-ref --format=%(refname)%00%(upstream:short)%00%(objectname)%00%(upstream:track)%00%(upstream:remotename)%00%(upstream:remoteref) refs/heads/main refs/remotes/main [1ms]
2025-04-21 11:08:13.761 [warning] [Git][revParse] Unable to read file: ENOENT: no such file or directory, open '/home/kh/hyprcrow/.git/refs/remotes/origin/main'
2025-04-21 11:08:13.763 [info] > git rev-parse refs/remotes/origin/main [2ms]
2025-04-21 11:08:13.773 [info] > git for-each-ref --sort -committerdate --format %(refname)%00%(objectname)%00%(*objectname) [1ms]
2025-04-21 11:08:13.902 [info] > git status -z -uall [135ms]
