2025-02-25 01:08:59.026 [warning] Dir "/home/kh/hyprcrow/.pixi/envs" is not watchable (directory does not exist)
2025-02-25 01:08:59.026 [error] Unable to check if shell integration is active [Error: Extension 'ms-python.python' CANNOT use API proposal: terminalDataWriteEvent.
Its package.json#enabledApiProposals-property declares:  but NOT terminalDataWriteEvent.
 The missing proposal MUST be added and you must start in extension development mode or use the following command line switch: --enable-proposed-api ms-python.python
	at N (file:///usr/lib/code/out/vs/workbench/api/node/extensionHostProcess.js:110:16858)
	at a.onDidWriteTerminalData (file:///usr/lib/code/out/vs/workbench/api/node/extensionHostProcess.js:172:46213)
	at new v (/home/kh/.vscode-oss/extensions/ms-python.python-2025.0.0-universal/out/client/extension.js:2:878084)
	at ge (/home/kh/.vscode-oss/extensions/ms-python.python-2025.0.0-universal/out/client/extension.js:2:1683875)
	at /home/kh/.vscode-oss/extensions/ms-python.python-2025.0.0-universal/out/client/extension.js:2:1687239
	at /home/kh/.vscode-oss/extensions/ms-python.python-2025.0.0-universal/out/client/extension.js:2:1687267
	at Se (/home/kh/.vscode-oss/extensions/ms-python.python-2025.0.0-universal/out/client/extension.js:2:1687334)
	at /home/kh/.vscode-oss/extensions/ms-python.python-2025.0.0-universal/out/client/extension.js:2:1687814
	at we (/home/kh/.vscode-oss/extensions/ms-python.python-2025.0.0-universal/out/client/extension.js:2:1687755)
	at Pe (/home/kh/.vscode-oss/extensions/ms-python.python-2025.0.0-universal/out/client/extension.js:2:1687789)
	at /home/kh/.vscode-oss/extensions/ms-python.python-2025.0.0-universal/out/client/extension.js:2:1685028
	at /home/kh/.vscode-oss/extensions/ms-python.python-2025.0.0-universal/out/client/extension.js:2:1686633
	at Array.reduce (<anonymous>)
	at /home/kh/.vscode-oss/extensions/ms-python.python-2025.0.0-universal/out/client/extension.js:2:1686605
	at /home/kh/.vscode-oss/extensions/ms-python.python-2025.0.0-universal/out/client/extension.js:2:1686887
	at /home/kh/.vscode-oss/extensions/ms-python.python-2025.0.0-universal/out/client/extension.js:2:1687267
	at Se (/home/kh/.vscode-oss/extensions/ms-python.python-2025.0.0-universal/out/client/extension.js:2:1687334)
	at /home/kh/.vscode-oss/extensions/ms-python.python-2025.0.0-universal/out/client/extension.js:2:1687814
	at we (/home/kh/.vscode-oss/extensions/ms-python.python-2025.0.0-universal/out/client/extension.js:2:1687755)
	at Pe (/home/kh/.vscode-oss/extensions/ms-python.python-2025.0.0-universal/out/client/extension.js:2:1687789)
	at /home/kh/.vscode-oss/extensions/ms-python.python-2025.0.0-universal/out/client/extension.js:2:1685028
	at /home/kh/.vscode-oss/extensions/ms-python.python-2025.0.0-universal/out/client/extension.js:2:1714698
	at /home/kh/.vscode-oss/extensions/ms-python.python-2025.0.0-universal/out/client/extension.js:2:1714719
	at e._get (/home/kh/.vscode-oss/extensions/ms-python.python-2025.0.0-universal/out/client/extension.js:2:1713732)
	at e._getButThrowIfAsync (/home/kh/.vscode-oss/extensions/ms-python.python-2025.0.0-universal/out/client/extension.js:2:1713792)
	at e.get (/home/kh/.vscode-oss/extensions/ms-python.python-2025.0.0-universal/out/client/extension.js:2:1709501)
	at e.dynamicValue (/home/kh/.vscode-oss/extensions/ms-python.python-2025.0.0-universal/out/client/extension.js:2:1699234)
	at /home/kh/.vscode-oss/extensions/ms-python.python-2025.0.0-universal/out/client/extension.js:2:1685411
	at Ee (/home/kh/.vscode-oss/extensions/ms-python.python-2025.0.0-universal/out/client/extension.js:2:1685667)
	at Se (/home/kh/.vscode-oss/extensions/ms-python.python-2025.0.0-universal/out/client/extension.js:2:1687383)
	at /home/kh/.vscode-oss/extensions/ms-python.python-2025.0.0-universal/out/client/extension.js:2:1687814
	at we (/home/kh/.vscode-oss/extensions/ms-python.python-2025.0.0-universal/out/client/extension.js:2:1687755)
	at Pe (/home/kh/.vscode-oss/extensions/ms-python.python-2025.0.0-universal/out/client/extension.js:2:1687789)
	at /home/kh/.vscode-oss/extensions/ms-python.python-2025.0.0-universal/out/client/extension.js:2:1685028
	at /home/kh/.vscode-oss/extensions/ms-python.python-2025.0.0-universal/out/client/extension.js:2:1684962
	at Array.map (<anonymous>)
	at /home/kh/.vscode-oss/extensions/ms-python.python-2025.0.0-universal/out/client/extension.js:2:1684933
	at /home/kh/.vscode-oss/extensions/ms-python.python-2025.0.0-universal/out/client/extension.js:2:1686633
	at Array.reduce (<anonymous>)
	at /home/kh/.vscode-oss/extensions/ms-python.python-2025.0.0-universal/out/client/extension.js:2:1686605
	at /home/kh/.vscode-oss/extensions/ms-python.python-2025.0.0-universal/out/client/extension.js:2:1686887
	at /home/kh/.vscode-oss/extensions/ms-python.python-2025.0.0-universal/out/client/extension.js:2:1687267
	at Se (/home/kh/.vscode-oss/extensions/ms-python.python-2025.0.0-universal/out/client/extension.js:2:1687334)
	at /home/kh/.vscode-oss/extensions/ms-python.python-2025.0.0-universal/out/client/extension.js:2:1687814
	at we (/home/kh/.vscode-oss/extensions/ms-python.python-2025.0.0-universal/out/client/extension.js:2:1687755)
	at Pe (/home/kh/.vscode-oss/extensions/ms-python.python-2025.0.0-universal/out/client/extension.js:2:1687789)
	at /home/kh/.vscode-oss/extensions/ms-python.python-2025.0.0-universal/out/client/extension.js:2:1685028
	at /home/kh/.vscode-oss/extensions/ms-python.python-2025.0.0-universal/out/client/extension.js:2:1714698
	at /home/kh/.vscode-oss/extensions/ms-python.python-2025.0.0-universal/out/client/extension.js:2:1714719
	at e._get (/home/kh/.vscode-oss/extensions/ms-python.python-2025.0.0-universal/out/client/extension.js:2:1713732)
	at e._getButThrowIfAsync (/home/kh/.vscode-oss/extensions/ms-python.python-2025.0.0-universal/out/client/extension.js:2:1713792)
	at e.get (/home/kh/.vscode-oss/extensions/ms-python.python-2025.0.0-universal/out/client/extension.js:2:1709501)
	at a.get (/home/kh/.vscode-oss/extensions/ms-python.python-2025.0.0-universal/out/client/extension.js:2:537584)
	at /home/kh/.vscode-oss/extensions/ms-python.python-2025.0.0-universal/out/client/extension.js:2:452426
	at async t.activateComponents (/home/kh/.vscode-oss/extensions/ms-python.python-2025.0.0-universal/out/client/extension.js:2:450706)
	at async /home/kh/.vscode-oss/extensions/ms-python.python-2025.0.0-universal/out/client/extension.js:2:2638685
	at async e (/home/kh/.vscode-oss/extensions/ms-python.python-2025.0.0-universal/out/client/extension.js:2:2638217)
	at async aw.n (file:///usr/lib/code/out/vs/workbench/api/node/extensionHostProcess.js:112:4447)
	at async aw.m (file:///usr/lib/code/out/vs/workbench/api/node/extensionHostProcess.js:112:4410)
	at async aw.l (file:///usr/lib/code/out/vs/workbench/api/node/extensionHostProcess.js:112:3866)]
2025-02-25 01:08:59.026 [info] Python interpreter path: /bin/python
2025-02-25 01:08:59.032 [info] > pyenv which python
2025-02-25 01:08:59.032 [info] cwd: .
2025-02-25 01:08:59.109 [error] [
  'Failed to activate a workspace, Class name = v, completed in 130ms, has a falsy return value, Arg 1: <Uri:/home/kh/Untitled-1.py>, Arg 2: {"started":1740467338941}, Return Value: undefined',
  [Error: Extension 'ms-python.python' CANNOT use API proposal: testObserver.
  Its package.json#enabledApiProposals-property declares:  but NOT testObserver.
   The missing proposal MUST be added and you must start in extension development mode or use the following command line switch: --enable-proposed-api ms-python.python
  	at N (file:///usr/lib/code/out/vs/workbench/api/node/extensionHostProcess.js:110:16858)
  	at get testResults (file:///usr/lib/code/out/vs/workbench/api/node/extensionHostProcess.js:172:39426)
  	at C.activate (/home/kh/.vscode-oss/extensions/ms-python.python-2025.0.0-universal/out/client/extension.js:2:908459)
  	at /home/kh/.vscode-oss/extensions/ms-python.python-2025.0.0-universal/out/client/extension.js:2:2457
  	at Array.map (<anonymous>)
  	at v.activateWorkspace (/home/kh/.vscode-oss/extensions/ms-python.python-2025.0.0-universal/out/client/extension.js:2:2447)]
]
2025-02-25 01:08:59.109 [error] Failure during activation. [Error: Extension 'ms-python.python' CANNOT use API proposal: testObserver.
Its package.json#enabledApiProposals-property declares:  but NOT testObserver.
 The missing proposal MUST be added and you must start in extension development mode or use the following command line switch: --enable-proposed-api ms-python.python
	at N (file:///usr/lib/code/out/vs/workbench/api/node/extensionHostProcess.js:110:16858)
	at get testResults (file:///usr/lib/code/out/vs/workbench/api/node/extensionHostProcess.js:172:39426)
	at C.activate (/home/kh/.vscode-oss/extensions/ms-python.python-2025.0.0-universal/out/client/extension.js:2:908459)
	at /home/kh/.vscode-oss/extensions/ms-python.python-2025.0.0-universal/out/client/extension.js:2:2457
	at Array.map (<anonymous>)
	at v.activateWorkspace (/home/kh/.vscode-oss/extensions/ms-python.python-2025.0.0-universal/out/client/extension.js:2:2447)]
2025-02-25 01:08:59.109 [error] sendStartupTelemetry() failed. [Error: Extension 'ms-python.python' CANNOT use API proposal: testObserver.
Its package.json#enabledApiProposals-property declares:  but NOT testObserver.
 The missing proposal MUST be added and you must start in extension development mode or use the following command line switch: --enable-proposed-api ms-python.python
	at N (file:///usr/lib/code/out/vs/workbench/api/node/extensionHostProcess.js:110:16858)
	at get testResults (file:///usr/lib/code/out/vs/workbench/api/node/extensionHostProcess.js:172:39426)
	at C.activate (/home/kh/.vscode-oss/extensions/ms-python.python-2025.0.0-universal/out/client/extension.js:2:908459)
	at /home/kh/.vscode-oss/extensions/ms-python.python-2025.0.0-universal/out/client/extension.js:2:2457
	at Array.map (<anonymous>)
	at v.activateWorkspace (/home/kh/.vscode-oss/extensions/ms-python.python-2025.0.0-universal/out/client/extension.js:2:2447)]
2025-02-25 01:08:59.718 [info] Starting Jedi language server for hyprcrow.
2025-02-25 01:09:13.747 [info] Discover tests for workspace name: undefined - uri: /home/kh/.config/Code - OSS/User/settings.json
2025-02-25 01:09:51.161 [info] CreateEnv Trigger - Workspace not found for /home/kh/Documentos/Integración de Conocimientos 1/Integración_1_Kendal_Barrios.py
2025-02-25 01:17:33.541 [info] Discover tests for workspace name: undefined - uri: /home/kh/Documentos/Integración de Conocimientos 1/Integración_1_Kendal_Barrios.py
2025-02-25 01:18:14.612 [info] Discover tests for workspace name: undefined - uri: /home/kh/Documentos/Integración de Conocimientos 1/Integración_1_Kendal_Barrios.py
2025-02-25 01:19:23.320 [info] Discover tests for workspace name: undefined - uri: /home/kh/Documentos/Integración de Conocimientos 1/Integración_1_Kendal_Barrios.py
2025-02-25 01:20:08.495 [info] Discover tests for workspace name: undefined - uri: /home/kh/Documentos/Integración de Conocimientos 1/Integración_1_Kendal_Barrios.py
2025-02-25 01:22:46.689 [info] Discover tests for workspace name: undefined - uri: /home/kh/Documentos/Integración de Conocimientos 1/Integración_1_Kendal_Barrios.py
2025-02-25 01:27:27.743 [info] > /bin/python ~/.vscode-oss/extensions/ms-python.python-2025.0.0-universal/python_files/normalizeSelection.py
2025-02-25 01:28:12.747 [info] Discover tests for workspace name: undefined - uri: /home/kh/Documentos/Integración de Conocimientos 1/Integración_1_Kendal_Barrios.py
2025-02-25 01:28:23.525 [info] Discover tests for workspace name: undefined - uri: /home/kh/Documentos/Integración de Conocimientos 1/Integración_1_Kendal_Barrios.py
2025-02-25 01:28:55.779 [info] Discover tests for workspace name: undefined - uri: /home/kh/Documentos/Integración de Conocimientos 1/Integración_1_Kendal_Barrios.py
2025-02-25 01:29:11.536 [info] Discover tests for workspace name: undefined - uri: /home/kh/Documentos/Integración de Conocimientos 1/Integración_1_Kendal_Barrios.py
2025-02-25 01:29:12.654 [info] Discover tests for workspace name: undefined - uri: /home/kh/Documentos/Integración de Conocimientos 1/Integración_1_Kendal_Barrios.py
2025-02-25 01:29:32.332 [info] Discover tests for workspace name: undefined - uri: /home/kh/Documentos/Integración de Conocimientos 1/Integración_1_Kendal_Barrios.py
2025-02-25 01:30:10.307 [info] Discover tests for workspace name: undefined - uri: /home/kh/Documentos/Integración de Conocimientos 1/Integración_1_Kendal_Barrios.py
2025-02-25 01:30:32.142 [info] Send text to terminal: /bin/python "/home/kh/Documentos/Integración de Conocimientos 1/Integración_1_Kendal_Barrios.py"
2025-02-25 01:30:39.372 [info] Discover tests for workspace name: undefined - uri: /home/kh/Documentos/Integración de Conocimientos 1/Integración_1_Kendal_Barrios.py
2025-02-25 01:31:03.112 [info] Discover tests for workspace name: undefined - uri: /home/kh/Documentos/Integración de Conocimientos 1/Integración_1_Kendal_Barrios.py
2025-02-25 01:32:05.110 [info] Discover tests for workspace name: undefined - uri: /home/kh/Documentos/Integración de Conocimientos 1/Integración_1_Kendal_Barrios.py
2025-02-25 01:35:38.635 [info] Discover tests for workspace name: undefined - uri: /home/kh/Documentos/Integración de Conocimientos 1/Integración_1_Kendal_Barrios.py
2025-02-25 01:35:42.310 [info] Discover tests for workspace name: undefined - uri: /home/kh/Documentos/Integración de Conocimientos 1/Integración_1_Kendal_Barrios.py
2025-02-25 01:38:19.821 [warning] Dir "/home/kh/hyprcrow/.pixi/envs" is not watchable (directory does not exist)
2025-02-25 01:38:19.821 [error] Unable to check if shell integration is active [Error: Extension 'ms-python.python' CANNOT use API proposal: terminalDataWriteEvent.
Its package.json#enabledApiProposals-property declares:  but NOT terminalDataWriteEvent.
 The missing proposal MUST be added and you must start in extension development mode or use the following command line switch: --enable-proposed-api ms-python.python
	at N (file:///usr/lib/code/out/vs/workbench/api/node/extensionHostProcess.js:110:16858)
	at a.onDidWriteTerminalData (file:///usr/lib/code/out/vs/workbench/api/node/extensionHostProcess.js:172:46213)
	at new v (/home/kh/.vscode-oss/extensions/ms-python.python-2025.0.0-universal/out/client/extension.js:2:878084)
	at ge (/home/kh/.vscode-oss/extensions/ms-python.python-2025.0.0-universal/out/client/extension.js:2:1683875)
	at /home/kh/.vscode-oss/extensions/ms-python.python-2025.0.0-universal/out/client/extension.js:2:1687239
	at /home/kh/.vscode-oss/extensions/ms-python.python-2025.0.0-universal/out/client/extension.js:2:1687267
	at Se (/home/kh/.vscode-oss/extensions/ms-python.python-2025.0.0-universal/out/client/extension.js:2:1687334)
	at /home/kh/.vscode-oss/extensions/ms-python.python-2025.0.0-universal/out/client/extension.js:2:1687814
	at we (/home/kh/.vscode-oss/extensions/ms-python.python-2025.0.0-universal/out/client/extension.js:2:1687755)
	at Pe (/home/kh/.vscode-oss/extensions/ms-python.python-2025.0.0-universal/out/client/extension.js:2:1687789)
	at /home/kh/.vscode-oss/extensions/ms-python.python-2025.0.0-universal/out/client/extension.js:2:1685028
	at /home/kh/.vscode-oss/extensions/ms-python.python-2025.0.0-universal/out/client/extension.js:2:1686633
	at Array.reduce (<anonymous>)
	at /home/kh/.vscode-oss/extensions/ms-python.python-2025.0.0-universal/out/client/extension.js:2:1686605
	at /home/kh/.vscode-oss/extensions/ms-python.python-2025.0.0-universal/out/client/extension.js:2:1686887
	at /home/kh/.vscode-oss/extensions/ms-python.python-2025.0.0-universal/out/client/extension.js:2:1687267
	at Se (/home/kh/.vscode-oss/extensions/ms-python.python-2025.0.0-universal/out/client/extension.js:2:1687334)
	at /home/kh/.vscode-oss/extensions/ms-python.python-2025.0.0-universal/out/client/extension.js:2:1687814
	at we (/home/kh/.vscode-oss/extensions/ms-python.python-2025.0.0-universal/out/client/extension.js:2:1687755)
	at Pe (/home/kh/.vscode-oss/extensions/ms-python.python-2025.0.0-universal/out/client/extension.js:2:1687789)
	at /home/kh/.vscode-oss/extensions/ms-python.python-2025.0.0-universal/out/client/extension.js:2:1685028
	at /home/kh/.vscode-oss/extensions/ms-python.python-2025.0.0-universal/out/client/extension.js:2:1714698
	at /home/kh/.vscode-oss/extensions/ms-python.python-2025.0.0-universal/out/client/extension.js:2:1714719
	at e._get (/home/kh/.vscode-oss/extensions/ms-python.python-2025.0.0-universal/out/client/extension.js:2:1713732)
	at e._getButThrowIfAsync (/home/kh/.vscode-oss/extensions/ms-python.python-2025.0.0-universal/out/client/extension.js:2:1713792)
	at e.get (/home/kh/.vscode-oss/extensions/ms-python.python-2025.0.0-universal/out/client/extension.js:2:1709501)
	at e.dynamicValue (/home/kh/.vscode-oss/extensions/ms-python.python-2025.0.0-universal/out/client/extension.js:2:1699234)
	at /home/kh/.vscode-oss/extensions/ms-python.python-2025.0.0-universal/out/client/extension.js:2:1685411
	at Ee (/home/kh/.vscode-oss/extensions/ms-python.python-2025.0.0-universal/out/client/extension.js:2:1685667)
	at Se (/home/kh/.vscode-oss/extensions/ms-python.python-2025.0.0-universal/out/client/extension.js:2:1687383)
	at /home/kh/.vscode-oss/extensions/ms-python.python-2025.0.0-universal/out/client/extension.js:2:1687814
	at we (/home/kh/.vscode-oss/extensions/ms-python.python-2025.0.0-universal/out/client/extension.js:2:1687755)
	at Pe (/home/kh/.vscode-oss/extensions/ms-python.python-2025.0.0-universal/out/client/extension.js:2:1687789)
	at /home/kh/.vscode-oss/extensions/ms-python.python-2025.0.0-universal/out/client/extension.js:2:1685028
	at /home/kh/.vscode-oss/extensions/ms-python.python-2025.0.0-universal/out/client/extension.js:2:1684962
	at Array.map (<anonymous>)
	at /home/kh/.vscode-oss/extensions/ms-python.python-2025.0.0-universal/out/client/extension.js:2:1684933
	at /home/kh/.vscode-oss/extensions/ms-python.python-2025.0.0-universal/out/client/extension.js:2:1686633
	at Array.reduce (<anonymous>)
	at /home/kh/.vscode-oss/extensions/ms-python.python-2025.0.0-universal/out/client/extension.js:2:1686605
	at /home/kh/.vscode-oss/extensions/ms-python.python-2025.0.0-universal/out/client/extension.js:2:1686887
	at /home/kh/.vscode-oss/extensions/ms-python.python-2025.0.0-universal/out/client/extension.js:2:1687267
	at Se (/home/kh/.vscode-oss/extensions/ms-python.python-2025.0.0-universal/out/client/extension.js:2:1687334)
	at /home/kh/.vscode-oss/extensions/ms-python.python-2025.0.0-universal/out/client/extension.js:2:1687814
	at we (/home/kh/.vscode-oss/extensions/ms-python.python-2025.0.0-universal/out/client/extension.js:2:1687755)
	at Pe (/home/kh/.vscode-oss/extensions/ms-python.python-2025.0.0-universal/out/client/extension.js:2:1687789)
	at /home/kh/.vscode-oss/extensions/ms-python.python-2025.0.0-universal/out/client/extension.js:2:1685028
	at /home/kh/.vscode-oss/extensions/ms-python.python-2025.0.0-universal/out/client/extension.js:2:1714698
	at /home/kh/.vscode-oss/extensions/ms-python.python-2025.0.0-universal/out/client/extension.js:2:1714719
	at e._get (/home/kh/.vscode-oss/extensions/ms-python.python-2025.0.0-universal/out/client/extension.js:2:1713732)
	at e._getButThrowIfAsync (/home/kh/.vscode-oss/extensions/ms-python.python-2025.0.0-universal/out/client/extension.js:2:1713792)
	at e.get (/home/kh/.vscode-oss/extensions/ms-python.python-2025.0.0-universal/out/client/extension.js:2:1709501)
	at a.get (/home/kh/.vscode-oss/extensions/ms-python.python-2025.0.0-universal/out/client/extension.js:2:537584)
	at /home/kh/.vscode-oss/extensions/ms-python.python-2025.0.0-universal/out/client/extension.js:2:452426
	at async t.activateComponents (/home/kh/.vscode-oss/extensions/ms-python.python-2025.0.0-universal/out/client/extension.js:2:450706)
	at async /home/kh/.vscode-oss/extensions/ms-python.python-2025.0.0-universal/out/client/extension.js:2:2638685
	at async e (/home/kh/.vscode-oss/extensions/ms-python.python-2025.0.0-universal/out/client/extension.js:2:2638217)
	at async aw.n (file:///usr/lib/code/out/vs/workbench/api/node/extensionHostProcess.js:112:4447)
	at async aw.m (file:///usr/lib/code/out/vs/workbench/api/node/extensionHostProcess.js:112:4410)
	at async aw.l (file:///usr/lib/code/out/vs/workbench/api/node/extensionHostProcess.js:112:3866)]
2025-02-25 01:38:19.822 [info] Python interpreter path: /bin/python
2025-02-25 01:38:19.869 [info] > pyenv which python
2025-02-25 01:38:19.869 [info] cwd: .
2025-02-25 01:38:19.886 [error] [
  'Failed to activate a workspace, Class name = v, completed in 77ms, has a falsy return value, Arg 1: <Uri:/home/kh/Documentos/Integración de Conocimientos 1/Integración_1_Kendal_Barrios.py>, Arg 2: {"started":1740469099757}, Return Value: undefined',
  [Error: Extension 'ms-python.python' CANNOT use API proposal: testObserver.
  Its package.json#enabledApiProposals-property declares:  but NOT testObserver.
   The missing proposal MUST be added and you must start in extension development mode or use the following command line switch: --enable-proposed-api ms-python.python
  	at N (file:///usr/lib/code/out/vs/workbench/api/node/extensionHostProcess.js:110:16858)
  	at get testResults (file:///usr/lib/code/out/vs/workbench/api/node/extensionHostProcess.js:172:39426)
  	at C.activate (/home/kh/.vscode-oss/extensions/ms-python.python-2025.0.0-universal/out/client/extension.js:2:908459)
  	at /home/kh/.vscode-oss/extensions/ms-python.python-2025.0.0-universal/out/client/extension.js:2:2457
  	at Array.map (<anonymous>)
  	at v.activateWorkspace (/home/kh/.vscode-oss/extensions/ms-python.python-2025.0.0-universal/out/client/extension.js:2:2447)]
]
2025-02-25 01:38:19.886 [error] Failure during activation. [Error: Extension 'ms-python.python' CANNOT use API proposal: testObserver.
Its package.json#enabledApiProposals-property declares:  but NOT testObserver.
 The missing proposal MUST be added and you must start in extension development mode or use the following command line switch: --enable-proposed-api ms-python.python
	at N (file:///usr/lib/code/out/vs/workbench/api/node/extensionHostProcess.js:110:16858)
	at get testResults (file:///usr/lib/code/out/vs/workbench/api/node/extensionHostProcess.js:172:39426)
	at C.activate (/home/kh/.vscode-oss/extensions/ms-python.python-2025.0.0-universal/out/client/extension.js:2:908459)
	at /home/kh/.vscode-oss/extensions/ms-python.python-2025.0.0-universal/out/client/extension.js:2:2457
	at Array.map (<anonymous>)
	at v.activateWorkspace (/home/kh/.vscode-oss/extensions/ms-python.python-2025.0.0-universal/out/client/extension.js:2:2447)]
2025-02-25 01:38:19.886 [error] sendStartupTelemetry() failed. [Error: Extension 'ms-python.python' CANNOT use API proposal: testObserver.
Its package.json#enabledApiProposals-property declares:  but NOT testObserver.
 The missing proposal MUST be added and you must start in extension development mode or use the following command line switch: --enable-proposed-api ms-python.python
	at N (file:///usr/lib/code/out/vs/workbench/api/node/extensionHostProcess.js:110:16858)
	at get testResults (file:///usr/lib/code/out/vs/workbench/api/node/extensionHostProcess.js:172:39426)
	at C.activate (/home/kh/.vscode-oss/extensions/ms-python.python-2025.0.0-universal/out/client/extension.js:2:908459)
	at /home/kh/.vscode-oss/extensions/ms-python.python-2025.0.0-universal/out/client/extension.js:2:2457
	at Array.map (<anonymous>)
	at v.activateWorkspace (/home/kh/.vscode-oss/extensions/ms-python.python-2025.0.0-universal/out/client/extension.js:2:2447)]
2025-02-25 01:38:20.452 [info] Starting Jedi language server for hyprcrow.
2025-02-25 01:40:19.872 [info] Discover tests for workspace name: undefined - uri: /home/kh/Documentos/Integración de Conocimientos 1/Integración_1_Kendal_Barrios.py
2025-02-25 01:40:21.139 [info] CreateEnv Trigger - Workspace not found for /home/kh/Documentos/Integración de Conocimientos 1/Integración_1_Kendal_Barrios.py
2025-02-25 01:40:32.511 [info] Discover tests for workspace name: undefined - uri: /home/kh/Documentos/Integración de Conocimientos 1/Integración_1_Kendal_Barrios.py
2025-02-25 01:41:50.275 [info] Discover tests for workspace name: undefined - uri: /home/kh/Documentos/Integración de Conocimientos 1/Integración_1_Kendal_Barrios.py
2025-02-25 01:45:11.942 [info] Discover tests for workspace name: undefined - uri: /home/kh/Documentos/Integración de Conocimientos 1/Integración_1_Kendal_Barrios.py
2025-02-25 01:45:41.873 [info] Discover tests for workspace name: undefined - uri: /home/kh/Documentos/Integración de Conocimientos 1/Integración_1_Kendal_Barrios.py
2025-02-25 01:46:04.893 [info] Discover tests for workspace name: undefined - uri: /home/kh/Documentos/Integración de Conocimientos 1/Integración_1_Kendal_Barrios.py
2025-02-25 01:46:34.969 [info] Discover tests for workspace name: undefined - uri: /home/kh/Documentos/Integración de Conocimientos 1/Integración_1_Kendal_Barrios.py
2025-02-25 01:47:08.705 [info] Discover tests for workspace name: undefined - uri: /home/kh/Documentos/Integración de Conocimientos 1/Integración_1_Kendal_Barrios.py
2025-02-25 01:47:26.343 [info] Discover tests for workspace name: undefined - uri: /home/kh/Documentos/Integración de Conocimientos 1/Integración_1_Kendal_Barrios.py
2025-02-25 01:48:17.052 [info] Discover tests for workspace name: undefined - uri: /home/kh/Documentos/Integración de Conocimientos 1/Integración_1_Kendal_Barrios.py
2025-02-25 01:48:27.788 [info] Discover tests for workspace name: undefined - uri: /home/kh/Documentos/Integración de Conocimientos 1/Integración_1_Kendal_Barrios.py
2025-02-25 01:48:41.755 [info] Discover tests for workspace name: undefined - uri: /home/kh/Documentos/Integración de Conocimientos 1/Integración_1_Kendal_Barrios.py
2025-02-25 01:50:24.579 [info] Discover tests for workspace name: undefined - uri: /home/kh/Documentos/Integración de Conocimientos 1/Integración_1_Kendal_Barrios.py
2025-02-25 01:50:47.350 [info] Discover tests for workspace name: undefined - uri: /home/kh/Documentos/Integración de Conocimientos 1/Integración_1_Kendal_Barrios.py
2025-02-25 01:51:04.269 [info] Discover tests for workspace name: undefined - uri: /home/kh/Documentos/Integración de Conocimientos 1/Integración_1_Kendal_Barrios.py
2025-02-25 01:51:15.622 [info] Discover tests for workspace name: undefined - uri: /home/kh/Documentos/Integración de Conocimientos 1/Integración_1_Kendal_Barrios.py
2025-02-25 01:51:21.528 [info] Discover tests for workspace name: undefined - uri: /home/kh/Documentos/Integración de Conocimientos 1/Integración_1_Kendal_Barrios.py
2025-02-25 01:52:57.717 [info] Discover tests for workspace name: undefined - uri: /home/kh/Documentos/Integración de Conocimientos 1/Integración_1_Kendal_Barrios.py
2025-02-25 02:03:58.817 [info] Discover tests for workspace name: undefined - uri: /home/kh/Documentos/Integración de Conocimientos 1/Integración_1_Kendal_Barrios.py
2025-02-25 02:04:08.015 [info] Discover tests for workspace name: undefined - uri: /home/kh/Documentos/Integración de Conocimientos 1/Integración_1_Kendal_Barrios.py
2025-02-25 02:05:42.485 [info] Discover tests for workspace name: undefined - uri: /home/kh/Documentos/Integración de Conocimientos 1/Integración_1_Kendal_Barrios.py
2025-02-25 02:06:10.836 [warning] Dir "/home/kh/hyprcrow/.pixi/envs" is not watchable (directory does not exist)
2025-02-25 02:06:10.836 [error] Unable to check if shell integration is active [Error: Extension 'ms-python.python' CANNOT use API proposal: terminalDataWriteEvent.
Its package.json#enabledApiProposals-property declares:  but NOT terminalDataWriteEvent.
 The missing proposal MUST be added and you must start in extension development mode or use the following command line switch: --enable-proposed-api ms-python.python
	at N (file:///usr/lib/code/out/vs/workbench/api/node/extensionHostProcess.js:110:16858)
	at a.onDidWriteTerminalData (file:///usr/lib/code/out/vs/workbench/api/node/extensionHostProcess.js:172:46213)
	at new v (/home/kh/.vscode-oss/extensions/ms-python.python-2025.0.0-universal/out/client/extension.js:2:878084)
	at ge (/home/kh/.vscode-oss/extensions/ms-python.python-2025.0.0-universal/out/client/extension.js:2:1683875)
	at /home/kh/.vscode-oss/extensions/ms-python.python-2025.0.0-universal/out/client/extension.js:2:1687239
	at /home/kh/.vscode-oss/extensions/ms-python.python-2025.0.0-universal/out/client/extension.js:2:1687267
	at Se (/home/kh/.vscode-oss/extensions/ms-python.python-2025.0.0-universal/out/client/extension.js:2:1687334)
	at /home/kh/.vscode-oss/extensions/ms-python.python-2025.0.0-universal/out/client/extension.js:2:1687814
	at we (/home/kh/.vscode-oss/extensions/ms-python.python-2025.0.0-universal/out/client/extension.js:2:1687755)
	at Pe (/home/kh/.vscode-oss/extensions/ms-python.python-2025.0.0-universal/out/client/extension.js:2:1687789)
	at /home/kh/.vscode-oss/extensions/ms-python.python-2025.0.0-universal/out/client/extension.js:2:1685028
	at /home/kh/.vscode-oss/extensions/ms-python.python-2025.0.0-universal/out/client/extension.js:2:1686633
	at Array.reduce (<anonymous>)
	at /home/kh/.vscode-oss/extensions/ms-python.python-2025.0.0-universal/out/client/extension.js:2:1686605
	at /home/kh/.vscode-oss/extensions/ms-python.python-2025.0.0-universal/out/client/extension.js:2:1686887
	at /home/kh/.vscode-oss/extensions/ms-python.python-2025.0.0-universal/out/client/extension.js:2:1687267
	at Se (/home/kh/.vscode-oss/extensions/ms-python.python-2025.0.0-universal/out/client/extension.js:2:1687334)
	at /home/kh/.vscode-oss/extensions/ms-python.python-2025.0.0-universal/out/client/extension.js:2:1687814
	at we (/home/kh/.vscode-oss/extensions/ms-python.python-2025.0.0-universal/out/client/extension.js:2:1687755)
	at Pe (/home/kh/.vscode-oss/extensions/ms-python.python-2025.0.0-universal/out/client/extension.js:2:1687789)
	at /home/kh/.vscode-oss/extensions/ms-python.python-2025.0.0-universal/out/client/extension.js:2:1685028
	at /home/kh/.vscode-oss/extensions/ms-python.python-2025.0.0-universal/out/client/extension.js:2:1714698
	at /home/kh/.vscode-oss/extensions/ms-python.python-2025.0.0-universal/out/client/extension.js:2:1714719
	at e._get (/home/kh/.vscode-oss/extensions/ms-python.python-2025.0.0-universal/out/client/extension.js:2:1713732)
	at e._getButThrowIfAsync (/home/kh/.vscode-oss/extensions/ms-python.python-2025.0.0-universal/out/client/extension.js:2:1713792)
	at e.get (/home/kh/.vscode-oss/extensions/ms-python.python-2025.0.0-universal/out/client/extension.js:2:1709501)
	at e.dynamicValue (/home/kh/.vscode-oss/extensions/ms-python.python-2025.0.0-universal/out/client/extension.js:2:1699234)
	at /home/kh/.vscode-oss/extensions/ms-python.python-2025.0.0-universal/out/client/extension.js:2:1685411
	at Ee (/home/kh/.vscode-oss/extensions/ms-python.python-2025.0.0-universal/out/client/extension.js:2:1685667)
	at Se (/home/kh/.vscode-oss/extensions/ms-python.python-2025.0.0-universal/out/client/extension.js:2:1687383)
	at /home/kh/.vscode-oss/extensions/ms-python.python-2025.0.0-universal/out/client/extension.js:2:1687814
	at we (/home/kh/.vscode-oss/extensions/ms-python.python-2025.0.0-universal/out/client/extension.js:2:1687755)
	at Pe (/home/kh/.vscode-oss/extensions/ms-python.python-2025.0.0-universal/out/client/extension.js:2:1687789)
	at /home/kh/.vscode-oss/extensions/ms-python.python-2025.0.0-universal/out/client/extension.js:2:1685028
	at /home/kh/.vscode-oss/extensions/ms-python.python-2025.0.0-universal/out/client/extension.js:2:1684962
	at Array.map (<anonymous>)
	at /home/kh/.vscode-oss/extensions/ms-python.python-2025.0.0-universal/out/client/extension.js:2:1684933
	at /home/kh/.vscode-oss/extensions/ms-python.python-2025.0.0-universal/out/client/extension.js:2:1686633
	at Array.reduce (<anonymous>)
	at /home/kh/.vscode-oss/extensions/ms-python.python-2025.0.0-universal/out/client/extension.js:2:1686605
	at /home/kh/.vscode-oss/extensions/ms-python.python-2025.0.0-universal/out/client/extension.js:2:1686887
	at /home/kh/.vscode-oss/extensions/ms-python.python-2025.0.0-universal/out/client/extension.js:2:1687267
	at Se (/home/kh/.vscode-oss/extensions/ms-python.python-2025.0.0-universal/out/client/extension.js:2:1687334)
	at /home/kh/.vscode-oss/extensions/ms-python.python-2025.0.0-universal/out/client/extension.js:2:1687814
	at we (/home/kh/.vscode-oss/extensions/ms-python.python-2025.0.0-universal/out/client/extension.js:2:1687755)
	at Pe (/home/kh/.vscode-oss/extensions/ms-python.python-2025.0.0-universal/out/client/extension.js:2:1687789)
	at /home/kh/.vscode-oss/extensions/ms-python.python-2025.0.0-universal/out/client/extension.js:2:1685028
	at /home/kh/.vscode-oss/extensions/ms-python.python-2025.0.0-universal/out/client/extension.js:2:1714698
	at /home/kh/.vscode-oss/extensions/ms-python.python-2025.0.0-universal/out/client/extension.js:2:1714719
	at e._get (/home/kh/.vscode-oss/extensions/ms-python.python-2025.0.0-universal/out/client/extension.js:2:1713732)
	at e._getButThrowIfAsync (/home/kh/.vscode-oss/extensions/ms-python.python-2025.0.0-universal/out/client/extension.js:2:1713792)
	at e.get (/home/kh/.vscode-oss/extensions/ms-python.python-2025.0.0-universal/out/client/extension.js:2:1709501)
	at a.get (/home/kh/.vscode-oss/extensions/ms-python.python-2025.0.0-universal/out/client/extension.js:2:537584)
	at /home/kh/.vscode-oss/extensions/ms-python.python-2025.0.0-universal/out/client/extension.js:2:452426
	at async t.activateComponents (/home/kh/.vscode-oss/extensions/ms-python.python-2025.0.0-universal/out/client/extension.js:2:450706)
	at async /home/kh/.vscode-oss/extensions/ms-python.python-2025.0.0-universal/out/client/extension.js:2:2638685
	at async e (/home/kh/.vscode-oss/extensions/ms-python.python-2025.0.0-universal/out/client/extension.js:2:2638217)
	at async aw.n (file:///usr/lib/code/out/vs/workbench/api/node/extensionHostProcess.js:112:4447)
	at async aw.m (file:///usr/lib/code/out/vs/workbench/api/node/extensionHostProcess.js:112:4410)
	at async aw.l (file:///usr/lib/code/out/vs/workbench/api/node/extensionHostProcess.js:112:3866)]
2025-02-25 02:06:10.836 [info] Python interpreter path: /bin/python
2025-02-25 02:06:10.885 [info] > pyenv which python
2025-02-25 02:06:10.885 [info] cwd: .
2025-02-25 02:06:10.902 [error] [
  'Failed to activate a workspace, Class name = v, completed in 79ms, has a falsy return value, Arg 1: <Uri:/home/kh/Documentos/Integración de Conocimientos 1/Integración_1_Kendal_Barrios.py>, Arg 2: {"started":1740470770771}, Return Value: undefined',
  [Error: Extension 'ms-python.python' CANNOT use API proposal: testObserver.
  Its package.json#enabledApiProposals-property declares:  but NOT testObserver.
   The missing proposal MUST be added and you must start in extension development mode or use the following command line switch: --enable-proposed-api ms-python.python
  	at N (file:///usr/lib/code/out/vs/workbench/api/node/extensionHostProcess.js:110:16858)
  	at get testResults (file:///usr/lib/code/out/vs/workbench/api/node/extensionHostProcess.js:172:39426)
  	at C.activate (/home/kh/.vscode-oss/extensions/ms-python.python-2025.0.0-universal/out/client/extension.js:2:908459)
  	at /home/kh/.vscode-oss/extensions/ms-python.python-2025.0.0-universal/out/client/extension.js:2:2457
  	at Array.map (<anonymous>)
  	at v.activateWorkspace (/home/kh/.vscode-oss/extensions/ms-python.python-2025.0.0-universal/out/client/extension.js:2:2447)]
]
2025-02-25 02:06:10.902 [error] Failure during activation. [Error: Extension 'ms-python.python' CANNOT use API proposal: testObserver.
Its package.json#enabledApiProposals-property declares:  but NOT testObserver.
 The missing proposal MUST be added and you must start in extension development mode or use the following command line switch: --enable-proposed-api ms-python.python
	at N (file:///usr/lib/code/out/vs/workbench/api/node/extensionHostProcess.js:110:16858)
	at get testResults (file:///usr/lib/code/out/vs/workbench/api/node/extensionHostProcess.js:172:39426)
	at C.activate (/home/kh/.vscode-oss/extensions/ms-python.python-2025.0.0-universal/out/client/extension.js:2:908459)
	at /home/kh/.vscode-oss/extensions/ms-python.python-2025.0.0-universal/out/client/extension.js:2:2457
	at Array.map (<anonymous>)
	at v.activateWorkspace (/home/kh/.vscode-oss/extensions/ms-python.python-2025.0.0-universal/out/client/extension.js:2:2447)]
2025-02-25 02:06:10.902 [error] sendStartupTelemetry() failed. [Error: Extension 'ms-python.python' CANNOT use API proposal: testObserver.
Its package.json#enabledApiProposals-property declares:  but NOT testObserver.
 The missing proposal MUST be added and you must start in extension development mode or use the following command line switch: --enable-proposed-api ms-python.python
	at N (file:///usr/lib/code/out/vs/workbench/api/node/extensionHostProcess.js:110:16858)
	at get testResults (file:///usr/lib/code/out/vs/workbench/api/node/extensionHostProcess.js:172:39426)
	at C.activate (/home/kh/.vscode-oss/extensions/ms-python.python-2025.0.0-universal/out/client/extension.js:2:908459)
	at /home/kh/.vscode-oss/extensions/ms-python.python-2025.0.0-universal/out/client/extension.js:2:2457
	at Array.map (<anonymous>)
	at v.activateWorkspace (/home/kh/.vscode-oss/extensions/ms-python.python-2025.0.0-universal/out/client/extension.js:2:2447)]
2025-02-25 02:06:11.472 [info] Starting Jedi language server for hyprcrow.
2025-02-25 02:09:03.179 [info] CreateEnv Trigger - Workspace not found for /home/kh/Documentos/Integración de Conocimientos 1/Integración_1_Kendal_Barrios.py
2025-02-25 02:09:03.439 [info] Discover tests for workspace name: undefined - uri: /home/kh/Documentos/Integración de Conocimientos 1/Integración_1_Kendal_Barrios.py
2025-02-25 02:11:47.373 [info] Discover tests for workspace name: undefined - uri: /home/kh/Documentos/Integración de Conocimientos 1/Integración_1_Kendal_Barrios.py
2025-02-25 02:13:48.434 [info] Discover tests for workspace name: undefined - uri: /home/kh/Documentos/Integración de Conocimientos 1/Integración_1_Kendal_Barrios.py
2025-02-25 02:16:24.568 [info] Discover tests for workspace name: undefined - uri: /home/kh/Documentos/Integración de Conocimientos 1/Integración_1_Kendal_Barrios.py
2025-02-25 02:17:48.027 [info] Discover tests for workspace name: undefined - uri: /home/kh/Documentos/Integración de Conocimientos 1/Integración_1_Kendal_Barrios.py
2025-02-25 02:18:01.681 [info] Discover tests for workspace name: undefined - uri: /home/kh/Documentos/Integración de Conocimientos 1/Integración_1_Kendal_Barrios.py
2025-02-25 02:18:36.942 [info] Discover tests for workspace name: undefined - uri: /home/kh/Documentos/Integración de Conocimientos 1/Integración_1_Kendal_Barrios.py
2025-02-25 02:19:08.348 [info] Discover tests for workspace name: undefined - uri: /home/kh/Documentos/Integración de Conocimientos 1/Integración_1_Kendal_Barrios.py
2025-02-25 02:20:20.686 [info] Discover tests for workspace name: undefined - uri: /home/kh/Documentos/Integración de Conocimientos 1/Integración_1_Kendal_Barrios.py
2025-02-25 02:20:31.410 [info] Discover tests for workspace name: undefined - uri: /home/kh/Documentos/Integración de Conocimientos 1/Integración_1_Kendal_Barrios.py
2025-02-25 02:23:44.259 [info] Discover tests for workspace name: undefined - uri: /home/kh/Documentos/Integración de Conocimientos 1/Integración_1_Kendal_Barrios.py
2025-02-25 02:24:13.511 [info] Discover tests for workspace name: undefined - uri: /home/kh/Documentos/Integración de Conocimientos 1/Integración_1_Kendal_Barrios.py
2025-02-25 02:24:48.482 [info] Discover tests for workspace name: undefined - uri: /home/kh/Documentos/Integración de Conocimientos 1/Integración_1_Kendal_Barrios.py
2025-02-25 02:25:19.413 [info] Discover tests for workspace name: undefined - uri: /home/kh/Documentos/Integración de Conocimientos 1/Integración_1_Kendal_Barrios.py
2025-02-25 02:27:27.665 [info] Discover tests for workspace name: undefined - uri: /home/kh/Documentos/Integración de Conocimientos 1/Integración_1_Kendal_Barrios.py
2025-02-25 02:27:30.421 [info] Discover tests for workspace name: undefined - uri: /home/kh/Documentos/Integración de Conocimientos 1/Integración_1_Kendal_Barrios.py
2025-02-25 02:27:39.864 [info] Discover tests for workspace name: undefined - uri: /home/kh/Documentos/Integración de Conocimientos 1/Integración_1_Kendal_Barrios.py
2025-02-25 02:28:32.288 [info] Discover tests for workspace name: undefined - uri: /home/kh/Documentos/Integración de Conocimientos 1/Integración_1_Kendal_Barrios.py
2025-02-25 02:31:15.389 [info] Discover tests for workspace name: undefined - uri: /home/kh/Documentos/Integración de Conocimientos 1/Integración_1_Kendal_Barrios.py
